#
# A fatal error has been detected by the Java Runtime Environment:
#
#  EXCEPTION_ACCESS_VIOLATION (0xc0000005) at pc=0x00007ff9a59e0fb7, pid=9148, tid=976
#
# JRE version: OpenJDK Runtime Environment (15.0.1+9) (build 15.0.1+9-18)
# Java VM: OpenJDK 64-Bit Server VM (15.0.1+9-18, mixed mode, tiered, compressed oops, g1 gc, windows-amd64)
# Problematic frame:
# V  [jvm.dll+0x520fb7]
#
# No core dump will be written. Minidumps are not enabled by default on client versions of Windows
#
# If you would like to submit a bug report, please visit:
#   https://bugreport.java.com/bugreport/crash.jsp
#

---------------  S U M M A R Y ------------

Command Line: -XX:+ShowCodeDetailsInExceptionMessages -agentlib:jdwp=transport=dt_socket,suspend=y,address=localhost:51018 -javaagent:C:\eclipse\configuration\org.eclipse.osgi\405\0\.cp\lib\javaagent-shaded.jar -Dfile.encoding=Cp1252 lista01.Exercicio07

Host: Intel(R) Core(TM) i3 CPU         550  @ 3.20GHz, 4 cores, 7G,  Windows 10 , 64 bit Build 19041 (10.0.19041.292)
Time: Thu Jun 23 21:37:06 2022 Hora oficial do Brasil elapsed time: 369.653088 seconds (0d 0h 6m 9s)

---------------  T H R E A D  ---------------

Current thread (0x0000020b7f76e810):  JavaThread "main" [_thread_in_vm, id=976, stack(0x0000008867d00000,0x0000008867e00000)]

Stack: [0x0000008867d00000,0x0000008867e00000],  sp=0x0000008867dfefb0,  free space=1019k
Native frames: (J=compiled Java code, j=interpreted, Vv=VM code, C=native code)
V  [jvm.dll+0x520fb7]
V  [jvm.dll+0x521f6f]
V  [jvm.dll+0x520aa6]
V  [jvm.dll+0x52331b]
V  [jvm.dll+0x52256d]
V  [jvm.dll+0x34d760]
V  [jvm.dll+0x34cd9f]
C  0x0000020b0396d16b

Java frames: (J=compiled Java code, j=interpreted, Vv=VM code)
j  lista01.Exercicio07.main([Ljava/lang/String;)V+63
v  ~StubRoutines::call_stub

siginfo: EXCEPTION_ACCESS_VIOLATION (0xc0000005), reading address 0xffffffffffffffff


Register to memory mapping:

RIP=0x00007ff9a59e0fb7 jvm.dll
RAX=0x00007ff9a54cb220 jvm.dll
RBX=0x00007ff9a5d83c50 jvm.dll
RCX=0x00007ff9a5d83c50 jvm.dll
RDX=0x0 is NULL
RSP=0x0000008867dfefb0 is pointing into the stack for thread: 0x0000020b7f76e810
RBP=0x0000000000000001 is an unknown value
RSI=0x0 is NULL
RDI=0x0 is NULL
R8 =0x0 is NULL
R9 =0x0000000000000001 is an unknown value
R10=0x0000020b1a9a8420 is pointing into metadata
R11=0x0 is NULL
R12=0x0 is NULL
R13=0x0 is NULL
R14=0x0 is NULL
R15=0x00007ff9a5d83c50 jvm.dll


Registers:
RAX=0x00007ff9a54cb220, RBX=0x00007ff9a5d83c50, RCX=0x00007ff9a5d83c50, RDX=0x0000000000000000
RSP=0x0000008867dfefb0, RBP=0x0000000000000001, RSI=0x0000000000000000, RDI=0x0000000000000000
R8 =0x0000000000000000, R9 =0x0000000000000001, R10=0x0000020b1a9a8420, R11=0x0000000000000000
R12=0x0000000000000000, R13=0x0000000000000000, R14=0x0000000000000000, R15=0x00007ff9a5d83c50
RIP=0x00007ff9a59e0fb7, EFLAGS=0x0000000000010202

Top of Stack: (sp=0x0000008867dfefb0)
0x0000008867dfefb0:   0000020b191349f6 0000008867dff030
0x0000008867dfefc0:   0000020b19229340 0000020b1b3e07f8
0x0000008867dfefd0:   0000000000000000 0000020b19134a90
0x0000008867dfefe0:   00000000000000b8 00007ff9a59e1f6f
0x0000008867dfeff0:   0000008867dff370 0000008867dff0f0
0x0000008867dff000:   0000020b7f76e810 0000008867dff370
0x0000008867dff010:   0000942fd4bd385b 00007ff9a56a7c0c
0x0000008867dff020:   00000000000000b6 0000020b7f76e810
0x0000008867dff030:   0000000000000000 0000020b7f76ec00
0x0000008867dff040:   0000008867dff0e0 00007ff9a56a7df8
0x0000008867dff050:   0000008867dff199 00007ff9a59e0c0e
0x0000008867dff060:   0000008867dff0b0 0000020b7f76e180
0x0000008867dff070:   0000008867dff0e0 00007ff9a57d4766
0x0000008867dff080:   0000008867dff2a8 00000000000001c7
0x0000008867dff090:   0000020b1a98b3b0 00007ff9a57d4705
0x0000008867dff0a0:   0000020b7f76e810 00007ff9a59e436a 

Instructions: (pc=0x00007ff9a59e0fb7)
0x00007ff9a59e0eb7:   6c 24 10 48 89 74 24 18 57 48 83 ec 30 48 8b 01
0x00007ff9a59e0ec7:   41 8b e9 44 89 4c 24 20 49 8b d8 45 33 c9 48 8b
0x00007ff9a59e0ed7:   fa 48 8b f1 ff 90 c0 00 00 00 48 85 c0 74 45 66
0x00007ff9a59e0ee7:   66 0f 1f 84 00 00 00 00 00 8b 48 20 c1 e9 03 f6
0x00007ff9a59e0ef7:   c1 01 74 30 48 8b 48 08 48 8b 51 08 48 8b 4a 18
0x00007ff9a59e0f07:   48 8b 49 78 48 85 c9 74 1b 48 8b 01 45 33 c9 4c
0x00007ff9a59e0f17:   8b c3 89 6c 24 20 48 8b d7 ff 90 c0 00 00 00 48
0x00007ff9a59e0f27:   85 c0 75 c5 83 7e 08 00 7c 1c 48 85 c0 75 17 48
0x00007ff9a59e0f37:   8b 8e 98 01 00 00 48 85 c9 74 0b 4c 8b c3 48 8b
0x00007ff9a59e0f47:   d7 e8 93 81 e1 ff 48 8b 5c 24 40 48 8b 6c 24 48
0x00007ff9a59e0f57:   48 8b 74 24 50 48 83 c4 30 5f c3 cc cc cc cc cc
0x00007ff9a59e0f67:   cc cc cc cc cc cc cc cc cc 48 89 5c 24 08 48 89
0x00007ff9a59e0f77:   6c 24 10 48 89 74 24 18 48 89 7c 24 20 41 56 48
0x00007ff9a59e0f87:   83 ec 30 48 8b 59 10 41 0f b6 e8 48 8b 39 44 0f
0x00007ff9a59e0f97:   b6 f2 48 8b 71 08 41 b9 01 00 00 00 4c 8b c6 c7
0x00007ff9a59e0fa7:   44 24 20 00 00 00 00 48 8b 03 48 8b d7 48 8b cb
0x00007ff9a59e0fb7:   ff 90 c0 00 00 00 83 7b 08 00 4c 8b c0 0f 8c 99
0x00007ff9a59e0fc7:   00 00 00 40 84 ed 74 39 48 85 c0 74 39 8b 83 a4
0x00007ff9a59e0fd7:   00 00 00 c1 e8 09 a8 01 74 5c 41 8b 48 20 8b c1
0x00007ff9a59e0fe7:   c1 e8 03 a8 01 75 05 f6 c1 01 75 4a 49 8b 40 08
0x00007ff9a59e0ff7:   48 8b 48 08 48 8b 05 86 0b 58 00 48 39 41 18 eb
0x00007ff9a59e1007:   03 4d 85 c0 75 30 4c 8b c6 48 8b d7 48 8b cb e8
0x00007ff9a59e1017:   95 7f e1 ff 4c 8b c0 48 85 c0 75 1a 48 8b 8b 98
0x00007ff9a59e1027:   01 00 00 48 85 c9 74 0e 4c 8b c6 48 8b d7 e8 a6
0x00007ff9a59e1037:   80 e1 ff 4c 8b c0 45 84 f6 74 21 4d 85 c0 74 1c
0x00007ff9a59e1047:   41 0f b7 40 28 b9 30 01 00 00 66 3b c1 72 0d b9
0x00007ff9a59e1057:   35 01 00 00 66 3b c1 77 03 45 33 c0 48 8b 5c 24
0x00007ff9a59e1067:   40 49 8b c0 48 8b 6c 24 48 48 8b 74 24 50 48 8b
0x00007ff9a59e1077:   7c 24 58 48 83 c4 30 41 5e c3 cc cc cc cc cc cc
0x00007ff9a59e1087:   cc cc cc cc cc cc cc cc cc 48 89 5c 24 20 55 56
0x00007ff9a59e1097:   57 41 54 41 55 41 56 41 57 48 81 ec 20 01 00 00
0x00007ff9a59e10a7:   48 8b 05 6a ed 50 00 48 33 c4 48 89 84 24 10 01 


Stack slot to memory mapping:
stack at sp + 0 slots: 0x0000020b191349f6 is pointing into metadata
stack at sp + 1 slots: 0x0000008867dff030 is pointing into the stack for thread: 0x0000020b7f76e810
stack at sp + 2 slots: 0x0000020b19229340 is pointing into metadata
stack at sp + 3 slots: 0x0000020b1b3e07f8 is pointing into metadata
stack at sp + 4 slots: 0x0 is NULL
stack at sp + 5 slots: {method} {0x0000020b19134a98} 'calculateFields' '(Ljava/security/AccessControlContext;Ljava/security/AccessControlContext;[Ljava/security/Permission;)V' in 'java/security/AccessControlContext'
stack at sp + 6 slots: 0x00000000000000b8 is an unknown value
stack at sp + 7 slots: 0x00007ff9a59e1f6f jvm.dll


---------------  P R O C E S S  ---------------

Threads class SMR info:
_java_thread_list=0x0000020b1a72e880, length=19, elements={
0x0000020b7f76e810, 0x0000020b190f9530, 0x0000020b190f9f10, 0x0000020b19a22660,
0x0000020b19a35a30, 0x0000020b19a38300, 0x0000020b19a38ef0, 0x0000020b19ab0790,
0x0000020b19ab5460, 0x0000020b7f84b830, 0x0000020b19cc6300, 0x0000020b19c6abb0,
0x0000020b19c6f0b0, 0x0000020b1a1c6cd0, 0x0000020b1a3ca860, 0x0000020b1a392ac0,
0x0000020b1a41b190, 0x0000020b1a4d43e0, 0x0000020b1a4ede30
}

Java Threads: ( => current thread )
=>0x0000020b7f76e810 JavaThread "main" [_thread_in_vm, id=976, stack(0x0000008867d00000,0x0000008867e00000)]
  0x0000020b190f9530 JavaThread "Reference Handler" daemon [_thread_blocked, id=7820, stack(0x0000008868500000,0x0000008868600000)]
  0x0000020b190f9f10 JavaThread "Finalizer" daemon [_thread_blocked, id=8336, stack(0x0000008868600000,0x0000008868700000)]
  0x0000020b19a22660 JavaThread "Signal Dispatcher" daemon [_thread_blocked, id=8620, stack(0x0000008868700000,0x0000008868800000)]
  0x0000020b19a35a30 JavaThread "Attach Listener" daemon [_thread_blocked, id=1108, stack(0x0000008868800000,0x0000008868900000)]
  0x0000020b19a38300 JavaThread "Service Thread" daemon [_thread_blocked, id=9092, stack(0x0000008868900000,0x0000008868a00000)]
  0x0000020b19a38ef0 JavaThread "C2 CompilerThread0" daemon [_thread_blocked, id=4120, stack(0x0000008868a00000,0x0000008868b00000)]
  0x0000020b19ab0790 JavaThread "C1 CompilerThread0" daemon [_thread_blocked, id=5892, stack(0x0000008868b00000,0x0000008868c00000)]
  0x0000020b19ab5460 JavaThread "Sweeper thread" daemon [_thread_blocked, id=4688, stack(0x0000008868c00000,0x0000008868d00000)]
  0x0000020b7f84b830 JavaThread "Common-Cleaner" daemon [_thread_blocked, id=7540, stack(0x0000008868d00000,0x0000008868e00000)]
  0x0000020b19cc6300 JavaThread "JDWP Transport Listener: dt_socket" daemon [_thread_blocked, id=4468, stack(0x0000008868e00000,0x0000008868f00000)]
  0x0000020b19c6abb0 JavaThread "JDWP Event Helper Thread" daemon [_thread_blocked, id=8556, stack(0x0000008868f00000,0x0000008869000000)]
  0x0000020b19c6f0b0 JavaThread "JDWP Command Reader" daemon [_thread_in_native, id=4472, stack(0x0000008869000000,0x0000008869100000)]
  0x0000020b1a1c6cd0 JavaThread "Notification Thread" daemon [_thread_blocked, id=5640, stack(0x0000008869100000,0x0000008869200000)]
  0x0000020b1a3ca860 JavaThread "Java2D Disposer" daemon [_thread_blocked, id=4716, stack(0x0000008869300000,0x0000008869400000)]
  0x0000020b1a392ac0 JavaThread "AWT-Windows" daemon [_thread_in_native, id=8744, stack(0x0000008869500000,0x0000008869600000)]
  0x0000020b1a41b190 JavaThread "AWT-Shutdown" [_thread_blocked, id=4812, stack(0x0000008869400000,0x0000008869500000)]
  0x0000020b1a4d43e0 JavaThread "AWT-EventQueue-0" [_thread_blocked, id=6252, stack(0x0000008869700000,0x0000008869800000)]
  0x0000020b1a4ede30 JavaThread "TimerQueue" daemon [_thread_blocked, id=5960, stack(0x0000008869e00000,0x0000008869f00000)]

Other Threads:
  0x0000020b190c3f90 VMThread "VM Thread" [stack: 0x0000008868400000,0x0000008868500000] [id=4968]
  0x0000020b7f76f750 WatcherThread [stack: 0x0000008869200000,0x0000008869300000] [id=5532]
  0x0000020b7f7afe00 GCTaskThread "GC Thread#0" [stack: 0x0000008867f00000,0x0000008868000000] [id=7072]
  0x0000020b19c4eb70 GCTaskThread "GC Thread#1" [stack: 0x0000008869800000,0x0000008869900000] [id=4116]
  0x0000020b19c501c0 GCTaskThread "GC Thread#2" [stack: 0x0000008869900000,0x0000008869a00000] [id=9192]
  0x0000020b19c514e0 GCTaskThread "GC Thread#3" [stack: 0x0000008869a00000,0x0000008869b00000] [id=7604]
  0x0000020b7f7c0610 ConcurrentGCThread "G1 Main Marker" [stack: 0x0000008868000000,0x0000008868100000] [id=3296]
  0x0000020b7f7c1100 ConcurrentGCThread "G1 Conc#0" [stack: 0x0000008868100000,0x0000008868200000] [id=4108]
  0x0000020b7f827cd0 ConcurrentGCThread "G1 Refine#0" [stack: 0x0000008868200000,0x0000008868300000] [id=5632]
  0x0000020b7f8297e0 ConcurrentGCThread "G1 Young RemSet Sampling" [stack: 0x0000008868300000,0x0000008868400000] [id=1600]

Threads with active compile tasks:

VM state: not at safepoint (normal execution)

VM Mutex/Monitor currently owned by a thread: None

Heap address: 0x0000000084200000, size: 1982 MB, Compressed Oops mode: 32-bit
CDS disabled.
Compressed class space mapped at: 0x0000000100000000-0x0000000140000000, size: 1073741824
Narrow klass base: 0x0000000000000000, Narrow klass shift: 3, Narrow klass range: 0x140000000

GC Precious Log:
 CPUs: 4 total, 4 available
 Memory: 7927M
 Large Page Support: Disabled
 NUMA Support: Disabled
 Compressed Oops: Enabled (32-bit)
 Heap Region Size: 1M
 Heap Min Capacity: 8M
 Heap Initial Capacity: 124M
 Heap Max Capacity: 1982M
 Pre-touch: Disabled
 Parallel Workers: 4
 Concurrent Workers: 1
 Concurrent Refinement Workers: 4
 Periodic GC: Disabled

Heap:
 garbage-first heap   total 126976K, used 6457K [0x0000000084200000, 0x0000000100000000)
  region size 1024K, 7 young (7168K), 2 survivors (2048K)
 Metaspace       used 18296K, capacity 18480K, committed 18560K, reserved 1067008K
  class space    used 1789K, capacity 1868K, committed 1920K, reserved 1048576K

Heap Regions: E=young(eden), S=young(survivor), O=old, HS=humongous(starts), HC=humongous(continues), CS=collection set, F=free, OA=open archive, CA=closed archive, TAMS=top-at-mark-start (previous, next)
|   0|0x0000000084200000, 0x000000008424e600, 0x0000000084300000| 30%| O|  |TAMS 0x0000000084200000, 0x0000000084200000| Untracked 
|   1|0x0000000084300000, 0x0000000084300000, 0x0000000084400000|  0%| F|  |TAMS 0x0000000084300000, 0x0000000084300000| Untracked 
|   2|0x0000000084400000, 0x0000000084400000, 0x0000000084500000|  0%| F|  |TAMS 0x0000000084400000, 0x0000000084400000| Untracked 
|   3|0x0000000084500000, 0x0000000084500000, 0x0000000084600000|  0%| F|  |TAMS 0x0000000084500000, 0x0000000084500000| Untracked 
|   4|0x0000000084600000, 0x0000000084600000, 0x0000000084700000|  0%| F|  |TAMS 0x0000000084600000, 0x0000000084600000| Untracked 
|   5|0x0000000084700000, 0x0000000084700000, 0x0000000084800000|  0%| F|  |TAMS 0x0000000084700000, 0x0000000084700000| Untracked 
|   6|0x0000000084800000, 0x0000000084800000, 0x0000000084900000|  0%| F|  |TAMS 0x0000000084800000, 0x0000000084800000| Untracked 
|   7|0x0000000084900000, 0x0000000084900000, 0x0000000084a00000|  0%| F|  |TAMS 0x0000000084900000, 0x0000000084900000| Untracked 
|   8|0x0000000084a00000, 0x0000000084a00000, 0x0000000084b00000|  0%| F|  |TAMS 0x0000000084a00000, 0x0000000084a00000| Untracked 
|   9|0x0000000084b00000, 0x0000000084b00000, 0x0000000084c00000|  0%| F|  |TAMS 0x0000000084b00000, 0x0000000084b00000| Untracked 
|  10|0x0000000084c00000, 0x0000000084c00000, 0x0000000084d00000|  0%| F|  |TAMS 0x0000000084c00000, 0x0000000084c00000| Untracked 
|  11|0x0000000084d00000, 0x0000000084d00000, 0x0000000084e00000|  0%| F|  |TAMS 0x0000000084d00000, 0x0000000084d00000| Untracked 
|  12|0x0000000084e00000, 0x0000000084e00000, 0x0000000084f00000|  0%| F|  |TAMS 0x0000000084e00000, 0x0000000084e00000| Untracked 
|  13|0x0000000084f00000, 0x0000000084f00000, 0x0000000085000000|  0%| F|  |TAMS 0x0000000084f00000, 0x0000000084f00000| Untracked 
|  14|0x0000000085000000, 0x0000000085000000, 0x0000000085100000|  0%| F|  |TAMS 0x0000000085000000, 0x0000000085000000| Untracked 
|  15|0x0000000085100000, 0x0000000085100000, 0x0000000085200000|  0%| F|  |TAMS 0x0000000085100000, 0x0000000085100000| Untracked 
|  16|0x0000000085200000, 0x0000000085200000, 0x0000000085300000|  0%| F|  |TAMS 0x0000000085200000, 0x0000000085200000| Untracked 
|  17|0x0000000085300000, 0x0000000085300000, 0x0000000085400000|  0%| F|  |TAMS 0x0000000085300000, 0x0000000085300000| Untracked 
|  18|0x0000000085400000, 0x0000000085400000, 0x0000000085500000|  0%| F|  |TAMS 0x0000000085400000, 0x0000000085400000| Untracked 
|  19|0x0000000085500000, 0x0000000085500000, 0x0000000085600000|  0%| F|  |TAMS 0x0000000085500000, 0x0000000085500000| Untracked 
|  20|0x0000000085600000, 0x0000000085600000, 0x0000000085700000|  0%| F|  |TAMS 0x0000000085600000, 0x0000000085600000| Untracked 
|  21|0x0000000085700000, 0x0000000085700000, 0x0000000085800000|  0%| F|  |TAMS 0x0000000085700000, 0x0000000085700000| Untracked 
|  22|0x0000000085800000, 0x0000000085800000, 0x0000000085900000|  0%| F|  |TAMS 0x0000000085800000, 0x0000000085800000| Untracked 
|  23|0x0000000085900000, 0x0000000085900000, 0x0000000085a00000|  0%| F|  |TAMS 0x0000000085900000, 0x0000000085900000| Untracked 
|  24|0x0000000085a00000, 0x0000000085a00000, 0x0000000085b00000|  0%| F|  |TAMS 0x0000000085a00000, 0x0000000085a00000| Untracked 
|  25|0x0000000085b00000, 0x0000000085b00000, 0x0000000085c00000|  0%| F|  |TAMS 0x0000000085b00000, 0x0000000085b00000| Untracked 
|  26|0x0000000085c00000, 0x0000000085c00000, 0x0000000085d00000|  0%| F|  |TAMS 0x0000000085c00000, 0x0000000085c00000| Untracked 
|  27|0x0000000085d00000, 0x0000000085d00000, 0x0000000085e00000|  0%| F|  |TAMS 0x0000000085d00000, 0x0000000085d00000| Untracked 
|  28|0x0000000085e00000, 0x0000000085e00000, 0x0000000085f00000|  0%| F|  |TAMS 0x0000000085e00000, 0x0000000085e00000| Untracked 
|  29|0x0000000085f00000, 0x0000000085f00000, 0x0000000086000000|  0%| F|  |TAMS 0x0000000085f00000, 0x0000000085f00000| Untracked 
|  30|0x0000000086000000, 0x0000000086000000, 0x0000000086100000|  0%| F|  |TAMS 0x0000000086000000, 0x0000000086000000| Untracked 
|  31|0x0000000086100000, 0x0000000086100000, 0x0000000086200000|  0%| F|  |TAMS 0x0000000086100000, 0x0000000086100000| Untracked 
|  32|0x0000000086200000, 0x0000000086200000, 0x0000000086300000|  0%| F|  |TAMS 0x0000000086200000, 0x0000000086200000| Untracked 
|  33|0x0000000086300000, 0x0000000086300000, 0x0000000086400000|  0%| F|  |TAMS 0x0000000086300000, 0x0000000086300000| Untracked 
|  34|0x0000000086400000, 0x0000000086400000, 0x0000000086500000|  0%| F|  |TAMS 0x0000000086400000, 0x0000000086400000| Untracked 
|  35|0x0000000086500000, 0x0000000086500000, 0x0000000086600000|  0%| F|  |TAMS 0x0000000086500000, 0x0000000086500000| Untracked 
|  36|0x0000000086600000, 0x0000000086600000, 0x0000000086700000|  0%| F|  |TAMS 0x0000000086600000, 0x0000000086600000| Untracked 
|  37|0x0000000086700000, 0x0000000086700000, 0x0000000086800000|  0%| F|  |TAMS 0x0000000086700000, 0x0000000086700000| Untracked 
|  38|0x0000000086800000, 0x0000000086800000, 0x0000000086900000|  0%| F|  |TAMS 0x0000000086800000, 0x0000000086800000| Untracked 
|  39|0x0000000086900000, 0x0000000086900000, 0x0000000086a00000|  0%| F|  |TAMS 0x0000000086900000, 0x0000000086900000| Untracked 
|  40|0x0000000086a00000, 0x0000000086a00000, 0x0000000086b00000|  0%| F|  |TAMS 0x0000000086a00000, 0x0000000086a00000| Untracked 
|  41|0x0000000086b00000, 0x0000000086b00000, 0x0000000086c00000|  0%| F|  |TAMS 0x0000000086b00000, 0x0000000086b00000| Untracked 
|  42|0x0000000086c00000, 0x0000000086c00000, 0x0000000086d00000|  0%| F|  |TAMS 0x0000000086c00000, 0x0000000086c00000| Untracked 
|  43|0x0000000086d00000, 0x0000000086d00000, 0x0000000086e00000|  0%| F|  |TAMS 0x0000000086d00000, 0x0000000086d00000| Untracked 
|  44|0x0000000086e00000, 0x0000000086e00000, 0x0000000086f00000|  0%| F|  |TAMS 0x0000000086e00000, 0x0000000086e00000| Untracked 
|  45|0x0000000086f00000, 0x0000000086f00000, 0x0000000087000000|  0%| F|  |TAMS 0x0000000086f00000, 0x0000000086f00000| Untracked 
|  46|0x0000000087000000, 0x0000000087000000, 0x0000000087100000|  0%| F|  |TAMS 0x0000000087000000, 0x0000000087000000| Untracked 
|  47|0x0000000087100000, 0x0000000087100000, 0x0000000087200000|  0%| F|  |TAMS 0x0000000087100000, 0x0000000087100000| Untracked 
|  48|0x0000000087200000, 0x0000000087200000, 0x0000000087300000|  0%| F|  |TAMS 0x0000000087200000, 0x0000000087200000| Untracked 
|  49|0x0000000087300000, 0x0000000087300000, 0x0000000087400000|  0%| F|  |TAMS 0x0000000087300000, 0x0000000087300000| Untracked 
|  50|0x0000000087400000, 0x0000000087400000, 0x0000000087500000|  0%| F|  |TAMS 0x0000000087400000, 0x0000000087400000| Untracked 
|  51|0x0000000087500000, 0x0000000087500000, 0x0000000087600000|  0%| F|  |TAMS 0x0000000087500000, 0x0000000087500000| Untracked 
|  52|0x0000000087600000, 0x0000000087600000, 0x0000000087700000|  0%| F|  |TAMS 0x0000000087600000, 0x0000000087600000| Untracked 
|  53|0x0000000087700000, 0x0000000087700000, 0x0000000087800000|  0%| F|  |TAMS 0x0000000087700000, 0x0000000087700000| Untracked 
|  54|0x0000000087800000, 0x0000000087800000, 0x0000000087900000|  0%| F|  |TAMS 0x0000000087800000, 0x0000000087800000| Untracked 
|  55|0x0000000087900000, 0x0000000087900000, 0x0000000087a00000|  0%| F|  |TAMS 0x0000000087900000, 0x0000000087900000| Untracked 
|  56|0x0000000087a00000, 0x0000000087a00000, 0x0000000087b00000|  0%| F|  |TAMS 0x0000000087a00000, 0x0000000087a00000| Untracked 
|  57|0x0000000087b00000, 0x0000000087b00000, 0x0000000087c00000|  0%| F|  |TAMS 0x0000000087b00000, 0x0000000087b00000| Untracked 
|  58|0x0000000087c00000, 0x0000000087c00000, 0x0000000087d00000|  0%| F|  |TAMS 0x0000000087c00000, 0x0000000087c00000| Untracked 
|  59|0x0000000087d00000, 0x0000000087d00000, 0x0000000087e00000|  0%| F|  |TAMS 0x0000000087d00000, 0x0000000087d00000| Untracked 
|  60|0x0000000087e00000, 0x0000000087e00000, 0x0000000087f00000|  0%| F|  |TAMS 0x0000000087e00000, 0x0000000087e00000| Untracked 
|  61|0x0000000087f00000, 0x0000000087f00000, 0x0000000088000000|  0%| F|  |TAMS 0x0000000087f00000, 0x0000000087f00000| Untracked 
|  62|0x0000000088000000, 0x0000000088000000, 0x0000000088100000|  0%| F|  |TAMS 0x0000000088000000, 0x0000000088000000| Untracked 
|  63|0x0000000088100000, 0x0000000088100000, 0x0000000088200000|  0%| F|  |TAMS 0x0000000088100000, 0x0000000088100000| Untracked 
|  64|0x0000000088200000, 0x0000000088200000, 0x0000000088300000|  0%| F|  |TAMS 0x0000000088200000, 0x0000000088200000| Untracked 
|  65|0x0000000088300000, 0x0000000088300000, 0x0000000088400000|  0%| F|  |TAMS 0x0000000088300000, 0x0000000088300000| Untracked 
|  66|0x0000000088400000, 0x0000000088400000, 0x0000000088500000|  0%| F|  |TAMS 0x0000000088400000, 0x0000000088400000| Untracked 
|  67|0x0000000088500000, 0x0000000088500000, 0x0000000088600000|  0%| F|  |TAMS 0x0000000088500000, 0x0000000088500000| Untracked 
|  68|0x0000000088600000, 0x0000000088600000, 0x0000000088700000|  0%| F|  |TAMS 0x0000000088600000, 0x0000000088600000| Untracked 
|  69|0x0000000088700000, 0x0000000088700000, 0x0000000088800000|  0%| F|  |TAMS 0x0000000088700000, 0x0000000088700000| Untracked 
|  70|0x0000000088800000, 0x0000000088800000, 0x0000000088900000|  0%| F|  |TAMS 0x0000000088800000, 0x0000000088800000| Untracked 
|  71|0x0000000088900000, 0x0000000088900000, 0x0000000088a00000|  0%| F|  |TAMS 0x0000000088900000, 0x0000000088900000| Untracked 
|  72|0x0000000088a00000, 0x0000000088a00000, 0x0000000088b00000|  0%| F|  |TAMS 0x0000000088a00000, 0x0000000088a00000| Untracked 
|  73|0x0000000088b00000, 0x0000000088b00000, 0x0000000088c00000|  0%| F|  |TAMS 0x0000000088b00000, 0x0000000088b00000| Untracked 
|  74|0x0000000088c00000, 0x0000000088c00000, 0x0000000088d00000|  0%| F|  |TAMS 0x0000000088c00000, 0x0000000088c00000| Untracked 
|  75|0x0000000088d00000, 0x0000000088d00000, 0x0000000088e00000|  0%| F|  |TAMS 0x0000000088d00000, 0x0000000088d00000| Untracked 
|  76|0x0000000088e00000, 0x0000000088e00000, 0x0000000088f00000|  0%| F|  |TAMS 0x0000000088e00000, 0x0000000088e00000| Untracked 
|  77|0x0000000088f00000, 0x0000000088f00000, 0x0000000089000000|  0%| F|  |TAMS 0x0000000088f00000, 0x0000000088f00000| Untracked 
|  78|0x0000000089000000, 0x0000000089000000, 0x0000000089100000|  0%| F|  |TAMS 0x0000000089000000, 0x0000000089000000| Untracked 
|  79|0x0000000089100000, 0x0000000089100000, 0x0000000089200000|  0%| F|  |TAMS 0x0000000089100000, 0x0000000089100000| Untracked 
|  80|0x0000000089200000, 0x0000000089200000, 0x0000000089300000|  0%| F|  |TAMS 0x0000000089200000, 0x0000000089200000| Untracked 
|  81|0x0000000089300000, 0x0000000089300000, 0x0000000089400000|  0%| F|  |TAMS 0x0000000089300000, 0x0000000089300000| Untracked 
|  82|0x0000000089400000, 0x0000000089400000, 0x0000000089500000|  0%| F|  |TAMS 0x0000000089400000, 0x0000000089400000| Untracked 
|  83|0x0000000089500000, 0x0000000089500000, 0x0000000089600000|  0%| F|  |TAMS 0x0000000089500000, 0x0000000089500000| Untracked 
|  84|0x0000000089600000, 0x0000000089600000, 0x0000000089700000|  0%| F|  |TAMS 0x0000000089600000, 0x0000000089600000| Untracked 
|  85|0x0000000089700000, 0x0000000089700000, 0x0000000089800000|  0%| F|  |TAMS 0x0000000089700000, 0x0000000089700000| Untracked 
|  86|0x0000000089800000, 0x0000000089800000, 0x0000000089900000|  0%| F|  |TAMS 0x0000000089800000, 0x0000000089800000| Untracked 
|  87|0x0000000089900000, 0x0000000089900000, 0x0000000089a00000|  0%| F|  |TAMS 0x0000000089900000, 0x0000000089900000| Untracked 
|  88|0x0000000089a00000, 0x0000000089a00000, 0x0000000089b00000|  0%| F|  |TAMS 0x0000000089a00000, 0x0000000089a00000| Untracked 
|  89|0x0000000089b00000, 0x0000000089b00000, 0x0000000089c00000|  0%| F|  |TAMS 0x0000000089b00000, 0x0000000089b00000| Untracked 
|  90|0x0000000089c00000, 0x0000000089c00000, 0x0000000089d00000|  0%| F|  |TAMS 0x0000000089c00000, 0x0000000089c00000| Untracked 
|  91|0x0000000089d00000, 0x0000000089d00000, 0x0000000089e00000|  0%| F|  |TAMS 0x0000000089d00000, 0x0000000089d00000| Untracked 
|  92|0x0000000089e00000, 0x0000000089e00000, 0x0000000089f00000|  0%| F|  |TAMS 0x0000000089e00000, 0x0000000089e00000| Untracked 
|  93|0x0000000089f00000, 0x0000000089f00000, 0x000000008a000000|  0%| F|  |TAMS 0x0000000089f00000, 0x0000000089f00000| Untracked 
|  94|0x000000008a000000, 0x000000008a000000, 0x000000008a100000|  0%| F|  |TAMS 0x000000008a000000, 0x000000008a000000| Untracked 
|  95|0x000000008a100000, 0x000000008a100000, 0x000000008a200000|  0%| F|  |TAMS 0x000000008a100000, 0x000000008a100000| Untracked 
|  96|0x000000008a200000, 0x000000008a200000, 0x000000008a300000|  0%| F|  |TAMS 0x000000008a200000, 0x000000008a200000| Untracked 
|  97|0x000000008a300000, 0x000000008a300000, 0x000000008a400000|  0%| F|  |TAMS 0x000000008a300000, 0x000000008a300000| Untracked 
|  98|0x000000008a400000, 0x000000008a400000, 0x000000008a500000|  0%| F|  |TAMS 0x000000008a400000, 0x000000008a400000| Untracked 
|  99|0x000000008a500000, 0x000000008a500000, 0x000000008a600000|  0%| F|  |TAMS 0x000000008a500000, 0x000000008a500000| Untracked 
| 100|0x000000008a600000, 0x000000008a600000, 0x000000008a700000|  0%| F|  |TAMS 0x000000008a600000, 0x000000008a600000| Untracked 
| 101|0x000000008a700000, 0x000000008a700000, 0x000000008a800000|  0%| F|  |TAMS 0x000000008a700000, 0x000000008a700000| Untracked 
| 102|0x000000008a800000, 0x000000008a800000, 0x000000008a900000|  0%| F|  |TAMS 0x000000008a800000, 0x000000008a800000| Untracked 
| 103|0x000000008a900000, 0x000000008a900000, 0x000000008aa00000|  0%| F|  |TAMS 0x000000008a900000, 0x000000008a900000| Untracked 
| 104|0x000000008aa00000, 0x000000008aa00000, 0x000000008ab00000|  0%| F|  |TAMS 0x000000008aa00000, 0x000000008aa00000| Untracked 
| 105|0x000000008ab00000, 0x000000008ab00000, 0x000000008ac00000|  0%| F|  |TAMS 0x000000008ab00000, 0x000000008ab00000| Untracked 
| 106|0x000000008ac00000, 0x000000008ac00000, 0x000000008ad00000|  0%| F|  |TAMS 0x000000008ac00000, 0x000000008ac00000| Untracked 
| 107|0x000000008ad00000, 0x000000008ad00000, 0x000000008ae00000|  0%| F|  |TAMS 0x000000008ad00000, 0x000000008ad00000| Untracked 
| 108|0x000000008ae00000, 0x000000008ae00000, 0x000000008af00000|  0%| F|  |TAMS 0x000000008ae00000, 0x000000008ae00000| Untracked 
| 109|0x000000008af00000, 0x000000008b000000, 0x000000008b000000|100%| S|CS|TAMS 0x000000008af00000, 0x000000008af00000| Complete 
| 110|0x000000008b000000, 0x000000008b100000, 0x000000008b100000|100%| S|CS|TAMS 0x000000008b000000, 0x000000008b000000| Complete 
| 111|0x000000008b100000, 0x000000008b100000, 0x000000008b200000|  0%| F|  |TAMS 0x000000008b100000, 0x000000008b100000| Untracked 
| 112|0x000000008b200000, 0x000000008b200000, 0x000000008b300000|  0%| F|  |TAMS 0x000000008b200000, 0x000000008b200000| Untracked 
| 113|0x000000008b300000, 0x000000008b300000, 0x000000008b400000|  0%| F|  |TAMS 0x000000008b300000, 0x000000008b300000| Untracked 
| 114|0x000000008b400000, 0x000000008b400000, 0x000000008b500000|  0%| F|  |TAMS 0x000000008b400000, 0x000000008b400000| Untracked 
| 115|0x000000008b500000, 0x000000008b500000, 0x000000008b600000|  0%| F|  |TAMS 0x000000008b500000, 0x000000008b500000| Untracked 
| 116|0x000000008b600000, 0x000000008b600000, 0x000000008b700000|  0%| F|  |TAMS 0x000000008b600000, 0x000000008b600000| Untracked 
| 117|0x000000008b700000, 0x000000008b700000, 0x000000008b800000|  0%| F|  |TAMS 0x000000008b700000, 0x000000008b700000| Untracked 
| 118|0x000000008b800000, 0x000000008b800000, 0x000000008b900000|  0%| F|  |TAMS 0x000000008b800000, 0x000000008b800000| Untracked 
| 119|0x000000008b900000, 0x000000008ba00000, 0x000000008ba00000|100%| E|  |TAMS 0x000000008b900000, 0x000000008b900000| Complete 
| 120|0x000000008ba00000, 0x000000008bb00000, 0x000000008bb00000|100%| E|CS|TAMS 0x000000008ba00000, 0x000000008ba00000| Complete 
| 121|0x000000008bb00000, 0x000000008bc00000, 0x000000008bc00000|100%| E|CS|TAMS 0x000000008bb00000, 0x000000008bb00000| Complete 
| 122|0x000000008bc00000, 0x000000008bd00000, 0x000000008bd00000|100%| E|CS|TAMS 0x000000008bc00000, 0x000000008bc00000| Complete 
| 123|0x000000008bd00000, 0x000000008be00000, 0x000000008be00000|100%| E|CS|TAMS 0x000000008bd00000, 0x000000008bd00000| Complete 

Card table byte_map: [0x0000020b12940000,0x0000020b12d20000] _byte_map_base: 0x0000020b1251f000

Marking Bits (Prev, Next): (CMBitMap*) 0x0000020b7f7b04f0, (CMBitMap*) 0x0000020b7f7b0530
 Prev Bits: [0x0000020b13100000, 0x0000020b14ff8000)
 Next Bits: [0x0000020b15000000, 0x0000020b16ef8000)

Polling page: 0x0000020b7ef50000

Metaspace:

Usage:
  Non-class:     16.22 MB capacity,    16.12 MB (>99%) used,    83.74 KB ( <1%) free+waste,    20.88 KB ( <1%) overhead. 
      Class:      1.82 MB capacity,     1.75 MB ( 96%) used,    71.65 KB (  4%) free+waste,     7.06 KB ( <1%) overhead. 
       Both:     18.05 MB capacity,    17.87 MB (>99%) used,   155.39 KB ( <1%) free+waste,    27.94 KB ( <1%) overhead. 

Virtual space:
  Non-class space:       18.00 MB reserved,      16.25 MB ( 90%) committed 
      Class space:        1.00 GB reserved,       1.88 MB ( <1%) committed 
             Both:        1.02 GB reserved,      18.12 MB (  2%) committed 

Chunk freelists:
   Non-Class:  28.00 KB
       Class:  20.00 KB
        Both:  48.00 KB

MaxMetaspaceSize: 17179869184.00 GB
CompressedClassSpaceSize: 1.00 GB

CodeHeap 'non-profiled nmethods': size=120000Kb used=474Kb max_used=474Kb free=119525Kb
 bounds [0x0000020b0b410000, 0x0000020b0b680000, 0x0000020b12940000]
CodeHeap 'profiled nmethods': size=120000Kb used=2602Kb max_used=2602Kb free=117397Kb
 bounds [0x0000020b03ee0000, 0x0000020b04170000, 0x0000020b0b410000]
CodeHeap 'non-nmethods': size=5760Kb used=1381Kb max_used=1398Kb free=4378Kb
 bounds [0x0000020b03940000, 0x0000020b03bb0000, 0x0000020b03ee0000]
 total_blobs=2136 nmethods=1542 adapters=508
 compilation: enabled
              stopped_count=0, restarted_count=0
 full_count=0

Compilation events (20 events):
Event: 346.926 Thread 0x0000020b19a38ef0 nmethod 1529 0x0000020b0b482e10 code [0x0000020b0b483060, 0x0000020b0b4845a8]
Event: 347.351 Thread 0x0000020b19a38ef0 1530       4       sun.java2d.SunGraphics2D::validateColor (102 bytes)
Event: 347.359 Thread 0x0000020b19a38ef0 nmethod 1530 0x0000020b0b485190 code [0x0000020b0b485340, 0x0000020b0b485718]
Event: 355.015 Thread 0x0000020b19a38ef0 1531       4       sun.font.FontDesignMetrics$MetricsKey::equals (49 bytes)
Event: 355.021 Thread 0x0000020b19a38ef0 nmethod 1531 0x0000020b0b485a10 code [0x0000020b0b485ba0, 0x0000020b0b485db8]
Event: 358.081 Thread 0x0000020b19a38ef0 1532       4       javax.swing.JComponent::getGraphics (33 bytes)
Event: 358.082 Thread 0x0000020b19a38ef0 nmethod 1532 0x0000020b0b485f90 code [0x0000020b0b486120, 0x0000020b0b4861c8]
Event: 364.212 Thread 0x0000020b19a38ef0 1533       4       java.awt.Image$1::getSurfaceManager (5 bytes)
Event: 364.213 Thread 0x0000020b19a38ef0 nmethod 1533 0x0000020b0b486290 code [0x0000020b0b486400, 0x0000020b0b486498]
Event: 369.603 Thread 0x0000020b19ab0790 1534       3       java.lang.invoke.MethodType::dropParameterTypes (162 bytes)
Event: 369.606 Thread 0x0000020b19ab0790 nmethod 1534 0x0000020b04166190 code [0x0000020b041664a0, 0x0000020b041673e8]
Event: 369.629 Thread 0x0000020b19ab0790 1535       3       java.awt.Component::isLightweight (8 bytes)
Event: 369.629 Thread 0x0000020b19ab0790 nmethod 1535 0x0000020b04167910 code [0x0000020b04167aa0, 0x0000020b04167cb8]
Event: 369.636 Thread 0x0000020b19ab0790 1536       3       java.security.AccessController::doPrivileged (9 bytes)
Event: 369.636 Thread 0x0000020b19ab0790 nmethod 1536 0x0000020b04167d90 code [0x0000020b04167f60, 0x0000020b04168278]
Event: 369.637 Thread 0x0000020b19ab0790 1537       3       java.lang.String::<init> (10 bytes)
Event: 369.637 Thread 0x0000020b19ab0790 nmethod 1537 0x0000020b04168410 code [0x0000020b041685c0, 0x0000020b04168728]
Event: 369.638 Thread 0x0000020b19ab0790 1538  s    3       java.awt.KeyboardFocusManager::getCurrentKeyboardFocusManager (32 bytes)
Event: 369.639 Thread 0x0000020b19ab0790 nmethod 1538 0x0000020b04168810 code [0x0000020b041689e0, 0x0000020b04168dc8]
Event: 369.639 Thread 0x0000020b19ab0790 1539       3       java.awt.KeyboardFocusManager::getCurrentKeyboardFocusManager (7 bytes)

GC Heap History (2 events):
Event: 5.584 GC heap before
{Heap before GC invocations=0 (full 0):
 garbage-first heap   total 126976K, used 13312K [0x0000000084200000, 0x0000000100000000)
  region size 1024K, 13 young (13312K), 0 survivors (0K)
 Metaspace       used 16535K, capacity 16690K, committed 16896K, reserved 1064960K
  class space    used 1623K, capacity 1699K, committed 1792K, reserved 1048576K
}
Event: 5.866 GC heap after
{Heap after GC invocations=1 (full 0):
 garbage-first heap   total 126976K, used 2361K [0x0000000084200000, 0x0000000100000000)
  region size 1024K, 2 young (2048K), 2 survivors (2048K)
 Metaspace       used 16535K, capacity 16690K, committed 16896K, reserved 1064960K
  class space    used 1623K, capacity 1699K, committed 1792K, reserved 1048576K
}

Deoptimization events (20 events):
Event: 369.600 Thread 0x0000020b1a392ac0 Uncommon trap: trap_request=0xffffff45 fr.pc=0x0000020b0b475a24 relative=0x0000000000000184
Event: 369.600 Thread 0x0000020b1a392ac0 Uncommon trap: reason=unstable_if action=reinterpret pc=0x0000020b0b475a24 method=java.util.concurrent.locks.ReentrantLock$NonfairSync.initialTryLock()Z @ 25 c2
Event: 369.600 Thread 0x0000020b1a392ac0 DEOPT PACKING pc=0x0000020b0b475a24 sp=0x00000088695fde80
Event: 369.600 Thread 0x0000020b1a392ac0 DEOPT UNPACKING pc=0x0000020b0398e129 sp=0x00000088695fdd78 mode 2
Event: 369.605 Thread 0x0000020b1a4d43e0 Uncommon trap: trap_request=0xffffffde fr.pc=0x0000020b0b41b2a4 relative=0x0000000000000184
Event: 369.605 Thread 0x0000020b1a4d43e0 Uncommon trap: reason=class_check action=maybe_recompile pc=0x0000020b0b41b2a4 method=java.lang.String.equals(Ljava/lang/Object;)Z @ 8 c2
Event: 369.605 Thread 0x0000020b1a4d43e0 DEOPT PACKING pc=0x0000020b0b41b2a4 sp=0x00000088697fdca0
Event: 369.605 Thread 0x0000020b1a4d43e0 DEOPT UNPACKING pc=0x0000020b0398e129 sp=0x00000088697fdc38 mode 2
Event: 369.605 Thread 0x0000020b1a4d43e0 Uncommon trap: trap_request=0xffffffde fr.pc=0x0000020b0b41b2a4 relative=0x0000000000000184
Event: 369.605 Thread 0x0000020b1a4d43e0 Uncommon trap: reason=class_check action=maybe_recompile pc=0x0000020b0b41b2a4 method=java.lang.String.equals(Ljava/lang/Object;)Z @ 8 c2
Event: 369.605 Thread 0x0000020b1a4d43e0 DEOPT PACKING pc=0x0000020b0b41b2a4 sp=0x00000088697fdc00
Event: 369.605 Thread 0x0000020b1a4d43e0 DEOPT UNPACKING pc=0x0000020b0398e129 sp=0x00000088697fdba8 mode 2
Event: 369.605 Thread 0x0000020b1a4d43e0 Uncommon trap: trap_request=0xffffffde fr.pc=0x0000020b0b41b2a4 relative=0x0000000000000184
Event: 369.605 Thread 0x0000020b1a4d43e0 Uncommon trap: reason=class_check action=maybe_recompile pc=0x0000020b0b41b2a4 method=java.lang.String.equals(Ljava/lang/Object;)Z @ 8 c2
Event: 369.605 Thread 0x0000020b1a4d43e0 DEOPT PACKING pc=0x0000020b0b41b2a4 sp=0x00000088697fdb70
Event: 369.605 Thread 0x0000020b1a4d43e0 DEOPT UNPACKING pc=0x0000020b0398e129 sp=0x00000088697fdb18 mode 2
Event: 369.629 Thread 0x0000020b1a4d43e0 Uncommon trap: trap_request=0xffffff45 fr.pc=0x0000020b0b47db68 relative=0x0000000000000068
Event: 369.629 Thread 0x0000020b1a4d43e0 Uncommon trap: reason=unstable_if action=reinterpret pc=0x0000020b0b47db68 method=javax.swing.JComponent.getClientProperty(Ljava/lang/Object;)Ljava/lang/Object; @ 4 c2
Event: 369.629 Thread 0x0000020b1a4d43e0 DEOPT PACKING pc=0x0000020b0b47db68 sp=0x00000088697fe530
Event: 369.629 Thread 0x0000020b1a4d43e0 DEOPT UNPACKING pc=0x0000020b0398e129 sp=0x00000088697fe4b8 mode 2

Classes unloaded (0 events):
No events

Classes redefined (2 events):
Event: 215.737 Thread 0x0000020b190c3f90 redefined class name=lista01.Exercicio07, count=1
Event: 336.568 Thread 0x0000020b190c3f90 redefined class name=lista01.Exercicio07, count=2

Internal exceptions (16 events):
Event: 0.893 Thread 0x0000020b7f76e810 Exception <a 'java/lang/NoSuchMethodError'{0x000000008bb1ea60}: 'void java.lang.invoke.DirectMethodHandle$Holder.invokeStatic(java.lang.Object, java.lang.Object)'> (0x000000008bb1ea60) 
thrown [./open/src/hotspot/share/interpreter/linkResolver.cpp, line 782]
Event: 0.895 Thread 0x0000020b7f76e810 Exception <a 'java/lang/NoSuchMethodError'{0x000000008bb22708}: 'void java.lang.invoke.DirectMethodHandle$Holder.invokeStaticInit(java.lang.Object, java.lang.Object)'> (0x000000008bb22708) 
thrown [./open/src/hotspot/share/interpreter/linkResolver.cpp, line 782]
Event: 1.512 Thread 0x0000020b7f76e810 Exception <a 'java/lang/NoSuchMethodError'{0x000000008b903aa8}: 'java.lang.Object java.lang.invoke.DirectMethodHandle$Holder.invokeStatic(java.lang.Object)'> (0x000000008b903aa8) 
thrown [./open/src/hotspot/share/interpreter/linkResolver.cpp, line 782]
Event: 1.832 Thread 0x0000020b7f76e810 Exception <a 'java/lang/NoSuchMethodError'{0x000000008b83c018}: 'void java.lang.invoke.DirectMethodHandle$Holder.invokeSpecial(java.lang.Object, java.lang.Object, java.lang.Object)'> (0x000000008b83c018) 
thrown [./open/src/hotspot/share/interpreter/linkResolver.cpp, line 782]
Event: 1.883 Thread 0x0000020b7f76e810 Exception <a 'java/lang/ClassNotFoundException'{0x000000008b87b720}: sun/awt/resources/spi/awtProvider> (0x000000008b87b720) 
thrown [./open/src/hotspot/share/classfile/systemDictionary.cpp, line 295]
Event: 2.019 Thread 0x0000020b7f76e810 Exception <a 'java/io/FileNotFoundException'{0x000000008b8d9818}> (0x000000008b8d9818) 
thrown [./open/src/hotspot/share/prims/jni.cpp, line 578]
Event: 2.033 Thread 0x0000020b7f76e810 Exception <a 'java/io/FileNotFoundException'{0x000000008b70a948}> (0x000000008b70a948) 
thrown [./open/src/hotspot/share/prims/jni.cpp, line 578]
Event: 2.285 Thread 0x0000020b7f76e810 Exception <a 'java/lang/NoSuchMethodError'{0x000000008b61cc48}: 'java.lang.Object java.lang.invoke.DirectMethodHandle$Holder.invokeStaticInit(java.lang.Object)'> (0x000000008b61cc48) 
thrown [./open/src/hotspot/share/interpreter/linkResolver.cpp, line 782]
Event: 2.683 Thread 0x0000020b7f76e810 Exception <a 'java/lang/NoSuchMethodError'{0x000000008b51da48}: 'java.lang.Object java.lang.invoke.DirectMethodHandle$Holder.newInvokeSpecial(java.lang.Object, java.lang.Object, java.lang.Object, java.lang.Object, java.lang.Object)'> (0x000000008b51da48) 
thrown [./open/src/hotspot/share/interpreter/linkResolver.cpp, line 782]
Event: 2.710 Thread 0x0000020b7f76e810 Exception <a 'java/lang/NoSuchMethodError'{0x000000008b5294d8}: 'java.lang.Object java.lang.invoke.DirectMethodHandle$Holder.invokeStatic(java.lang.Object, int, java.lang.Object, java.lang.Object, java.lang.Object, java.lang.Object)'> (0x000000008b5294d8) 
thrown [./open/src/hotspot/share/interpreter/linkResolver.cpp, line 782]
Event: 2.721 Thread 0x0000020b7f76e810 Exception <a 'java/lang/NoSuchMethodError'{0x000000008b550018}: 'java.lang.Object java.lang.invoke.DirectMethodHandle$Holder.invokeStatic(java.lang.Object, int, java.lang.Object)'> (0x000000008b550018) 
thrown [./open/src/hotspot/share/interpreter/linkResolver.cpp, line 782]
Event: 3.032 Thread 0x0000020b7f76e810 Exception <a 'java/lang/ClassNotFoundException'{0x000000008b439780}: com/sun/swing/internal/plaf/metal/resources/spi/metalProvider> (0x000000008b439780) 
thrown [./open/src/hotspot/share/classfile/systemDictionary.cpp, line 295]
Event: 3.034 Thread 0x0000020b7f76e810 Exception <a 'java/lang/ClassNotFoundException'{0x000000008b440008}: com/sun/swing/internal/plaf/basic/resources/spi/basicProvider> (0x000000008b440008) 
thrown [./open/src/hotspot/share/classfile/systemDictionary.cpp, line 295]
Event: 3.272 Thread 0x0000020b1a428400 Exception <a 'java/lang/NoSuchMethodError'{0x000000008b4e1b48}: 'java.lang.Object java.lang.invoke.DirectMethodHandle$Holder.newInvokeSpecial(java.lang.Object, java.lang.Object, java.lang.Object, int, int, int, int, int)'> (0x000000008b4e1b48) 
thrown [./open/src/hotspot/share/interpreter/linkResolver.cpp, line 782]
Event: 5.889 Thread 0x0000020b7f76e810 Exception <a 'java/lang/NoSuchMethodError'{0x000000008bd33d60}: 'void java.lang.invoke.DirectMethodHandle$Holder.invokeStaticInit(java.lang.Object)'> (0x000000008bd33d60) 
thrown [./open/src/hotspot/share/interpreter/linkResolver.cpp, line 782]
Event: 6.249 Thread 0x0000020b7f76e810 Exception <a 'java/lang/NoSuchMethodError'{0x000000008bc1a488}: 'int java.lang.invoke.DirectMethodHandle$Holder.invokeStatic(java.lang.Object)'> (0x000000008bc1a488) 
thrown [./open/src/hotspot/share/interpreter/linkResolver.cpp, line 782]

Events (20 events):
Event: 369.626 loading class javax/swing/MenuElement done
Event: 369.627 loading class javax/swing/JMenuBar done
Event: 369.627 loading class javax/swing/Popup$HeavyWeightWindow
Event: 369.627 loading class java/awt/Window$1DisposeAction
Event: 369.627 loading class sun/awt/ModalExclude
Event: 369.627 loading class sun/awt/ModalExclude done
Event: 369.627 loading class javax/swing/JWindow
Event: 369.627 loading class java/awt/Window$1DisposeAction done
Event: 369.627 loading class java/awt/EventQueue$1AWTInvocationLock
Event: 369.627 loading class java/awt/EventQueue$1AWTInvocationLock done
Event: 369.628 loading class javax/swing/JWindow done
Event: 369.628 loading class javax/swing/Popup$HeavyWeightWindow done
Event: 369.632 loading class javax/swing/Autoscroller
Event: 369.632 loading class javax/swing/Autoscroller done
Event: 369.633 loading class java/awt/LightweightDispatcher$2
Event: 369.634 loading class java/awt/LightweightDispatcher$2 done
Event: 369.634 loading class java/awt/event/AWTEventListenerProxy
Event: 369.634 loading class java/awt/event/AWTEventListenerProxy done
Event: 369.634 loading class java/awt/Toolkit$ToolkitEventMulticaster
Event: 369.634 loading class java/awt/Toolkit$ToolkitEventMulticaster done


Dynamic libraries:
0x00007ff6b7130000 - 0x00007ff6b713d000 	C:\eclipse\plugins\org.eclipse.justj.openjdk.hotspot.jre.full.win32.x86_64_15.0.1.v20201027-0507\jre\bin\javaw.exe
0x00007ff9cfb30000 - 0x00007ff9cfd25000 	C:\Windows\SYSTEM32\ntdll.dll
0x00007ff9cea20000 - 0x00007ff9ceadd000 	C:\Windows\System32\KERNEL32.DLL
0x00007ff9cd3d0000 - 0x00007ff9cd697000 	C:\Windows\System32\KERNELBASE.dll
0x00007ff9cd7a0000 - 0x00007ff9cd8a0000 	C:\Windows\System32\ucrtbase.dll
0x00007ff9c86d0000 - 0x00007ff9c86e8000 	C:\eclipse\plugins\org.eclipse.justj.openjdk.hotspot.jre.full.win32.x86_64_15.0.1.v20201027-0507\jre\bin\jli.dll
0x00007ff9cf150000 - 0x00007ff9cf2f0000 	C:\Windows\System32\USER32.dll
0x00007ff9cdb60000 - 0x00007ff9cdb82000 	C:\Windows\System32\win32u.dll
0x00007ff9cdef0000 - 0x00007ff9cdf1a000 	C:\Windows\System32\GDI32.dll
0x00007ff9cda20000 - 0x00007ff9cdb29000 	C:\Windows\System32\gdi32full.dll
0x00007ff9cd8a0000 - 0x00007ff9cd93d000 	C:\Windows\System32\msvcp_win.dll
0x00007ff9c0b80000 - 0x00007ff9c0b99000 	C:\eclipse\plugins\org.eclipse.justj.openjdk.hotspot.jre.full.win32.x86_64_15.0.1.v20201027-0507\jre\bin\VCRUNTIME140.dll
0x00007ff9b6910000 - 0x00007ff9b6bab000 	C:\Windows\WinSxS\amd64_microsoft.windows.common-controls_6595b64144ccf1df_6.0.19041.488_none_ca04af081b815d21\COMCTL32.dll
0x00007ff9cf370000 - 0x00007ff9cf40e000 	C:\Windows\System32\msvcrt.dll
0x00007ff9ce810000 - 0x00007ff9ce840000 	C:\Windows\System32\IMM32.DLL
0x00007ff9c0b70000 - 0x00007ff9c0b7c000 	C:\eclipse\plugins\org.eclipse.justj.openjdk.hotspot.jre.full.win32.x86_64_15.0.1.v20201027-0507\jre\bin\vcruntime140_1.dll
0x00007ff9c0ad0000 - 0x00007ff9c0b61000 	C:\eclipse\plugins\org.eclipse.justj.openjdk.hotspot.jre.full.win32.x86_64_15.0.1.v20201027-0507\jre\bin\msvcp140.dll
0x00007ff9a54c0000 - 0x00007ff9a601e000 	C:\eclipse\plugins\org.eclipse.justj.openjdk.hotspot.jre.full.win32.x86_64_15.0.1.v20201027-0507\jre\bin\server\jvm.dll
0x00007ff9ce970000 - 0x00007ff9cea1a000 	C:\Windows\System32\ADVAPI32.dll
0x00007ff9ceb40000 - 0x00007ff9cebdb000 	C:\Windows\System32\sechost.dll
0x00007ff9cf9b0000 - 0x00007ff9cfad4000 	C:\Windows\System32\RPCRT4.dll
0x00007ff9cfae0000 - 0x00007ff9cfae8000 	C:\Windows\System32\PSAPI.DLL
0x00007ff9bb170000 - 0x00007ff9bb179000 	C:\Windows\SYSTEM32\WSOCK32.dll
0x00007ff9ced60000 - 0x00007ff9cedcb000 	C:\Windows\System32\WS2_32.dll
0x00007ff9b8210000 - 0x00007ff9b8237000 	C:\Windows\SYSTEM32\WINMM.dll
0x00007ff9c0fb0000 - 0x00007ff9c0fba000 	C:\Windows\SYSTEM32\VERSION.dll
0x00007ff9cb1f0000 - 0x00007ff9cb203000 	C:\Windows\SYSTEM32\kernel.appcore.dll
0x00007ff9baba0000 - 0x00007ff9babaa000 	C:\eclipse\plugins\org.eclipse.justj.openjdk.hotspot.jre.full.win32.x86_64_15.0.1.v20201027-0507\jre\bin\jimage.dll
0x00007ff9bf910000 - 0x00007ff9bfaf4000 	C:\Windows\SYSTEM32\DBGHELP.DLL
0x00007ff9bf520000 - 0x00007ff9bf54c000 	C:\Windows\SYSTEM32\dbgcore.DLL
0x00007ff9cd940000 - 0x00007ff9cd9bf000 	C:\Windows\System32\bcryptPrimitives.dll
0x00007ff9c0a90000 - 0x00007ff9c0ac9000 	C:\eclipse\plugins\org.eclipse.justj.openjdk.hotspot.jre.full.win32.x86_64_15.0.1.v20201027-0507\jre\bin\jdwp.dll
0x00007ff9c0a80000 - 0x00007ff9c0a8e000 	C:\eclipse\plugins\org.eclipse.justj.openjdk.hotspot.jre.full.win32.x86_64_15.0.1.v20201027-0507\jre\bin\instrument.dll
0x00007ff9ad400000 - 0x00007ff9ad425000 	C:\eclipse\plugins\org.eclipse.justj.openjdk.hotspot.jre.full.win32.x86_64_15.0.1.v20201027-0507\jre\bin\java.dll
0x00007ff9b2e60000 - 0x00007ff9b2e78000 	C:\eclipse\plugins\org.eclipse.justj.openjdk.hotspot.jre.full.win32.x86_64_15.0.1.v20201027-0507\jre\bin\zip.dll
0x00007ff9ce0c0000 - 0x00007ff9ce801000 	C:\Windows\System32\SHELL32.dll
0x00007ff9cb3f0000 - 0x00007ff9cbb83000 	C:\Windows\SYSTEM32\windows.storage.dll
0x00007ff9cdb90000 - 0x00007ff9cdee5000 	C:\Windows\System32\combase.dll
0x00007ff9ccc10000 - 0x00007ff9ccc3c000 	C:\Windows\SYSTEM32\Wldp.dll
0x00007ff9ce010000 - 0x00007ff9ce0be000 	C:\Windows\System32\SHCORE.dll
0x00007ff9cefa0000 - 0x00007ff9ceff5000 	C:\Windows\System32\shlwapi.dll
0x00007ff9cd1a0000 - 0x00007ff9cd1c6000 	C:\Windows\SYSTEM32\profapi.dll
0x00007ff9c0a70000 - 0x00007ff9c0a7b000 	C:\eclipse\plugins\org.eclipse.justj.openjdk.hotspot.jre.full.win32.x86_64_15.0.1.v20201027-0507\jre\bin\dt_socket.dll
0x00007ff9cc680000 - 0x00007ff9cc6bb000 	C:\Windows\SYSTEM32\IPHLPAPI.DLL
0x00007ff9cc990000 - 0x00007ff9cc9fa000 	C:\Windows\system32\mswsock.dll
0x00007ff9cc6c0000 - 0x00007ff9cc78b000 	C:\Windows\SYSTEM32\DNSAPI.dll
0x00007ff9cf880000 - 0x00007ff9cf889000 	C:\Windows\System32\NSI.dll
0x00007ff9c7650000 - 0x00007ff9c765a000 	C:\Windows\System32\rasadhlp.dll
0x00007ff9c87d0000 - 0x00007ff9c884f000 	C:\Windows\System32\fwpuclnt.dll
0x00007ff9cdb30000 - 0x00007ff9cdb57000 	C:\Windows\System32\bcrypt.dll
0x00007ff9b1f90000 - 0x00007ff9b1fa9000 	C:\eclipse\plugins\org.eclipse.justj.openjdk.hotspot.jre.full.win32.x86_64_15.0.1.v20201027-0507\jre\bin\net.dll
0x00007ff9c7530000 - 0x00007ff9c7630000 	C:\Windows\SYSTEM32\WINHTTP.dll
0x00007ff9ad3e0000 - 0x00007ff9ad3f2000 	C:\eclipse\plugins\org.eclipse.justj.openjdk.hotspot.jre.full.win32.x86_64_15.0.1.v20201027-0507\jre\bin\nio.dll
0x00007ff9ad7c0000 - 0x00007ff9ad7d0000 	C:\eclipse\plugins\org.eclipse.justj.openjdk.hotspot.jre.full.win32.x86_64_15.0.1.v20201027-0507\jre\bin\verify.dll
0x00007ff994a40000 - 0x00007ff994bbf000 	C:\eclipse\plugins\org.eclipse.justj.openjdk.hotspot.jre.full.win32.x86_64_15.0.1.v20201027-0507\jre\bin\awt.dll
0x00007ff9cec90000 - 0x00007ff9ced5d000 	C:\Windows\System32\OLEAUT32.dll
0x00007ff9ca770000 - 0x00007ff9ca800000 	C:\Windows\SYSTEM32\apphelp.dll
0x00007ff9cad30000 - 0x00007ff9cadcf000 	C:\Windows\system32\uxtheme.dll
0x00007ff9cf890000 - 0x00007ff9cf9a5000 	C:\Windows\System32\MSCTF.dll
0x00007ff9ce840000 - 0x00007ff9ce969000 	C:\Windows\System32\ole32.dll
0x00007ff9caf00000 - 0x00007ff9caf2f000 	C:\Windows\system32\DWMAPI.DLL
0x00007ff9bc380000 - 0x00007ff9bc405000 	C:\eclipse\plugins\org.eclipse.justj.openjdk.hotspot.jre.full.win32.x86_64_15.0.1.v20201027-0507\jre\bin\freetype.dll
0x00007ff9b3120000 - 0x00007ff9b31c9000 	C:\eclipse\plugins\org.eclipse.justj.openjdk.hotspot.jre.full.win32.x86_64_15.0.1.v20201027-0507\jre\bin\fontmanager.dll
0x00007ff9a9b40000 - 0x00007ff9a9c65000 	C:\Windows\system32\opengl32.dll
0x00007ff9c0a40000 - 0x00007ff9c0a6c000 	C:\Windows\SYSTEM32\GLU32.dll
0x00007ff9cebe0000 - 0x00007ff9cec88000 	C:\Windows\System32\clbcatq.dll
0x00007ff9c6a20000 - 0x00007ff9c6bd4000 	C:\Windows\SYSTEM32\WindowsCodecs.dll
0x00007ff9b5e50000 - 0x00007ff9b5e8e000 	C:\Windows\system32\dataexchange.dll
0x00007ff9c8e60000 - 0x00007ff9c90c3000 	C:\Windows\system32\d3d11.dll
0x00007ff9c99d0000 - 0x00007ff9c9bb5000 	C:\Windows\system32\dcomp.dll
0x00007ff9cbc00000 - 0x00007ff9cbcf3000 	C:\Windows\system32\dxgi.dll
0x00007ff9c6440000 - 0x00007ff9c6647000 	C:\Windows\system32\twinapi.appcore.dll
0x00007ff9c41c0000 - 0x00007ff9c42bd000 	C:\Windows\SYSTEM32\textinputframework.dll
0x00007ff9ca0c0000 - 0x00007ff9ca41a000 	C:\Windows\System32\CoreUIComponents.dll
0x00007ff9ca4b0000 - 0x00007ff9ca5a2000 	C:\Windows\System32\CoreMessaging.dll
0x00007ff9cbf50000 - 0x00007ff9cbf83000 	C:\Windows\SYSTEM32\ntmarta.dll
0x00007ff9c9840000 - 0x00007ff9c9996000 	C:\Windows\SYSTEM32\wintypes.dll

dbghelp: loaded successfully - version: 4.0.5 - missing functions: none
symbol engine: initialized successfully - sym options: 0x614 - pdb path: .;C:\eclipse\plugins\org.eclipse.justj.openjdk.hotspot.jre.full.win32.x86_64_15.0.1.v20201027-0507\jre\bin;C:\Windows\SYSTEM32;C:\Windows\WinSxS\amd64_microsoft.windows.common-controls_6595b64144ccf1df_6.0.19041.488_none_ca04af081b815d21;C:\eclipse\plugins\org.eclipse.justj.openjdk.hotspot.jre.full.win32.x86_64_15.0.1.v20201027-0507\jre\bin\server

VM Arguments:
jvm_args: -XX:+ShowCodeDetailsInExceptionMessages -agentlib:jdwp=transport=dt_socket,suspend=y,address=localhost:51018 -javaagent:C:\eclipse\configuration\org.eclipse.osgi\405\0\.cp\lib\javaagent-shaded.jar -Dfile.encoding=Cp1252 
java_command: lista01.Exercicio07
java_class_path (initial): C:\Users\matheus_w_trindade\Desktop\WorkspaceJavaBasico\Lista01Java\bin
Launcher Type: SUN_STANDARD

[Global flags]
     intx CICompilerCount                          = 3                                         {product} {ergonomic}
     uint ConcGCThreads                            = 1                                         {product} {ergonomic}
     uint G1ConcRefinementThreads                  = 4                                         {product} {ergonomic}
   size_t G1HeapRegionSize                         = 1048576                                   {product} {ergonomic}
    uintx GCDrainStackTargetSize                   = 64                                        {product} {ergonomic}
   size_t InitialHeapSize                          = 130023424                                 {product} {ergonomic}
   size_t MarkStackSize                            = 4194304                                   {product} {ergonomic}
   size_t MaxHeapSize                              = 2078277632                                {product} {ergonomic}
   size_t MaxNewSize                               = 1246756864                                {product} {ergonomic}
   size_t MinHeapDeltaBytes                        = 1048576                                   {product} {ergonomic}
   size_t MinHeapSize                              = 8388608                                   {product} {ergonomic}
    uintx NonNMethodCodeHeapSize                   = 5832780                                {pd product} {ergonomic}
    uintx NonProfiledCodeHeapSize                  = 122912730                              {pd product} {ergonomic}
    uintx ProfiledCodeHeapSize                     = 122912730                              {pd product} {ergonomic}
    uintx ReservedCodeCacheSize                    = 251658240                              {pd product} {ergonomic}
     bool SegmentedCodeCache                       = true                                      {product} {ergonomic}
     bool ShowCodeDetailsInExceptionMessages       = true                                   {manageable} {command line}
   size_t SoftMaxHeapSize                          = 2078277632                             {manageable} {ergonomic}
     bool UseCompressedClassPointers               = true                                 {lp64_product} {ergonomic}
     bool UseCompressedOops                        = true                                 {lp64_product} {ergonomic}
     bool UseG1GC                                  = true                                      {product} {ergonomic}
     bool UseLargePagesIndividualAllocation        = false                                  {pd product} {ergonomic}

Logging:
Log output configuration:
 #0: stdout all=warning uptime,level,tags
 #1: stderr all=off uptime,level,tags

Environment Variables:
PATH=C:\eclipse\plugins\org.eclipse.justj.openjdk.hotspot.jre.full.win32.x86_64_15.0.1.v20201027-0507\jre\bin;C:/eclipse//plugins/org.eclipse.justj.openjdk.hotspot.jre.full.win32.x86_64_15.0.1.v20201027-0507/jre/bin/server;C:/eclipse//plugins/org.eclipse.justj.openjdk.hotspot.jre.full.win32.x86_64_15.0.1.v20201027-0507/jre/bin;C:\Program Files\Common Files\Oracle\Java\javapath;C:\Program Files (x86)\Common Files\Oracle\Java\javapath;C:\Windows\system32;C:\Windows;C:\Windows\System32\Wbem;C:\Windows\System32\WindowsPowerShell\v1.0\;C:\Windows\System32\OpenSSH\;C:\Program Files (x86)\NTP\bin;C:\Program Files\Git\cmd;C:\Program Files\nodejs\;C:\Program Files\CodeBlocks\MinGW\bin;C:\Users\matheus_w_trindade\AppData\Local\Microsoft\WindowsApps;;C:\eclipse;
USERNAME=matheus_w_trindade
OS=Windows_NT
PROCESSOR_IDENTIFIER=Intel64 Family 6 Model 37 Stepping 5, GenuineIntel



---------------  S Y S T E M  ---------------

OS:
 Windows 10 , 64 bit Build 19041 (10.0.19041.292)
OS uptime: 0 days 3:14 hours

CPU: total 4 (initial active 4) (2 cores per cpu, 2 threads per core) family 6 model 37 stepping 5 microcode 0x7, cmov, cx8, fxsr, mmx, sse, sse2, sse3, ssse3, sse4.1, sse4.2, popcnt, ht, tsc, tscinvbit, clflush

Memory: 4k page, system-wide physical 7927M (4296M free)
TotalPageFile size 9207M (AvailPageFile size 3802M)
current process WorkingSet (physical memory assigned to process): 81M, peak: 84M
current process commit charge ("private bytes"): 214M, peak: 218M

vm_info: OpenJDK 64-Bit Server VM (15.0.1+9-18) for windows-amd64 JRE (15.0.1+9-18), built on Sep 15 2020 14:39:31 by "mach5one" with unknown MS VC++:1925

END.
