#
# A fatal error has been detected by the Java Runtime Environment:
#
#  EXCEPTION_ACCESS_VIOLATION (0xc0000005) at pc=0x00007ff9a5bc7ebb, pid=5192, tid=5808
#
# JRE version: OpenJDK Runtime Environment (15.0.1+9) (build 15.0.1+9-18)
# Java VM: OpenJDK 64-Bit Server VM (15.0.1+9-18, mixed mode, tiered, compressed oops, g1 gc, windows-amd64)
# Problematic frame:
# V  [jvm.dll+0x707ebb]
#
# No core dump will be written. Minidumps are not enabled by default on client versions of Windows
#
# If you would like to submit a bug report, please visit:
#   https://bugreport.java.com/bugreport/crash.jsp
#

---------------  S U M M A R Y ------------

Command Line: -XX:+ShowCodeDetailsInExceptionMessages -agentlib:jdwp=transport=dt_socket,suspend=y,address=localhost:51026 -javaagent:C:\eclipse\configuration\org.eclipse.osgi\405\0\.cp\lib\javaagent-shaded.jar -Dfile.encoding=Cp1252 lista01.Exercicio07

Host: Intel(R) Core(TM) i3 CPU         550  @ 3.20GHz, 4 cores, 7G,  Windows 10 , 64 bit Build 19041 (10.0.19041.292)
Time: Thu Jun 23 21:36:55 2022 Hora oficial do Brasil elapsed time: 355.414446 seconds (0d 0h 5m 55s)

---------------  T H R E A D  ---------------

Current thread (0x000001c82db6e810):  JavaThread "main" [_thread_in_vm, id=5808, stack(0x000000bd26700000,0x000000bd26800000)]

Stack: [0x000000bd26700000,0x000000bd26800000],  sp=0x000000bd267fed80,  free space=1019k
Native frames: (J=compiled Java code, j=interpreted, Vv=VM code, C=native code)
V  [jvm.dll+0x707ebb]
V  [jvm.dll+0x707e03]
V  [jvm.dll+0x20f044]
V  [jvm.dll+0x20f2d2]
V  [jvm.dll+0x51f758]
V  [jvm.dll+0x522550]
V  [jvm.dll+0x34d760]
V  [jvm.dll+0x34cd9f]
C  0x000001c832d8d16b

Java frames: (J=compiled Java code, j=interpreted, Vv=VM code)
j  lista01.Exercicio07.main([Ljava/lang/String;)V+63
v  ~StubRoutines::call_stub

siginfo: EXCEPTION_ACCESS_VIOLATION (0xc0000005), reading address 0x0000000000000004


Register to memory mapping:

RIP=0x00007ff9a5bc7ebb jvm.dll
RAX=0x000001c82db6e190 points into unknown readable memory: 0x000000008bc23aa0 | a0 3a c2 8b 00 00 00 00
RBX=0x000001c82db6e810 is a thread
RCX=0x0 is NULL
RDX=0x000001c82db6e180 points into unknown readable memory: 0x000000008b000350 | 50 03 00 8b 00 00 00 00
RSP=0x000000bd267fed80 is pointing into the stack for thread: 0x000001c82db6e810
RBP=0x000001c82d96b800 points into unknown readable memory: 0x000001c82db5ef10 | 10 ef b5 2d c8 01 00 00
RSI=0x0000000000000001 is an unknown value
RDI=0x0 is NULL
R8 =0x000001c82db6e188 points into unknown readable memory: 0x000000008b07f8d0 | d0 f8 07 8b 00 00 00 00
R9 =0x000001c82db6e810 is a thread
R10=0x0 is NULL
R11=0x000000bd267ff060 is pointing into the stack for thread: 0x000001c82db6e810
R12=0x0 is NULL
R13=0x0 is NULL
R14=0x000000bd267feed0 is pointing into the stack for thread: 0x000001c82db6e810
R15=0x00000000000000b8 is an unknown value


Registers:
RAX=0x000001c82db6e190, RBX=0x000001c82db6e810, RCX=0x0000000000000000, RDX=0x000001c82db6e180
RSP=0x000000bd267fed80, RBP=0x000001c82d96b800, RSI=0x0000000000000001, RDI=0x0000000000000000
R8 =0x000001c82db6e188, R9 =0x000001c82db6e810, R10=0x0000000000000000, R11=0x000000bd267ff060
R12=0x0000000000000000, R13=0x0000000000000000, R14=0x000000bd267feed0, R15=0x00000000000000b8
RIP=0x00007ff9a5bc7ebb, EFLAGS=0x0000000000010202

Top of Stack: (sp=0x000000bd267fed80)
0x000000bd267fed80:   000001c82db6e810 00007ff9a56d55c4
0x000000bd267fed90:   000001c84ac90950 000001c82db6e810
0x000000bd267feda0:   0000000000000014 000000030000000c
0x000000bd267fedb0:   00000000000000b6 0000000000000000
0x000000bd267fedc0:   00000001000d1da0 000001c82db6ec00
0x000000bd267fedd0:   000001c82db6e810 00007ff9a56d5b9e
0x000000bd267fede0:   000001c84acdc180 00000000000000b8
0x000000bd267fedf0:   000000bd267feed0 0000000000000000
0x000000bd267fee00:   000001c82db6e810 00007ff9a5bc7e03
0x000000bd267fee10:   000001c82db6e810 00007ff9a580d9e4
0x000000bd267fee20:   000001c84acdc180 000001c84ac6cc41
0x000000bd267fee30:   000001c82db6e180 00007ff9a56cf044
0x000000bd267fee40:   000001c82db6e188 000001c82db6e810
0x000000bd267fee50:   000001c84ac6ccf8 000001c82db6e810
0x000000bd267fee60:   000001c82db6e810 000001c82db6e810
0x000000bd267fee70:   00000000000000b8 0000000000000000 

Instructions: (pc=0x00007ff9a5bc7ebb)
0x00007ff9a5bc7dbb:   6c 24 68 48 8b 6c 24 58 48 83 c4 28 41 5f 5f 5e
0x00007ff9a5bc7dcb:   5b c3 48 83 c4 28 41 5f 5f 5e 5b e9 55 f7 ff ff
0x00007ff9a5bc7ddb:   cc cc cc cc cc 48 89 5c 24 08 48 89 74 24 10 57
0x00007ff9a5bc7deb:   48 83 ec 20 48 8b 5c 24 50 41 0f b6 f1 4c 8b cb
0x00007ff9a5bc7dfb:   48 8b f9 e8 ad 00 00 00 48 83 7b 08 00 75 05 48
0x00007ff9a5bc7e0b:   85 c0 75 12 4c 8b cb 4c 8b c0 40 0f b6 d6 48 8b
0x00007ff9a5bc7e1b:   cf e8 0f d1 ff ff 48 8b 5c 24 30 48 8b 74 24 38
0x00007ff9a5bc7e2b:   48 83 c4 20 5f c3 cc cc cc cc cc cc cc cc cc cc
0x00007ff9a5bc7e3b:   cc cc cc cc cc 48 89 5c 24 08 48 89 74 24 10 57
0x00007ff9a5bc7e4b:   48 83 ec 20 49 8b d8 0f b6 f2 4d 8b c8 33 d2 45
0x00007ff9a5bc7e5b:   33 c0 48 8b f9 e8 4b 00 00 00 48 83 7b 08 00 75
0x00007ff9a5bc7e6b:   05 48 85 c0 75 12 4c 8b cb 4c 8b c0 40 0f b6 d6
0x00007ff9a5bc7e7b:   48 8b cf e8 ad d0 ff ff 48 8b 5c 24 30 48 8b 74
0x00007ff9a5bc7e8b:   24 38 48 83 c4 20 5f c3 cc cc cc cc cc cc cc cc
0x00007ff9a5bc7e9b:   cc cc cc cc cc 4c 8b ca 45 33 c0 33 d2 e9 03 00
0x00007ff9a5bc7eab:   00 00 cc cc cc 40 53 57 41 56 41 57 48 83 ec 68
0x00007ff9a5bc7ebb:   66 83 79 04 01 4d 8b f9 49 8b d8 48 8b fa 4c 8b
0x00007ff9a5bc7ecb:   f1 0f 86 80 01 00 00 80 79 06 5b 0f 85 76 01 00
0x00007ff9a5bc7edb:   00 e8 2f ff f9 ff 84 c0 0f 84 69 01 00 00 48 89
0x00007ff9a5bc7eeb:   ac 24 98 00 00 00 48 8d 4c 24 28 49 8b af 90 02
0x00007ff9a5bc7efb:   00 00 45 33 c0 48 89 b4 24 a0 00 00 00 49 8b d6
0x00007ff9a5bc7f0b:   4c 89 a4 24 a8 00 00 00 4c 89 6c 24 60 48 8b 45
0x00007ff9a5bc7f1b:   18 48 8b 75 10 4c 8b 65 28 48 89 84 24 90 00 00
0x00007ff9a5bc7f2b:   00 48 8b 45 20 48 89 44 24 20 e8 46 f4 f9 ff 8b
0x00007ff9a5bc7f3b:   44 24 40 45 33 f6 83 f8 0d 74 05 45 8b ee eb 11
0x00007ff9a5bc7f4b:   48 8d 4c 24 28 e8 db 02 fa ff 44 8b e8 8b 44 24
0x00007ff9a5bc7f5b:   40 48 63 54 24 30 48 8b 4c 24 28 80 7c 0a 06 4c
0x00007ff9a5bc7f6b:   75 6a 48 8d 4c 24 28 e8 69 fc f9 ff 4d 8b cf 4c
0x00007ff9a5bc7f7b:   8b c3 48 8b d7 48 8b c8 e8 a8 f5 ff ff 48 8b d8
0x00007ff9a5bc7f8b:   4d 39 77 08 75 22 48 85 c0 74 53 48 8b 00 48 8b
0x00007ff9a5bc7f9b:   cb 33 d2 45 8b c5 4d 8b cf ff 90 d8 00 00 00 48
0x00007ff9a5bc7fab:   8b d8 4d 39 77 08 74 36 48 8d 4c 24 28 e8 13 f4 


Stack slot to memory mapping:
stack at sp + 0 slots: 0x000001c82db6e810 is a thread
stack at sp + 1 slots: 0x00007ff9a56d55c4 jvm.dll
stack at sp + 2 slots: {method} {0x000001c84ac90958} 'getInputValue' '()Ljava/lang/Object;' in 'javax/swing/JOptionPane'
stack at sp + 3 slots: 0x000001c82db6e810 is a thread
stack at sp + 4 slots: 0x0000000000000014 is an unknown value
stack at sp + 5 slots: 0x000000030000000c is an unknown value
stack at sp + 6 slots: 0x00000000000000b6 is an unknown value
stack at sp + 7 slots: 0x0 is NULL


---------------  P R O C E S S  ---------------

Threads class SMR info:
_java_thread_list=0x000001c84a9bbb50, length=19, elements={
0x000001c82db6e810, 0x000001c8493c9530, 0x000001c8493ca000, 0x000001c849d0dc90,
0x000001c849d10570, 0x000001c849d12e40, 0x000001c849d13a30, 0x000001c849d87290,
0x000001c849d8bf60, 0x000001c849de8800, 0x000001c849f76190, 0x000001c849fc77c0,
0x000001c849fca040, 0x000001c84a465240, 0x000001c84a65f3f0, 0x000001c84a665080,
0x000001c84a737bc0, 0x000001c84a791970, 0x000001c84a799970
}

Java Threads: ( => current thread )
=>0x000001c82db6e810 JavaThread "main" [_thread_in_vm, id=5808, stack(0x000000bd26700000,0x000000bd26800000)]
  0x000001c8493c9530 JavaThread "Reference Handler" daemon [_thread_blocked, id=3928, stack(0x000000bd26f00000,0x000000bd27000000)]
  0x000001c8493ca000 JavaThread "Finalizer" daemon [_thread_blocked, id=4728, stack(0x000000bd27000000,0x000000bd27100000)]
  0x000001c849d0dc90 JavaThread "Signal Dispatcher" daemon [_thread_blocked, id=8348, stack(0x000000bd27100000,0x000000bd27200000)]
  0x000001c849d10570 JavaThread "Attach Listener" daemon [_thread_blocked, id=8948, stack(0x000000bd27200000,0x000000bd27300000)]
  0x000001c849d12e40 JavaThread "Service Thread" daemon [_thread_blocked, id=1136, stack(0x000000bd27300000,0x000000bd27400000)]
  0x000001c849d13a30 JavaThread "C2 CompilerThread0" daemon [_thread_blocked, id=1212, stack(0x000000bd27400000,0x000000bd27500000)]
  0x000001c849d87290 JavaThread "C1 CompilerThread0" daemon [_thread_blocked, id=8240, stack(0x000000bd27500000,0x000000bd27600000)]
  0x000001c849d8bf60 JavaThread "Sweeper thread" daemon [_thread_blocked, id=2564, stack(0x000000bd27600000,0x000000bd27700000)]
  0x000001c849de8800 JavaThread "Common-Cleaner" daemon [_thread_blocked, id=3032, stack(0x000000bd27700000,0x000000bd27800000)]
  0x000001c849f76190 JavaThread "JDWP Transport Listener: dt_socket" daemon [_thread_blocked, id=3740, stack(0x000000bd27800000,0x000000bd27900000)]
  0x000001c849fc77c0 JavaThread "JDWP Event Helper Thread" daemon [_thread_blocked, id=8676, stack(0x000000bd27900000,0x000000bd27a00000)]
  0x000001c849fca040 JavaThread "JDWP Command Reader" daemon [_thread_in_native, id=7436, stack(0x000000bd27a00000,0x000000bd27b00000)]
  0x000001c84a465240 JavaThread "Notification Thread" daemon [_thread_blocked, id=3184, stack(0x000000bd27b00000,0x000000bd27c00000)]
  0x000001c84a65f3f0 JavaThread "Java2D Disposer" daemon [_thread_blocked, id=8052, stack(0x000000bd27d00000,0x000000bd27e00000)]
  0x000001c84a665080 JavaThread "AWT-Windows" daemon [_thread_in_native, id=3904, stack(0x000000bd27f00000,0x000000bd28000000)]
  0x000001c84a737bc0 JavaThread "AWT-Shutdown" [_thread_blocked, id=7316, stack(0x000000bd27e00000,0x000000bd27f00000)]
  0x000001c84a791970 JavaThread "AWT-EventQueue-0" [_thread_blocked, id=4456, stack(0x000000bd28100000,0x000000bd28200000)]
  0x000001c84a799970 JavaThread "TimerQueue" daemon [_thread_blocked, id=8472, stack(0x000000bd28800000,0x000000bd28900000)]

Other Threads:
  0x000001c84935dcc0 VMThread "VM Thread" [stack: 0x000000bd26e00000,0x000000bd26f00000] [id=5300]
  0x000001c84a465710 WatcherThread [stack: 0x000000bd27c00000,0x000000bd27d00000] [id=9140]
  0x000001c82dbafe00 GCTaskThread "GC Thread#0" [stack: 0x000000bd26900000,0x000000bd26a00000] [id=3732]
  0x000001c849f34970 GCTaskThread "GC Thread#1" [stack: 0x000000bd28200000,0x000000bd28300000] [id=4136]
  0x000001c849f32cc0 GCTaskThread "GC Thread#2" [stack: 0x000000bd28300000,0x000000bd28400000] [id=2556]
  0x000001c849f33320 GCTaskThread "GC Thread#3" [stack: 0x000000bd28400000,0x000000bd28500000] [id=8368]
  0x000001c82dbc0610 ConcurrentGCThread "G1 Main Marker" [stack: 0x000000bd26a00000,0x000000bd26b00000] [id=8716]
  0x000001c82dbc19e0 ConcurrentGCThread "G1 Conc#0" [stack: 0x000000bd26b00000,0x000000bd26c00000] [id=8036]
  0x000001c82dc27cd0 ConcurrentGCThread "G1 Refine#0" [stack: 0x000000bd26c00000,0x000000bd26d00000] [id=1804]
  0x000001c82dc297e0 ConcurrentGCThread "G1 Young RemSet Sampling" [stack: 0x000000bd26d00000,0x000000bd26e00000] [id=8944]

Threads with active compile tasks:

VM state: not at safepoint (normal execution)

VM Mutex/Monitor currently owned by a thread: None

Heap address: 0x0000000084200000, size: 1982 MB, Compressed Oops mode: 32-bit
CDS disabled.
Compressed class space mapped at: 0x0000000100000000-0x0000000140000000, size: 1073741824
Narrow klass base: 0x0000000000000000, Narrow klass shift: 3, Narrow klass range: 0x140000000

GC Precious Log:
 CPUs: 4 total, 4 available
 Memory: 7927M
 Large Page Support: Disabled
 NUMA Support: Disabled
 Compressed Oops: Enabled (32-bit)
 Heap Region Size: 1M
 Heap Min Capacity: 8M
 Heap Initial Capacity: 124M
 Heap Max Capacity: 1982M
 Pre-touch: Disabled
 Parallel Workers: 4
 Concurrent Workers: 1
 Concurrent Refinement Workers: 4
 Periodic GC: Disabled

Heap:
 garbage-first heap   total 126976K, used 6456K [0x0000000084200000, 0x0000000100000000)
  region size 1024K, 7 young (7168K), 2 survivors (2048K)
 Metaspace       used 18295K, capacity 18480K, committed 18560K, reserved 1067008K
  class space    used 1789K, capacity 1868K, committed 1920K, reserved 1048576K

Heap Regions: E=young(eden), S=young(survivor), O=old, HS=humongous(starts), HC=humongous(continues), CS=collection set, F=free, OA=open archive, CA=closed archive, TAMS=top-at-mark-start (previous, next)
|   0|0x0000000084200000, 0x000000008424e000, 0x0000000084300000| 30%| O|  |TAMS 0x0000000084200000, 0x0000000084200000| Untracked 
|   1|0x0000000084300000, 0x0000000084300000, 0x0000000084400000|  0%| F|  |TAMS 0x0000000084300000, 0x0000000084300000| Untracked 
|   2|0x0000000084400000, 0x0000000084400000, 0x0000000084500000|  0%| F|  |TAMS 0x0000000084400000, 0x0000000084400000| Untracked 
|   3|0x0000000084500000, 0x0000000084500000, 0x0000000084600000|  0%| F|  |TAMS 0x0000000084500000, 0x0000000084500000| Untracked 
|   4|0x0000000084600000, 0x0000000084600000, 0x0000000084700000|  0%| F|  |TAMS 0x0000000084600000, 0x0000000084600000| Untracked 
|   5|0x0000000084700000, 0x0000000084700000, 0x0000000084800000|  0%| F|  |TAMS 0x0000000084700000, 0x0000000084700000| Untracked 
|   6|0x0000000084800000, 0x0000000084800000, 0x0000000084900000|  0%| F|  |TAMS 0x0000000084800000, 0x0000000084800000| Untracked 
|   7|0x0000000084900000, 0x0000000084900000, 0x0000000084a00000|  0%| F|  |TAMS 0x0000000084900000, 0x0000000084900000| Untracked 
|   8|0x0000000084a00000, 0x0000000084a00000, 0x0000000084b00000|  0%| F|  |TAMS 0x0000000084a00000, 0x0000000084a00000| Untracked 
|   9|0x0000000084b00000, 0x0000000084b00000, 0x0000000084c00000|  0%| F|  |TAMS 0x0000000084b00000, 0x0000000084b00000| Untracked 
|  10|0x0000000084c00000, 0x0000000084c00000, 0x0000000084d00000|  0%| F|  |TAMS 0x0000000084c00000, 0x0000000084c00000| Untracked 
|  11|0x0000000084d00000, 0x0000000084d00000, 0x0000000084e00000|  0%| F|  |TAMS 0x0000000084d00000, 0x0000000084d00000| Untracked 
|  12|0x0000000084e00000, 0x0000000084e00000, 0x0000000084f00000|  0%| F|  |TAMS 0x0000000084e00000, 0x0000000084e00000| Untracked 
|  13|0x0000000084f00000, 0x0000000084f00000, 0x0000000085000000|  0%| F|  |TAMS 0x0000000084f00000, 0x0000000084f00000| Untracked 
|  14|0x0000000085000000, 0x0000000085000000, 0x0000000085100000|  0%| F|  |TAMS 0x0000000085000000, 0x0000000085000000| Untracked 
|  15|0x0000000085100000, 0x0000000085100000, 0x0000000085200000|  0%| F|  |TAMS 0x0000000085100000, 0x0000000085100000| Untracked 
|  16|0x0000000085200000, 0x0000000085200000, 0x0000000085300000|  0%| F|  |TAMS 0x0000000085200000, 0x0000000085200000| Untracked 
|  17|0x0000000085300000, 0x0000000085300000, 0x0000000085400000|  0%| F|  |TAMS 0x0000000085300000, 0x0000000085300000| Untracked 
|  18|0x0000000085400000, 0x0000000085400000, 0x0000000085500000|  0%| F|  |TAMS 0x0000000085400000, 0x0000000085400000| Untracked 
|  19|0x0000000085500000, 0x0000000085500000, 0x0000000085600000|  0%| F|  |TAMS 0x0000000085500000, 0x0000000085500000| Untracked 
|  20|0x0000000085600000, 0x0000000085600000, 0x0000000085700000|  0%| F|  |TAMS 0x0000000085600000, 0x0000000085600000| Untracked 
|  21|0x0000000085700000, 0x0000000085700000, 0x0000000085800000|  0%| F|  |TAMS 0x0000000085700000, 0x0000000085700000| Untracked 
|  22|0x0000000085800000, 0x0000000085800000, 0x0000000085900000|  0%| F|  |TAMS 0x0000000085800000, 0x0000000085800000| Untracked 
|  23|0x0000000085900000, 0x0000000085900000, 0x0000000085a00000|  0%| F|  |TAMS 0x0000000085900000, 0x0000000085900000| Untracked 
|  24|0x0000000085a00000, 0x0000000085a00000, 0x0000000085b00000|  0%| F|  |TAMS 0x0000000085a00000, 0x0000000085a00000| Untracked 
|  25|0x0000000085b00000, 0x0000000085b00000, 0x0000000085c00000|  0%| F|  |TAMS 0x0000000085b00000, 0x0000000085b00000| Untracked 
|  26|0x0000000085c00000, 0x0000000085c00000, 0x0000000085d00000|  0%| F|  |TAMS 0x0000000085c00000, 0x0000000085c00000| Untracked 
|  27|0x0000000085d00000, 0x0000000085d00000, 0x0000000085e00000|  0%| F|  |TAMS 0x0000000085d00000, 0x0000000085d00000| Untracked 
|  28|0x0000000085e00000, 0x0000000085e00000, 0x0000000085f00000|  0%| F|  |TAMS 0x0000000085e00000, 0x0000000085e00000| Untracked 
|  29|0x0000000085f00000, 0x0000000085f00000, 0x0000000086000000|  0%| F|  |TAMS 0x0000000085f00000, 0x0000000085f00000| Untracked 
|  30|0x0000000086000000, 0x0000000086000000, 0x0000000086100000|  0%| F|  |TAMS 0x0000000086000000, 0x0000000086000000| Untracked 
|  31|0x0000000086100000, 0x0000000086100000, 0x0000000086200000|  0%| F|  |TAMS 0x0000000086100000, 0x0000000086100000| Untracked 
|  32|0x0000000086200000, 0x0000000086200000, 0x0000000086300000|  0%| F|  |TAMS 0x0000000086200000, 0x0000000086200000| Untracked 
|  33|0x0000000086300000, 0x0000000086300000, 0x0000000086400000|  0%| F|  |TAMS 0x0000000086300000, 0x0000000086300000| Untracked 
|  34|0x0000000086400000, 0x0000000086400000, 0x0000000086500000|  0%| F|  |TAMS 0x0000000086400000, 0x0000000086400000| Untracked 
|  35|0x0000000086500000, 0x0000000086500000, 0x0000000086600000|  0%| F|  |TAMS 0x0000000086500000, 0x0000000086500000| Untracked 
|  36|0x0000000086600000, 0x0000000086600000, 0x0000000086700000|  0%| F|  |TAMS 0x0000000086600000, 0x0000000086600000| Untracked 
|  37|0x0000000086700000, 0x0000000086700000, 0x0000000086800000|  0%| F|  |TAMS 0x0000000086700000, 0x0000000086700000| Untracked 
|  38|0x0000000086800000, 0x0000000086800000, 0x0000000086900000|  0%| F|  |TAMS 0x0000000086800000, 0x0000000086800000| Untracked 
|  39|0x0000000086900000, 0x0000000086900000, 0x0000000086a00000|  0%| F|  |TAMS 0x0000000086900000, 0x0000000086900000| Untracked 
|  40|0x0000000086a00000, 0x0000000086a00000, 0x0000000086b00000|  0%| F|  |TAMS 0x0000000086a00000, 0x0000000086a00000| Untracked 
|  41|0x0000000086b00000, 0x0000000086b00000, 0x0000000086c00000|  0%| F|  |TAMS 0x0000000086b00000, 0x0000000086b00000| Untracked 
|  42|0x0000000086c00000, 0x0000000086c00000, 0x0000000086d00000|  0%| F|  |TAMS 0x0000000086c00000, 0x0000000086c00000| Untracked 
|  43|0x0000000086d00000, 0x0000000086d00000, 0x0000000086e00000|  0%| F|  |TAMS 0x0000000086d00000, 0x0000000086d00000| Untracked 
|  44|0x0000000086e00000, 0x0000000086e00000, 0x0000000086f00000|  0%| F|  |TAMS 0x0000000086e00000, 0x0000000086e00000| Untracked 
|  45|0x0000000086f00000, 0x0000000086f00000, 0x0000000087000000|  0%| F|  |TAMS 0x0000000086f00000, 0x0000000086f00000| Untracked 
|  46|0x0000000087000000, 0x0000000087000000, 0x0000000087100000|  0%| F|  |TAMS 0x0000000087000000, 0x0000000087000000| Untracked 
|  47|0x0000000087100000, 0x0000000087100000, 0x0000000087200000|  0%| F|  |TAMS 0x0000000087100000, 0x0000000087100000| Untracked 
|  48|0x0000000087200000, 0x0000000087200000, 0x0000000087300000|  0%| F|  |TAMS 0x0000000087200000, 0x0000000087200000| Untracked 
|  49|0x0000000087300000, 0x0000000087300000, 0x0000000087400000|  0%| F|  |TAMS 0x0000000087300000, 0x0000000087300000| Untracked 
|  50|0x0000000087400000, 0x0000000087400000, 0x0000000087500000|  0%| F|  |TAMS 0x0000000087400000, 0x0000000087400000| Untracked 
|  51|0x0000000087500000, 0x0000000087500000, 0x0000000087600000|  0%| F|  |TAMS 0x0000000087500000, 0x0000000087500000| Untracked 
|  52|0x0000000087600000, 0x0000000087600000, 0x0000000087700000|  0%| F|  |TAMS 0x0000000087600000, 0x0000000087600000| Untracked 
|  53|0x0000000087700000, 0x0000000087700000, 0x0000000087800000|  0%| F|  |TAMS 0x0000000087700000, 0x0000000087700000| Untracked 
|  54|0x0000000087800000, 0x0000000087800000, 0x0000000087900000|  0%| F|  |TAMS 0x0000000087800000, 0x0000000087800000| Untracked 
|  55|0x0000000087900000, 0x0000000087900000, 0x0000000087a00000|  0%| F|  |TAMS 0x0000000087900000, 0x0000000087900000| Untracked 
|  56|0x0000000087a00000, 0x0000000087a00000, 0x0000000087b00000|  0%| F|  |TAMS 0x0000000087a00000, 0x0000000087a00000| Untracked 
|  57|0x0000000087b00000, 0x0000000087b00000, 0x0000000087c00000|  0%| F|  |TAMS 0x0000000087b00000, 0x0000000087b00000| Untracked 
|  58|0x0000000087c00000, 0x0000000087c00000, 0x0000000087d00000|  0%| F|  |TAMS 0x0000000087c00000, 0x0000000087c00000| Untracked 
|  59|0x0000000087d00000, 0x0000000087d00000, 0x0000000087e00000|  0%| F|  |TAMS 0x0000000087d00000, 0x0000000087d00000| Untracked 
|  60|0x0000000087e00000, 0x0000000087e00000, 0x0000000087f00000|  0%| F|  |TAMS 0x0000000087e00000, 0x0000000087e00000| Untracked 
|  61|0x0000000087f00000, 0x0000000087f00000, 0x0000000088000000|  0%| F|  |TAMS 0x0000000087f00000, 0x0000000087f00000| Untracked 
|  62|0x0000000088000000, 0x0000000088000000, 0x0000000088100000|  0%| F|  |TAMS 0x0000000088000000, 0x0000000088000000| Untracked 
|  63|0x0000000088100000, 0x0000000088100000, 0x0000000088200000|  0%| F|  |TAMS 0x0000000088100000, 0x0000000088100000| Untracked 
|  64|0x0000000088200000, 0x0000000088200000, 0x0000000088300000|  0%| F|  |TAMS 0x0000000088200000, 0x0000000088200000| Untracked 
|  65|0x0000000088300000, 0x0000000088300000, 0x0000000088400000|  0%| F|  |TAMS 0x0000000088300000, 0x0000000088300000| Untracked 
|  66|0x0000000088400000, 0x0000000088400000, 0x0000000088500000|  0%| F|  |TAMS 0x0000000088400000, 0x0000000088400000| Untracked 
|  67|0x0000000088500000, 0x0000000088500000, 0x0000000088600000|  0%| F|  |TAMS 0x0000000088500000, 0x0000000088500000| Untracked 
|  68|0x0000000088600000, 0x0000000088600000, 0x0000000088700000|  0%| F|  |TAMS 0x0000000088600000, 0x0000000088600000| Untracked 
|  69|0x0000000088700000, 0x0000000088700000, 0x0000000088800000|  0%| F|  |TAMS 0x0000000088700000, 0x0000000088700000| Untracked 
|  70|0x0000000088800000, 0x0000000088800000, 0x0000000088900000|  0%| F|  |TAMS 0x0000000088800000, 0x0000000088800000| Untracked 
|  71|0x0000000088900000, 0x0000000088900000, 0x0000000088a00000|  0%| F|  |TAMS 0x0000000088900000, 0x0000000088900000| Untracked 
|  72|0x0000000088a00000, 0x0000000088a00000, 0x0000000088b00000|  0%| F|  |TAMS 0x0000000088a00000, 0x0000000088a00000| Untracked 
|  73|0x0000000088b00000, 0x0000000088b00000, 0x0000000088c00000|  0%| F|  |TAMS 0x0000000088b00000, 0x0000000088b00000| Untracked 
|  74|0x0000000088c00000, 0x0000000088c00000, 0x0000000088d00000|  0%| F|  |TAMS 0x0000000088c00000, 0x0000000088c00000| Untracked 
|  75|0x0000000088d00000, 0x0000000088d00000, 0x0000000088e00000|  0%| F|  |TAMS 0x0000000088d00000, 0x0000000088d00000| Untracked 
|  76|0x0000000088e00000, 0x0000000088e00000, 0x0000000088f00000|  0%| F|  |TAMS 0x0000000088e00000, 0x0000000088e00000| Untracked 
|  77|0x0000000088f00000, 0x0000000088f00000, 0x0000000089000000|  0%| F|  |TAMS 0x0000000088f00000, 0x0000000088f00000| Untracked 
|  78|0x0000000089000000, 0x0000000089000000, 0x0000000089100000|  0%| F|  |TAMS 0x0000000089000000, 0x0000000089000000| Untracked 
|  79|0x0000000089100000, 0x0000000089100000, 0x0000000089200000|  0%| F|  |TAMS 0x0000000089100000, 0x0000000089100000| Untracked 
|  80|0x0000000089200000, 0x0000000089200000, 0x0000000089300000|  0%| F|  |TAMS 0x0000000089200000, 0x0000000089200000| Untracked 
|  81|0x0000000089300000, 0x0000000089300000, 0x0000000089400000|  0%| F|  |TAMS 0x0000000089300000, 0x0000000089300000| Untracked 
|  82|0x0000000089400000, 0x0000000089400000, 0x0000000089500000|  0%| F|  |TAMS 0x0000000089400000, 0x0000000089400000| Untracked 
|  83|0x0000000089500000, 0x0000000089500000, 0x0000000089600000|  0%| F|  |TAMS 0x0000000089500000, 0x0000000089500000| Untracked 
|  84|0x0000000089600000, 0x0000000089600000, 0x0000000089700000|  0%| F|  |TAMS 0x0000000089600000, 0x0000000089600000| Untracked 
|  85|0x0000000089700000, 0x0000000089700000, 0x0000000089800000|  0%| F|  |TAMS 0x0000000089700000, 0x0000000089700000| Untracked 
|  86|0x0000000089800000, 0x0000000089800000, 0x0000000089900000|  0%| F|  |TAMS 0x0000000089800000, 0x0000000089800000| Untracked 
|  87|0x0000000089900000, 0x0000000089900000, 0x0000000089a00000|  0%| F|  |TAMS 0x0000000089900000, 0x0000000089900000| Untracked 
|  88|0x0000000089a00000, 0x0000000089a00000, 0x0000000089b00000|  0%| F|  |TAMS 0x0000000089a00000, 0x0000000089a00000| Untracked 
|  89|0x0000000089b00000, 0x0000000089b00000, 0x0000000089c00000|  0%| F|  |TAMS 0x0000000089b00000, 0x0000000089b00000| Untracked 
|  90|0x0000000089c00000, 0x0000000089c00000, 0x0000000089d00000|  0%| F|  |TAMS 0x0000000089c00000, 0x0000000089c00000| Untracked 
|  91|0x0000000089d00000, 0x0000000089d00000, 0x0000000089e00000|  0%| F|  |TAMS 0x0000000089d00000, 0x0000000089d00000| Untracked 
|  92|0x0000000089e00000, 0x0000000089e00000, 0x0000000089f00000|  0%| F|  |TAMS 0x0000000089e00000, 0x0000000089e00000| Untracked 
|  93|0x0000000089f00000, 0x0000000089f00000, 0x000000008a000000|  0%| F|  |TAMS 0x0000000089f00000, 0x0000000089f00000| Untracked 
|  94|0x000000008a000000, 0x000000008a000000, 0x000000008a100000|  0%| F|  |TAMS 0x000000008a000000, 0x000000008a000000| Untracked 
|  95|0x000000008a100000, 0x000000008a100000, 0x000000008a200000|  0%| F|  |TAMS 0x000000008a100000, 0x000000008a100000| Untracked 
|  96|0x000000008a200000, 0x000000008a200000, 0x000000008a300000|  0%| F|  |TAMS 0x000000008a200000, 0x000000008a200000| Untracked 
|  97|0x000000008a300000, 0x000000008a300000, 0x000000008a400000|  0%| F|  |TAMS 0x000000008a300000, 0x000000008a300000| Untracked 
|  98|0x000000008a400000, 0x000000008a400000, 0x000000008a500000|  0%| F|  |TAMS 0x000000008a400000, 0x000000008a400000| Untracked 
|  99|0x000000008a500000, 0x000000008a500000, 0x000000008a600000|  0%| F|  |TAMS 0x000000008a500000, 0x000000008a500000| Untracked 
| 100|0x000000008a600000, 0x000000008a600000, 0x000000008a700000|  0%| F|  |TAMS 0x000000008a600000, 0x000000008a600000| Untracked 
| 101|0x000000008a700000, 0x000000008a700000, 0x000000008a800000|  0%| F|  |TAMS 0x000000008a700000, 0x000000008a700000| Untracked 
| 102|0x000000008a800000, 0x000000008a800000, 0x000000008a900000|  0%| F|  |TAMS 0x000000008a800000, 0x000000008a800000| Untracked 
| 103|0x000000008a900000, 0x000000008a900000, 0x000000008aa00000|  0%| F|  |TAMS 0x000000008a900000, 0x000000008a900000| Untracked 
| 104|0x000000008aa00000, 0x000000008aa00000, 0x000000008ab00000|  0%| F|  |TAMS 0x000000008aa00000, 0x000000008aa00000| Untracked 
| 105|0x000000008ab00000, 0x000000008ab00000, 0x000000008ac00000|  0%| F|  |TAMS 0x000000008ab00000, 0x000000008ab00000| Untracked 
| 106|0x000000008ac00000, 0x000000008ac00000, 0x000000008ad00000|  0%| F|  |TAMS 0x000000008ac00000, 0x000000008ac00000| Untracked 
| 107|0x000000008ad00000, 0x000000008ad00000, 0x000000008ae00000|  0%| F|  |TAMS 0x000000008ad00000, 0x000000008ad00000| Untracked 
| 108|0x000000008ae00000, 0x000000008ae00000, 0x000000008af00000|  0%| F|  |TAMS 0x000000008ae00000, 0x000000008ae00000| Untracked 
| 109|0x000000008af00000, 0x000000008b000000, 0x000000008b000000|100%| S|CS|TAMS 0x000000008af00000, 0x000000008af00000| Complete 
| 110|0x000000008b000000, 0x000000008b100000, 0x000000008b100000|100%| S|CS|TAMS 0x000000008b000000, 0x000000008b000000| Complete 
| 111|0x000000008b100000, 0x000000008b100000, 0x000000008b200000|  0%| F|  |TAMS 0x000000008b100000, 0x000000008b100000| Untracked 
| 112|0x000000008b200000, 0x000000008b200000, 0x000000008b300000|  0%| F|  |TAMS 0x000000008b200000, 0x000000008b200000| Untracked 
| 113|0x000000008b300000, 0x000000008b300000, 0x000000008b400000|  0%| F|  |TAMS 0x000000008b300000, 0x000000008b300000| Untracked 
| 114|0x000000008b400000, 0x000000008b400000, 0x000000008b500000|  0%| F|  |TAMS 0x000000008b400000, 0x000000008b400000| Untracked 
| 115|0x000000008b500000, 0x000000008b500000, 0x000000008b600000|  0%| F|  |TAMS 0x000000008b500000, 0x000000008b500000| Untracked 
| 116|0x000000008b600000, 0x000000008b600000, 0x000000008b700000|  0%| F|  |TAMS 0x000000008b600000, 0x000000008b600000| Untracked 
| 117|0x000000008b700000, 0x000000008b700000, 0x000000008b800000|  0%| F|  |TAMS 0x000000008b700000, 0x000000008b700000| Untracked 
| 118|0x000000008b800000, 0x000000008b800000, 0x000000008b900000|  0%| F|  |TAMS 0x000000008b800000, 0x000000008b800000| Untracked 
| 119|0x000000008b900000, 0x000000008b9e7040, 0x000000008ba00000| 90%| E|  |TAMS 0x000000008b900000, 0x000000008b900000| Complete 
| 120|0x000000008ba00000, 0x000000008bb00000, 0x000000008bb00000|100%| E|CS|TAMS 0x000000008ba00000, 0x000000008ba00000| Complete 
| 121|0x000000008bb00000, 0x000000008bc00000, 0x000000008bc00000|100%| E|CS|TAMS 0x000000008bb00000, 0x000000008bb00000| Complete 
| 122|0x000000008bc00000, 0x000000008bd00000, 0x000000008bd00000|100%| E|CS|TAMS 0x000000008bc00000, 0x000000008bc00000| Complete 
| 123|0x000000008bd00000, 0x000000008be00000, 0x000000008be00000|100%| E|CS|TAMS 0x000000008bd00000, 0x000000008bd00000| Complete 

Card table byte_map: [0x000001c842780000,0x000001c842b60000] _byte_map_base: 0x000001c84235f000

Marking Bits (Prev, Next): (CMBitMap*) 0x000001c82dbb04f0, (CMBitMap*) 0x000001c82dbb0530
 Prev Bits: [0x000001c842f40000, 0x000001c844e38000)
 Next Bits: [0x000001c844e40000, 0x000001c846d38000)

Polling page: 0x000001c82dc50000

Metaspace:

Usage:
  Non-class:     16.22 MB capacity,    16.12 MB (>99%) used,    85.33 KB ( <1%) free+waste,    20.88 KB ( <1%) overhead. 
      Class:      1.82 MB capacity,     1.75 MB ( 96%) used,    71.48 KB (  4%) free+waste,     7.06 KB ( <1%) overhead. 
       Both:     18.05 MB capacity,    17.87 MB (>99%) used,   156.80 KB ( <1%) free+waste,    27.94 KB ( <1%) overhead. 

Virtual space:
  Non-class space:       18.00 MB reserved,      16.25 MB ( 90%) committed 
      Class space:        1.00 GB reserved,       1.88 MB ( <1%) committed 
             Both:        1.02 GB reserved,      18.12 MB (  2%) committed 

Chunk freelists:
   Non-Class:  28.00 KB
       Class:  20.00 KB
        Both:  48.00 KB

MaxMetaspaceSize: 17179869184.00 GB
CompressedClassSpaceSize: 1.00 GB

CodeHeap 'non-profiled nmethods': size=120000Kb used=450Kb max_used=450Kb free=119549Kb
 bounds [0x000001c83a830000, 0x000001c83aaa0000, 0x000001c841d60000]
CodeHeap 'profiled nmethods': size=120000Kb used=2649Kb max_used=2649Kb free=117350Kb
 bounds [0x000001c833300000, 0x000001c8335a0000, 0x000001c83a830000]
CodeHeap 'non-nmethods': size=5760Kb used=1381Kb max_used=1398Kb free=4378Kb
 bounds [0x000001c832d60000, 0x000001c832fd0000, 0x000001c833300000]
 total_blobs=2149 nmethods=1555 adapters=508
 compilation: enabled
              stopped_count=0, restarted_count=0
 full_count=0

Compilation events (20 events):
Event: 335.156 Thread 0x000001c849d87290 1544       3       javax.swing.text.JTextComponent::getUI (8 bytes)
Event: 335.156 Thread 0x000001c849d13a30 1545   !   4       javax.swing.JComponent::getClientProperty (56 bytes)
Event: 335.156 Thread 0x000001c849d87290 nmethod 1544 0x000001c833591f10 code [0x000001c8335920a0, 0x000001c833592298]
Event: 335.157 Thread 0x000001c849d13a30 nmethod 1545 0x000001c83a89ef90 code [0x000001c83a89f100, 0x000001c83a89f198]
Event: 339.243 Thread 0x000001c849d13a30 1546       4       java.awt.geom.AffineTransform::equals (92 bytes)
Event: 339.246 Thread 0x000001c849d13a30 nmethod 1546 0x000001c83a89f290 code [0x000001c83a89f420, 0x000001c83a89f678]
Event: 344.353 Thread 0x000001c849d13a30 1547       4       java.awt.Component::isShowing (38 bytes)
Event: 344.355 Thread 0x000001c849d13a30 nmethod 1547 0x000001c83a89f810 code [0x000001c83a89f9a0, 0x000001c83a89fa78]
Event: 347.417 Thread 0x000001c849d13a30 1548       4       java.awt.geom.AffineTransform::hashCode (87 bytes)
Event: 347.419 Thread 0x000001c849d13a30 nmethod 1548 0x000001c83a89fb90 code [0x000001c83a89fd00, 0x000001c83a89fe98]
Event: 347.927 Thread 0x000001c849d13a30 1549       4       sun.java2d.SunGraphics2D::validateColor (102 bytes)
Event: 347.936 Thread 0x000001c849d13a30 nmethod 1549 0x000001c83a89ff10 code [0x000001c83a8a00c0, 0x000001c83a8a0498]
Event: 347.936 Thread 0x000001c849d13a30 1550       4       sun.java2d.SurfaceData::pixelFor (13 bytes)
Event: 347.939 Thread 0x000001c849d13a30 nmethod 1550 0x000001c83a8a0790 code [0x000001c83a8a0920, 0x000001c83a8a0a58]
Event: 355.372 Thread 0x000001c849d87290 1551       3       java.lang.invoke.MethodType::dropParameterTypes (162 bytes)
Event: 355.374 Thread 0x000001c849d87290 nmethod 1551 0x000001c833592310 code [0x000001c833592620, 0x000001c833593568]
Event: 355.398 Thread 0x000001c849d87290 1552       3       java.awt.Component::isLightweight (8 bytes)
Event: 355.398 Thread 0x000001c849d87290 nmethod 1552 0x000001c833593a90 code [0x000001c833593c20, 0x000001c833593e38]
Event: 355.404 Thread 0x000001c849d87290 1553       3       java.security.AccessController::doPrivileged (9 bytes)
Event: 355.405 Thread 0x000001c849d87290 nmethod 1553 0x000001c833593f10 code [0x000001c8335940e0, 0x000001c8335943f8]

GC Heap History (2 events):
Event: 7.193 GC heap before
{Heap before GC invocations=0 (full 0):
 garbage-first heap   total 126976K, used 12288K [0x0000000084200000, 0x0000000100000000)
  region size 1024K, 13 young (13312K), 0 survivors (0K)
 Metaspace       used 16532K, capacity 16690K, committed 16896K, reserved 1064960K
  class space    used 1624K, capacity 1699K, committed 1792K, reserved 1048576K
}
Event: 7.281 GC heap after
{Heap after GC invocations=1 (full 0):
 garbage-first heap   total 126976K, used 2360K [0x0000000084200000, 0x0000000100000000)
  region size 1024K, 2 young (2048K), 2 survivors (2048K)
 Metaspace       used 16532K, capacity 16690K, committed 16896K, reserved 1064960K
  class space    used 1624K, capacity 1699K, committed 1792K, reserved 1048576K
}

Deoptimization events (20 events):
Event: 355.213 Thread 0x000001c84a665080 Uncommon trap: trap_request=0xffffff45 fr.pc=0x000001c83a8994a4 relative=0x0000000000000104
Event: 355.213 Thread 0x000001c84a665080 Uncommon trap: reason=unstable_if action=reinterpret pc=0x000001c83a8994a4 method=java.security.AccessControlContext.optimize()Ljava/security/AccessControlContext; @ 11 c2
Event: 355.213 Thread 0x000001c84a665080 DEOPT PACKING pc=0x000001c83a8994a4 sp=0x000000bd27ffdf50
Event: 355.214 Thread 0x000001c84a665080 DEOPT UNPACKING pc=0x000001c832dae129 sp=0x000000bd27ffdeb0 mode 2
Event: 355.373 Thread 0x000001c84a791970 Uncommon trap: trap_request=0xffffffde fr.pc=0x000001c83a83a9a4 relative=0x0000000000000184
Event: 355.373 Thread 0x000001c84a791970 Uncommon trap: reason=class_check action=maybe_recompile pc=0x000001c83a83a9a4 method=java.lang.String.equals(Ljava/lang/Object;)Z @ 8 c2
Event: 355.373 Thread 0x000001c84a791970 DEOPT PACKING pc=0x000001c83a83a9a4 sp=0x000000bd281fdc30
Event: 355.373 Thread 0x000001c84a791970 DEOPT UNPACKING pc=0x000001c832dae129 sp=0x000000bd281fdbc8 mode 2
Event: 355.373 Thread 0x000001c84a791970 Uncommon trap: trap_request=0xffffffde fr.pc=0x000001c83a83a9a4 relative=0x0000000000000184
Event: 355.373 Thread 0x000001c84a791970 Uncommon trap: reason=class_check action=maybe_recompile pc=0x000001c83a83a9a4 method=java.lang.String.equals(Ljava/lang/Object;)Z @ 8 c2
Event: 355.373 Thread 0x000001c84a791970 DEOPT PACKING pc=0x000001c83a83a9a4 sp=0x000000bd281fdb90
Event: 355.373 Thread 0x000001c84a791970 DEOPT UNPACKING pc=0x000001c832dae129 sp=0x000000bd281fdb38 mode 2
Event: 355.373 Thread 0x000001c84a791970 Uncommon trap: trap_request=0xffffffde fr.pc=0x000001c83a83a9a4 relative=0x0000000000000184
Event: 355.373 Thread 0x000001c84a791970 Uncommon trap: reason=class_check action=maybe_recompile pc=0x000001c83a83a9a4 method=java.lang.String.equals(Ljava/lang/Object;)Z @ 8 c2
Event: 355.373 Thread 0x000001c84a791970 DEOPT PACKING pc=0x000001c83a83a9a4 sp=0x000000bd281fdb00
Event: 355.373 Thread 0x000001c84a791970 DEOPT UNPACKING pc=0x000001c832dae129 sp=0x000000bd281fdaa8 mode 2
Event: 355.398 Thread 0x000001c84a791970 Uncommon trap: trap_request=0xffffff45 fr.pc=0x000001c83a89f168 relative=0x0000000000000068
Event: 355.398 Thread 0x000001c84a791970 Uncommon trap: reason=unstable_if action=reinterpret pc=0x000001c83a89f168 method=javax.swing.JComponent.getClientProperty(Ljava/lang/Object;)Ljava/lang/Object; @ 4 c2
Event: 355.398 Thread 0x000001c84a791970 DEOPT PACKING pc=0x000001c83a89f168 sp=0x000000bd281fe4c0
Event: 355.398 Thread 0x000001c84a791970 DEOPT UNPACKING pc=0x000001c832dae129 sp=0x000000bd281fe448 mode 2

Classes unloaded (0 events):
No events

Classes redefined (2 events):
Event: 213.101 Thread 0x000001c84935dcc0 redefined class name=lista01.Exercicio07, count=1
Event: 333.959 Thread 0x000001c84935dcc0 redefined class name=lista01.Exercicio07, count=2

Internal exceptions (16 events):
Event: 2.100 Thread 0x000001c82db6e810 Exception <a 'java/lang/NoSuchMethodError'{0x000000008bb1ea60}: 'void java.lang.invoke.DirectMethodHandle$Holder.invokeStatic(java.lang.Object, java.lang.Object)'> (0x000000008bb1ea60) 
thrown [./open/src/hotspot/share/interpreter/linkResolver.cpp, line 782]
Event: 2.105 Thread 0x000001c82db6e810 Exception <a 'java/lang/NoSuchMethodError'{0x000000008bb22708}: 'void java.lang.invoke.DirectMethodHandle$Holder.invokeStaticInit(java.lang.Object, java.lang.Object)'> (0x000000008bb22708) 
thrown [./open/src/hotspot/share/interpreter/linkResolver.cpp, line 782]
Event: 3.498 Thread 0x000001c82db6e810 Exception <a 'java/lang/NoSuchMethodError'{0x000000008b903d70}: 'java.lang.Object java.lang.invoke.DirectMethodHandle$Holder.invokeStatic(java.lang.Object)'> (0x000000008b903d70) 
thrown [./open/src/hotspot/share/interpreter/linkResolver.cpp, line 782]
Event: 4.068 Thread 0x000001c82db6e810 Exception <a 'java/lang/NoSuchMethodError'{0x000000008b849968}: 'void java.lang.invoke.DirectMethodHandle$Holder.invokeSpecial(java.lang.Object, java.lang.Object, java.lang.Object)'> (0x000000008b849968) 
thrown [./open/src/hotspot/share/interpreter/linkResolver.cpp, line 782]
Event: 4.111 Thread 0x000001c82db6e810 Exception <a 'java/lang/ClassNotFoundException'{0x000000008b87b438}: sun/awt/resources/spi/awtProvider> (0x000000008b87b438) 
thrown [./open/src/hotspot/share/classfile/systemDictionary.cpp, line 295]
Event: 4.396 Thread 0x000001c82db6e810 Exception <a 'java/io/FileNotFoundException'{0x000000008b8d9460}> (0x000000008b8d9460) 
thrown [./open/src/hotspot/share/prims/jni.cpp, line 578]
Event: 4.411 Thread 0x000001c82db6e810 Exception <a 'java/io/FileNotFoundException'{0x000000008b70a948}> (0x000000008b70a948) 
thrown [./open/src/hotspot/share/prims/jni.cpp, line 578]
Event: 4.669 Thread 0x000001c82db6e810 Exception <a 'java/lang/NoSuchMethodError'{0x000000008b61cc48}: 'java.lang.Object java.lang.invoke.DirectMethodHandle$Holder.invokeStaticInit(java.lang.Object)'> (0x000000008b61cc48) 
thrown [./open/src/hotspot/share/interpreter/linkResolver.cpp, line 782]
Event: 5.022 Thread 0x000001c82db6e810 Exception <a 'java/lang/NoSuchMethodError'{0x000000008b51da48}: 'java.lang.Object java.lang.invoke.DirectMethodHandle$Holder.newInvokeSpecial(java.lang.Object, java.lang.Object, java.lang.Object, java.lang.Object, java.lang.Object)'> (0x000000008b51da48) 
thrown [./open/src/hotspot/share/interpreter/linkResolver.cpp, line 782]
Event: 5.028 Thread 0x000001c82db6e810 Exception <a 'java/lang/NoSuchMethodError'{0x000000008b5294d8}: 'java.lang.Object java.lang.invoke.DirectMethodHandle$Holder.invokeStatic(java.lang.Object, int, java.lang.Object, java.lang.Object, java.lang.Object, java.lang.Object)'> (0x000000008b5294d8) 
thrown [./open/src/hotspot/share/interpreter/linkResolver.cpp, line 782]
Event: 5.057 Thread 0x000001c82db6e810 Exception <a 'java/lang/NoSuchMethodError'{0x000000008b550018}: 'java.lang.Object java.lang.invoke.DirectMethodHandle$Holder.invokeStatic(java.lang.Object, int, java.lang.Object)'> (0x000000008b550018) 
thrown [./open/src/hotspot/share/interpreter/linkResolver.cpp, line 782]
Event: 5.374 Thread 0x000001c82db6e810 Exception <a 'java/lang/ClassNotFoundException'{0x000000008b439b58}: com/sun/swing/internal/plaf/metal/resources/spi/metalProvider> (0x000000008b439b58) 
thrown [./open/src/hotspot/share/classfile/systemDictionary.cpp, line 295]
Event: 5.380 Thread 0x000001c82db6e810 Exception <a 'java/lang/ClassNotFoundException'{0x000000008b4403e0}: com/sun/swing/internal/plaf/basic/resources/spi/basicProvider> (0x000000008b4403e0) 
thrown [./open/src/hotspot/share/classfile/systemDictionary.cpp, line 295]
Event: 5.555 Thread 0x000001c84a6cf1d0 Exception <a 'java/lang/NoSuchMethodError'{0x000000008b4e1c80}: 'java.lang.Object java.lang.invoke.DirectMethodHandle$Holder.newInvokeSpecial(java.lang.Object, java.lang.Object, java.lang.Object, int, int, int, int, int)'> (0x000000008b4e1c80) 
thrown [./open/src/hotspot/share/interpreter/linkResolver.cpp, line 782]
Event: 7.315 Thread 0x000001c82db6e810 Exception <a 'java/lang/NoSuchMethodError'{0x000000008bd33228}: 'void java.lang.invoke.DirectMethodHandle$Holder.invokeStaticInit(java.lang.Object)'> (0x000000008bd33228) 
thrown [./open/src/hotspot/share/interpreter/linkResolver.cpp, line 782]
Event: 7.900 Thread 0x000001c82db6e810 Exception <a 'java/lang/NoSuchMethodError'{0x000000008bc1a4c0}: 'int java.lang.invoke.DirectMethodHandle$Holder.invokeStatic(java.lang.Object)'> (0x000000008bc1a4c0) 
thrown [./open/src/hotspot/share/interpreter/linkResolver.cpp, line 782]

Events (20 events):
Event: 355.394 loading class java/awt/Window$1DisposeAction done
Event: 355.394 loading class java/awt/EventQueue$1AWTInvocationLock
Event: 355.394 loading class java/awt/EventQueue$1AWTInvocationLock done
Event: 355.394 loading class javax/swing/MenuElement
Event: 355.395 loading class javax/swing/MenuElement done
Event: 355.395 loading class javax/swing/JMenuBar done
Event: 355.395 loading class javax/swing/Popup$HeavyWeightWindow
Event: 355.395 loading class sun/awt/ModalExclude
Event: 355.395 loading class sun/awt/ModalExclude done
Event: 355.395 loading class javax/swing/JWindow
Event: 355.396 loading class javax/swing/JWindow done
Event: 355.396 loading class javax/swing/Popup$HeavyWeightWindow done
Event: 355.401 loading class javax/swing/Autoscroller
Event: 355.402 loading class javax/swing/Autoscroller done
Event: 355.403 loading class java/awt/LightweightDispatcher$2
Event: 355.403 loading class java/awt/LightweightDispatcher$2 done
Event: 355.403 loading class java/awt/event/AWTEventListenerProxy
Event: 355.403 loading class java/awt/event/AWTEventListenerProxy done
Event: 355.403 loading class java/awt/Toolkit$ToolkitEventMulticaster
Event: 355.403 loading class java/awt/Toolkit$ToolkitEventMulticaster done


Dynamic libraries:
0x00007ff6b7130000 - 0x00007ff6b713d000 	C:\eclipse\plugins\org.eclipse.justj.openjdk.hotspot.jre.full.win32.x86_64_15.0.1.v20201027-0507\jre\bin\javaw.exe
0x00007ff9cfb30000 - 0x00007ff9cfd25000 	C:\Windows\SYSTEM32\ntdll.dll
0x00007ff9cea20000 - 0x00007ff9ceadd000 	C:\Windows\System32\KERNEL32.DLL
0x00007ff9cd3d0000 - 0x00007ff9cd697000 	C:\Windows\System32\KERNELBASE.dll
0x00007ff9cd7a0000 - 0x00007ff9cd8a0000 	C:\Windows\System32\ucrtbase.dll
0x00007ff9c86d0000 - 0x00007ff9c86e8000 	C:\eclipse\plugins\org.eclipse.justj.openjdk.hotspot.jre.full.win32.x86_64_15.0.1.v20201027-0507\jre\bin\jli.dll
0x00007ff9cf150000 - 0x00007ff9cf2f0000 	C:\Windows\System32\USER32.dll
0x00007ff9cdb60000 - 0x00007ff9cdb82000 	C:\Windows\System32\win32u.dll
0x00007ff9cdef0000 - 0x00007ff9cdf1a000 	C:\Windows\System32\GDI32.dll
0x00007ff9cda20000 - 0x00007ff9cdb29000 	C:\Windows\System32\gdi32full.dll
0x00007ff9cd8a0000 - 0x00007ff9cd93d000 	C:\Windows\System32\msvcp_win.dll
0x00007ff9c0b80000 - 0x00007ff9c0b99000 	C:\eclipse\plugins\org.eclipse.justj.openjdk.hotspot.jre.full.win32.x86_64_15.0.1.v20201027-0507\jre\bin\VCRUNTIME140.dll
0x00007ff9b6910000 - 0x00007ff9b6bab000 	C:\Windows\WinSxS\amd64_microsoft.windows.common-controls_6595b64144ccf1df_6.0.19041.488_none_ca04af081b815d21\COMCTL32.dll
0x00007ff9cf370000 - 0x00007ff9cf40e000 	C:\Windows\System32\msvcrt.dll
0x00007ff9ce810000 - 0x00007ff9ce840000 	C:\Windows\System32\IMM32.DLL
0x00007ff9c0b70000 - 0x00007ff9c0b7c000 	C:\eclipse\plugins\org.eclipse.justj.openjdk.hotspot.jre.full.win32.x86_64_15.0.1.v20201027-0507\jre\bin\vcruntime140_1.dll
0x00007ff9c0ad0000 - 0x00007ff9c0b61000 	C:\eclipse\plugins\org.eclipse.justj.openjdk.hotspot.jre.full.win32.x86_64_15.0.1.v20201027-0507\jre\bin\msvcp140.dll
0x00007ff9a54c0000 - 0x00007ff9a601e000 	C:\eclipse\plugins\org.eclipse.justj.openjdk.hotspot.jre.full.win32.x86_64_15.0.1.v20201027-0507\jre\bin\server\jvm.dll
0x00007ff9ce970000 - 0x00007ff9cea1a000 	C:\Windows\System32\ADVAPI32.dll
0x00007ff9ceb40000 - 0x00007ff9cebdb000 	C:\Windows\System32\sechost.dll
0x00007ff9cf9b0000 - 0x00007ff9cfad4000 	C:\Windows\System32\RPCRT4.dll
0x00007ff9cfae0000 - 0x00007ff9cfae8000 	C:\Windows\System32\PSAPI.DLL
0x00007ff9bb170000 - 0x00007ff9bb179000 	C:\Windows\SYSTEM32\WSOCK32.dll
0x00007ff9ced60000 - 0x00007ff9cedcb000 	C:\Windows\System32\WS2_32.dll
0x00007ff9b8210000 - 0x00007ff9b8237000 	C:\Windows\SYSTEM32\WINMM.dll
0x00007ff9c0fb0000 - 0x00007ff9c0fba000 	C:\Windows\SYSTEM32\VERSION.dll
0x00007ff9cb1f0000 - 0x00007ff9cb203000 	C:\Windows\SYSTEM32\kernel.appcore.dll
0x00007ff9baba0000 - 0x00007ff9babaa000 	C:\eclipse\plugins\org.eclipse.justj.openjdk.hotspot.jre.full.win32.x86_64_15.0.1.v20201027-0507\jre\bin\jimage.dll
0x00007ff9bf910000 - 0x00007ff9bfaf4000 	C:\Windows\SYSTEM32\DBGHELP.DLL
0x00007ff9bf520000 - 0x00007ff9bf54c000 	C:\Windows\SYSTEM32\dbgcore.DLL
0x00007ff9cd940000 - 0x00007ff9cd9bf000 	C:\Windows\System32\bcryptPrimitives.dll
0x00007ff9c0a90000 - 0x00007ff9c0ac9000 	C:\eclipse\plugins\org.eclipse.justj.openjdk.hotspot.jre.full.win32.x86_64_15.0.1.v20201027-0507\jre\bin\jdwp.dll
0x00007ff9c0a80000 - 0x00007ff9c0a8e000 	C:\eclipse\plugins\org.eclipse.justj.openjdk.hotspot.jre.full.win32.x86_64_15.0.1.v20201027-0507\jre\bin\instrument.dll
0x00007ff9ad400000 - 0x00007ff9ad425000 	C:\eclipse\plugins\org.eclipse.justj.openjdk.hotspot.jre.full.win32.x86_64_15.0.1.v20201027-0507\jre\bin\java.dll
0x00007ff9b2e60000 - 0x00007ff9b2e78000 	C:\eclipse\plugins\org.eclipse.justj.openjdk.hotspot.jre.full.win32.x86_64_15.0.1.v20201027-0507\jre\bin\zip.dll
0x00007ff9ce0c0000 - 0x00007ff9ce801000 	C:\Windows\System32\SHELL32.dll
0x00007ff9cb3f0000 - 0x00007ff9cbb83000 	C:\Windows\SYSTEM32\windows.storage.dll
0x00007ff9cdb90000 - 0x00007ff9cdee5000 	C:\Windows\System32\combase.dll
0x00007ff9ccc10000 - 0x00007ff9ccc3c000 	C:\Windows\SYSTEM32\Wldp.dll
0x00007ff9ce010000 - 0x00007ff9ce0be000 	C:\Windows\System32\SHCORE.dll
0x00007ff9cefa0000 - 0x00007ff9ceff5000 	C:\Windows\System32\shlwapi.dll
0x00007ff9cd1a0000 - 0x00007ff9cd1c6000 	C:\Windows\SYSTEM32\profapi.dll
0x00007ff9c0a70000 - 0x00007ff9c0a7b000 	C:\eclipse\plugins\org.eclipse.justj.openjdk.hotspot.jre.full.win32.x86_64_15.0.1.v20201027-0507\jre\bin\dt_socket.dll
0x00007ff9cc680000 - 0x00007ff9cc6bb000 	C:\Windows\SYSTEM32\IPHLPAPI.DLL
0x00007ff9cc990000 - 0x00007ff9cc9fa000 	C:\Windows\system32\mswsock.dll
0x00007ff9cc6c0000 - 0x00007ff9cc78b000 	C:\Windows\SYSTEM32\DNSAPI.dll
0x00007ff9cf880000 - 0x00007ff9cf889000 	C:\Windows\System32\NSI.dll
0x00007ff9c7650000 - 0x00007ff9c765a000 	C:\Windows\System32\rasadhlp.dll
0x00007ff9c87d0000 - 0x00007ff9c884f000 	C:\Windows\System32\fwpuclnt.dll
0x00007ff9cdb30000 - 0x00007ff9cdb57000 	C:\Windows\System32\bcrypt.dll
0x00007ff9b1f90000 - 0x00007ff9b1fa9000 	C:\eclipse\plugins\org.eclipse.justj.openjdk.hotspot.jre.full.win32.x86_64_15.0.1.v20201027-0507\jre\bin\net.dll
0x00007ff9c7530000 - 0x00007ff9c7630000 	C:\Windows\SYSTEM32\WINHTTP.dll
0x00007ff9ad3e0000 - 0x00007ff9ad3f2000 	C:\eclipse\plugins\org.eclipse.justj.openjdk.hotspot.jre.full.win32.x86_64_15.0.1.v20201027-0507\jre\bin\nio.dll
0x00007ff9ad7c0000 - 0x00007ff9ad7d0000 	C:\eclipse\plugins\org.eclipse.justj.openjdk.hotspot.jre.full.win32.x86_64_15.0.1.v20201027-0507\jre\bin\verify.dll
0x00007ff994a40000 - 0x00007ff994bbf000 	C:\eclipse\plugins\org.eclipse.justj.openjdk.hotspot.jre.full.win32.x86_64_15.0.1.v20201027-0507\jre\bin\awt.dll
0x00007ff9cec90000 - 0x00007ff9ced5d000 	C:\Windows\System32\OLEAUT32.dll
0x00007ff9ca770000 - 0x00007ff9ca800000 	C:\Windows\SYSTEM32\apphelp.dll
0x00007ff9cad30000 - 0x00007ff9cadcf000 	C:\Windows\system32\uxtheme.dll
0x00007ff9cf890000 - 0x00007ff9cf9a5000 	C:\Windows\System32\MSCTF.dll
0x00007ff9ce840000 - 0x00007ff9ce969000 	C:\Windows\System32\ole32.dll
0x00007ff9caf00000 - 0x00007ff9caf2f000 	C:\Windows\system32\DWMAPI.DLL
0x00007ff9bc380000 - 0x00007ff9bc405000 	C:\eclipse\plugins\org.eclipse.justj.openjdk.hotspot.jre.full.win32.x86_64_15.0.1.v20201027-0507\jre\bin\freetype.dll
0x00007ff9b3120000 - 0x00007ff9b31c9000 	C:\eclipse\plugins\org.eclipse.justj.openjdk.hotspot.jre.full.win32.x86_64_15.0.1.v20201027-0507\jre\bin\fontmanager.dll
0x00007ff9a9b40000 - 0x00007ff9a9c65000 	C:\Windows\system32\opengl32.dll
0x00007ff9c0a40000 - 0x00007ff9c0a6c000 	C:\Windows\SYSTEM32\GLU32.dll
0x00007ff9cebe0000 - 0x00007ff9cec88000 	C:\Windows\System32\clbcatq.dll
0x00007ff9c6a20000 - 0x00007ff9c6bd4000 	C:\Windows\SYSTEM32\WindowsCodecs.dll
0x00007ff9b5e50000 - 0x00007ff9b5e8e000 	C:\Windows\system32\dataexchange.dll
0x00007ff9c8e60000 - 0x00007ff9c90c3000 	C:\Windows\system32\d3d11.dll
0x00007ff9c99d0000 - 0x00007ff9c9bb5000 	C:\Windows\system32\dcomp.dll
0x00007ff9cbc00000 - 0x00007ff9cbcf3000 	C:\Windows\system32\dxgi.dll
0x00007ff9c6440000 - 0x00007ff9c6647000 	C:\Windows\system32\twinapi.appcore.dll
0x00007ff9c41c0000 - 0x00007ff9c42bd000 	C:\Windows\SYSTEM32\textinputframework.dll
0x00007ff9ca0c0000 - 0x00007ff9ca41a000 	C:\Windows\System32\CoreUIComponents.dll
0x00007ff9ca4b0000 - 0x00007ff9ca5a2000 	C:\Windows\System32\CoreMessaging.dll
0x00007ff9cbf50000 - 0x00007ff9cbf83000 	C:\Windows\SYSTEM32\ntmarta.dll
0x00007ff9c9840000 - 0x00007ff9c9996000 	C:\Windows\SYSTEM32\wintypes.dll

dbghelp: loaded successfully - version: 4.0.5 - missing functions: none
symbol engine: initialized successfully - sym options: 0x614 - pdb path: .;C:\eclipse\plugins\org.eclipse.justj.openjdk.hotspot.jre.full.win32.x86_64_15.0.1.v20201027-0507\jre\bin;C:\Windows\SYSTEM32;C:\Windows\WinSxS\amd64_microsoft.windows.common-controls_6595b64144ccf1df_6.0.19041.488_none_ca04af081b815d21;C:\eclipse\plugins\org.eclipse.justj.openjdk.hotspot.jre.full.win32.x86_64_15.0.1.v20201027-0507\jre\bin\server

VM Arguments:
jvm_args: -XX:+ShowCodeDetailsInExceptionMessages -agentlib:jdwp=transport=dt_socket,suspend=y,address=localhost:51026 -javaagent:C:\eclipse\configuration\org.eclipse.osgi\405\0\.cp\lib\javaagent-shaded.jar -Dfile.encoding=Cp1252 
java_command: lista01.Exercicio07
java_class_path (initial): C:\Users\matheus_w_trindade\Desktop\WorkspaceJavaBasico\Lista01Java\bin
Launcher Type: SUN_STANDARD

[Global flags]
     intx CICompilerCount                          = 3                                         {product} {ergonomic}
     uint ConcGCThreads                            = 1                                         {product} {ergonomic}
     uint G1ConcRefinementThreads                  = 4                                         {product} {ergonomic}
   size_t G1HeapRegionSize                         = 1048576                                   {product} {ergonomic}
    uintx GCDrainStackTargetSize                   = 64                                        {product} {ergonomic}
   size_t InitialHeapSize                          = 130023424                                 {product} {ergonomic}
   size_t MarkStackSize                            = 4194304                                   {product} {ergonomic}
   size_t MaxHeapSize                              = 2078277632                                {product} {ergonomic}
   size_t MaxNewSize                               = 1246756864                                {product} {ergonomic}
   size_t MinHeapDeltaBytes                        = 1048576                                   {product} {ergonomic}
   size_t MinHeapSize                              = 8388608                                   {product} {ergonomic}
    uintx NonNMethodCodeHeapSize                   = 5832780                                {pd product} {ergonomic}
    uintx NonProfiledCodeHeapSize                  = 122912730                              {pd product} {ergonomic}
    uintx ProfiledCodeHeapSize                     = 122912730                              {pd product} {ergonomic}
    uintx ReservedCodeCacheSize                    = 251658240                              {pd product} {ergonomic}
     bool SegmentedCodeCache                       = true                                      {product} {ergonomic}
     bool ShowCodeDetailsInExceptionMessages       = true                                   {manageable} {command line}
   size_t SoftMaxHeapSize                          = 2078277632                             {manageable} {ergonomic}
     bool UseCompressedClassPointers               = true                                 {lp64_product} {ergonomic}
     bool UseCompressedOops                        = true                                 {lp64_product} {ergonomic}
     bool UseG1GC                                  = true                                      {product} {ergonomic}
     bool UseLargePagesIndividualAllocation        = false                                  {pd product} {ergonomic}

Logging:
Log output configuration:
 #0: stdout all=warning uptime,level,tags
 #1: stderr all=off uptime,level,tags

Environment Variables:
PATH=C:\eclipse\plugins\org.eclipse.justj.openjdk.hotspot.jre.full.win32.x86_64_15.0.1.v20201027-0507\jre\bin;C:/eclipse//plugins/org.eclipse.justj.openjdk.hotspot.jre.full.win32.x86_64_15.0.1.v20201027-0507/jre/bin/server;C:/eclipse//plugins/org.eclipse.justj.openjdk.hotspot.jre.full.win32.x86_64_15.0.1.v20201027-0507/jre/bin;C:\Program Files\Common Files\Oracle\Java\javapath;C:\Program Files (x86)\Common Files\Oracle\Java\javapath;C:\Windows\system32;C:\Windows;C:\Windows\System32\Wbem;C:\Windows\System32\WindowsPowerShell\v1.0\;C:\Windows\System32\OpenSSH\;C:\Program Files (x86)\NTP\bin;C:\Program Files\Git\cmd;C:\Program Files\nodejs\;C:\Program Files\CodeBlocks\MinGW\bin;C:\Users\matheus_w_trindade\AppData\Local\Microsoft\WindowsApps;;C:\eclipse;
USERNAME=matheus_w_trindade
OS=Windows_NT
PROCESSOR_IDENTIFIER=Intel64 Family 6 Model 37 Stepping 5, GenuineIntel



---------------  S Y S T E M  ---------------

OS:
 Windows 10 , 64 bit Build 19041 (10.0.19041.292)
OS uptime: 0 days 3:14 hours

CPU: total 4 (initial active 4) (2 cores per cpu, 2 threads per core) family 6 model 37 stepping 5 microcode 0x7, cmov, cx8, fxsr, mmx, sse, sse2, sse3, ssse3, sse4.1, sse4.2, popcnt, ht, tsc, tscinvbit, clflush

Memory: 4k page, system-wide physical 7927M (4065M free)
TotalPageFile size 9207M (AvailPageFile size 2728M)
current process WorkingSet (physical memory assigned to process): 81M, peak: 84M
current process commit charge ("private bytes"): 213M, peak: 218M

vm_info: OpenJDK 64-Bit Server VM (15.0.1+9-18) for windows-amd64 JRE (15.0.1+9-18), built on Sep 15 2020 14:39:31 by "mach5one" with unknown MS VC++:1925

END.
