#
# A fatal error has been detected by the Java Runtime Environment:
#
#  EXCEPTION_ACCESS_VIOLATION (0xc0000005) at pc=0x00007ff9a59e0a86, pid=8584, tid=1520
#
# JRE version: OpenJDK Runtime Environment (15.0.1+9) (build 15.0.1+9-18)
# Java VM: OpenJDK 64-Bit Server VM (15.0.1+9-18, mixed mode, tiered, compressed oops, g1 gc, windows-amd64)
# Problematic frame:
# V  [jvm.dll+0x520a86]
#
# No core dump will be written. Minidumps are not enabled by default on client versions of Windows
#
# If you would like to submit a bug report, please visit:
#   https://bugreport.java.com/bugreport/crash.jsp
#

---------------  S U M M A R Y ------------

Command Line: -XX:+ShowCodeDetailsInExceptionMessages -agentlib:jdwp=transport=dt_socket,suspend=y,address=localhost:51019 -javaagent:C:\eclipse\configuration\org.eclipse.osgi\405\0\.cp\lib\javaagent-shaded.jar -Dfile.encoding=Cp1252 lista01.Exercicio07

Host: Intel(R) Core(TM) i3 CPU         550  @ 3.20GHz, 4 cores, 7G,  Windows 10 , 64 bit Build 19041 (10.0.19041.292)
Time: Thu Jun 23 21:37:08 2022 Hora oficial do Brasil elapsed time: 371.193538 seconds (0d 0h 6m 11s)

---------------  T H R E A D  ---------------

Current thread (0x0000022d38ace510):  JavaThread "main" [_thread_in_vm, id=1520, stack(0x000000bdbdf00000,0x000000bdbe000000)]

Stack: [0x000000bdbdf00000,0x000000bdbe000000],  sp=0x000000bdbdffec30,  free space=1019k
Native frames: (J=compiled Java code, j=interpreted, Vv=VM code, C=native code)
V  [jvm.dll+0x520a86]
V  [jvm.dll+0x52331b]
V  [jvm.dll+0x52256d]
V  [jvm.dll+0x34d760]
V  [jvm.dll+0x34cd9f]
C  0x0000022d3dd1d16b

Java frames: (J=compiled Java code, j=interpreted, Vv=VM code)
j  lista01.Exercicio07.main([Ljava/lang/String;)V+63
v  ~StubRoutines::call_stub

siginfo: EXCEPTION_ACCESS_VIOLATION (0xc0000005), reading address 0xffffffffffffffff


Register to memory mapping:

RIP=0x00007ff9a59e0a86 jvm.dll
RAX=0x1eb42a001cb5001b is an unknown value
RBX=0x000000bdbdffedd0 is pointing into the stack for thread: 0x0000022d38ace510
RCX=0x000000bdbdffedd0 is pointing into the stack for thread: 0x0000022d38ace510
RDX=0x00000000000000b8 is an unknown value
RSP=0x000000bdbdffec30 is pointing into the stack for thread: 0x0000022d38ace510
RBP=0x000000bdbdffede9 is pointing into the stack for thread: 0x0000022d38ace510
RSI=0x0000022d38ace510 is a thread
RDI=0x0000022d38ace510 is a thread
R8 =0x0000000000000001 is an unknown value
R9 =0x0000022d38ace510 is a thread
R10=0x0000022d55be8420 is pointing into metadata
R11=0x0 is NULL
R12=0x0 is NULL
R13=0x0 is NULL
R14=0x000000bdbdffeee0 is pointing into the stack for thread: 0x0000022d38ace510
R15=0x0000000000000001 is an unknown value


Registers:
RAX=0x1eb42a001cb5001b, RBX=0x000000bdbdffedd0, RCX=0x000000bdbdffedd0, RDX=0x00000000000000b8
RSP=0x000000bdbdffec30, RBP=0x000000bdbdffede9, RSI=0x0000022d38ace510, RDI=0x0000022d38ace510
R8 =0x0000000000000001, R9 =0x0000022d38ace510, R10=0x0000022d55be8420, R11=0x0000000000000000
R12=0x0000000000000000, R13=0x0000000000000000, R14=0x000000bdbdffeee0, R15=0x0000000000000001
RIP=0x00007ff9a59e0a86, EFLAGS=0x0000000000010206

Top of Stack: (sp=0x000000bdbdffec30)
0x000000bdbdffec30:   0000022d55bcdb00 0000022d38acede0
0x000000bdbdffec40:   0000022d38ace510 00007ff9a580d9e4
0x000000bdbdffec50:   0000022d55c3d060 0000022d55bcdbd1
0x000000bdbdffec60:   000000008b079258 0000000000000001
0x000000bdbdffec70:   00000000000000b6 0000022d38ace510
0x000000bdbdffec80:   0000022d55bcdc88 0000022d38ace510
0x000000bdbdffec90:   0000022d55bf1920 0000022d38ace510
0x000000bdbdffeca0:   0000022d55be8420 00007ff9a54caf9e
0x000000bdbdffecb0:   000000bdbdffed00 000000bdbdffee90
0x000000bdbdffecc0:   0000000000000000 0000022d38ace510
0x000000bdbdffecd0:   000000bdbdffedd0 00007ff9a59e331b
0x000000bdbdffece0:   0000022d55be8420 00007ff9a57d4705
0x000000bdbdffecf0:   00000001000d1d01 0000022d55bf1920
0x000000bdbdffed00:   0000022d55be8420 0000022d38ace510
0x000000bdbdffed10:   000000bdbdffedd0 00007ff9a59df7cb
0x000000bdbdffed20:   0000022d38ace510 0000022d38ace510 

Instructions: (pc=0x00007ff9a59e0a86)
0x00007ff9a59e0986:   00 00 48 8b be 90 02 00 00 48 8d 4c 24 30 ba 00
0x00007ff9a59e0996:   01 00 00 48 8b 6f 10 4c 8b 77 18 4c 8b 7f 20 4c
0x00007ff9a59e09a6:   8b 67 28 e8 12 af 10 00 48 8d 15 73 ab 39 00 48
0x00007ff9a59e09b6:   8d 4c 24 30 e8 71 c5 10 00 48 8d 54 24 30 48 8b
0x00007ff9a59e09c6:   cb e8 84 f0 0b 00 48 8d 15 7d 4b 35 00 48 8d 4c
0x00007ff9a59e09d6:   24 30 e8 53 c5 10 00 48 8b 1d f4 7c 5a 00 48 8d
0x00007ff9a59e09e6:   4c 24 30 33 d2 e8 00 b6 10 00 4c 8b cb 48 89 44
0x00007ff9a59e09f6:   24 20 41 b8 ad 04 00 00 48 8d 15 d3 a4 39 00 48
0x00007ff9a59e0a06:   8b ce e8 e3 a3 d6 ff 48 8d 4c 24 30 e8 a9 af 10
0x00007ff9a59e0a16:   00 48 83 7d 00 00 74 13 49 8b d4 48 8b cf e8 97
0x00007ff9a59e0a26:   7e b7 ff 48 8b cd e8 ff 7d b7 ff 48 89 6f 10 33
0x00007ff9a59e0a36:   c0 4c 89 77 18 4c 89 7f 20 eb 03 48 8b c3 4c 8b
0x00007ff9a59e0a46:   b4 24 d0 00 00 00 4c 8b ac 24 c8 00 00 00 4c 8b
0x00007ff9a59e0a56:   a4 24 c0 00 00 00 4c 8b bc 24 90 00 00 00 48 81
0x00007ff9a59e0a66:   c4 98 00 00 00 5f 5e 5d 5b c3 40 53 57 48 81 ec
0x00007ff9a59e0a76:   98 00 00 00 48 8b 41 10 48 8b fa ba b8 00 00 00
0x00007ff9a59e0a86:   44 8b 80 a4 00 00 00 41 c1 e8 09 41 f6 c0 01 4c
0x00007ff9a59e0a96:   8b c7 75 07 e8 41 20 00 00 eb 05 e8 0a 13 00 00
0x00007ff9a59e0aa6:   48 83 7f 08 00 48 8b d8 74 0c 33 c0 48 81 c4 98
0x00007ff9a59e0ab6:   00 00 00 5f 5b c3 8b 43 20 c1 e8 03 a8 01 0f 85
0x00007ff9a59e0ac6:   11 01 00 00 48 89 ac 24 b0 00 00 00 48 8d 4c 24
0x00007ff9a59e0ad6:   30 48 89 b4 24 b8 00 00 00 ba 00 01 00 00 48 8b
0x00007ff9a59e0ae6:   b7 90 02 00 00 4c 89 a4 24 c0 00 00 00 4c 89 b4
0x00007ff9a59e0af6:   24 c8 00 00 00 4c 89 bc 24 90 00 00 00 48 8b 6e
0x00007ff9a59e0b06:   10 4c 8b 76 18 4c 8b 7e 20 4c 8b 66 28 e8 a8 ad
0x00007ff9a59e0b16:   10 00 48 8d 15 79 a9 39 00 48 8d 4c 24 30 e8 07
0x00007ff9a59e0b26:   c4 10 00 48 8d 54 24 30 48 8b cb e8 1a ef 0b 00
0x00007ff9a59e0b36:   48 8d 15 13 4a 35 00 48 8d 4c 24 30 e8 e9 c3 10
0x00007ff9a59e0b46:   00 48 8b 1d 8a 7b 5a 00 48 8d 4c 24 30 33 d2 e8
0x00007ff9a59e0b56:   96 b4 10 00 4c 8b cb 48 89 44 24 20 41 b8 5d 04
0x00007ff9a59e0b66:   00 00 48 8d 15 69 a3 39 00 48 8b cf e8 79 a2 d6
0x00007ff9a59e0b76:   ff 48 8d 4c 24 30 e8 3f ae 10 00 48 83 7d 00 00 


Stack slot to memory mapping:
stack at sp + 0 slots: 0x0000022d55bcdb00 is pointing into metadata
stack at sp + 1 slots: 0x0000022d38acede0 points into unknown readable memory: 0x000000008b0a49e8 | e8 49 0a 8b 00 00 00 00
stack at sp + 2 slots: 0x0000022d38ace510 is a thread
stack at sp + 3 slots: 0x00007ff9a580d9e4 jvm.dll
stack at sp + 4 slots: 0x0000022d55c3d060 is pointing into metadata
stack at sp + 5 slots: 0x0000022d55bcdbd1 is pointing into metadata
stack at sp + 6 slots: 0x000000008b079258 is an oop: java.awt.EventQueue 
{0x000000008b079258} - klass: 'java/awt/EventQueue'
stack at sp + 7 slots: 0x0000000000000001 is an unknown value


---------------  P R O C E S S  ---------------

Threads class SMR info:
_java_thread_list=0x0000022d559027c0, length=19, elements={
0x0000022d38ace510, 0x0000022d54339530, 0x0000022d5433a000, 0x0000022d54b66690,
0x0000022d54b67f60, 0x0000022d54b68820, 0x0000022d54b69410, 0x0000022d54bdec80,
0x0000022d54be3950, 0x0000022d54caa410, 0x0000022d54ded6f0, 0x0000022d54e09640,
0x0000022d54ee0070, 0x0000022d54f3d560, 0x0000022d555a4d10, 0x0000022d555a5990,
0x0000022d555ce420, 0x0000022d556d3c30, 0x0000022d55707a30
}

Java Threads: ( => current thread )
=>0x0000022d38ace510 JavaThread "main" [_thread_in_vm, id=1520, stack(0x000000bdbdf00000,0x000000bdbe000000)]
  0x0000022d54339530 JavaThread "Reference Handler" daemon [_thread_blocked, id=4964, stack(0x000000bdbe700000,0x000000bdbe800000)]
  0x0000022d5433a000 JavaThread "Finalizer" daemon [_thread_blocked, id=4532, stack(0x000000bdbe800000,0x000000bdbe900000)]
  0x0000022d54b66690 JavaThread "Signal Dispatcher" daemon [_thread_blocked, id=7684, stack(0x000000bdbe900000,0x000000bdbea00000)]
  0x0000022d54b67f60 JavaThread "Attach Listener" daemon [_thread_blocked, id=6536, stack(0x000000bdbea00000,0x000000bdbeb00000)]
  0x0000022d54b68820 JavaThread "Service Thread" daemon [_thread_blocked, id=1792, stack(0x000000bdbeb00000,0x000000bdbec00000)]
  0x0000022d54b69410 JavaThread "C2 CompilerThread0" daemon [_thread_blocked, id=4392, stack(0x000000bdbec00000,0x000000bdbed00000)]
  0x0000022d54bdec80 JavaThread "C1 CompilerThread0" daemon [_thread_blocked, id=3716, stack(0x000000bdbed00000,0x000000bdbee00000)]
  0x0000022d54be3950 JavaThread "Sweeper thread" daemon [_thread_blocked, id=4628, stack(0x000000bdbee00000,0x000000bdbef00000)]
  0x0000022d54caa410 JavaThread "Common-Cleaner" daemon [_thread_blocked, id=8040, stack(0x000000bdbef00000,0x000000bdbf000000)]
  0x0000022d54ded6f0 JavaThread "JDWP Transport Listener: dt_socket" daemon [_thread_blocked, id=5476, stack(0x000000bdbf000000,0x000000bdbf100000)]
  0x0000022d54e09640 JavaThread "JDWP Event Helper Thread" daemon [_thread_blocked, id=8940, stack(0x000000bdbf100000,0x000000bdbf200000)]
  0x0000022d54ee0070 JavaThread "JDWP Command Reader" daemon [_thread_in_native, id=4736, stack(0x000000bdbf200000,0x000000bdbf300000)]
  0x0000022d54f3d560 JavaThread "Notification Thread" daemon [_thread_blocked, id=8408, stack(0x000000bdbf300000,0x000000bdbf400000)]
  0x0000022d555a4d10 JavaThread "Java2D Disposer" daemon [_thread_blocked, id=4520, stack(0x000000bdbf500000,0x000000bdbf600000)]
  0x0000022d555a5990 JavaThread "AWT-Shutdown" [_thread_blocked, id=3540, stack(0x000000bdbf600000,0x000000bdbf700000)]
  0x0000022d555ce420 JavaThread "AWT-Windows" daemon [_thread_in_native, id=8544, stack(0x000000bdbf700000,0x000000bdbf800000)]
  0x0000022d556d3c30 JavaThread "AWT-EventQueue-0" [_thread_blocked, id=8772, stack(0x000000bdbf900000,0x000000bdbfa00000)]
  0x0000022d55707a30 JavaThread "TimerQueue" daemon [_thread_blocked, id=5984, stack(0x000000bdc0000000,0x000000bdc0100000)]

Other Threads:
  0x0000022d54304040 VMThread "VM Thread" [stack: 0x000000bdbe600000,0x000000bdbe700000] [id=6496]
  0x0000022d38acf6c0 WatcherThread [stack: 0x000000bdbf400000,0x000000bdbf500000] [id=4636]
  0x0000022d38b0eee0 GCTaskThread "GC Thread#0" [stack: 0x000000bdbe100000,0x000000bdbe200000] [id=6564]
  0x0000022d54d8f1e0 GCTaskThread "GC Thread#1" [stack: 0x000000bdbfa00000,0x000000bdbfb00000] [id=6440]
  0x0000022d54d8e850 GCTaskThread "GC Thread#2" [stack: 0x000000bdbfb00000,0x000000bdbfc00000] [id=3624]
  0x0000022d54d90830 GCTaskThread "GC Thread#3" [stack: 0x000000bdbfc00000,0x000000bdbfd00000] [id=8748]
  0x0000022d38b20700 ConcurrentGCThread "G1 Main Marker" [stack: 0x000000bdbe200000,0x000000bdbe300000] [id=580]
  0x0000022d38b211f0 ConcurrentGCThread "G1 Conc#0" [stack: 0x000000bdbe300000,0x000000bdbe400000] [id=7620]
  0x0000022d38b87dc0 ConcurrentGCThread "G1 Refine#0" [stack: 0x000000bdbe400000,0x000000bdbe500000] [id=108]
  0x0000022d38b8b080 ConcurrentGCThread "G1 Young RemSet Sampling" [stack: 0x000000bdbe500000,0x000000bdbe600000] [id=8636]

Threads with active compile tasks:

VM state: not at safepoint (normal execution)

VM Mutex/Monitor currently owned by a thread: None

Heap address: 0x0000000084200000, size: 1982 MB, Compressed Oops mode: 32-bit
CDS disabled.
Compressed class space mapped at: 0x0000000100000000-0x0000000140000000, size: 1073741824
Narrow klass base: 0x0000000000000000, Narrow klass shift: 3, Narrow klass range: 0x140000000

GC Precious Log:
 CPUs: 4 total, 4 available
 Memory: 7927M
 Large Page Support: Disabled
 NUMA Support: Disabled
 Compressed Oops: Enabled (32-bit)
 Heap Region Size: 1M
 Heap Min Capacity: 8M
 Heap Initial Capacity: 124M
 Heap Max Capacity: 1982M
 Pre-touch: Disabled
 Parallel Workers: 4
 Concurrent Workers: 1
 Concurrent Refinement Workers: 4
 Periodic GC: Disabled

Heap:
 garbage-first heap   total 126976K, used 7538K [0x0000000084200000, 0x0000000100000000)
  region size 1024K, 8 young (8192K), 2 survivors (2048K)
 Metaspace       used 18296K, capacity 18480K, committed 18560K, reserved 1067008K
  class space    used 1789K, capacity 1868K, committed 1920K, reserved 1048576K

Heap Regions: E=young(eden), S=young(survivor), O=old, HS=humongous(starts), HC=humongous(continues), CS=collection set, F=free, OA=open archive, CA=closed archive, TAMS=top-at-mark-start (previous, next)
|   0|0x0000000084200000, 0x000000008425c800, 0x0000000084300000| 36%| O|  |TAMS 0x0000000084200000, 0x0000000084200000| Untracked 
|   1|0x0000000084300000, 0x0000000084300000, 0x0000000084400000|  0%| F|  |TAMS 0x0000000084300000, 0x0000000084300000| Untracked 
|   2|0x0000000084400000, 0x0000000084400000, 0x0000000084500000|  0%| F|  |TAMS 0x0000000084400000, 0x0000000084400000| Untracked 
|   3|0x0000000084500000, 0x0000000084500000, 0x0000000084600000|  0%| F|  |TAMS 0x0000000084500000, 0x0000000084500000| Untracked 
|   4|0x0000000084600000, 0x0000000084600000, 0x0000000084700000|  0%| F|  |TAMS 0x0000000084600000, 0x0000000084600000| Untracked 
|   5|0x0000000084700000, 0x0000000084700000, 0x0000000084800000|  0%| F|  |TAMS 0x0000000084700000, 0x0000000084700000| Untracked 
|   6|0x0000000084800000, 0x0000000084800000, 0x0000000084900000|  0%| F|  |TAMS 0x0000000084800000, 0x0000000084800000| Untracked 
|   7|0x0000000084900000, 0x0000000084900000, 0x0000000084a00000|  0%| F|  |TAMS 0x0000000084900000, 0x0000000084900000| Untracked 
|   8|0x0000000084a00000, 0x0000000084a00000, 0x0000000084b00000|  0%| F|  |TAMS 0x0000000084a00000, 0x0000000084a00000| Untracked 
|   9|0x0000000084b00000, 0x0000000084b00000, 0x0000000084c00000|  0%| F|  |TAMS 0x0000000084b00000, 0x0000000084b00000| Untracked 
|  10|0x0000000084c00000, 0x0000000084c00000, 0x0000000084d00000|  0%| F|  |TAMS 0x0000000084c00000, 0x0000000084c00000| Untracked 
|  11|0x0000000084d00000, 0x0000000084d00000, 0x0000000084e00000|  0%| F|  |TAMS 0x0000000084d00000, 0x0000000084d00000| Untracked 
|  12|0x0000000084e00000, 0x0000000084e00000, 0x0000000084f00000|  0%| F|  |TAMS 0x0000000084e00000, 0x0000000084e00000| Untracked 
|  13|0x0000000084f00000, 0x0000000084f00000, 0x0000000085000000|  0%| F|  |TAMS 0x0000000084f00000, 0x0000000084f00000| Untracked 
|  14|0x0000000085000000, 0x0000000085000000, 0x0000000085100000|  0%| F|  |TAMS 0x0000000085000000, 0x0000000085000000| Untracked 
|  15|0x0000000085100000, 0x0000000085100000, 0x0000000085200000|  0%| F|  |TAMS 0x0000000085100000, 0x0000000085100000| Untracked 
|  16|0x0000000085200000, 0x0000000085200000, 0x0000000085300000|  0%| F|  |TAMS 0x0000000085200000, 0x0000000085200000| Untracked 
|  17|0x0000000085300000, 0x0000000085300000, 0x0000000085400000|  0%| F|  |TAMS 0x0000000085300000, 0x0000000085300000| Untracked 
|  18|0x0000000085400000, 0x0000000085400000, 0x0000000085500000|  0%| F|  |TAMS 0x0000000085400000, 0x0000000085400000| Untracked 
|  19|0x0000000085500000, 0x0000000085500000, 0x0000000085600000|  0%| F|  |TAMS 0x0000000085500000, 0x0000000085500000| Untracked 
|  20|0x0000000085600000, 0x0000000085600000, 0x0000000085700000|  0%| F|  |TAMS 0x0000000085600000, 0x0000000085600000| Untracked 
|  21|0x0000000085700000, 0x0000000085700000, 0x0000000085800000|  0%| F|  |TAMS 0x0000000085700000, 0x0000000085700000| Untracked 
|  22|0x0000000085800000, 0x0000000085800000, 0x0000000085900000|  0%| F|  |TAMS 0x0000000085800000, 0x0000000085800000| Untracked 
|  23|0x0000000085900000, 0x0000000085900000, 0x0000000085a00000|  0%| F|  |TAMS 0x0000000085900000, 0x0000000085900000| Untracked 
|  24|0x0000000085a00000, 0x0000000085a00000, 0x0000000085b00000|  0%| F|  |TAMS 0x0000000085a00000, 0x0000000085a00000| Untracked 
|  25|0x0000000085b00000, 0x0000000085b00000, 0x0000000085c00000|  0%| F|  |TAMS 0x0000000085b00000, 0x0000000085b00000| Untracked 
|  26|0x0000000085c00000, 0x0000000085c00000, 0x0000000085d00000|  0%| F|  |TAMS 0x0000000085c00000, 0x0000000085c00000| Untracked 
|  27|0x0000000085d00000, 0x0000000085d00000, 0x0000000085e00000|  0%| F|  |TAMS 0x0000000085d00000, 0x0000000085d00000| Untracked 
|  28|0x0000000085e00000, 0x0000000085e00000, 0x0000000085f00000|  0%| F|  |TAMS 0x0000000085e00000, 0x0000000085e00000| Untracked 
|  29|0x0000000085f00000, 0x0000000085f00000, 0x0000000086000000|  0%| F|  |TAMS 0x0000000085f00000, 0x0000000085f00000| Untracked 
|  30|0x0000000086000000, 0x0000000086000000, 0x0000000086100000|  0%| F|  |TAMS 0x0000000086000000, 0x0000000086000000| Untracked 
|  31|0x0000000086100000, 0x0000000086100000, 0x0000000086200000|  0%| F|  |TAMS 0x0000000086100000, 0x0000000086100000| Untracked 
|  32|0x0000000086200000, 0x0000000086200000, 0x0000000086300000|  0%| F|  |TAMS 0x0000000086200000, 0x0000000086200000| Untracked 
|  33|0x0000000086300000, 0x0000000086300000, 0x0000000086400000|  0%| F|  |TAMS 0x0000000086300000, 0x0000000086300000| Untracked 
|  34|0x0000000086400000, 0x0000000086400000, 0x0000000086500000|  0%| F|  |TAMS 0x0000000086400000, 0x0000000086400000| Untracked 
|  35|0x0000000086500000, 0x0000000086500000, 0x0000000086600000|  0%| F|  |TAMS 0x0000000086500000, 0x0000000086500000| Untracked 
|  36|0x0000000086600000, 0x0000000086600000, 0x0000000086700000|  0%| F|  |TAMS 0x0000000086600000, 0x0000000086600000| Untracked 
|  37|0x0000000086700000, 0x0000000086700000, 0x0000000086800000|  0%| F|  |TAMS 0x0000000086700000, 0x0000000086700000| Untracked 
|  38|0x0000000086800000, 0x0000000086800000, 0x0000000086900000|  0%| F|  |TAMS 0x0000000086800000, 0x0000000086800000| Untracked 
|  39|0x0000000086900000, 0x0000000086900000, 0x0000000086a00000|  0%| F|  |TAMS 0x0000000086900000, 0x0000000086900000| Untracked 
|  40|0x0000000086a00000, 0x0000000086a00000, 0x0000000086b00000|  0%| F|  |TAMS 0x0000000086a00000, 0x0000000086a00000| Untracked 
|  41|0x0000000086b00000, 0x0000000086b00000, 0x0000000086c00000|  0%| F|  |TAMS 0x0000000086b00000, 0x0000000086b00000| Untracked 
|  42|0x0000000086c00000, 0x0000000086c00000, 0x0000000086d00000|  0%| F|  |TAMS 0x0000000086c00000, 0x0000000086c00000| Untracked 
|  43|0x0000000086d00000, 0x0000000086d00000, 0x0000000086e00000|  0%| F|  |TAMS 0x0000000086d00000, 0x0000000086d00000| Untracked 
|  44|0x0000000086e00000, 0x0000000086e00000, 0x0000000086f00000|  0%| F|  |TAMS 0x0000000086e00000, 0x0000000086e00000| Untracked 
|  45|0x0000000086f00000, 0x0000000086f00000, 0x0000000087000000|  0%| F|  |TAMS 0x0000000086f00000, 0x0000000086f00000| Untracked 
|  46|0x0000000087000000, 0x0000000087000000, 0x0000000087100000|  0%| F|  |TAMS 0x0000000087000000, 0x0000000087000000| Untracked 
|  47|0x0000000087100000, 0x0000000087100000, 0x0000000087200000|  0%| F|  |TAMS 0x0000000087100000, 0x0000000087100000| Untracked 
|  48|0x0000000087200000, 0x0000000087200000, 0x0000000087300000|  0%| F|  |TAMS 0x0000000087200000, 0x0000000087200000| Untracked 
|  49|0x0000000087300000, 0x0000000087300000, 0x0000000087400000|  0%| F|  |TAMS 0x0000000087300000, 0x0000000087300000| Untracked 
|  50|0x0000000087400000, 0x0000000087400000, 0x0000000087500000|  0%| F|  |TAMS 0x0000000087400000, 0x0000000087400000| Untracked 
|  51|0x0000000087500000, 0x0000000087500000, 0x0000000087600000|  0%| F|  |TAMS 0x0000000087500000, 0x0000000087500000| Untracked 
|  52|0x0000000087600000, 0x0000000087600000, 0x0000000087700000|  0%| F|  |TAMS 0x0000000087600000, 0x0000000087600000| Untracked 
|  53|0x0000000087700000, 0x0000000087700000, 0x0000000087800000|  0%| F|  |TAMS 0x0000000087700000, 0x0000000087700000| Untracked 
|  54|0x0000000087800000, 0x0000000087800000, 0x0000000087900000|  0%| F|  |TAMS 0x0000000087800000, 0x0000000087800000| Untracked 
|  55|0x0000000087900000, 0x0000000087900000, 0x0000000087a00000|  0%| F|  |TAMS 0x0000000087900000, 0x0000000087900000| Untracked 
|  56|0x0000000087a00000, 0x0000000087a00000, 0x0000000087b00000|  0%| F|  |TAMS 0x0000000087a00000, 0x0000000087a00000| Untracked 
|  57|0x0000000087b00000, 0x0000000087b00000, 0x0000000087c00000|  0%| F|  |TAMS 0x0000000087b00000, 0x0000000087b00000| Untracked 
|  58|0x0000000087c00000, 0x0000000087c00000, 0x0000000087d00000|  0%| F|  |TAMS 0x0000000087c00000, 0x0000000087c00000| Untracked 
|  59|0x0000000087d00000, 0x0000000087d00000, 0x0000000087e00000|  0%| F|  |TAMS 0x0000000087d00000, 0x0000000087d00000| Untracked 
|  60|0x0000000087e00000, 0x0000000087e00000, 0x0000000087f00000|  0%| F|  |TAMS 0x0000000087e00000, 0x0000000087e00000| Untracked 
|  61|0x0000000087f00000, 0x0000000087f00000, 0x0000000088000000|  0%| F|  |TAMS 0x0000000087f00000, 0x0000000087f00000| Untracked 
|  62|0x0000000088000000, 0x0000000088000000, 0x0000000088100000|  0%| F|  |TAMS 0x0000000088000000, 0x0000000088000000| Untracked 
|  63|0x0000000088100000, 0x0000000088100000, 0x0000000088200000|  0%| F|  |TAMS 0x0000000088100000, 0x0000000088100000| Untracked 
|  64|0x0000000088200000, 0x0000000088200000, 0x0000000088300000|  0%| F|  |TAMS 0x0000000088200000, 0x0000000088200000| Untracked 
|  65|0x0000000088300000, 0x0000000088300000, 0x0000000088400000|  0%| F|  |TAMS 0x0000000088300000, 0x0000000088300000| Untracked 
|  66|0x0000000088400000, 0x0000000088400000, 0x0000000088500000|  0%| F|  |TAMS 0x0000000088400000, 0x0000000088400000| Untracked 
|  67|0x0000000088500000, 0x0000000088500000, 0x0000000088600000|  0%| F|  |TAMS 0x0000000088500000, 0x0000000088500000| Untracked 
|  68|0x0000000088600000, 0x0000000088600000, 0x0000000088700000|  0%| F|  |TAMS 0x0000000088600000, 0x0000000088600000| Untracked 
|  69|0x0000000088700000, 0x0000000088700000, 0x0000000088800000|  0%| F|  |TAMS 0x0000000088700000, 0x0000000088700000| Untracked 
|  70|0x0000000088800000, 0x0000000088800000, 0x0000000088900000|  0%| F|  |TAMS 0x0000000088800000, 0x0000000088800000| Untracked 
|  71|0x0000000088900000, 0x0000000088900000, 0x0000000088a00000|  0%| F|  |TAMS 0x0000000088900000, 0x0000000088900000| Untracked 
|  72|0x0000000088a00000, 0x0000000088a00000, 0x0000000088b00000|  0%| F|  |TAMS 0x0000000088a00000, 0x0000000088a00000| Untracked 
|  73|0x0000000088b00000, 0x0000000088b00000, 0x0000000088c00000|  0%| F|  |TAMS 0x0000000088b00000, 0x0000000088b00000| Untracked 
|  74|0x0000000088c00000, 0x0000000088c00000, 0x0000000088d00000|  0%| F|  |TAMS 0x0000000088c00000, 0x0000000088c00000| Untracked 
|  75|0x0000000088d00000, 0x0000000088d00000, 0x0000000088e00000|  0%| F|  |TAMS 0x0000000088d00000, 0x0000000088d00000| Untracked 
|  76|0x0000000088e00000, 0x0000000088e00000, 0x0000000088f00000|  0%| F|  |TAMS 0x0000000088e00000, 0x0000000088e00000| Untracked 
|  77|0x0000000088f00000, 0x0000000088f00000, 0x0000000089000000|  0%| F|  |TAMS 0x0000000088f00000, 0x0000000088f00000| Untracked 
|  78|0x0000000089000000, 0x0000000089000000, 0x0000000089100000|  0%| F|  |TAMS 0x0000000089000000, 0x0000000089000000| Untracked 
|  79|0x0000000089100000, 0x0000000089100000, 0x0000000089200000|  0%| F|  |TAMS 0x0000000089100000, 0x0000000089100000| Untracked 
|  80|0x0000000089200000, 0x0000000089200000, 0x0000000089300000|  0%| F|  |TAMS 0x0000000089200000, 0x0000000089200000| Untracked 
|  81|0x0000000089300000, 0x0000000089300000, 0x0000000089400000|  0%| F|  |TAMS 0x0000000089300000, 0x0000000089300000| Untracked 
|  82|0x0000000089400000, 0x0000000089400000, 0x0000000089500000|  0%| F|  |TAMS 0x0000000089400000, 0x0000000089400000| Untracked 
|  83|0x0000000089500000, 0x0000000089500000, 0x0000000089600000|  0%| F|  |TAMS 0x0000000089500000, 0x0000000089500000| Untracked 
|  84|0x0000000089600000, 0x0000000089600000, 0x0000000089700000|  0%| F|  |TAMS 0x0000000089600000, 0x0000000089600000| Untracked 
|  85|0x0000000089700000, 0x0000000089700000, 0x0000000089800000|  0%| F|  |TAMS 0x0000000089700000, 0x0000000089700000| Untracked 
|  86|0x0000000089800000, 0x0000000089800000, 0x0000000089900000|  0%| F|  |TAMS 0x0000000089800000, 0x0000000089800000| Untracked 
|  87|0x0000000089900000, 0x0000000089900000, 0x0000000089a00000|  0%| F|  |TAMS 0x0000000089900000, 0x0000000089900000| Untracked 
|  88|0x0000000089a00000, 0x0000000089a00000, 0x0000000089b00000|  0%| F|  |TAMS 0x0000000089a00000, 0x0000000089a00000| Untracked 
|  89|0x0000000089b00000, 0x0000000089b00000, 0x0000000089c00000|  0%| F|  |TAMS 0x0000000089b00000, 0x0000000089b00000| Untracked 
|  90|0x0000000089c00000, 0x0000000089c00000, 0x0000000089d00000|  0%| F|  |TAMS 0x0000000089c00000, 0x0000000089c00000| Untracked 
|  91|0x0000000089d00000, 0x0000000089d00000, 0x0000000089e00000|  0%| F|  |TAMS 0x0000000089d00000, 0x0000000089d00000| Untracked 
|  92|0x0000000089e00000, 0x0000000089e00000, 0x0000000089f00000|  0%| F|  |TAMS 0x0000000089e00000, 0x0000000089e00000| Untracked 
|  93|0x0000000089f00000, 0x0000000089f00000, 0x000000008a000000|  0%| F|  |TAMS 0x0000000089f00000, 0x0000000089f00000| Untracked 
|  94|0x000000008a000000, 0x000000008a000000, 0x000000008a100000|  0%| F|  |TAMS 0x000000008a000000, 0x000000008a000000| Untracked 
|  95|0x000000008a100000, 0x000000008a100000, 0x000000008a200000|  0%| F|  |TAMS 0x000000008a100000, 0x000000008a100000| Untracked 
|  96|0x000000008a200000, 0x000000008a200000, 0x000000008a300000|  0%| F|  |TAMS 0x000000008a200000, 0x000000008a200000| Untracked 
|  97|0x000000008a300000, 0x000000008a300000, 0x000000008a400000|  0%| F|  |TAMS 0x000000008a300000, 0x000000008a300000| Untracked 
|  98|0x000000008a400000, 0x000000008a400000, 0x000000008a500000|  0%| F|  |TAMS 0x000000008a400000, 0x000000008a400000| Untracked 
|  99|0x000000008a500000, 0x000000008a500000, 0x000000008a600000|  0%| F|  |TAMS 0x000000008a500000, 0x000000008a500000| Untracked 
| 100|0x000000008a600000, 0x000000008a600000, 0x000000008a700000|  0%| F|  |TAMS 0x000000008a600000, 0x000000008a600000| Untracked 
| 101|0x000000008a700000, 0x000000008a700000, 0x000000008a800000|  0%| F|  |TAMS 0x000000008a700000, 0x000000008a700000| Untracked 
| 102|0x000000008a800000, 0x000000008a800000, 0x000000008a900000|  0%| F|  |TAMS 0x000000008a800000, 0x000000008a800000| Untracked 
| 103|0x000000008a900000, 0x000000008a900000, 0x000000008aa00000|  0%| F|  |TAMS 0x000000008a900000, 0x000000008a900000| Untracked 
| 104|0x000000008aa00000, 0x000000008aa00000, 0x000000008ab00000|  0%| F|  |TAMS 0x000000008aa00000, 0x000000008aa00000| Untracked 
| 105|0x000000008ab00000, 0x000000008ab00000, 0x000000008ac00000|  0%| F|  |TAMS 0x000000008ab00000, 0x000000008ab00000| Untracked 
| 106|0x000000008ac00000, 0x000000008ac00000, 0x000000008ad00000|  0%| F|  |TAMS 0x000000008ac00000, 0x000000008ac00000| Untracked 
| 107|0x000000008ad00000, 0x000000008ad00000, 0x000000008ae00000|  0%| F|  |TAMS 0x000000008ad00000, 0x000000008ad00000| Untracked 
| 108|0x000000008ae00000, 0x000000008ae00000, 0x000000008af00000|  0%| F|  |TAMS 0x000000008ae00000, 0x000000008ae00000| Untracked 
| 109|0x000000008af00000, 0x000000008b000000, 0x000000008b000000|100%| S|CS|TAMS 0x000000008af00000, 0x000000008af00000| Complete 
| 110|0x000000008b000000, 0x000000008b100000, 0x000000008b100000|100%| S|CS|TAMS 0x000000008b000000, 0x000000008b000000| Complete 
| 111|0x000000008b100000, 0x000000008b100000, 0x000000008b200000|  0%| F|  |TAMS 0x000000008b100000, 0x000000008b100000| Untracked 
| 112|0x000000008b200000, 0x000000008b200000, 0x000000008b300000|  0%| F|  |TAMS 0x000000008b200000, 0x000000008b200000| Untracked 
| 113|0x000000008b300000, 0x000000008b300000, 0x000000008b400000|  0%| F|  |TAMS 0x000000008b300000, 0x000000008b300000| Untracked 
| 114|0x000000008b400000, 0x000000008b400000, 0x000000008b500000|  0%| F|  |TAMS 0x000000008b400000, 0x000000008b400000| Untracked 
| 115|0x000000008b500000, 0x000000008b500000, 0x000000008b600000|  0%| F|  |TAMS 0x000000008b500000, 0x000000008b500000| Untracked 
| 116|0x000000008b600000, 0x000000008b600000, 0x000000008b700000|  0%| F|  |TAMS 0x000000008b600000, 0x000000008b600000| Untracked 
| 117|0x000000008b700000, 0x000000008b700000, 0x000000008b800000|  0%| F|  |TAMS 0x000000008b700000, 0x000000008b700000| Untracked 
| 118|0x000000008b800000, 0x000000008b82aff8, 0x000000008b900000| 16%| E|  |TAMS 0x000000008b800000, 0x000000008b800000| Complete 
| 119|0x000000008b900000, 0x000000008ba00000, 0x000000008ba00000|100%| E|CS|TAMS 0x000000008b900000, 0x000000008b900000| Complete 
| 120|0x000000008ba00000, 0x000000008bb00000, 0x000000008bb00000|100%| E|CS|TAMS 0x000000008ba00000, 0x000000008ba00000| Complete 
| 121|0x000000008bb00000, 0x000000008bc00000, 0x000000008bc00000|100%| E|CS|TAMS 0x000000008bb00000, 0x000000008bb00000| Complete 
| 122|0x000000008bc00000, 0x000000008bd00000, 0x000000008bd00000|100%| E|CS|TAMS 0x000000008bc00000, 0x000000008bc00000| Complete 
| 123|0x000000008bd00000, 0x000000008be00000, 0x000000008be00000|100%| E|CS|TAMS 0x000000008bd00000, 0x000000008bd00000| Complete 

Card table byte_map: [0x0000022d4d6f0000,0x0000022d4dad0000] _byte_map_base: 0x0000022d4d2cf000

Marking Bits (Prev, Next): (CMBitMap*) 0x0000022d38b105e0, (CMBitMap*) 0x0000022d38b10620
 Prev Bits: [0x0000022d4deb0000, 0x0000022d4fda8000)
 Next Bits: [0x0000022d4fdb0000, 0x0000022d51ca8000)

Polling page: 0x0000022d38bb0000

Metaspace:

Usage:
  Non-class:     16.22 MB capacity,    16.12 MB (>99%) used,    84.12 KB ( <1%) free+waste,    20.88 KB ( <1%) overhead. 
      Class:      1.82 MB capacity,     1.75 MB ( 96%) used,    71.65 KB (  4%) free+waste,     7.06 KB ( <1%) overhead. 
       Both:     18.05 MB capacity,    17.87 MB (>99%) used,   155.77 KB ( <1%) free+waste,    27.94 KB ( <1%) overhead. 

Virtual space:
  Non-class space:       18.00 MB reserved,      16.25 MB ( 90%) committed 
      Class space:        1.00 GB reserved,       1.88 MB ( <1%) committed 
             Both:        1.02 GB reserved,      18.12 MB (  2%) committed 

Chunk freelists:
   Non-Class:  28.00 KB
       Class:  20.00 KB
        Both:  48.00 KB

MaxMetaspaceSize: 17179869184.00 GB
CompressedClassSpaceSize: 1.00 GB

CodeHeap 'non-profiled nmethods': size=120000Kb used=476Kb max_used=476Kb free=119523Kb
 bounds [0x0000022d457c0000, 0x0000022d45a30000, 0x0000022d4ccf0000]
CodeHeap 'profiled nmethods': size=120000Kb used=2620Kb max_used=2620Kb free=117379Kb
 bounds [0x0000022d3e290000, 0x0000022d3e520000, 0x0000022d457c0000]
CodeHeap 'non-nmethods': size=5760Kb used=1380Kb max_used=1398Kb free=4379Kb
 bounds [0x0000022d3dcf0000, 0x0000022d3df60000, 0x0000022d3e290000]
 total_blobs=2137 nmethods=1543 adapters=508
 compilation: enabled
              stopped_count=0, restarted_count=0
 full_count=0

Compilation events (20 events):
Event: 345.205 Thread 0x0000022d54b69410 1534       4       javax.swing.JComponent::getFontMetrics (6 bytes)
Event: 345.269 Thread 0x0000022d54b69410 nmethod 1534 0x0000022d4582f690 code [0x0000022d4582f980, 0x0000022d45832130]
Event: 345.270 Thread 0x0000022d54b69410 1535       4       sun.swing.SwingUtilities2::getFRCProperty (38 bytes)
Event: 345.290 Thread 0x0000022d54b69410 nmethod 1535 0x0000022d45833610 code [0x0000022d45833860, 0x0000022d45834dc8]
Event: 345.718 Thread 0x0000022d54b69410 1536       4       sun.java2d.SunGraphics2D::validateColor (102 bytes)
Event: 345.725 Thread 0x0000022d54b69410 nmethod 1536 0x0000022d45835990 code [0x0000022d45835b40, 0x0000022d45835f18]
Event: 353.382 Thread 0x0000022d54b69410 1537       4       sun.font.FontDesignMetrics$MetricsKey::equals (49 bytes)
Event: 353.390 Thread 0x0000022d54b69410 nmethod 1537 0x0000022d45836210 code [0x0000022d458363a0, 0x0000022d458365b8]
Event: 353.390 Thread 0x0000022d54b69410 1538       4       java.awt.Font::equals (131 bytes)
Event: 353.391 Thread 0x0000022d54b69410 nmethod 1538 0x0000022d45836790 code [0x0000022d45836900, 0x0000022d45836978]
Event: 356.461 Thread 0x0000022d54b69410 1539       4       javax.swing.JComponent::getGraphics (33 bytes)
Event: 356.463 Thread 0x0000022d54b69410 nmethod 1539 0x0000022d45836a90 code [0x0000022d45836c20, 0x0000022d45836cc8]
Event: 362.610 Thread 0x0000022d54b69410 1540       4       java.awt.Image$1::getSurfaceManager (5 bytes)
Event: 362.612 Thread 0x0000022d54b69410 nmethod 1540 0x0000022d45836d90 code [0x0000022d45836f00, 0x0000022d45836f98]
Event: 371.147 Thread 0x0000022d54bdec80 1541       3       java.lang.invoke.MethodType::dropParameterTypes (162 bytes)
Event: 371.149 Thread 0x0000022d54bdec80 nmethod 1541 0x0000022d3e51a290 code [0x0000022d3e51a5a0, 0x0000022d3e51b4e8]
Event: 371.167 Thread 0x0000022d54bdec80 1542   !   3       sun.awt.AWTAutoShutdown::setToolkitBusy (124 bytes)
Event: 371.169 Thread 0x0000022d54bdec80 nmethod 1542 0x0000022d3e51ba10 code [0x0000022d3e51bc20, 0x0000022d3e51c228]
Event: 371.174 Thread 0x0000022d54bdec80 1543       3       java.awt.Component::isLightweight (8 bytes)
Event: 371.174 Thread 0x0000022d54bdec80 nmethod 1543 0x0000022d3e51c590 code [0x0000022d3e51c720, 0x0000022d3e51c938]

GC Heap History (2 events):
Event: 3.526 GC heap before
{Heap before GC invocations=0 (full 0):
 garbage-first heap   total 126976K, used 13312K [0x0000000084200000, 0x0000000100000000)
  region size 1024K, 13 young (13312K), 0 survivors (0K)
 Metaspace       used 16760K, capacity 16917K, committed 17152K, reserved 1064960K
  class space    used 1653K, capacity 1732K, committed 1792K, reserved 1048576K
}
Event: 3.657 GC heap after
{Heap after GC invocations=1 (full 0):
 garbage-first heap   total 126976K, used 2418K [0x0000000084200000, 0x0000000100000000)
  region size 1024K, 2 young (2048K), 2 survivors (2048K)
 Metaspace       used 16760K, capacity 16917K, committed 17152K, reserved 1064960K
  class space    used 1653K, capacity 1732K, committed 1792K, reserved 1048576K
}

Deoptimization events (20 events):
Event: 370.958 Thread 0x0000022d555ce420 Uncommon trap: trap_request=0xffffff45 fr.pc=0x0000022d45828924 relative=0x0000000000000104
Event: 370.958 Thread 0x0000022d555ce420 Uncommon trap: reason=unstable_if action=reinterpret pc=0x0000022d45828924 method=java.security.AccessControlContext.optimize()Ljava/security/AccessControlContext; @ 11 c2
Event: 370.958 Thread 0x0000022d555ce420 DEOPT PACKING pc=0x0000022d45828924 sp=0x000000bdbf7fddd0
Event: 370.958 Thread 0x0000022d555ce420 DEOPT UNPACKING pc=0x0000022d3dd3e129 sp=0x000000bdbf7fdd30 mode 2
Event: 371.149 Thread 0x0000022d556d3c30 Uncommon trap: trap_request=0xffffffde fr.pc=0x0000022d457caf24 relative=0x0000000000000184
Event: 371.149 Thread 0x0000022d556d3c30 Uncommon trap: reason=class_check action=maybe_recompile pc=0x0000022d457caf24 method=java.lang.String.equals(Ljava/lang/Object;)Z @ 8 c2
Event: 371.149 Thread 0x0000022d556d3c30 DEOPT PACKING pc=0x0000022d457caf24 sp=0x000000bdbf9fdf00
Event: 371.149 Thread 0x0000022d556d3c30 DEOPT UNPACKING pc=0x0000022d3dd3e129 sp=0x000000bdbf9fde98 mode 2
Event: 371.149 Thread 0x0000022d556d3c30 Uncommon trap: trap_request=0xffffffde fr.pc=0x0000022d457caf24 relative=0x0000000000000184
Event: 371.149 Thread 0x0000022d556d3c30 Uncommon trap: reason=class_check action=maybe_recompile pc=0x0000022d457caf24 method=java.lang.String.equals(Ljava/lang/Object;)Z @ 8 c2
Event: 371.149 Thread 0x0000022d556d3c30 DEOPT PACKING pc=0x0000022d457caf24 sp=0x000000bdbf9fde60
Event: 371.149 Thread 0x0000022d556d3c30 DEOPT UNPACKING pc=0x0000022d3dd3e129 sp=0x000000bdbf9fde08 mode 2
Event: 371.149 Thread 0x0000022d556d3c30 Uncommon trap: trap_request=0xffffffde fr.pc=0x0000022d457caf24 relative=0x0000000000000184
Event: 371.149 Thread 0x0000022d556d3c30 Uncommon trap: reason=class_check action=maybe_recompile pc=0x0000022d457caf24 method=java.lang.String.equals(Ljava/lang/Object;)Z @ 8 c2
Event: 371.149 Thread 0x0000022d556d3c30 DEOPT PACKING pc=0x0000022d457caf24 sp=0x000000bdbf9fddd0
Event: 371.149 Thread 0x0000022d556d3c30 DEOPT UNPACKING pc=0x0000022d3dd3e129 sp=0x000000bdbf9fdd78 mode 2
Event: 371.174 Thread 0x0000022d556d3c30 Uncommon trap: trap_request=0xffffff45 fr.pc=0x0000022d4582e5e8 relative=0x0000000000000068
Event: 371.174 Thread 0x0000022d556d3c30 Uncommon trap: reason=unstable_if action=reinterpret pc=0x0000022d4582e5e8 method=javax.swing.JComponent.getClientProperty(Ljava/lang/Object;)Ljava/lang/Object; @ 4 c2
Event: 371.174 Thread 0x0000022d556d3c30 DEOPT PACKING pc=0x0000022d4582e5e8 sp=0x000000bdbf9fe790
Event: 371.174 Thread 0x0000022d556d3c30 DEOPT UNPACKING pc=0x0000022d3dd3e129 sp=0x000000bdbf9fe718 mode 2

Classes unloaded (0 events):
No events

Classes redefined (2 events):
Event: 215.791 Thread 0x0000022d54304040 redefined class name=lista01.Exercicio07, count=1
Event: 336.621 Thread 0x0000022d54304040 redefined class name=lista01.Exercicio07, count=2

Internal exceptions (16 events):
Event: 0.899 Thread 0x0000022d38ace510 Exception <a 'java/lang/NoSuchMethodError'{0x000000008bb1ea60}: 'void java.lang.invoke.DirectMethodHandle$Holder.invokeStatic(java.lang.Object, java.lang.Object)'> (0x000000008bb1ea60) 
thrown [./open/src/hotspot/share/interpreter/linkResolver.cpp, line 782]
Event: 0.901 Thread 0x0000022d38ace510 Exception <a 'java/lang/NoSuchMethodError'{0x000000008bb22708}: 'void java.lang.invoke.DirectMethodHandle$Holder.invokeStaticInit(java.lang.Object, java.lang.Object)'> (0x000000008bb22708) 
thrown [./open/src/hotspot/share/interpreter/linkResolver.cpp, line 782]
Event: 1.334 Thread 0x0000022d38ace510 Exception <a 'java/lang/NoSuchMethodError'{0x000000008b903aa8}: 'java.lang.Object java.lang.invoke.DirectMethodHandle$Holder.invokeStatic(java.lang.Object)'> (0x000000008b903aa8) 
thrown [./open/src/hotspot/share/interpreter/linkResolver.cpp, line 782]
Event: 1.649 Thread 0x0000022d38ace510 Exception <a 'java/lang/NoSuchMethodError'{0x000000008b83c018}: 'void java.lang.invoke.DirectMethodHandle$Holder.invokeSpecial(java.lang.Object, java.lang.Object, java.lang.Object)'> (0x000000008b83c018) 
thrown [./open/src/hotspot/share/interpreter/linkResolver.cpp, line 782]
Event: 1.670 Thread 0x0000022d38ace510 Exception <a 'java/lang/ClassNotFoundException'{0x000000008b87b720}: sun/awt/resources/spi/awtProvider> (0x000000008b87b720) 
thrown [./open/src/hotspot/share/classfile/systemDictionary.cpp, line 295]
Event: 1.802 Thread 0x0000022d38ace510 Exception <a 'java/io/FileNotFoundException'{0x000000008b8d9760}> (0x000000008b8d9760) 
thrown [./open/src/hotspot/share/prims/jni.cpp, line 578]
Event: 1.831 Thread 0x0000022d38ace510 Exception <a 'java/io/FileNotFoundException'{0x000000008b70a948}> (0x000000008b70a948) 
thrown [./open/src/hotspot/share/prims/jni.cpp, line 578]
Event: 2.044 Thread 0x0000022d38ace510 Exception <a 'java/lang/NoSuchMethodError'{0x000000008b61cc48}: 'java.lang.Object java.lang.invoke.DirectMethodHandle$Holder.invokeStaticInit(java.lang.Object)'> (0x000000008b61cc48) 
thrown [./open/src/hotspot/share/interpreter/linkResolver.cpp, line 782]
Event: 2.241 Thread 0x0000022d38ace510 Exception <a 'java/lang/NoSuchMethodError'{0x000000008b51da48}: 'java.lang.Object java.lang.invoke.DirectMethodHandle$Holder.newInvokeSpecial(java.lang.Object, java.lang.Object, java.lang.Object, java.lang.Object, java.lang.Object)'> (0x000000008b51da48) 
thrown [./open/src/hotspot/share/interpreter/linkResolver.cpp, line 782]
Event: 2.249 Thread 0x0000022d38ace510 Exception <a 'java/lang/NoSuchMethodError'{0x000000008b5294d8}: 'java.lang.Object java.lang.invoke.DirectMethodHandle$Holder.invokeStatic(java.lang.Object, int, java.lang.Object, java.lang.Object, java.lang.Object, java.lang.Object)'> (0x000000008b5294d8) 
thrown [./open/src/hotspot/share/interpreter/linkResolver.cpp, line 782]
Event: 2.272 Thread 0x0000022d38ace510 Exception <a 'java/lang/NoSuchMethodError'{0x000000008b550018}: 'java.lang.Object java.lang.invoke.DirectMethodHandle$Holder.invokeStatic(java.lang.Object, int, java.lang.Object)'> (0x000000008b550018) 
thrown [./open/src/hotspot/share/interpreter/linkResolver.cpp, line 782]
Event: 2.473 Thread 0x0000022d38ace510 Exception <a 'java/lang/ClassNotFoundException'{0x000000008b439b58}: com/sun/swing/internal/plaf/metal/resources/spi/metalProvider> (0x000000008b439b58) 
thrown [./open/src/hotspot/share/classfile/systemDictionary.cpp, line 295]
Event: 2.520 Thread 0x0000022d38ace510 Exception <a 'java/lang/ClassNotFoundException'{0x000000008b4403e0}: com/sun/swing/internal/plaf/basic/resources/spi/basicProvider> (0x000000008b4403e0) 
thrown [./open/src/hotspot/share/classfile/systemDictionary.cpp, line 295]
Event: 2.567 Thread 0x0000022d556367b0 Exception <a 'java/lang/NoSuchMethodError'{0x000000008b4e1c80}: 'java.lang.Object java.lang.invoke.DirectMethodHandle$Holder.newInvokeSpecial(java.lang.Object, java.lang.Object, java.lang.Object, int, int, int, int, int)'> (0x000000008b4e1c80) 
thrown [./open/src/hotspot/share/interpreter/linkResolver.cpp, line 782]
Event: 3.518 Thread 0x0000022d38ace510 Exception <a 'java/lang/NoSuchMethodError'{0x000000008b1efcb8}: 'void java.lang.invoke.DirectMethodHandle$Holder.invokeStaticInit(java.lang.Object)'> (0x000000008b1efcb8) 
thrown [./open/src/hotspot/share/interpreter/linkResolver.cpp, line 782]
Event: 3.988 Thread 0x0000022d38ace510 Exception <a 'java/lang/NoSuchMethodError'{0x000000008bc1e1c8}: 'int java.lang.invoke.DirectMethodHandle$Holder.invokeStatic(java.lang.Object)'> (0x000000008bc1e1c8) 
thrown [./open/src/hotspot/share/interpreter/linkResolver.cpp, line 782]

Events (20 events):
Event: 371.169 loading class java/awt/Window$1DisposeAction done
Event: 371.170 loading class java/awt/EventQueue$1AWTInvocationLock
Event: 371.170 loading class java/awt/EventQueue$1AWTInvocationLock done
Event: 371.170 loading class javax/swing/MenuElement
Event: 371.170 loading class javax/swing/MenuElement done
Event: 371.171 loading class javax/swing/JMenuBar done
Event: 371.171 loading class javax/swing/Popup$HeavyWeightWindow
Event: 371.171 loading class sun/awt/ModalExclude
Event: 371.171 loading class sun/awt/ModalExclude done
Event: 371.171 loading class javax/swing/JWindow
Event: 371.172 loading class javax/swing/JWindow done
Event: 371.172 loading class javax/swing/Popup$HeavyWeightWindow done
Event: 371.177 loading class javax/swing/Autoscroller
Event: 371.178 loading class javax/swing/Autoscroller done
Event: 371.178 loading class java/awt/LightweightDispatcher$2
Event: 371.179 loading class java/awt/LightweightDispatcher$2 done
Event: 371.179 loading class java/awt/event/AWTEventListenerProxy
Event: 371.179 loading class java/awt/event/AWTEventListenerProxy done
Event: 371.179 loading class java/awt/Toolkit$ToolkitEventMulticaster
Event: 371.179 loading class java/awt/Toolkit$ToolkitEventMulticaster done


Dynamic libraries:
0x00007ff6b7130000 - 0x00007ff6b713d000 	C:\eclipse\plugins\org.eclipse.justj.openjdk.hotspot.jre.full.win32.x86_64_15.0.1.v20201027-0507\jre\bin\javaw.exe
0x00007ff9cfb30000 - 0x00007ff9cfd25000 	C:\Windows\SYSTEM32\ntdll.dll
0x00007ff9cea20000 - 0x00007ff9ceadd000 	C:\Windows\System32\KERNEL32.DLL
0x00007ff9cd3d0000 - 0x00007ff9cd697000 	C:\Windows\System32\KERNELBASE.dll
0x00007ff9cd7a0000 - 0x00007ff9cd8a0000 	C:\Windows\System32\ucrtbase.dll
0x00007ff9c86d0000 - 0x00007ff9c86e8000 	C:\eclipse\plugins\org.eclipse.justj.openjdk.hotspot.jre.full.win32.x86_64_15.0.1.v20201027-0507\jre\bin\jli.dll
0x00007ff9cf150000 - 0x00007ff9cf2f0000 	C:\Windows\System32\USER32.dll
0x00007ff9cdb60000 - 0x00007ff9cdb82000 	C:\Windows\System32\win32u.dll
0x00007ff9cdef0000 - 0x00007ff9cdf1a000 	C:\Windows\System32\GDI32.dll
0x00007ff9cda20000 - 0x00007ff9cdb29000 	C:\Windows\System32\gdi32full.dll
0x00007ff9cd8a0000 - 0x00007ff9cd93d000 	C:\Windows\System32\msvcp_win.dll
0x00007ff9c0b80000 - 0x00007ff9c0b99000 	C:\eclipse\plugins\org.eclipse.justj.openjdk.hotspot.jre.full.win32.x86_64_15.0.1.v20201027-0507\jre\bin\VCRUNTIME140.dll
0x00007ff9b6910000 - 0x00007ff9b6bab000 	C:\Windows\WinSxS\amd64_microsoft.windows.common-controls_6595b64144ccf1df_6.0.19041.488_none_ca04af081b815d21\COMCTL32.dll
0x00007ff9cf370000 - 0x00007ff9cf40e000 	C:\Windows\System32\msvcrt.dll
0x00007ff9ce810000 - 0x00007ff9ce840000 	C:\Windows\System32\IMM32.DLL
0x00007ff9c0b70000 - 0x00007ff9c0b7c000 	C:\eclipse\plugins\org.eclipse.justj.openjdk.hotspot.jre.full.win32.x86_64_15.0.1.v20201027-0507\jre\bin\vcruntime140_1.dll
0x00007ff9c0ad0000 - 0x00007ff9c0b61000 	C:\eclipse\plugins\org.eclipse.justj.openjdk.hotspot.jre.full.win32.x86_64_15.0.1.v20201027-0507\jre\bin\msvcp140.dll
0x00007ff9a54c0000 - 0x00007ff9a601e000 	C:\eclipse\plugins\org.eclipse.justj.openjdk.hotspot.jre.full.win32.x86_64_15.0.1.v20201027-0507\jre\bin\server\jvm.dll
0x00007ff9ce970000 - 0x00007ff9cea1a000 	C:\Windows\System32\ADVAPI32.dll
0x00007ff9ceb40000 - 0x00007ff9cebdb000 	C:\Windows\System32\sechost.dll
0x00007ff9cf9b0000 - 0x00007ff9cfad4000 	C:\Windows\System32\RPCRT4.dll
0x00007ff9cfae0000 - 0x00007ff9cfae8000 	C:\Windows\System32\PSAPI.DLL
0x00007ff9bb170000 - 0x00007ff9bb179000 	C:\Windows\SYSTEM32\WSOCK32.dll
0x00007ff9ced60000 - 0x00007ff9cedcb000 	C:\Windows\System32\WS2_32.dll
0x00007ff9b8210000 - 0x00007ff9b8237000 	C:\Windows\SYSTEM32\WINMM.dll
0x00007ff9c0fb0000 - 0x00007ff9c0fba000 	C:\Windows\SYSTEM32\VERSION.dll
0x00007ff9cb1f0000 - 0x00007ff9cb203000 	C:\Windows\SYSTEM32\kernel.appcore.dll
0x00007ff9baba0000 - 0x00007ff9babaa000 	C:\eclipse\plugins\org.eclipse.justj.openjdk.hotspot.jre.full.win32.x86_64_15.0.1.v20201027-0507\jre\bin\jimage.dll
0x00007ff9bf910000 - 0x00007ff9bfaf4000 	C:\Windows\SYSTEM32\DBGHELP.DLL
0x00007ff9bf520000 - 0x00007ff9bf54c000 	C:\Windows\SYSTEM32\dbgcore.DLL
0x00007ff9cd940000 - 0x00007ff9cd9bf000 	C:\Windows\System32\bcryptPrimitives.dll
0x00007ff9c0a90000 - 0x00007ff9c0ac9000 	C:\eclipse\plugins\org.eclipse.justj.openjdk.hotspot.jre.full.win32.x86_64_15.0.1.v20201027-0507\jre\bin\jdwp.dll
0x00007ff9c0a80000 - 0x00007ff9c0a8e000 	C:\eclipse\plugins\org.eclipse.justj.openjdk.hotspot.jre.full.win32.x86_64_15.0.1.v20201027-0507\jre\bin\instrument.dll
0x00007ff9ad400000 - 0x00007ff9ad425000 	C:\eclipse\plugins\org.eclipse.justj.openjdk.hotspot.jre.full.win32.x86_64_15.0.1.v20201027-0507\jre\bin\java.dll
0x00007ff9b2e60000 - 0x00007ff9b2e78000 	C:\eclipse\plugins\org.eclipse.justj.openjdk.hotspot.jre.full.win32.x86_64_15.0.1.v20201027-0507\jre\bin\zip.dll
0x00007ff9ce0c0000 - 0x00007ff9ce801000 	C:\Windows\System32\SHELL32.dll
0x00007ff9cb3f0000 - 0x00007ff9cbb83000 	C:\Windows\SYSTEM32\windows.storage.dll
0x00007ff9cdb90000 - 0x00007ff9cdee5000 	C:\Windows\System32\combase.dll
0x00007ff9ccc10000 - 0x00007ff9ccc3c000 	C:\Windows\SYSTEM32\Wldp.dll
0x00007ff9ce010000 - 0x00007ff9ce0be000 	C:\Windows\System32\SHCORE.dll
0x00007ff9cefa0000 - 0x00007ff9ceff5000 	C:\Windows\System32\shlwapi.dll
0x00007ff9cd1a0000 - 0x00007ff9cd1c6000 	C:\Windows\SYSTEM32\profapi.dll
0x00007ff9c0a70000 - 0x00007ff9c0a7b000 	C:\eclipse\plugins\org.eclipse.justj.openjdk.hotspot.jre.full.win32.x86_64_15.0.1.v20201027-0507\jre\bin\dt_socket.dll
0x00007ff9cc680000 - 0x00007ff9cc6bb000 	C:\Windows\SYSTEM32\IPHLPAPI.DLL
0x00007ff9cc990000 - 0x00007ff9cc9fa000 	C:\Windows\system32\mswsock.dll
0x00007ff9cc6c0000 - 0x00007ff9cc78b000 	C:\Windows\SYSTEM32\DNSAPI.dll
0x00007ff9cf880000 - 0x00007ff9cf889000 	C:\Windows\System32\NSI.dll
0x00007ff9c7650000 - 0x00007ff9c765a000 	C:\Windows\System32\rasadhlp.dll
0x00007ff9c87d0000 - 0x00007ff9c884f000 	C:\Windows\System32\fwpuclnt.dll
0x00007ff9cdb30000 - 0x00007ff9cdb57000 	C:\Windows\System32\bcrypt.dll
0x00007ff9b1f90000 - 0x00007ff9b1fa9000 	C:\eclipse\plugins\org.eclipse.justj.openjdk.hotspot.jre.full.win32.x86_64_15.0.1.v20201027-0507\jre\bin\net.dll
0x00007ff9c7530000 - 0x00007ff9c7630000 	C:\Windows\SYSTEM32\WINHTTP.dll
0x00007ff9ad3e0000 - 0x00007ff9ad3f2000 	C:\eclipse\plugins\org.eclipse.justj.openjdk.hotspot.jre.full.win32.x86_64_15.0.1.v20201027-0507\jre\bin\nio.dll
0x00007ff9ad7c0000 - 0x00007ff9ad7d0000 	C:\eclipse\plugins\org.eclipse.justj.openjdk.hotspot.jre.full.win32.x86_64_15.0.1.v20201027-0507\jre\bin\verify.dll
0x00007ff994a40000 - 0x00007ff994bbf000 	C:\eclipse\plugins\org.eclipse.justj.openjdk.hotspot.jre.full.win32.x86_64_15.0.1.v20201027-0507\jre\bin\awt.dll
0x00007ff9cec90000 - 0x00007ff9ced5d000 	C:\Windows\System32\OLEAUT32.dll
0x00007ff9ca770000 - 0x00007ff9ca800000 	C:\Windows\SYSTEM32\apphelp.dll
0x00007ff9cad30000 - 0x00007ff9cadcf000 	C:\Windows\system32\uxtheme.dll
0x00007ff9cf890000 - 0x00007ff9cf9a5000 	C:\Windows\System32\MSCTF.dll
0x00007ff9ce840000 - 0x00007ff9ce969000 	C:\Windows\System32\ole32.dll
0x00007ff9caf00000 - 0x00007ff9caf2f000 	C:\Windows\system32\DWMAPI.DLL
0x00007ff9bc380000 - 0x00007ff9bc405000 	C:\eclipse\plugins\org.eclipse.justj.openjdk.hotspot.jre.full.win32.x86_64_15.0.1.v20201027-0507\jre\bin\freetype.dll
0x00007ff9b3120000 - 0x00007ff9b31c9000 	C:\eclipse\plugins\org.eclipse.justj.openjdk.hotspot.jre.full.win32.x86_64_15.0.1.v20201027-0507\jre\bin\fontmanager.dll
0x00007ff9a9b40000 - 0x00007ff9a9c65000 	C:\Windows\system32\opengl32.dll
0x00007ff9c0a40000 - 0x00007ff9c0a6c000 	C:\Windows\SYSTEM32\GLU32.dll
0x00007ff9cebe0000 - 0x00007ff9cec88000 	C:\Windows\System32\clbcatq.dll
0x00007ff9c6a20000 - 0x00007ff9c6bd4000 	C:\Windows\SYSTEM32\WindowsCodecs.dll
0x00007ff9b5e50000 - 0x00007ff9b5e8e000 	C:\Windows\system32\dataexchange.dll
0x00007ff9c8e60000 - 0x00007ff9c90c3000 	C:\Windows\system32\d3d11.dll
0x00007ff9c99d0000 - 0x00007ff9c9bb5000 	C:\Windows\system32\dcomp.dll
0x00007ff9cbc00000 - 0x00007ff9cbcf3000 	C:\Windows\system32\dxgi.dll
0x00007ff9c6440000 - 0x00007ff9c6647000 	C:\Windows\system32\twinapi.appcore.dll
0x00007ff9c41c0000 - 0x00007ff9c42bd000 	C:\Windows\SYSTEM32\textinputframework.dll
0x00007ff9ca0c0000 - 0x00007ff9ca41a000 	C:\Windows\System32\CoreUIComponents.dll
0x00007ff9ca4b0000 - 0x00007ff9ca5a2000 	C:\Windows\System32\CoreMessaging.dll
0x00007ff9cbf50000 - 0x00007ff9cbf83000 	C:\Windows\SYSTEM32\ntmarta.dll
0x00007ff9c9840000 - 0x00007ff9c9996000 	C:\Windows\SYSTEM32\wintypes.dll

dbghelp: loaded successfully - version: 4.0.5 - missing functions: none
symbol engine: initialized successfully - sym options: 0x614 - pdb path: .;C:\eclipse\plugins\org.eclipse.justj.openjdk.hotspot.jre.full.win32.x86_64_15.0.1.v20201027-0507\jre\bin;C:\Windows\SYSTEM32;C:\Windows\WinSxS\amd64_microsoft.windows.common-controls_6595b64144ccf1df_6.0.19041.488_none_ca04af081b815d21;C:\eclipse\plugins\org.eclipse.justj.openjdk.hotspot.jre.full.win32.x86_64_15.0.1.v20201027-0507\jre\bin\server

VM Arguments:
jvm_args: -XX:+ShowCodeDetailsInExceptionMessages -agentlib:jdwp=transport=dt_socket,suspend=y,address=localhost:51019 -javaagent:C:\eclipse\configuration\org.eclipse.osgi\405\0\.cp\lib\javaagent-shaded.jar -Dfile.encoding=Cp1252 
java_command: lista01.Exercicio07
java_class_path (initial): C:\Users\matheus_w_trindade\Desktop\WorkspaceJavaBasico\Lista01Java\bin
Launcher Type: SUN_STANDARD

[Global flags]
     intx CICompilerCount                          = 3                                         {product} {ergonomic}
     uint ConcGCThreads                            = 1                                         {product} {ergonomic}
     uint G1ConcRefinementThreads                  = 4                                         {product} {ergonomic}
   size_t G1HeapRegionSize                         = 1048576                                   {product} {ergonomic}
    uintx GCDrainStackTargetSize                   = 64                                        {product} {ergonomic}
   size_t InitialHeapSize                          = 130023424                                 {product} {ergonomic}
   size_t MarkStackSize                            = 4194304                                   {product} {ergonomic}
   size_t MaxHeapSize                              = 2078277632                                {product} {ergonomic}
   size_t MaxNewSize                               = 1246756864                                {product} {ergonomic}
   size_t MinHeapDeltaBytes                        = 1048576                                   {product} {ergonomic}
   size_t MinHeapSize                              = 8388608                                   {product} {ergonomic}
    uintx NonNMethodCodeHeapSize                   = 5832780                                {pd product} {ergonomic}
    uintx NonProfiledCodeHeapSize                  = 122912730                              {pd product} {ergonomic}
    uintx ProfiledCodeHeapSize                     = 122912730                              {pd product} {ergonomic}
    uintx ReservedCodeCacheSize                    = 251658240                              {pd product} {ergonomic}
     bool SegmentedCodeCache                       = true                                      {product} {ergonomic}
     bool ShowCodeDetailsInExceptionMessages       = true                                   {manageable} {command line}
   size_t SoftMaxHeapSize                          = 2078277632                             {manageable} {ergonomic}
     bool UseCompressedClassPointers               = true                                 {lp64_product} {ergonomic}
     bool UseCompressedOops                        = true                                 {lp64_product} {ergonomic}
     bool UseG1GC                                  = true                                      {product} {ergonomic}
     bool UseLargePagesIndividualAllocation        = false                                  {pd product} {ergonomic}

Logging:
Log output configuration:
 #0: stdout all=warning uptime,level,tags
 #1: stderr all=off uptime,level,tags

Environment Variables:
PATH=C:\eclipse\plugins\org.eclipse.justj.openjdk.hotspot.jre.full.win32.x86_64_15.0.1.v20201027-0507\jre\bin;C:/eclipse//plugins/org.eclipse.justj.openjdk.hotspot.jre.full.win32.x86_64_15.0.1.v20201027-0507/jre/bin/server;C:/eclipse//plugins/org.eclipse.justj.openjdk.hotspot.jre.full.win32.x86_64_15.0.1.v20201027-0507/jre/bin;C:\Program Files\Common Files\Oracle\Java\javapath;C:\Program Files (x86)\Common Files\Oracle\Java\javapath;C:\Windows\system32;C:\Windows;C:\Windows\System32\Wbem;C:\Windows\System32\WindowsPowerShell\v1.0\;C:\Windows\System32\OpenSSH\;C:\Program Files (x86)\NTP\bin;C:\Program Files\Git\cmd;C:\Program Files\nodejs\;C:\Program Files\CodeBlocks\MinGW\bin;C:\Users\matheus_w_trindade\AppData\Local\Microsoft\WindowsApps;;C:\eclipse;
USERNAME=matheus_w_trindade
OS=Windows_NT
PROCESSOR_IDENTIFIER=Intel64 Family 6 Model 37 Stepping 5, GenuineIntel



---------------  S Y S T E M  ---------------

OS:
 Windows 10 , 64 bit Build 19041 (10.0.19041.292)
OS uptime: 0 days 3:14 hours

CPU: total 4 (initial active 4) (2 cores per cpu, 2 threads per core) family 6 model 37 stepping 5 microcode 0x7, cmov, cx8, fxsr, mmx, sse, sse2, sse3, ssse3, sse4.1, sse4.2, popcnt, ht, tsc, tscinvbit, clflush

Memory: 4k page, system-wide physical 7927M (4353M free)
TotalPageFile size 9207M (AvailPageFile size 4018M)
current process WorkingSet (physical memory assigned to process): 81M, peak: 84M
current process commit charge ("private bytes"): 214M, peak: 218M

vm_info: OpenJDK 64-Bit Server VM (15.0.1+9-18) for windows-amd64 JRE (15.0.1+9-18), built on Sep 15 2020 14:39:31 by "mach5one" with unknown MS VC++:1925

END.
