#
# A fatal error has been detected by the Java Runtime Environment:
#
#  EXCEPTION_ACCESS_VIOLATION (0xc0000005) at pc=0x00007ff9a59e0a86, pid=5040, tid=4692
#
# JRE version: OpenJDK Runtime Environment (15.0.1+9) (build 15.0.1+9-18)
# Java VM: OpenJDK 64-Bit Server VM (15.0.1+9-18, mixed mode, tiered, compressed oops, g1 gc, windows-amd64)
# Problematic frame:
# V  [jvm.dll+0x520a86]
#
# No core dump will be written. Minidumps are not enabled by default on client versions of Windows
#
# If you would like to submit a bug report, please visit:
#   https://bugreport.java.com/bugreport/crash.jsp
#

---------------  S U M M A R Y ------------

Command Line: -XX:+ShowCodeDetailsInExceptionMessages -agentlib:jdwp=transport=dt_socket,suspend=y,address=localhost:51013 -javaagent:C:\eclipse\configuration\org.eclipse.osgi\405\0\.cp\lib\javaagent-shaded.jar -Dfile.encoding=Cp1252 lista01.Exercicio07

Host: Intel(R) Core(TM) i3 CPU         550  @ 3.20GHz, 4 cores, 7G,  Windows 10 , 64 bit Build 19041 (10.0.19041.292)
Time: Thu Jun 23 21:37:13 2022 Hora oficial do Brasil elapsed time: 378.298915 seconds (0d 0h 6m 18s)

---------------  T H R E A D  ---------------

Current thread (0x000001ed3d14e7d0):  JavaThread "main" [_thread_in_vm, id=4692, stack(0x0000003e86100000,0x0000003e86200000)]

Stack: [0x0000003e86100000,0x0000003e86200000],  sp=0x0000003e861fef40,  free space=1019k
Native frames: (J=compiled Java code, j=interpreted, Vv=VM code, C=native code)
V  [jvm.dll+0x520a86]
V  [jvm.dll+0x52331b]
V  [jvm.dll+0x52256d]
V  [jvm.dll+0x34d760]
V  [jvm.dll+0x34cd9f]
C  0x000001ed4236d16b

Java frames: (J=compiled Java code, j=interpreted, Vv=VM code)
j  lista01.Exercicio07.main([Ljava/lang/String;)V+63
v  ~StubRoutines::call_stub

siginfo: EXCEPTION_ACCESS_VIOLATION (0xc0000005), reading address 0x00000000022700af


Register to memory mapping:

RIP=0x00007ff9a59e0a86 jvm.dll
RAX=0x000000000227000b is an unknown value
RBX=0x0000003e861ff0e0 is pointing into the stack for thread: 0x000001ed3d14e7d0
RCX=0x0000003e861ff0e0 is pointing into the stack for thread: 0x000001ed3d14e7d0
RDX=0x00000000000000b8 is an unknown value
RSP=0x0000003e861fef40 is pointing into the stack for thread: 0x000001ed3d14e7d0
RBP=0x0000003e861ff0f9 is pointing into the stack for thread: 0x000001ed3d14e7d0
RSI=0x000001ed3d14e7d0 is a thread
RDI=0x000001ed3d14e7d0 is a thread
R8 =0x0000000000000001 is an unknown value
R9 =0x000001ed3d14e7d0 is a thread
R10=0x000001ed5a268420 is pointing into metadata
R11=0x0 is NULL
R12=0x0 is NULL
R13=0x0 is NULL
R14=0x0000003e861ff1f0 is pointing into the stack for thread: 0x000001ed3d14e7d0
R15=0x0000000000000001 is an unknown value


Registers:
RAX=0x000000000227000b, RBX=0x0000003e861ff0e0, RCX=0x0000003e861ff0e0, RDX=0x00000000000000b8
RSP=0x0000003e861fef40, RBP=0x0000003e861ff0f9, RSI=0x000001ed3d14e7d0, RDI=0x000001ed3d14e7d0
R8 =0x0000000000000001, R9 =0x000001ed3d14e7d0, R10=0x000001ed5a268420, R11=0x0000000000000000
R12=0x0000000000000000, R13=0x0000000000000000, R14=0x0000003e861ff1f0, R15=0x0000000000000001
RIP=0x00007ff9a59e0a86, EFLAGS=0x0000000000010202

Top of Stack: (sp=0x0000003e861fef40)
0x0000003e861fef40:   000001ed5a24d300 000001ed3d14f0a0
0x0000003e861fef50:   000001ed3d14e7d0 00007ff9a580d9e4
0x0000003e861fef60:   000001ed5a2bc788 000001ed5a24d389
0x0000003e861fef70:   000000008b075998 0000000000000001
0x0000003e861fef80:   00000000000000b6 000001ed3d14e7d0
0x0000003e861fef90:   000001ed5a24d440 000001ed3d14e7d0
0x0000003e861fefa0:   000001ed5a271088 000001ed3d14e7d0
0x0000003e861fefb0:   000001ed5a268420 00007ff9a54caf9e
0x0000003e861fefc0:   0000003e861ff010 0000003e861ff1a0
0x0000003e861fefd0:   0000000000000000 000001ed3d14e7d0
0x0000003e861fefe0:   0000003e861ff0e0 00007ff9a59e331b
0x0000003e861feff0:   000001ed5a268420 00007ff9a57d4705
0x0000003e861ff000:   00000001000d1d01 000001ed5a271088
0x0000003e861ff010:   000001ed5a268420 000001ed3d14e7d0
0x0000003e861ff020:   0000003e861ff0e0 00007ff9a59df7cb
0x0000003e861ff030:   000001ed3d14e7d0 000001ed3d14e7d0 

Instructions: (pc=0x00007ff9a59e0a86)
0x00007ff9a59e0986:   00 00 48 8b be 90 02 00 00 48 8d 4c 24 30 ba 00
0x00007ff9a59e0996:   01 00 00 48 8b 6f 10 4c 8b 77 18 4c 8b 7f 20 4c
0x00007ff9a59e09a6:   8b 67 28 e8 12 af 10 00 48 8d 15 73 ab 39 00 48
0x00007ff9a59e09b6:   8d 4c 24 30 e8 71 c5 10 00 48 8d 54 24 30 48 8b
0x00007ff9a59e09c6:   cb e8 84 f0 0b 00 48 8d 15 7d 4b 35 00 48 8d 4c
0x00007ff9a59e09d6:   24 30 e8 53 c5 10 00 48 8b 1d f4 7c 5a 00 48 8d
0x00007ff9a59e09e6:   4c 24 30 33 d2 e8 00 b6 10 00 4c 8b cb 48 89 44
0x00007ff9a59e09f6:   24 20 41 b8 ad 04 00 00 48 8d 15 d3 a4 39 00 48
0x00007ff9a59e0a06:   8b ce e8 e3 a3 d6 ff 48 8d 4c 24 30 e8 a9 af 10
0x00007ff9a59e0a16:   00 48 83 7d 00 00 74 13 49 8b d4 48 8b cf e8 97
0x00007ff9a59e0a26:   7e b7 ff 48 8b cd e8 ff 7d b7 ff 48 89 6f 10 33
0x00007ff9a59e0a36:   c0 4c 89 77 18 4c 89 7f 20 eb 03 48 8b c3 4c 8b
0x00007ff9a59e0a46:   b4 24 d0 00 00 00 4c 8b ac 24 c8 00 00 00 4c 8b
0x00007ff9a59e0a56:   a4 24 c0 00 00 00 4c 8b bc 24 90 00 00 00 48 81
0x00007ff9a59e0a66:   c4 98 00 00 00 5f 5e 5d 5b c3 40 53 57 48 81 ec
0x00007ff9a59e0a76:   98 00 00 00 48 8b 41 10 48 8b fa ba b8 00 00 00
0x00007ff9a59e0a86:   44 8b 80 a4 00 00 00 41 c1 e8 09 41 f6 c0 01 4c
0x00007ff9a59e0a96:   8b c7 75 07 e8 41 20 00 00 eb 05 e8 0a 13 00 00
0x00007ff9a59e0aa6:   48 83 7f 08 00 48 8b d8 74 0c 33 c0 48 81 c4 98
0x00007ff9a59e0ab6:   00 00 00 5f 5b c3 8b 43 20 c1 e8 03 a8 01 0f 85
0x00007ff9a59e0ac6:   11 01 00 00 48 89 ac 24 b0 00 00 00 48 8d 4c 24
0x00007ff9a59e0ad6:   30 48 89 b4 24 b8 00 00 00 ba 00 01 00 00 48 8b
0x00007ff9a59e0ae6:   b7 90 02 00 00 4c 89 a4 24 c0 00 00 00 4c 89 b4
0x00007ff9a59e0af6:   24 c8 00 00 00 4c 89 bc 24 90 00 00 00 48 8b 6e
0x00007ff9a59e0b06:   10 4c 8b 76 18 4c 8b 7e 20 4c 8b 66 28 e8 a8 ad
0x00007ff9a59e0b16:   10 00 48 8d 15 79 a9 39 00 48 8d 4c 24 30 e8 07
0x00007ff9a59e0b26:   c4 10 00 48 8d 54 24 30 48 8b cb e8 1a ef 0b 00
0x00007ff9a59e0b36:   48 8d 15 13 4a 35 00 48 8d 4c 24 30 e8 e9 c3 10
0x00007ff9a59e0b46:   00 48 8b 1d 8a 7b 5a 00 48 8d 4c 24 30 33 d2 e8
0x00007ff9a59e0b56:   96 b4 10 00 4c 8b cb 48 89 44 24 20 41 b8 5d 04
0x00007ff9a59e0b66:   00 00 48 8d 15 69 a3 39 00 48 8b cf e8 79 a2 d6
0x00007ff9a59e0b76:   ff 48 8d 4c 24 30 e8 3f ae 10 00 48 83 7d 00 00 


Stack slot to memory mapping:
stack at sp + 0 slots: 0x000001ed5a24d300 is pointing into metadata
stack at sp + 1 slots: 0x000001ed3d14f0a0 points into unknown readable memory: 0x000000008b0a1130 | 30 11 0a 8b 00 00 00 00
stack at sp + 2 slots: 0x000001ed3d14e7d0 is a thread
stack at sp + 3 slots: 0x00007ff9a580d9e4 jvm.dll
stack at sp + 4 slots: 0x000001ed5a2bc788 is pointing into metadata
stack at sp + 5 slots: 0x000001ed5a24d389 is pointing into metadata
stack at sp + 6 slots: 0x000000008b075998 is an oop: java.awt.EventQueue 
{0x000000008b075998} - klass: 'java/awt/EventQueue'
stack at sp + 7 slots: 0x0000000000000001 is an unknown value


---------------  P R O C E S S  ---------------

Threads class SMR info:
_java_thread_list=0x000001ed59dc3420, length=19, elements={
0x000001ed3d14e7d0, 0x000001ed589a9530, 0x000001ed589aa000, 0x000001ed592ee570,
0x000001ed592f0e50, 0x000001ed592f1eb0, 0x000001ed592f9fb0, 0x000001ed592fc970,
0x000001ed59301290, 0x000001ed3d22b680, 0x000001ed595a1430, 0x000001ed59675500,
0x000001ed596759f0, 0x000001ed59b46bc0, 0x000001ed59c82840, 0x000001ed59c840d0,
0x000001ed59c88f90, 0x000001ed59d998e0, 0x000001ed59da0620
}

Java Threads: ( => current thread )
=>0x000001ed3d14e7d0 JavaThread "main" [_thread_in_vm, id=4692, stack(0x0000003e86100000,0x0000003e86200000)]
  0x000001ed589a9530 JavaThread "Reference Handler" daemon [_thread_blocked, id=6668, stack(0x0000003e86800000,0x0000003e86900000)]
  0x000001ed589aa000 JavaThread "Finalizer" daemon [_thread_blocked, id=7812, stack(0x0000003e86900000,0x0000003e86a00000)]
  0x000001ed592ee570 JavaThread "Signal Dispatcher" daemon [_thread_blocked, id=2220, stack(0x0000003e86a00000,0x0000003e86b00000)]
  0x000001ed592f0e50 JavaThread "Attach Listener" daemon [_thread_blocked, id=8664, stack(0x0000003e86b00000,0x0000003e86c00000)]
  0x000001ed592f1eb0 JavaThread "Service Thread" daemon [_thread_blocked, id=7884, stack(0x0000003e86c00000,0x0000003e86d00000)]
  0x000001ed592f9fb0 JavaThread "C2 CompilerThread0" daemon [_thread_blocked, id=8900, stack(0x0000003e86d00000,0x0000003e86e00000)]
  0x000001ed592fc970 JavaThread "C1 CompilerThread0" daemon [_thread_blocked, id=8072, stack(0x0000003e86e00000,0x0000003e86f00000)]
  0x000001ed59301290 JavaThread "Sweeper thread" daemon [_thread_blocked, id=3596, stack(0x0000003e86f00000,0x0000003e87000000)]
  0x000001ed3d22b680 JavaThread "Common-Cleaner" daemon [_thread_blocked, id=3660, stack(0x0000003e87000000,0x0000003e87100000)]
  0x000001ed595a1430 JavaThread "JDWP Transport Listener: dt_socket" daemon [_thread_blocked, id=2476, stack(0x0000003e87100000,0x0000003e87200000)]
  0x000001ed59675500 JavaThread "JDWP Event Helper Thread" daemon [_thread_blocked, id=9072, stack(0x0000003e87200000,0x0000003e87300000)]
  0x000001ed596759f0 JavaThread "JDWP Command Reader" daemon [_thread_in_native, id=8532, stack(0x0000003e87300000,0x0000003e87400000)]
  0x000001ed59b46bc0 JavaThread "Notification Thread" daemon [_thread_blocked, id=8904, stack(0x0000003e87400000,0x0000003e87500000)]
  0x000001ed59c82840 JavaThread "Java2D Disposer" daemon [_thread_blocked, id=4748, stack(0x0000003e87600000,0x0000003e87700000)]
  0x000001ed59c840d0 JavaThread "AWT-Shutdown" [_thread_blocked, id=6480, stack(0x0000003e87700000,0x0000003e87800000)]
  0x000001ed59c88f90 JavaThread "AWT-Windows" daemon [_thread_in_native, id=4480, stack(0x0000003e87800000,0x0000003e87900000)]
  0x000001ed59d998e0 JavaThread "AWT-EventQueue-0" [_thread_blocked, id=7964, stack(0x0000003e87a00000,0x0000003e87b00000)]
  0x000001ed59da0620 JavaThread "TimerQueue" daemon [_thread_blocked, id=4164, stack(0x0000003e88100000,0x0000003e88200000)]

Other Threads:
  0x000001ed58974150 VMThread "VM Thread" [stack: 0x0000003e86700000,0x0000003e86800000] [id=7976]
  0x000001ed59b47090 WatcherThread [stack: 0x0000003e87500000,0x0000003e87600000] [id=7700]
  0x000001ed3d18f1a0 GCTaskThread "GC Thread#0" [stack: 0x0000003e86200000,0x0000003e86300000] [id=5036]
  0x000001ed595350c0 GCTaskThread "GC Thread#1" [stack: 0x0000003e87b00000,0x0000003e87c00000] [id=6388]
  0x000001ed59536d70 GCTaskThread "GC Thread#2" [stack: 0x0000003e87c00000,0x0000003e87d00000] [id=2920]
  0x000001ed595370a0 GCTaskThread "GC Thread#3" [stack: 0x0000003e87d00000,0x0000003e87e00000] [id=2792]
  0x000001ed3d1a09c0 ConcurrentGCThread "G1 Main Marker" [stack: 0x0000003e86300000,0x0000003e86400000] [id=6064]
  0x000001ed3d1a1d90 ConcurrentGCThread "G1 Conc#0" [stack: 0x0000003e86400000,0x0000003e86500000] [id=6600]
  0x000001ed3d208080 ConcurrentGCThread "G1 Refine#0" [stack: 0x0000003e86500000,0x0000003e86600000] [id=1176]
  0x000001ed3d209b90 ConcurrentGCThread "G1 Young RemSet Sampling" [stack: 0x0000003e86600000,0x0000003e86700000] [id=8080]

Threads with active compile tasks:

VM state: not at safepoint (normal execution)

VM Mutex/Monitor currently owned by a thread: None

Heap address: 0x0000000084200000, size: 1982 MB, Compressed Oops mode: 32-bit
CDS disabled.
Compressed class space mapped at: 0x0000000100000000-0x0000000140000000, size: 1073741824
Narrow klass base: 0x0000000000000000, Narrow klass shift: 3, Narrow klass range: 0x140000000

GC Precious Log:
 CPUs: 4 total, 4 available
 Memory: 7927M
 Large Page Support: Disabled
 NUMA Support: Disabled
 Compressed Oops: Enabled (32-bit)
 Heap Region Size: 1M
 Heap Min Capacity: 8M
 Heap Initial Capacity: 124M
 Heap Max Capacity: 1982M
 Pre-touch: Disabled
 Parallel Workers: 4
 Concurrent Workers: 1
 Concurrent Refinement Workers: 4
 Periodic GC: Disabled

Heap:
 garbage-first heap   total 126976K, used 7539K [0x0000000084200000, 0x0000000100000000)
  region size 1024K, 8 young (8192K), 2 survivors (2048K)
 Metaspace       used 18278K, capacity 18480K, committed 18560K, reserved 1067008K
  class space    used 1789K, capacity 1868K, committed 1920K, reserved 1048576K

Heap Regions: E=young(eden), S=young(survivor), O=old, HS=humongous(starts), HC=humongous(continues), CS=collection set, F=free, OA=open archive, CA=closed archive, TAMS=top-at-mark-start (previous, next)
|   0|0x0000000084200000, 0x000000008425cc00, 0x0000000084300000| 36%| O|  |TAMS 0x0000000084200000, 0x0000000084200000| Untracked 
|   1|0x0000000084300000, 0x0000000084300000, 0x0000000084400000|  0%| F|  |TAMS 0x0000000084300000, 0x0000000084300000| Untracked 
|   2|0x0000000084400000, 0x0000000084400000, 0x0000000084500000|  0%| F|  |TAMS 0x0000000084400000, 0x0000000084400000| Untracked 
|   3|0x0000000084500000, 0x0000000084500000, 0x0000000084600000|  0%| F|  |TAMS 0x0000000084500000, 0x0000000084500000| Untracked 
|   4|0x0000000084600000, 0x0000000084600000, 0x0000000084700000|  0%| F|  |TAMS 0x0000000084600000, 0x0000000084600000| Untracked 
|   5|0x0000000084700000, 0x0000000084700000, 0x0000000084800000|  0%| F|  |TAMS 0x0000000084700000, 0x0000000084700000| Untracked 
|   6|0x0000000084800000, 0x0000000084800000, 0x0000000084900000|  0%| F|  |TAMS 0x0000000084800000, 0x0000000084800000| Untracked 
|   7|0x0000000084900000, 0x0000000084900000, 0x0000000084a00000|  0%| F|  |TAMS 0x0000000084900000, 0x0000000084900000| Untracked 
|   8|0x0000000084a00000, 0x0000000084a00000, 0x0000000084b00000|  0%| F|  |TAMS 0x0000000084a00000, 0x0000000084a00000| Untracked 
|   9|0x0000000084b00000, 0x0000000084b00000, 0x0000000084c00000|  0%| F|  |TAMS 0x0000000084b00000, 0x0000000084b00000| Untracked 
|  10|0x0000000084c00000, 0x0000000084c00000, 0x0000000084d00000|  0%| F|  |TAMS 0x0000000084c00000, 0x0000000084c00000| Untracked 
|  11|0x0000000084d00000, 0x0000000084d00000, 0x0000000084e00000|  0%| F|  |TAMS 0x0000000084d00000, 0x0000000084d00000| Untracked 
|  12|0x0000000084e00000, 0x0000000084e00000, 0x0000000084f00000|  0%| F|  |TAMS 0x0000000084e00000, 0x0000000084e00000| Untracked 
|  13|0x0000000084f00000, 0x0000000084f00000, 0x0000000085000000|  0%| F|  |TAMS 0x0000000084f00000, 0x0000000084f00000| Untracked 
|  14|0x0000000085000000, 0x0000000085000000, 0x0000000085100000|  0%| F|  |TAMS 0x0000000085000000, 0x0000000085000000| Untracked 
|  15|0x0000000085100000, 0x0000000085100000, 0x0000000085200000|  0%| F|  |TAMS 0x0000000085100000, 0x0000000085100000| Untracked 
|  16|0x0000000085200000, 0x0000000085200000, 0x0000000085300000|  0%| F|  |TAMS 0x0000000085200000, 0x0000000085200000| Untracked 
|  17|0x0000000085300000, 0x0000000085300000, 0x0000000085400000|  0%| F|  |TAMS 0x0000000085300000, 0x0000000085300000| Untracked 
|  18|0x0000000085400000, 0x0000000085400000, 0x0000000085500000|  0%| F|  |TAMS 0x0000000085400000, 0x0000000085400000| Untracked 
|  19|0x0000000085500000, 0x0000000085500000, 0x0000000085600000|  0%| F|  |TAMS 0x0000000085500000, 0x0000000085500000| Untracked 
|  20|0x0000000085600000, 0x0000000085600000, 0x0000000085700000|  0%| F|  |TAMS 0x0000000085600000, 0x0000000085600000| Untracked 
|  21|0x0000000085700000, 0x0000000085700000, 0x0000000085800000|  0%| F|  |TAMS 0x0000000085700000, 0x0000000085700000| Untracked 
|  22|0x0000000085800000, 0x0000000085800000, 0x0000000085900000|  0%| F|  |TAMS 0x0000000085800000, 0x0000000085800000| Untracked 
|  23|0x0000000085900000, 0x0000000085900000, 0x0000000085a00000|  0%| F|  |TAMS 0x0000000085900000, 0x0000000085900000| Untracked 
|  24|0x0000000085a00000, 0x0000000085a00000, 0x0000000085b00000|  0%| F|  |TAMS 0x0000000085a00000, 0x0000000085a00000| Untracked 
|  25|0x0000000085b00000, 0x0000000085b00000, 0x0000000085c00000|  0%| F|  |TAMS 0x0000000085b00000, 0x0000000085b00000| Untracked 
|  26|0x0000000085c00000, 0x0000000085c00000, 0x0000000085d00000|  0%| F|  |TAMS 0x0000000085c00000, 0x0000000085c00000| Untracked 
|  27|0x0000000085d00000, 0x0000000085d00000, 0x0000000085e00000|  0%| F|  |TAMS 0x0000000085d00000, 0x0000000085d00000| Untracked 
|  28|0x0000000085e00000, 0x0000000085e00000, 0x0000000085f00000|  0%| F|  |TAMS 0x0000000085e00000, 0x0000000085e00000| Untracked 
|  29|0x0000000085f00000, 0x0000000085f00000, 0x0000000086000000|  0%| F|  |TAMS 0x0000000085f00000, 0x0000000085f00000| Untracked 
|  30|0x0000000086000000, 0x0000000086000000, 0x0000000086100000|  0%| F|  |TAMS 0x0000000086000000, 0x0000000086000000| Untracked 
|  31|0x0000000086100000, 0x0000000086100000, 0x0000000086200000|  0%| F|  |TAMS 0x0000000086100000, 0x0000000086100000| Untracked 
|  32|0x0000000086200000, 0x0000000086200000, 0x0000000086300000|  0%| F|  |TAMS 0x0000000086200000, 0x0000000086200000| Untracked 
|  33|0x0000000086300000, 0x0000000086300000, 0x0000000086400000|  0%| F|  |TAMS 0x0000000086300000, 0x0000000086300000| Untracked 
|  34|0x0000000086400000, 0x0000000086400000, 0x0000000086500000|  0%| F|  |TAMS 0x0000000086400000, 0x0000000086400000| Untracked 
|  35|0x0000000086500000, 0x0000000086500000, 0x0000000086600000|  0%| F|  |TAMS 0x0000000086500000, 0x0000000086500000| Untracked 
|  36|0x0000000086600000, 0x0000000086600000, 0x0000000086700000|  0%| F|  |TAMS 0x0000000086600000, 0x0000000086600000| Untracked 
|  37|0x0000000086700000, 0x0000000086700000, 0x0000000086800000|  0%| F|  |TAMS 0x0000000086700000, 0x0000000086700000| Untracked 
|  38|0x0000000086800000, 0x0000000086800000, 0x0000000086900000|  0%| F|  |TAMS 0x0000000086800000, 0x0000000086800000| Untracked 
|  39|0x0000000086900000, 0x0000000086900000, 0x0000000086a00000|  0%| F|  |TAMS 0x0000000086900000, 0x0000000086900000| Untracked 
|  40|0x0000000086a00000, 0x0000000086a00000, 0x0000000086b00000|  0%| F|  |TAMS 0x0000000086a00000, 0x0000000086a00000| Untracked 
|  41|0x0000000086b00000, 0x0000000086b00000, 0x0000000086c00000|  0%| F|  |TAMS 0x0000000086b00000, 0x0000000086b00000| Untracked 
|  42|0x0000000086c00000, 0x0000000086c00000, 0x0000000086d00000|  0%| F|  |TAMS 0x0000000086c00000, 0x0000000086c00000| Untracked 
|  43|0x0000000086d00000, 0x0000000086d00000, 0x0000000086e00000|  0%| F|  |TAMS 0x0000000086d00000, 0x0000000086d00000| Untracked 
|  44|0x0000000086e00000, 0x0000000086e00000, 0x0000000086f00000|  0%| F|  |TAMS 0x0000000086e00000, 0x0000000086e00000| Untracked 
|  45|0x0000000086f00000, 0x0000000086f00000, 0x0000000087000000|  0%| F|  |TAMS 0x0000000086f00000, 0x0000000086f00000| Untracked 
|  46|0x0000000087000000, 0x0000000087000000, 0x0000000087100000|  0%| F|  |TAMS 0x0000000087000000, 0x0000000087000000| Untracked 
|  47|0x0000000087100000, 0x0000000087100000, 0x0000000087200000|  0%| F|  |TAMS 0x0000000087100000, 0x0000000087100000| Untracked 
|  48|0x0000000087200000, 0x0000000087200000, 0x0000000087300000|  0%| F|  |TAMS 0x0000000087200000, 0x0000000087200000| Untracked 
|  49|0x0000000087300000, 0x0000000087300000, 0x0000000087400000|  0%| F|  |TAMS 0x0000000087300000, 0x0000000087300000| Untracked 
|  50|0x0000000087400000, 0x0000000087400000, 0x0000000087500000|  0%| F|  |TAMS 0x0000000087400000, 0x0000000087400000| Untracked 
|  51|0x0000000087500000, 0x0000000087500000, 0x0000000087600000|  0%| F|  |TAMS 0x0000000087500000, 0x0000000087500000| Untracked 
|  52|0x0000000087600000, 0x0000000087600000, 0x0000000087700000|  0%| F|  |TAMS 0x0000000087600000, 0x0000000087600000| Untracked 
|  53|0x0000000087700000, 0x0000000087700000, 0x0000000087800000|  0%| F|  |TAMS 0x0000000087700000, 0x0000000087700000| Untracked 
|  54|0x0000000087800000, 0x0000000087800000, 0x0000000087900000|  0%| F|  |TAMS 0x0000000087800000, 0x0000000087800000| Untracked 
|  55|0x0000000087900000, 0x0000000087900000, 0x0000000087a00000|  0%| F|  |TAMS 0x0000000087900000, 0x0000000087900000| Untracked 
|  56|0x0000000087a00000, 0x0000000087a00000, 0x0000000087b00000|  0%| F|  |TAMS 0x0000000087a00000, 0x0000000087a00000| Untracked 
|  57|0x0000000087b00000, 0x0000000087b00000, 0x0000000087c00000|  0%| F|  |TAMS 0x0000000087b00000, 0x0000000087b00000| Untracked 
|  58|0x0000000087c00000, 0x0000000087c00000, 0x0000000087d00000|  0%| F|  |TAMS 0x0000000087c00000, 0x0000000087c00000| Untracked 
|  59|0x0000000087d00000, 0x0000000087d00000, 0x0000000087e00000|  0%| F|  |TAMS 0x0000000087d00000, 0x0000000087d00000| Untracked 
|  60|0x0000000087e00000, 0x0000000087e00000, 0x0000000087f00000|  0%| F|  |TAMS 0x0000000087e00000, 0x0000000087e00000| Untracked 
|  61|0x0000000087f00000, 0x0000000087f00000, 0x0000000088000000|  0%| F|  |TAMS 0x0000000087f00000, 0x0000000087f00000| Untracked 
|  62|0x0000000088000000, 0x0000000088000000, 0x0000000088100000|  0%| F|  |TAMS 0x0000000088000000, 0x0000000088000000| Untracked 
|  63|0x0000000088100000, 0x0000000088100000, 0x0000000088200000|  0%| F|  |TAMS 0x0000000088100000, 0x0000000088100000| Untracked 
|  64|0x0000000088200000, 0x0000000088200000, 0x0000000088300000|  0%| F|  |TAMS 0x0000000088200000, 0x0000000088200000| Untracked 
|  65|0x0000000088300000, 0x0000000088300000, 0x0000000088400000|  0%| F|  |TAMS 0x0000000088300000, 0x0000000088300000| Untracked 
|  66|0x0000000088400000, 0x0000000088400000, 0x0000000088500000|  0%| F|  |TAMS 0x0000000088400000, 0x0000000088400000| Untracked 
|  67|0x0000000088500000, 0x0000000088500000, 0x0000000088600000|  0%| F|  |TAMS 0x0000000088500000, 0x0000000088500000| Untracked 
|  68|0x0000000088600000, 0x0000000088600000, 0x0000000088700000|  0%| F|  |TAMS 0x0000000088600000, 0x0000000088600000| Untracked 
|  69|0x0000000088700000, 0x0000000088700000, 0x0000000088800000|  0%| F|  |TAMS 0x0000000088700000, 0x0000000088700000| Untracked 
|  70|0x0000000088800000, 0x0000000088800000, 0x0000000088900000|  0%| F|  |TAMS 0x0000000088800000, 0x0000000088800000| Untracked 
|  71|0x0000000088900000, 0x0000000088900000, 0x0000000088a00000|  0%| F|  |TAMS 0x0000000088900000, 0x0000000088900000| Untracked 
|  72|0x0000000088a00000, 0x0000000088a00000, 0x0000000088b00000|  0%| F|  |TAMS 0x0000000088a00000, 0x0000000088a00000| Untracked 
|  73|0x0000000088b00000, 0x0000000088b00000, 0x0000000088c00000|  0%| F|  |TAMS 0x0000000088b00000, 0x0000000088b00000| Untracked 
|  74|0x0000000088c00000, 0x0000000088c00000, 0x0000000088d00000|  0%| F|  |TAMS 0x0000000088c00000, 0x0000000088c00000| Untracked 
|  75|0x0000000088d00000, 0x0000000088d00000, 0x0000000088e00000|  0%| F|  |TAMS 0x0000000088d00000, 0x0000000088d00000| Untracked 
|  76|0x0000000088e00000, 0x0000000088e00000, 0x0000000088f00000|  0%| F|  |TAMS 0x0000000088e00000, 0x0000000088e00000| Untracked 
|  77|0x0000000088f00000, 0x0000000088f00000, 0x0000000089000000|  0%| F|  |TAMS 0x0000000088f00000, 0x0000000088f00000| Untracked 
|  78|0x0000000089000000, 0x0000000089000000, 0x0000000089100000|  0%| F|  |TAMS 0x0000000089000000, 0x0000000089000000| Untracked 
|  79|0x0000000089100000, 0x0000000089100000, 0x0000000089200000|  0%| F|  |TAMS 0x0000000089100000, 0x0000000089100000| Untracked 
|  80|0x0000000089200000, 0x0000000089200000, 0x0000000089300000|  0%| F|  |TAMS 0x0000000089200000, 0x0000000089200000| Untracked 
|  81|0x0000000089300000, 0x0000000089300000, 0x0000000089400000|  0%| F|  |TAMS 0x0000000089300000, 0x0000000089300000| Untracked 
|  82|0x0000000089400000, 0x0000000089400000, 0x0000000089500000|  0%| F|  |TAMS 0x0000000089400000, 0x0000000089400000| Untracked 
|  83|0x0000000089500000, 0x0000000089500000, 0x0000000089600000|  0%| F|  |TAMS 0x0000000089500000, 0x0000000089500000| Untracked 
|  84|0x0000000089600000, 0x0000000089600000, 0x0000000089700000|  0%| F|  |TAMS 0x0000000089600000, 0x0000000089600000| Untracked 
|  85|0x0000000089700000, 0x0000000089700000, 0x0000000089800000|  0%| F|  |TAMS 0x0000000089700000, 0x0000000089700000| Untracked 
|  86|0x0000000089800000, 0x0000000089800000, 0x0000000089900000|  0%| F|  |TAMS 0x0000000089800000, 0x0000000089800000| Untracked 
|  87|0x0000000089900000, 0x0000000089900000, 0x0000000089a00000|  0%| F|  |TAMS 0x0000000089900000, 0x0000000089900000| Untracked 
|  88|0x0000000089a00000, 0x0000000089a00000, 0x0000000089b00000|  0%| F|  |TAMS 0x0000000089a00000, 0x0000000089a00000| Untracked 
|  89|0x0000000089b00000, 0x0000000089b00000, 0x0000000089c00000|  0%| F|  |TAMS 0x0000000089b00000, 0x0000000089b00000| Untracked 
|  90|0x0000000089c00000, 0x0000000089c00000, 0x0000000089d00000|  0%| F|  |TAMS 0x0000000089c00000, 0x0000000089c00000| Untracked 
|  91|0x0000000089d00000, 0x0000000089d00000, 0x0000000089e00000|  0%| F|  |TAMS 0x0000000089d00000, 0x0000000089d00000| Untracked 
|  92|0x0000000089e00000, 0x0000000089e00000, 0x0000000089f00000|  0%| F|  |TAMS 0x0000000089e00000, 0x0000000089e00000| Untracked 
|  93|0x0000000089f00000, 0x0000000089f00000, 0x000000008a000000|  0%| F|  |TAMS 0x0000000089f00000, 0x0000000089f00000| Untracked 
|  94|0x000000008a000000, 0x000000008a000000, 0x000000008a100000|  0%| F|  |TAMS 0x000000008a000000, 0x000000008a000000| Untracked 
|  95|0x000000008a100000, 0x000000008a100000, 0x000000008a200000|  0%| F|  |TAMS 0x000000008a100000, 0x000000008a100000| Untracked 
|  96|0x000000008a200000, 0x000000008a200000, 0x000000008a300000|  0%| F|  |TAMS 0x000000008a200000, 0x000000008a200000| Untracked 
|  97|0x000000008a300000, 0x000000008a300000, 0x000000008a400000|  0%| F|  |TAMS 0x000000008a300000, 0x000000008a300000| Untracked 
|  98|0x000000008a400000, 0x000000008a400000, 0x000000008a500000|  0%| F|  |TAMS 0x000000008a400000, 0x000000008a400000| Untracked 
|  99|0x000000008a500000, 0x000000008a500000, 0x000000008a600000|  0%| F|  |TAMS 0x000000008a500000, 0x000000008a500000| Untracked 
| 100|0x000000008a600000, 0x000000008a600000, 0x000000008a700000|  0%| F|  |TAMS 0x000000008a600000, 0x000000008a600000| Untracked 
| 101|0x000000008a700000, 0x000000008a700000, 0x000000008a800000|  0%| F|  |TAMS 0x000000008a700000, 0x000000008a700000| Untracked 
| 102|0x000000008a800000, 0x000000008a800000, 0x000000008a900000|  0%| F|  |TAMS 0x000000008a800000, 0x000000008a800000| Untracked 
| 103|0x000000008a900000, 0x000000008a900000, 0x000000008aa00000|  0%| F|  |TAMS 0x000000008a900000, 0x000000008a900000| Untracked 
| 104|0x000000008aa00000, 0x000000008aa00000, 0x000000008ab00000|  0%| F|  |TAMS 0x000000008aa00000, 0x000000008aa00000| Untracked 
| 105|0x000000008ab00000, 0x000000008ab00000, 0x000000008ac00000|  0%| F|  |TAMS 0x000000008ab00000, 0x000000008ab00000| Untracked 
| 106|0x000000008ac00000, 0x000000008ac00000, 0x000000008ad00000|  0%| F|  |TAMS 0x000000008ac00000, 0x000000008ac00000| Untracked 
| 107|0x000000008ad00000, 0x000000008ad00000, 0x000000008ae00000|  0%| F|  |TAMS 0x000000008ad00000, 0x000000008ad00000| Untracked 
| 108|0x000000008ae00000, 0x000000008ae00000, 0x000000008af00000|  0%| F|  |TAMS 0x000000008ae00000, 0x000000008ae00000| Untracked 
| 109|0x000000008af00000, 0x000000008b000000, 0x000000008b000000|100%| S|CS|TAMS 0x000000008af00000, 0x000000008af00000| Complete 
| 110|0x000000008b000000, 0x000000008b100000, 0x000000008b100000|100%| S|CS|TAMS 0x000000008b000000, 0x000000008b000000| Complete 
| 111|0x000000008b100000, 0x000000008b100000, 0x000000008b200000|  0%| F|  |TAMS 0x000000008b100000, 0x000000008b100000| Untracked 
| 112|0x000000008b200000, 0x000000008b200000, 0x000000008b300000|  0%| F|  |TAMS 0x000000008b200000, 0x000000008b200000| Untracked 
| 113|0x000000008b300000, 0x000000008b300000, 0x000000008b400000|  0%| F|  |TAMS 0x000000008b300000, 0x000000008b300000| Untracked 
| 114|0x000000008b400000, 0x000000008b400000, 0x000000008b500000|  0%| F|  |TAMS 0x000000008b400000, 0x000000008b400000| Untracked 
| 115|0x000000008b500000, 0x000000008b500000, 0x000000008b600000|  0%| F|  |TAMS 0x000000008b500000, 0x000000008b500000| Untracked 
| 116|0x000000008b600000, 0x000000008b600000, 0x000000008b700000|  0%| F|  |TAMS 0x000000008b600000, 0x000000008b600000| Untracked 
| 117|0x000000008b700000, 0x000000008b700000, 0x000000008b800000|  0%| F|  |TAMS 0x000000008b700000, 0x000000008b700000| Untracked 
| 118|0x000000008b800000, 0x000000008b826e88, 0x000000008b900000| 15%| E|  |TAMS 0x000000008b800000, 0x000000008b800000| Complete 
| 119|0x000000008b900000, 0x000000008ba00000, 0x000000008ba00000|100%| E|CS|TAMS 0x000000008b900000, 0x000000008b900000| Complete 
| 120|0x000000008ba00000, 0x000000008bb00000, 0x000000008bb00000|100%| E|CS|TAMS 0x000000008ba00000, 0x000000008ba00000| Complete 
| 121|0x000000008bb00000, 0x000000008bc00000, 0x000000008bc00000|100%| E|CS|TAMS 0x000000008bb00000, 0x000000008bb00000| Complete 
| 122|0x000000008bc00000, 0x000000008bd00000, 0x000000008bd00000|100%| E|CS|TAMS 0x000000008bc00000, 0x000000008bc00000| Complete 
| 123|0x000000008bd00000, 0x000000008be00000, 0x000000008be00000|100%| E|CS|TAMS 0x000000008bd00000, 0x000000008bd00000| Complete 

Card table byte_map: [0x000001ed51d60000,0x000001ed52140000] _byte_map_base: 0x000001ed5193f000

Marking Bits (Prev, Next): (CMBitMap*) 0x000001ed3d1908a0, (CMBitMap*) 0x000001ed3d1908e0
 Prev Bits: [0x000001ed52520000, 0x000001ed54418000)
 Next Bits: [0x000001ed54420000, 0x000001ed56318000)

Polling page: 0x000001ed42320000

Metaspace:

Usage:
  Non-class:     16.22 MB capacity,    16.10 MB (>99%) used,   101.60 KB ( <1%) free+waste,    20.88 KB ( <1%) overhead. 
      Class:      1.82 MB capacity,     1.75 MB ( 96%) used,    71.65 KB (  4%) free+waste,     7.06 KB ( <1%) overhead. 
       Both:     18.05 MB capacity,    17.85 MB ( 99%) used,   173.25 KB ( <1%) free+waste,    27.94 KB ( <1%) overhead. 

Virtual space:
  Non-class space:       18.00 MB reserved,      16.25 MB ( 90%) committed 
      Class space:        1.00 GB reserved,       1.88 MB ( <1%) committed 
             Both:        1.02 GB reserved,      18.12 MB (  2%) committed 

Chunk freelists:
   Non-Class:  28.00 KB
       Class:  20.00 KB
        Both:  48.00 KB

MaxMetaspaceSize: 17179869184.00 GB
CompressedClassSpaceSize: 1.00 GB

CodeHeap 'non-profiled nmethods': size=120000Kb used=471Kb max_used=471Kb free=119528Kb
 bounds [0x000001ed49e10000, 0x000001ed4a080000, 0x000001ed51340000]
CodeHeap 'profiled nmethods': size=120000Kb used=2582Kb max_used=2582Kb free=117417Kb
 bounds [0x000001ed428e0000, 0x000001ed42b70000, 0x000001ed49e10000]
CodeHeap 'non-nmethods': size=5760Kb used=1382Kb max_used=1399Kb free=4377Kb
 bounds [0x000001ed42340000, 0x000001ed425b0000, 0x000001ed428e0000]
 total_blobs=2141 nmethods=1547 adapters=508
 compilation: enabled
              stopped_count=0, restarted_count=0
 full_count=0

Compilation events (20 events):
Event: 342.989 Thread 0x000001ed592f9fb0 1532       4       java.awt.geom.AffineTransform::hashCode (87 bytes)
Event: 342.991 Thread 0x000001ed592f9fb0 nmethod 1532 0x000001ed49e7df10 code [0x000001ed49e7e080, 0x000001ed49e7e218]
Event: 343.501 Thread 0x000001ed592f9fb0 1533       4       javax.swing.JComponent::getFontMetrics (6 bytes)
Event: 343.567 Thread 0x000001ed592f9fb0 nmethod 1533 0x000001ed49e7e290 code [0x000001ed49e7e580, 0x000001ed49e80d30]
Event: 343.567 Thread 0x000001ed592f9fb0 1534       4       sun.swing.SwingUtilities2::getFRCProperty (38 bytes)
Event: 343.588 Thread 0x000001ed592f9fb0 nmethod 1534 0x000001ed49e82210 code [0x000001ed49e82460, 0x000001ed49e839c8]
Event: 351.674 Thread 0x000001ed592f9fb0 1535       4       sun.font.FontDesignMetrics$MetricsKey::equals (49 bytes)
Event: 351.679 Thread 0x000001ed592f9fb0 nmethod 1535 0x000001ed49e84590 code [0x000001ed49e84720, 0x000001ed49e84938]
Event: 352.186 Thread 0x000001ed592f9fb0 1536       4       sun.java2d.SunGraphics2D::validateColor (102 bytes)
Event: 352.195 Thread 0x000001ed592f9fb0 nmethod 1536 0x000001ed49e84b10 code [0x000001ed49e84cc0, 0x000001ed49e85098]
Event: 352.195 Thread 0x000001ed592f9fb0 1537       4       sun.java2d.SurfaceData::pixelFor (13 bytes)
Event: 352.196 Thread 0x000001ed592f9fb0 nmethod 1537 0x000001ed49e85390 code [0x000001ed49e85520, 0x000001ed49e85658]
Event: 354.741 Thread 0x000001ed592f9fb0 1538       4       javax.swing.JComponent::getGraphics (33 bytes)
Event: 354.743 Thread 0x000001ed592f9fb0 nmethod 1538 0x000001ed49e85790 code [0x000001ed49e85920, 0x000001ed49e859c8]
Event: 378.085 Thread 0x000001ed592fc970 1539   !   3       sun.awt.AWTAutoShutdown::setToolkitBusy (124 bytes)
Event: 378.086 Thread 0x000001ed592fc970 nmethod 1539 0x000001ed42b60b10 code [0x000001ed42b60d20, 0x000001ed42b61328]
Event: 378.254 Thread 0x000001ed592fc970 1540       3       java.lang.invoke.MethodType::dropParameterTypes (162 bytes)
Event: 378.257 Thread 0x000001ed592fc970 nmethod 1540 0x000001ed42b61690 code [0x000001ed42b619a0, 0x000001ed42b628e8]
Event: 378.278 Thread 0x000001ed592fc970 1541       3       java.awt.Component::isLightweight (8 bytes)
Event: 378.279 Thread 0x000001ed592fc970 nmethod 1541 0x000001ed42b62e10 code [0x000001ed42b62fa0, 0x000001ed42b631b8]

GC Heap History (2 events):
Event: 1.667 GC heap before
{Heap before GC invocations=0 (full 0):
 garbage-first heap   total 126976K, used 13312K [0x0000000084200000, 0x0000000100000000)
  region size 1024K, 13 young (13312K), 0 survivors (0K)
 Metaspace       used 16750K, capacity 16917K, committed 17152K, reserved 1064960K
  class space    used 1653K, capacity 1732K, committed 1792K, reserved 1048576K
}
Event: 1.687 GC heap after
{Heap after GC invocations=1 (full 0):
 garbage-first heap   total 126976K, used 2419K [0x0000000084200000, 0x0000000100000000)
  region size 1024K, 2 young (2048K), 2 survivors (2048K)
 Metaspace       used 16750K, capacity 16917K, committed 17152K, reserved 1064960K
  class space    used 1653K, capacity 1732K, committed 1792K, reserved 1048576K
}

Deoptimization events (20 events):
Event: 378.252 Thread 0x000001ed59c88f90 Uncommon trap: trap_request=0xffffff45 fr.pc=0x000001ed49e77324 relative=0x0000000000000104
Event: 378.252 Thread 0x000001ed59c88f90 Uncommon trap: reason=unstable_if action=reinterpret pc=0x000001ed49e77324 method=java.security.AccessControlContext.optimize()Ljava/security/AccessControlContext; @ 11 c2
Event: 378.252 Thread 0x000001ed59c88f90 DEOPT PACKING pc=0x000001ed49e77324 sp=0x0000003e878fd9b0
Event: 378.252 Thread 0x000001ed59c88f90 DEOPT UNPACKING pc=0x000001ed4238e129 sp=0x0000003e878fd910 mode 2
Event: 378.256 Thread 0x000001ed59d998e0 Uncommon trap: trap_request=0xffffffde fr.pc=0x000001ed49e1a024 relative=0x0000000000000184
Event: 378.256 Thread 0x000001ed59d998e0 Uncommon trap: reason=class_check action=maybe_recompile pc=0x000001ed49e1a024 method=java.lang.String.equals(Ljava/lang/Object;)Z @ 8 c2
Event: 378.256 Thread 0x000001ed59d998e0 DEOPT PACKING pc=0x000001ed49e1a024 sp=0x0000003e87afd8b0
Event: 378.256 Thread 0x000001ed59d998e0 DEOPT UNPACKING pc=0x000001ed4238e129 sp=0x0000003e87afd848 mode 2
Event: 378.256 Thread 0x000001ed59d998e0 Uncommon trap: trap_request=0xffffffde fr.pc=0x000001ed49e1a024 relative=0x0000000000000184
Event: 378.256 Thread 0x000001ed59d998e0 Uncommon trap: reason=class_check action=maybe_recompile pc=0x000001ed49e1a024 method=java.lang.String.equals(Ljava/lang/Object;)Z @ 8 c2
Event: 378.256 Thread 0x000001ed59d998e0 DEOPT PACKING pc=0x000001ed49e1a024 sp=0x0000003e87afd810
Event: 378.256 Thread 0x000001ed59d998e0 DEOPT UNPACKING pc=0x000001ed4238e129 sp=0x0000003e87afd7b8 mode 2
Event: 378.256 Thread 0x000001ed59d998e0 Uncommon trap: trap_request=0xffffffde fr.pc=0x000001ed49e1a024 relative=0x0000000000000184
Event: 378.256 Thread 0x000001ed59d998e0 Uncommon trap: reason=class_check action=maybe_recompile pc=0x000001ed49e1a024 method=java.lang.String.equals(Ljava/lang/Object;)Z @ 8 c2
Event: 378.256 Thread 0x000001ed59d998e0 DEOPT PACKING pc=0x000001ed49e1a024 sp=0x0000003e87afd780
Event: 378.256 Thread 0x000001ed59d998e0 DEOPT UNPACKING pc=0x000001ed4238e129 sp=0x0000003e87afd728 mode 2
Event: 378.279 Thread 0x000001ed59d998e0 Uncommon trap: trap_request=0xffffff45 fr.pc=0x000001ed49e7d4e8 relative=0x0000000000000068
Event: 378.279 Thread 0x000001ed59d998e0 Uncommon trap: reason=unstable_if action=reinterpret pc=0x000001ed49e7d4e8 method=javax.swing.JComponent.getClientProperty(Ljava/lang/Object;)Ljava/lang/Object; @ 4 c2
Event: 378.279 Thread 0x000001ed59d998e0 DEOPT PACKING pc=0x000001ed49e7d4e8 sp=0x0000003e87afe140
Event: 378.279 Thread 0x000001ed59d998e0 DEOPT UNPACKING pc=0x000001ed4238e129 sp=0x0000003e87afe0c8 mode 2

Classes unloaded (0 events):
No events

Classes redefined (2 events):
Event: 217.164 Thread 0x000001ed58974150 redefined class name=lista01.Exercicio07, count=1
Event: 337.943 Thread 0x000001ed58974150 redefined class name=lista01.Exercicio07, count=2

Internal exceptions (16 events):
Event: 0.384 Thread 0x000001ed3d14e7d0 Exception <a 'java/lang/NoSuchMethodError'{0x000000008bb1ea60}: 'void java.lang.invoke.DirectMethodHandle$Holder.invokeStatic(java.lang.Object, java.lang.Object)'> (0x000000008bb1ea60) 
thrown [./open/src/hotspot/share/interpreter/linkResolver.cpp, line 782]
Event: 0.385 Thread 0x000001ed3d14e7d0 Exception <a 'java/lang/NoSuchMethodError'{0x000000008bb22708}: 'void java.lang.invoke.DirectMethodHandle$Holder.invokeStaticInit(java.lang.Object, java.lang.Object)'> (0x000000008bb22708) 
thrown [./open/src/hotspot/share/interpreter/linkResolver.cpp, line 782]
Event: 0.668 Thread 0x000001ed3d14e7d0 Exception <a 'java/lang/NoSuchMethodError'{0x000000008b903aa8}: 'java.lang.Object java.lang.invoke.DirectMethodHandle$Holder.invokeStatic(java.lang.Object)'> (0x000000008b903aa8) 
thrown [./open/src/hotspot/share/interpreter/linkResolver.cpp, line 782]
Event: 0.756 Thread 0x000001ed3d14e7d0 Exception <a 'java/lang/NoSuchMethodError'{0x000000008b83c018}: 'void java.lang.invoke.DirectMethodHandle$Holder.invokeSpecial(java.lang.Object, java.lang.Object, java.lang.Object)'> (0x000000008b83c018) 
thrown [./open/src/hotspot/share/interpreter/linkResolver.cpp, line 782]
Event: 0.782 Thread 0x000001ed3d14e7d0 Exception <a 'java/lang/ClassNotFoundException'{0x000000008b87b720}: sun/awt/resources/spi/awtProvider> (0x000000008b87b720) 
thrown [./open/src/hotspot/share/classfile/systemDictionary.cpp, line 295]
Event: 0.850 Thread 0x000001ed3d14e7d0 Exception <a 'java/io/FileNotFoundException'{0x000000008b8d9760}> (0x000000008b8d9760) 
thrown [./open/src/hotspot/share/prims/jni.cpp, line 578]
Event: 0.864 Thread 0x000001ed3d14e7d0 Exception <a 'java/io/FileNotFoundException'{0x000000008b70a948}> (0x000000008b70a948) 
thrown [./open/src/hotspot/share/prims/jni.cpp, line 578]
Event: 0.955 Thread 0x000001ed3d14e7d0 Exception <a 'java/lang/NoSuchMethodError'{0x000000008b61cc10}: 'java.lang.Object java.lang.invoke.DirectMethodHandle$Holder.invokeStaticInit(java.lang.Object)'> (0x000000008b61cc10) 
thrown [./open/src/hotspot/share/interpreter/linkResolver.cpp, line 782]
Event: 1.034 Thread 0x000001ed3d14e7d0 Exception <a 'java/lang/NoSuchMethodError'{0x000000008b51da48}: 'java.lang.Object java.lang.invoke.DirectMethodHandle$Holder.newInvokeSpecial(java.lang.Object, java.lang.Object, java.lang.Object, java.lang.Object, java.lang.Object)'> (0x000000008b51da48) 
thrown [./open/src/hotspot/share/interpreter/linkResolver.cpp, line 782]
Event: 1.043 Thread 0x000001ed3d14e7d0 Exception <a 'java/lang/NoSuchMethodError'{0x000000008b5294d8}: 'java.lang.Object java.lang.invoke.DirectMethodHandle$Holder.invokeStatic(java.lang.Object, int, java.lang.Object, java.lang.Object, java.lang.Object, java.lang.Object)'> (0x000000008b5294d8) 
thrown [./open/src/hotspot/share/interpreter/linkResolver.cpp, line 782]
Event: 1.052 Thread 0x000001ed3d14e7d0 Exception <a 'java/lang/NoSuchMethodError'{0x000000008b550018}: 'java.lang.Object java.lang.invoke.DirectMethodHandle$Holder.invokeStatic(java.lang.Object, int, java.lang.Object)'> (0x000000008b550018) 
thrown [./open/src/hotspot/share/interpreter/linkResolver.cpp, line 782]
Event: 1.117 Thread 0x000001ed3d14e7d0 Exception <a 'java/lang/ClassNotFoundException'{0x000000008b439b58}: com/sun/swing/internal/plaf/metal/resources/spi/metalProvider> (0x000000008b439b58) 
thrown [./open/src/hotspot/share/classfile/systemDictionary.cpp, line 295]
Event: 1.125 Thread 0x000001ed3d14e7d0 Exception <a 'java/lang/ClassNotFoundException'{0x000000008b4403e0}: com/sun/swing/internal/plaf/basic/resources/spi/basicProvider> (0x000000008b4403e0) 
thrown [./open/src/hotspot/share/classfile/systemDictionary.cpp, line 295]
Event: 1.162 Thread 0x000001ed59cdbca0 Exception <a 'java/lang/NoSuchMethodError'{0x000000008b4e1c80}: 'java.lang.Object java.lang.invoke.DirectMethodHandle$Holder.newInvokeSpecial(java.lang.Object, java.lang.Object, java.lang.Object, int, int, int, int, int)'> (0x000000008b4e1c80) 
thrown [./open/src/hotspot/share/interpreter/linkResolver.cpp, line 782]
Event: 1.661 Thread 0x000001ed3d14e7d0 Exception <a 'java/lang/NoSuchMethodError'{0x000000008b1efcb8}: 'void java.lang.invoke.DirectMethodHandle$Holder.invokeStaticInit(java.lang.Object)'> (0x000000008b1efcb8) 
thrown [./open/src/hotspot/share/interpreter/linkResolver.cpp, line 782]
Event: 1.803 Thread 0x000001ed3d14e7d0 Exception <a 'java/lang/NoSuchMethodError'{0x000000008bc1cf98}: 'int java.lang.invoke.DirectMethodHandle$Holder.invokeStatic(java.lang.Object)'> (0x000000008bc1cf98) 
thrown [./open/src/hotspot/share/interpreter/linkResolver.cpp, line 782]

Events (20 events):
Event: 378.275 loading class java/awt/Window$1DisposeAction done
Event: 378.275 loading class java/awt/EventQueue$1AWTInvocationLock
Event: 378.275 loading class javax/swing/MenuElement
Event: 378.275 loading class java/awt/EventQueue$1AWTInvocationLock done
Event: 378.275 loading class javax/swing/MenuElement done
Event: 378.275 loading class javax/swing/JMenuBar done
Event: 378.276 loading class javax/swing/Popup$HeavyWeightWindow
Event: 378.276 loading class sun/awt/ModalExclude
Event: 378.276 loading class sun/awt/ModalExclude done
Event: 378.276 loading class javax/swing/JWindow
Event: 378.277 loading class javax/swing/JWindow done
Event: 378.277 loading class javax/swing/Popup$HeavyWeightWindow done
Event: 378.282 loading class javax/swing/Autoscroller
Event: 378.282 loading class javax/swing/Autoscroller done
Event: 378.283 loading class java/awt/LightweightDispatcher$2
Event: 378.283 loading class java/awt/LightweightDispatcher$2 done
Event: 378.284 loading class java/awt/event/AWTEventListenerProxy
Event: 378.284 loading class java/awt/event/AWTEventListenerProxy done
Event: 378.284 loading class java/awt/Toolkit$ToolkitEventMulticaster
Event: 378.284 loading class java/awt/Toolkit$ToolkitEventMulticaster done


Dynamic libraries:
0x00007ff6b7130000 - 0x00007ff6b713d000 	C:\eclipse\plugins\org.eclipse.justj.openjdk.hotspot.jre.full.win32.x86_64_15.0.1.v20201027-0507\jre\bin\javaw.exe
0x00007ff9cfb30000 - 0x00007ff9cfd25000 	C:\Windows\SYSTEM32\ntdll.dll
0x00007ff9cea20000 - 0x00007ff9ceadd000 	C:\Windows\System32\KERNEL32.DLL
0x00007ff9cd3d0000 - 0x00007ff9cd697000 	C:\Windows\System32\KERNELBASE.dll
0x00007ff9cd7a0000 - 0x00007ff9cd8a0000 	C:\Windows\System32\ucrtbase.dll
0x00007ff9c86d0000 - 0x00007ff9c86e8000 	C:\eclipse\plugins\org.eclipse.justj.openjdk.hotspot.jre.full.win32.x86_64_15.0.1.v20201027-0507\jre\bin\jli.dll
0x00007ff9cf150000 - 0x00007ff9cf2f0000 	C:\Windows\System32\USER32.dll
0x00007ff9cdb60000 - 0x00007ff9cdb82000 	C:\Windows\System32\win32u.dll
0x00007ff9cdef0000 - 0x00007ff9cdf1a000 	C:\Windows\System32\GDI32.dll
0x00007ff9cda20000 - 0x00007ff9cdb29000 	C:\Windows\System32\gdi32full.dll
0x00007ff9cd8a0000 - 0x00007ff9cd93d000 	C:\Windows\System32\msvcp_win.dll
0x00007ff9c0b80000 - 0x00007ff9c0b99000 	C:\eclipse\plugins\org.eclipse.justj.openjdk.hotspot.jre.full.win32.x86_64_15.0.1.v20201027-0507\jre\bin\VCRUNTIME140.dll
0x00007ff9b6910000 - 0x00007ff9b6bab000 	C:\Windows\WinSxS\amd64_microsoft.windows.common-controls_6595b64144ccf1df_6.0.19041.488_none_ca04af081b815d21\COMCTL32.dll
0x00007ff9cf370000 - 0x00007ff9cf40e000 	C:\Windows\System32\msvcrt.dll
0x00007ff9ce810000 - 0x00007ff9ce840000 	C:\Windows\System32\IMM32.DLL
0x00007ff9c0b70000 - 0x00007ff9c0b7c000 	C:\eclipse\plugins\org.eclipse.justj.openjdk.hotspot.jre.full.win32.x86_64_15.0.1.v20201027-0507\jre\bin\vcruntime140_1.dll
0x00007ff9c0ad0000 - 0x00007ff9c0b61000 	C:\eclipse\plugins\org.eclipse.justj.openjdk.hotspot.jre.full.win32.x86_64_15.0.1.v20201027-0507\jre\bin\msvcp140.dll
0x00007ff9a54c0000 - 0x00007ff9a601e000 	C:\eclipse\plugins\org.eclipse.justj.openjdk.hotspot.jre.full.win32.x86_64_15.0.1.v20201027-0507\jre\bin\server\jvm.dll
0x00007ff9ce970000 - 0x00007ff9cea1a000 	C:\Windows\System32\ADVAPI32.dll
0x00007ff9ceb40000 - 0x00007ff9cebdb000 	C:\Windows\System32\sechost.dll
0x00007ff9cf9b0000 - 0x00007ff9cfad4000 	C:\Windows\System32\RPCRT4.dll
0x00007ff9cfae0000 - 0x00007ff9cfae8000 	C:\Windows\System32\PSAPI.DLL
0x00007ff9bb170000 - 0x00007ff9bb179000 	C:\Windows\SYSTEM32\WSOCK32.dll
0x00007ff9b8210000 - 0x00007ff9b8237000 	C:\Windows\SYSTEM32\WINMM.dll
0x00007ff9ced60000 - 0x00007ff9cedcb000 	C:\Windows\System32\WS2_32.dll
0x00007ff9c0fb0000 - 0x00007ff9c0fba000 	C:\Windows\SYSTEM32\VERSION.dll
0x00007ff9cb1f0000 - 0x00007ff9cb203000 	C:\Windows\SYSTEM32\kernel.appcore.dll
0x00007ff9baba0000 - 0x00007ff9babaa000 	C:\eclipse\plugins\org.eclipse.justj.openjdk.hotspot.jre.full.win32.x86_64_15.0.1.v20201027-0507\jre\bin\jimage.dll
0x00007ff9bf910000 - 0x00007ff9bfaf4000 	C:\Windows\SYSTEM32\DBGHELP.DLL
0x00007ff9bf520000 - 0x00007ff9bf54c000 	C:\Windows\SYSTEM32\dbgcore.DLL
0x00007ff9cd940000 - 0x00007ff9cd9bf000 	C:\Windows\System32\bcryptPrimitives.dll
0x00007ff9c0a90000 - 0x00007ff9c0ac9000 	C:\eclipse\plugins\org.eclipse.justj.openjdk.hotspot.jre.full.win32.x86_64_15.0.1.v20201027-0507\jre\bin\jdwp.dll
0x00007ff9c0a80000 - 0x00007ff9c0a8e000 	C:\eclipse\plugins\org.eclipse.justj.openjdk.hotspot.jre.full.win32.x86_64_15.0.1.v20201027-0507\jre\bin\instrument.dll
0x00007ff9ad400000 - 0x00007ff9ad425000 	C:\eclipse\plugins\org.eclipse.justj.openjdk.hotspot.jre.full.win32.x86_64_15.0.1.v20201027-0507\jre\bin\java.dll
0x00007ff9b2e60000 - 0x00007ff9b2e78000 	C:\eclipse\plugins\org.eclipse.justj.openjdk.hotspot.jre.full.win32.x86_64_15.0.1.v20201027-0507\jre\bin\zip.dll
0x00007ff9ce0c0000 - 0x00007ff9ce801000 	C:\Windows\System32\SHELL32.dll
0x00007ff9cb3f0000 - 0x00007ff9cbb83000 	C:\Windows\SYSTEM32\windows.storage.dll
0x00007ff9cdb90000 - 0x00007ff9cdee5000 	C:\Windows\System32\combase.dll
0x00007ff9ccc10000 - 0x00007ff9ccc3c000 	C:\Windows\SYSTEM32\Wldp.dll
0x00007ff9ce010000 - 0x00007ff9ce0be000 	C:\Windows\System32\SHCORE.dll
0x00007ff9cefa0000 - 0x00007ff9ceff5000 	C:\Windows\System32\shlwapi.dll
0x00007ff9cd1a0000 - 0x00007ff9cd1c6000 	C:\Windows\SYSTEM32\profapi.dll
0x00007ff9c0a70000 - 0x00007ff9c0a7b000 	C:\eclipse\plugins\org.eclipse.justj.openjdk.hotspot.jre.full.win32.x86_64_15.0.1.v20201027-0507\jre\bin\dt_socket.dll
0x00007ff9cc680000 - 0x00007ff9cc6bb000 	C:\Windows\SYSTEM32\IPHLPAPI.DLL
0x00007ff9cc990000 - 0x00007ff9cc9fa000 	C:\Windows\system32\mswsock.dll
0x00007ff9cc6c0000 - 0x00007ff9cc78b000 	C:\Windows\SYSTEM32\DNSAPI.dll
0x00007ff9cf880000 - 0x00007ff9cf889000 	C:\Windows\System32\NSI.dll
0x00007ff9c7650000 - 0x00007ff9c765a000 	C:\Windows\System32\rasadhlp.dll
0x00007ff9c87d0000 - 0x00007ff9c884f000 	C:\Windows\System32\fwpuclnt.dll
0x00007ff9cdb30000 - 0x00007ff9cdb57000 	C:\Windows\System32\bcrypt.dll
0x00007ff9b1f90000 - 0x00007ff9b1fa9000 	C:\eclipse\plugins\org.eclipse.justj.openjdk.hotspot.jre.full.win32.x86_64_15.0.1.v20201027-0507\jre\bin\net.dll
0x00007ff9c7530000 - 0x00007ff9c7630000 	C:\Windows\SYSTEM32\WINHTTP.dll
0x00007ff9ad3e0000 - 0x00007ff9ad3f2000 	C:\eclipse\plugins\org.eclipse.justj.openjdk.hotspot.jre.full.win32.x86_64_15.0.1.v20201027-0507\jre\bin\nio.dll
0x00007ff9ad7c0000 - 0x00007ff9ad7d0000 	C:\eclipse\plugins\org.eclipse.justj.openjdk.hotspot.jre.full.win32.x86_64_15.0.1.v20201027-0507\jre\bin\verify.dll
0x00007ff994a40000 - 0x00007ff994bbf000 	C:\eclipse\plugins\org.eclipse.justj.openjdk.hotspot.jre.full.win32.x86_64_15.0.1.v20201027-0507\jre\bin\awt.dll
0x00007ff9cec90000 - 0x00007ff9ced5d000 	C:\Windows\System32\OLEAUT32.dll
0x00007ff9ca770000 - 0x00007ff9ca800000 	C:\Windows\SYSTEM32\apphelp.dll
0x00007ff9cad30000 - 0x00007ff9cadcf000 	C:\Windows\system32\uxtheme.dll
0x00007ff9cf890000 - 0x00007ff9cf9a5000 	C:\Windows\System32\MSCTF.dll
0x00007ff9ce840000 - 0x00007ff9ce969000 	C:\Windows\System32\ole32.dll
0x00007ff9caf00000 - 0x00007ff9caf2f000 	C:\Windows\system32\DWMAPI.DLL
0x00007ff9bc380000 - 0x00007ff9bc405000 	C:\eclipse\plugins\org.eclipse.justj.openjdk.hotspot.jre.full.win32.x86_64_15.0.1.v20201027-0507\jre\bin\freetype.dll
0x00007ff9b3120000 - 0x00007ff9b31c9000 	C:\eclipse\plugins\org.eclipse.justj.openjdk.hotspot.jre.full.win32.x86_64_15.0.1.v20201027-0507\jre\bin\fontmanager.dll
0x00007ff9a9b40000 - 0x00007ff9a9c65000 	C:\Windows\system32\opengl32.dll
0x00007ff9c0a40000 - 0x00007ff9c0a6c000 	C:\Windows\SYSTEM32\GLU32.dll
0x00007ff9cebe0000 - 0x00007ff9cec88000 	C:\Windows\System32\clbcatq.dll
0x00007ff9c6a20000 - 0x00007ff9c6bd4000 	C:\Windows\SYSTEM32\WindowsCodecs.dll
0x00007ff9b5e50000 - 0x00007ff9b5e8e000 	C:\Windows\system32\dataexchange.dll
0x00007ff9c8e60000 - 0x00007ff9c90c3000 	C:\Windows\system32\d3d11.dll
0x00007ff9c99d0000 - 0x00007ff9c9bb5000 	C:\Windows\system32\dcomp.dll
0x00007ff9cbc00000 - 0x00007ff9cbcf3000 	C:\Windows\system32\dxgi.dll
0x00007ff9c6440000 - 0x00007ff9c6647000 	C:\Windows\system32\twinapi.appcore.dll
0x00007ff9c41c0000 - 0x00007ff9c42bd000 	C:\Windows\SYSTEM32\textinputframework.dll
0x00007ff9ca0c0000 - 0x00007ff9ca41a000 	C:\Windows\System32\CoreUIComponents.dll
0x00007ff9ca4b0000 - 0x00007ff9ca5a2000 	C:\Windows\System32\CoreMessaging.dll
0x00007ff9cbf50000 - 0x00007ff9cbf83000 	C:\Windows\SYSTEM32\ntmarta.dll
0x00007ff9c9840000 - 0x00007ff9c9996000 	C:\Windows\SYSTEM32\wintypes.dll

dbghelp: loaded successfully - version: 4.0.5 - missing functions: none
symbol engine: initialized successfully - sym options: 0x614 - pdb path: .;C:\eclipse\plugins\org.eclipse.justj.openjdk.hotspot.jre.full.win32.x86_64_15.0.1.v20201027-0507\jre\bin;C:\Windows\SYSTEM32;C:\Windows\WinSxS\amd64_microsoft.windows.common-controls_6595b64144ccf1df_6.0.19041.488_none_ca04af081b815d21;C:\eclipse\plugins\org.eclipse.justj.openjdk.hotspot.jre.full.win32.x86_64_15.0.1.v20201027-0507\jre\bin\server

VM Arguments:
jvm_args: -XX:+ShowCodeDetailsInExceptionMessages -agentlib:jdwp=transport=dt_socket,suspend=y,address=localhost:51013 -javaagent:C:\eclipse\configuration\org.eclipse.osgi\405\0\.cp\lib\javaagent-shaded.jar -Dfile.encoding=Cp1252 
java_command: lista01.Exercicio07
java_class_path (initial): C:\Users\matheus_w_trindade\Desktop\WorkspaceJavaBasico\Lista01Java\bin
Launcher Type: SUN_STANDARD

[Global flags]
     intx CICompilerCount                          = 3                                         {product} {ergonomic}
     uint ConcGCThreads                            = 1                                         {product} {ergonomic}
     uint G1ConcRefinementThreads                  = 4                                         {product} {ergonomic}
   size_t G1HeapRegionSize                         = 1048576                                   {product} {ergonomic}
    uintx GCDrainStackTargetSize                   = 64                                        {product} {ergonomic}
   size_t InitialHeapSize                          = 130023424                                 {product} {ergonomic}
   size_t MarkStackSize                            = 4194304                                   {product} {ergonomic}
   size_t MaxHeapSize                              = 2078277632                                {product} {ergonomic}
   size_t MaxNewSize                               = 1246756864                                {product} {ergonomic}
   size_t MinHeapDeltaBytes                        = 1048576                                   {product} {ergonomic}
   size_t MinHeapSize                              = 8388608                                   {product} {ergonomic}
    uintx NonNMethodCodeHeapSize                   = 5832780                                {pd product} {ergonomic}
    uintx NonProfiledCodeHeapSize                  = 122912730                              {pd product} {ergonomic}
    uintx ProfiledCodeHeapSize                     = 122912730                              {pd product} {ergonomic}
    uintx ReservedCodeCacheSize                    = 251658240                              {pd product} {ergonomic}
     bool SegmentedCodeCache                       = true                                      {product} {ergonomic}
     bool ShowCodeDetailsInExceptionMessages       = true                                   {manageable} {command line}
   size_t SoftMaxHeapSize                          = 2078277632                             {manageable} {ergonomic}
     bool UseCompressedClassPointers               = true                                 {lp64_product} {ergonomic}
     bool UseCompressedOops                        = true                                 {lp64_product} {ergonomic}
     bool UseG1GC                                  = true                                      {product} {ergonomic}
     bool UseLargePagesIndividualAllocation        = false                                  {pd product} {ergonomic}

Logging:
Log output configuration:
 #0: stdout all=warning uptime,level,tags
 #1: stderr all=off uptime,level,tags

Environment Variables:
PATH=C:\eclipse\plugins\org.eclipse.justj.openjdk.hotspot.jre.full.win32.x86_64_15.0.1.v20201027-0507\jre\bin;C:/eclipse//plugins/org.eclipse.justj.openjdk.hotspot.jre.full.win32.x86_64_15.0.1.v20201027-0507/jre/bin/server;C:/eclipse//plugins/org.eclipse.justj.openjdk.hotspot.jre.full.win32.x86_64_15.0.1.v20201027-0507/jre/bin;C:\Program Files\Common Files\Oracle\Java\javapath;C:\Program Files (x86)\Common Files\Oracle\Java\javapath;C:\Windows\system32;C:\Windows;C:\Windows\System32\Wbem;C:\Windows\System32\WindowsPowerShell\v1.0\;C:\Windows\System32\OpenSSH\;C:\Program Files (x86)\NTP\bin;C:\Program Files\Git\cmd;C:\Program Files\nodejs\;C:\Program Files\CodeBlocks\MinGW\bin;C:\Users\matheus_w_trindade\AppData\Local\Microsoft\WindowsApps;;C:\eclipse;
USERNAME=matheus_w_trindade
OS=Windows_NT
PROCESSOR_IDENTIFIER=Intel64 Family 6 Model 37 Stepping 5, GenuineIntel



---------------  S Y S T E M  ---------------

OS:
 Windows 10 , 64 bit Build 19041 (10.0.19041.292)
OS uptime: 0 days 3:14 hours

CPU: total 4 (initial active 4) (2 cores per cpu, 2 threads per core) family 6 model 37 stepping 5 microcode 0x7, cmov, cx8, fxsr, mmx, sse, sse2, sse3, ssse3, sse4.1, sse4.2, popcnt, ht, tsc, tscinvbit, clflush

Memory: 4k page, system-wide physical 7927M (4516M free)
TotalPageFile size 9207M (AvailPageFile size 4670M)
current process WorkingSet (physical memory assigned to process): 81M, peak: 84M
current process commit charge ("private bytes"): 214M, peak: 218M

vm_info: OpenJDK 64-Bit Server VM (15.0.1+9-18) for windows-amd64 JRE (15.0.1+9-18), built on Sep 15 2020 14:39:31 by "mach5one" with unknown MS VC++:1925

END.
