#
# A fatal error has been detected by the Java Runtime Environment:
#
#  EXCEPTION_ACCESS_VIOLATION (0xc0000005) at pc=0x00007ff9a5b6738c, pid=6360, tid=5856
#
# JRE version: OpenJDK Runtime Environment (15.0.1+9) (build 15.0.1+9-18)
# Java VM: OpenJDK 64-Bit Server VM (15.0.1+9-18, mixed mode, tiered, compressed oops, g1 gc, windows-amd64)
# Problematic frame:
# V  [jvm.dll+0x6a738c]
#
# No core dump will be written. Minidumps are not enabled by default on client versions of Windows
#
# If you would like to submit a bug report, please visit:
#   https://bugreport.java.com/bugreport/crash.jsp
#

---------------  S U M M A R Y ------------

Command Line: -XX:+ShowCodeDetailsInExceptionMessages -agentlib:jdwp=transport=dt_socket,suspend=y,address=localhost:51031 -javaagent:C:\eclipse\configuration\org.eclipse.osgi\405\0\.cp\lib\javaagent-shaded.jar -Dfile.encoding=Cp1252 lista01.Exercicio07

Host: Intel(R) Core(TM) i3 CPU         550  @ 3.20GHz, 4 cores, 7G,  Windows 10 , 64 bit Build 19041 (10.0.19041.292)
Time: Thu Jun 23 21:37:01 2022 Hora oficial do Brasil elapsed time: 361.322394 seconds (0d 0h 6m 1s)

---------------  T H R E A D  ---------------

Current thread (0x0000015da606e810):  JavaThread "main" [_thread_in_vm, id=5856, stack(0x00000054d6d00000,0x00000054d6e00000)]

Stack: [0x00000054d6d00000,0x00000054d6e00000],  sp=0x00000054d6dfef10,  free space=1019k
Native frames: (J=compiled Java code, j=interpreted, Vv=VM code, C=native code)
V  [jvm.dll+0x6a738c]
V  [jvm.dll+0x6f6f19]
V  [jvm.dll+0x5dfaab]
V  [jvm.dll+0x522e89]
V  [jvm.dll+0x520a9f]
V  [jvm.dll+0x52331b]
V  [jvm.dll+0x52256d]
V  [jvm.dll+0x34d760]
V  [jvm.dll+0x34cd9f]
C  0x0000015da9abd16b

Java frames: (J=compiled Java code, j=interpreted, Vv=VM code)
j  lista01.Exercicio07.main([Ljava/lang/String;)V+63
v  ~StubRoutines::call_stub

siginfo: EXCEPTION_ACCESS_VIOLATION (0xc0000005), reading address 0x0000000000000004


Register to memory mapping:

RIP=0x00007ff9a5b6738c jvm.dll
RAX=0x0000000000000027 is an unknown value
RBX=0x00000054d6dfef60 is pointing into the stack for thread: 0x0000015da606e810
RCX=0x00000054d6dfef60 is pointing into the stack for thread: 0x0000015da606e810
RDX=0x0 is NULL
RSP=0x00000054d6dfef10 is pointing into the stack for thread: 0x0000015da606e810
RBP=0x00000054d6dff040 is pointing into the stack for thread: 0x0000015da606e810
RSI=0x0 is NULL
RDI=0x00000054d6dff040 is pointing into the stack for thread: 0x0000015da606e810
R8 =0x0000000000000001 is an unknown value
R9 =0x0 is NULL
R10=0x0000000000000001 is an unknown value
R11=0x0000000000000001 is an unknown value
R12=0x0 is NULL
R13=0x0000015da606ece0 points into unknown readable memory: 0x0000000000000000 | 00 00 00 00 00 00 00 00
R14=0x00000001000ca850 is a pointer to class: 
lista01.Exercicio07 {0x00000001000ca858}
R15=0x0000015da3dac430 points into unknown readable memory: 0x0000000000000002 | 02 00 00 00 00 00 00 00


Registers:
RAX=0x0000000000000027, RBX=0x00000054d6dfef60, RCX=0x00000054d6dfef60, RDX=0x0000000000000000
RSP=0x00000054d6dfef10, RBP=0x00000054d6dff040, RSI=0x0000000000000000, RDI=0x00000054d6dff040
R8 =0x0000000000000001, R9 =0x0000000000000000, R10=0x0000000000000001, R11=0x0000000000000001
R12=0x0000000000000000, R13=0x0000015da606ece0, R14=0x00000001000ca850, R15=0x0000015da3dac430
RIP=0x00007ff9a5b6738c, EFLAGS=0x0000000000010202

Top of Stack: (sp=0x00000054d6dfef10)
0x00000054d6dfef10:   00000001000ca850 00007ff9a554eb46
0x00000054d6dfef20:   0000000000000008 00000054d6dff0e0
0x00000054d6dfef30:   0000000000000000 00007ff9a5bb6f19
0x00000054d6dfef40:   0000015da9a9c870 0000000000000000
0x00000054d6dfef50:   0000000000000000 0000000000000000
0x00000054d6dfef60:   0000000000000000 0000000000000000
0x00000054d6dfef70:   0000000000000000 0000000000000001
0x00000054d6dfef80:   0000000000000001 0000000000000000
0x00000054d6dfef90:   0000736436a70fad 00007ff9a57fee92
0x00000054d6dfefa0:   00000001000ca850 00007ff9a5a9faab
0x00000054d6dfefb0:   00000054d6dff040 0000000000000000
0x00000054d6dfefc0:   00000054d6dff360 0000015da606e810
0x00000054d6dfefd0:   00000054d6dff360 00007ff9a59e2e89
0x00000054d6dfefe0:   0000000000000000 00000054d6dff0e0
0x00000054d6dfeff0:   0000015da606e810 000000000000000e
0x00000054d6dff000:   0000736400000000 00007ff9a57fd700 

Instructions: (pc=0x00007ff9a5b6738c)
0x00007ff9a5b6728c:   0c 89 41 08 c7 41 14 00 00 00 00 48 8b 05 8a 0f
0x00007ff9a5b6729c:   42 00 48 89 41 20 48 c7 41 28 00 00 00 00 e8 01
0x00007ff9a5b672ac:   0c 00 00 48 89 5e 40 48 8b c6 48 8b 5c 24 30 48
0x00007ff9a5b672bc:   89 7e 48 48 c7 46 30 00 00 00 00 c6 46 38 01 48
0x00007ff9a5b672cc:   8b 74 24 38 48 83 c4 20 5f c3 cc cc cc cc cc cc
0x00007ff9a5b672dc:   cc cc cc cc 48 89 5c 24 08 48 89 74 24 10 57 48
0x00007ff9a5b672ec:   83 ec 20 48 8b 42 08 33 f6 48 8b da 48 8b f9 44
0x00007ff9a5b672fc:   0f b7 40 2c 48 8b 40 08 4e 8b 4c c0 48 4c 89 09
0x00007ff9a5b6730c:   41 0f b7 41 04 89 41 10 c7 41 1c 01 00 00 00 c7
0x00007ff9a5b6731c:   41 0c 01 00 00 00 c7 41 08 01 00 00 00 89 71 14
0x00007ff9a5b6732c:   48 8b 05 f5 0e 42 00 48 89 41 20 48 89 71 28 e8
0x00007ff9a5b6733c:   70 0b 00 00 48 89 77 40 48 89 77 48 48 8b 43 08
0x00007ff9a5b6734c:   48 8b 5c 24 30 48 8b 74 24 38 48 8b 48 08 48 8b
0x00007ff9a5b6735c:   41 18 48 85 c0 48 89 47 30 0f 94 c0 88 47 38 48
0x00007ff9a5b6736c:   8b c7 48 83 c4 20 5f c3 cc cc cc cc cc cc cc cc
0x00007ff9a5b6737c:   cc cc cc cc 40 53 48 83 ec 20 48 8b d9 48 89 11
0x00007ff9a5b6738c:   0f b7 42 04 89 41 10 41 0f b6 c0 89 41 1c 89 41
0x00007ff9a5b6739c:   0c 89 41 08 33 c9 89 4b 14 48 8b 05 7c 0e 42 00
0x00007ff9a5b673ac:   48 89 4b 28 48 8b cb 48 89 43 20 e8 f4 0a 00 00
0x00007ff9a5b673bc:   48 8b c3 48 83 c4 20 5b c3 cc cc cc cc cc cc cc
0x00007ff9a5b673cc:   cc cc cc cc 40 56 48 83 ec 20 48 8b f1 48 8b 49
0x00007ff9a5b673dc:   20 e8 6e f5 04 00 48 8b 46 28 48 85 c0 74 3a 48
0x00007ff9a5b673ec:   89 5c 24 30 33 db 39 18 7e 2a 48 89 7c 24 38 8b
0x00007ff9a5b673fc:   fb 0f 1f 00 48 8b 48 18 48 8b 0c 39 e8 43 f5 04
0x00007ff9a5b6740c:   00 48 8b 46 28 48 8d 7f 08 ff c3 3b 18 7c e5 48
0x00007ff9a5b6741c:   8b 7c 24 38 48 8b 5c 24 30 48 83 c4 20 5e c3 cc
0x00007ff9a5b6742c:   cc cc cc cc 48 83 ec 38 4c 63 51 18 41 8d 42 f4
0x00007ff9a5b6743c:   83 f8 01 76 10 48 8d 0d c8 e3 41 00 4a 8b 04 d1
0x00007ff9a5b6744c:   48 83 c4 38 c3 48 89 5c 24 30 48 8b 5c 24 60 48
0x00007ff9a5b6745c:   89 5c 24 20 e8 3b 00 00 00 48 83 7b 08 00 48 8b
0x00007ff9a5b6746c:   5c 24 30 75 19 48 85 c0 74 14 48 8b 48 70 48 85
0x00007ff9a5b6747c:   c9 74 0b 48 83 c4 38 48 ff 25 7e cb 34 00 33 c0 


Stack slot to memory mapping:
stack at sp + 0 slots: 0x00000001000ca850 is a pointer to class: 
lista01.Exercicio07 {0x00000001000ca858}
stack at sp + 1 slots: 0x00007ff9a554eb46 jvm.dll
stack at sp + 2 slots: 0x0000000000000008 is an unknown value
stack at sp + 3 slots: 0x00000054d6dff0e0 is pointing into the stack for thread: 0x0000015da606e810
stack at sp + 4 slots: 0x0 is NULL
stack at sp + 5 slots: 0x00007ff9a5bb6f19 jvm.dll
stack at sp + 6 slots: 0x0000015da9a9c870 is at code_begin+6320 in an Interpreter codelet
invoke return entry points  [0x0000015da9a9afc0, 0x0000015da9a9d060]  8352 bytes
stack at sp + 7 slots: 0x0 is NULL


---------------  P R O C E S S  ---------------

Threads class SMR info:
_java_thread_list=0x0000015dc0d4c3a0, length=19, elements={
0x0000015da606e810, 0x0000015dbf959530, 0x0000015dbf95a000, 0x0000015dc0184df0,
0x0000015dc01876d0, 0x0000015dc0189fa0, 0x0000015dc018ab90, 0x0000015dc01fe340,
0x0000015dc0203620, 0x0000015dc0322970, 0x0000015dc0427030, 0x0000015dc0453220,
0x0000015dc045b730, 0x0000015dc09d0d80, 0x0000015dc0bed450, 0x0000015dc0bf02f0,
0x0000015dc0bf2da0, 0x0000015dc0c92570, 0x0000015dc0c91230
}

Java Threads: ( => current thread )
=>0x0000015da606e810 JavaThread "main" [_thread_in_vm, id=5856, stack(0x00000054d6d00000,0x00000054d6e00000)]
  0x0000015dbf959530 JavaThread "Reference Handler" daemon [_thread_blocked, id=7720, stack(0x00000054d7500000,0x00000054d7600000)]
  0x0000015dbf95a000 JavaThread "Finalizer" daemon [_thread_blocked, id=6988, stack(0x00000054d7600000,0x00000054d7700000)]
  0x0000015dc0184df0 JavaThread "Signal Dispatcher" daemon [_thread_blocked, id=3900, stack(0x00000054d7700000,0x00000054d7800000)]
  0x0000015dc01876d0 JavaThread "Attach Listener" daemon [_thread_blocked, id=7704, stack(0x00000054d7800000,0x00000054d7900000)]
  0x0000015dc0189fa0 JavaThread "Service Thread" daemon [_thread_blocked, id=8436, stack(0x00000054d7900000,0x00000054d7a00000)]
  0x0000015dc018ab90 JavaThread "C2 CompilerThread0" daemon [_thread_blocked, id=8832, stack(0x00000054d7a00000,0x00000054d7b00000)]
  0x0000015dc01fe340 JavaThread "C1 CompilerThread0" daemon [_thread_blocked, id=8984, stack(0x00000054d7b00000,0x00000054d7c00000)]
  0x0000015dc0203620 JavaThread "Sweeper thread" daemon [_thread_blocked, id=7408, stack(0x00000054d7c00000,0x00000054d7d00000)]
  0x0000015dc0322970 JavaThread "Common-Cleaner" daemon [_thread_blocked, id=1080, stack(0x00000054d7d00000,0x00000054d7e00000)]
  0x0000015dc0427030 JavaThread "JDWP Transport Listener: dt_socket" daemon [_thread_blocked, id=1252, stack(0x00000054d7e00000,0x00000054d7f00000)]
  0x0000015dc0453220 JavaThread "JDWP Event Helper Thread" daemon [_thread_blocked, id=3452, stack(0x00000054d7f00000,0x00000054d8000000)]
  0x0000015dc045b730 JavaThread "JDWP Command Reader" daemon [_thread_in_native, id=6024, stack(0x00000054d8000000,0x00000054d8100000)]
  0x0000015dc09d0d80 JavaThread "Notification Thread" daemon [_thread_blocked, id=9032, stack(0x00000054d8100000,0x00000054d8200000)]
  0x0000015dc0bed450 JavaThread "Java2D Disposer" daemon [_thread_blocked, id=6892, stack(0x00000054d8300000,0x00000054d8400000)]
  0x0000015dc0bf02f0 JavaThread "AWT-Shutdown" [_thread_blocked, id=3600, stack(0x00000054d8400000,0x00000054d8500000)]
  0x0000015dc0bf2da0 JavaThread "AWT-Windows" daemon [_thread_in_native, id=2208, stack(0x00000054d8500000,0x00000054d8600000)]
  0x0000015dc0c92570 JavaThread "AWT-EventQueue-0" [_thread_blocked, id=8952, stack(0x00000054d8700000,0x00000054d8800000)]
  0x0000015dc0c91230 JavaThread "TimerQueue" daemon [_thread_blocked, id=7872, stack(0x00000054d8e00000,0x00000054d8f00000)]

Other Threads:
  0x0000015dbf8edcc0 VMThread "VM Thread" [stack: 0x00000054d7400000,0x00000054d7500000] [id=1156] _threads_hazard_ptr=0x0000015dc0d4c3a0
  0x0000015da606f750 WatcherThread [stack: 0x00000054d8200000,0x00000054d8300000] [id=7936]
  0x0000015da60afe00 GCTaskThread "GC Thread#0" [stack: 0x00000054d6f00000,0x00000054d7000000] [id=6476]
  0x0000015dc0412bb0 GCTaskThread "GC Thread#1" [stack: 0x00000054d8800000,0x00000054d8900000] [id=4560]
  0x0000015dc0412220 GCTaskThread "GC Thread#2" [stack: 0x00000054d8900000,0x00000054d8a00000] [id=8404]
  0x0000015dc0412550 GCTaskThread "GC Thread#3" [stack: 0x00000054d8a00000,0x00000054d8b00000] [id=6548]
  0x0000015da60c0610 ConcurrentGCThread "G1 Main Marker" [stack: 0x00000054d7000000,0x00000054d7100000] [id=9212]
  0x0000015da60c19e0 ConcurrentGCThread "G1 Conc#0" [stack: 0x00000054d7100000,0x00000054d7200000] [id=2664]
  0x0000015da6127cd0 ConcurrentGCThread "G1 Refine#0" [stack: 0x00000054d7200000,0x00000054d7300000] [id=8568]
  0x0000015da612af90 ConcurrentGCThread "G1 Young RemSet Sampling" [stack: 0x00000054d7300000,0x00000054d7400000] [id=6320]

Threads with active compile tasks:

VM state: synchronizing (normal execution)

VM Mutex/Monitor currently owned by a thread:  ([mutex/lock_event])
[0x0000015da606a780] Threads_lock - owner thread: 0x0000015dbf8edcc0

Heap address: 0x0000000084200000, size: 1982 MB, Compressed Oops mode: 32-bit
CDS disabled.
Compressed class space mapped at: 0x0000000100000000-0x0000000140000000, size: 1073741824
Narrow klass base: 0x0000000000000000, Narrow klass shift: 3, Narrow klass range: 0x140000000

GC Precious Log:
 CPUs: 4 total, 4 available
 Memory: 7927M
 Large Page Support: Disabled
 NUMA Support: Disabled
 Compressed Oops: Enabled (32-bit)
 Heap Region Size: 1M
 Heap Min Capacity: 8M
 Heap Initial Capacity: 124M
 Heap Max Capacity: 1982M
 Pre-touch: Disabled
 Parallel Workers: 4
 Concurrent Workers: 1
 Concurrent Refinement Workers: 4
 Periodic GC: Disabled

Heap:
 garbage-first heap   total 126976K, used 6515K [0x0000000084200000, 0x0000000100000000)
  region size 1024K, 7 young (7168K), 2 survivors (2048K)
 Metaspace       used 18284K, capacity 18480K, committed 18560K, reserved 1067008K
  class space    used 1789K, capacity 1868K, committed 1920K, reserved 1048576K

Heap Regions: E=young(eden), S=young(survivor), O=old, HS=humongous(starts), HC=humongous(continues), CS=collection set, F=free, OA=open archive, CA=closed archive, TAMS=top-at-mark-start (previous, next)
|   0|0x0000000084200000, 0x000000008425ce08, 0x0000000084300000| 36%| O|  |TAMS 0x0000000084200000, 0x0000000084200000| Untracked 
|   1|0x0000000084300000, 0x0000000084300000, 0x0000000084400000|  0%| F|  |TAMS 0x0000000084300000, 0x0000000084300000| Untracked 
|   2|0x0000000084400000, 0x0000000084400000, 0x0000000084500000|  0%| F|  |TAMS 0x0000000084400000, 0x0000000084400000| Untracked 
|   3|0x0000000084500000, 0x0000000084500000, 0x0000000084600000|  0%| F|  |TAMS 0x0000000084500000, 0x0000000084500000| Untracked 
|   4|0x0000000084600000, 0x0000000084600000, 0x0000000084700000|  0%| F|  |TAMS 0x0000000084600000, 0x0000000084600000| Untracked 
|   5|0x0000000084700000, 0x0000000084700000, 0x0000000084800000|  0%| F|  |TAMS 0x0000000084700000, 0x0000000084700000| Untracked 
|   6|0x0000000084800000, 0x0000000084800000, 0x0000000084900000|  0%| F|  |TAMS 0x0000000084800000, 0x0000000084800000| Untracked 
|   7|0x0000000084900000, 0x0000000084900000, 0x0000000084a00000|  0%| F|  |TAMS 0x0000000084900000, 0x0000000084900000| Untracked 
|   8|0x0000000084a00000, 0x0000000084a00000, 0x0000000084b00000|  0%| F|  |TAMS 0x0000000084a00000, 0x0000000084a00000| Untracked 
|   9|0x0000000084b00000, 0x0000000084b00000, 0x0000000084c00000|  0%| F|  |TAMS 0x0000000084b00000, 0x0000000084b00000| Untracked 
|  10|0x0000000084c00000, 0x0000000084c00000, 0x0000000084d00000|  0%| F|  |TAMS 0x0000000084c00000, 0x0000000084c00000| Untracked 
|  11|0x0000000084d00000, 0x0000000084d00000, 0x0000000084e00000|  0%| F|  |TAMS 0x0000000084d00000, 0x0000000084d00000| Untracked 
|  12|0x0000000084e00000, 0x0000000084e00000, 0x0000000084f00000|  0%| F|  |TAMS 0x0000000084e00000, 0x0000000084e00000| Untracked 
|  13|0x0000000084f00000, 0x0000000084f00000, 0x0000000085000000|  0%| F|  |TAMS 0x0000000084f00000, 0x0000000084f00000| Untracked 
|  14|0x0000000085000000, 0x0000000085000000, 0x0000000085100000|  0%| F|  |TAMS 0x0000000085000000, 0x0000000085000000| Untracked 
|  15|0x0000000085100000, 0x0000000085100000, 0x0000000085200000|  0%| F|  |TAMS 0x0000000085100000, 0x0000000085100000| Untracked 
|  16|0x0000000085200000, 0x0000000085200000, 0x0000000085300000|  0%| F|  |TAMS 0x0000000085200000, 0x0000000085200000| Untracked 
|  17|0x0000000085300000, 0x0000000085300000, 0x0000000085400000|  0%| F|  |TAMS 0x0000000085300000, 0x0000000085300000| Untracked 
|  18|0x0000000085400000, 0x0000000085400000, 0x0000000085500000|  0%| F|  |TAMS 0x0000000085400000, 0x0000000085400000| Untracked 
|  19|0x0000000085500000, 0x0000000085500000, 0x0000000085600000|  0%| F|  |TAMS 0x0000000085500000, 0x0000000085500000| Untracked 
|  20|0x0000000085600000, 0x0000000085600000, 0x0000000085700000|  0%| F|  |TAMS 0x0000000085600000, 0x0000000085600000| Untracked 
|  21|0x0000000085700000, 0x0000000085700000, 0x0000000085800000|  0%| F|  |TAMS 0x0000000085700000, 0x0000000085700000| Untracked 
|  22|0x0000000085800000, 0x0000000085800000, 0x0000000085900000|  0%| F|  |TAMS 0x0000000085800000, 0x0000000085800000| Untracked 
|  23|0x0000000085900000, 0x0000000085900000, 0x0000000085a00000|  0%| F|  |TAMS 0x0000000085900000, 0x0000000085900000| Untracked 
|  24|0x0000000085a00000, 0x0000000085a00000, 0x0000000085b00000|  0%| F|  |TAMS 0x0000000085a00000, 0x0000000085a00000| Untracked 
|  25|0x0000000085b00000, 0x0000000085b00000, 0x0000000085c00000|  0%| F|  |TAMS 0x0000000085b00000, 0x0000000085b00000| Untracked 
|  26|0x0000000085c00000, 0x0000000085c00000, 0x0000000085d00000|  0%| F|  |TAMS 0x0000000085c00000, 0x0000000085c00000| Untracked 
|  27|0x0000000085d00000, 0x0000000085d00000, 0x0000000085e00000|  0%| F|  |TAMS 0x0000000085d00000, 0x0000000085d00000| Untracked 
|  28|0x0000000085e00000, 0x0000000085e00000, 0x0000000085f00000|  0%| F|  |TAMS 0x0000000085e00000, 0x0000000085e00000| Untracked 
|  29|0x0000000085f00000, 0x0000000085f00000, 0x0000000086000000|  0%| F|  |TAMS 0x0000000085f00000, 0x0000000085f00000| Untracked 
|  30|0x0000000086000000, 0x0000000086000000, 0x0000000086100000|  0%| F|  |TAMS 0x0000000086000000, 0x0000000086000000| Untracked 
|  31|0x0000000086100000, 0x0000000086100000, 0x0000000086200000|  0%| F|  |TAMS 0x0000000086100000, 0x0000000086100000| Untracked 
|  32|0x0000000086200000, 0x0000000086200000, 0x0000000086300000|  0%| F|  |TAMS 0x0000000086200000, 0x0000000086200000| Untracked 
|  33|0x0000000086300000, 0x0000000086300000, 0x0000000086400000|  0%| F|  |TAMS 0x0000000086300000, 0x0000000086300000| Untracked 
|  34|0x0000000086400000, 0x0000000086400000, 0x0000000086500000|  0%| F|  |TAMS 0x0000000086400000, 0x0000000086400000| Untracked 
|  35|0x0000000086500000, 0x0000000086500000, 0x0000000086600000|  0%| F|  |TAMS 0x0000000086500000, 0x0000000086500000| Untracked 
|  36|0x0000000086600000, 0x0000000086600000, 0x0000000086700000|  0%| F|  |TAMS 0x0000000086600000, 0x0000000086600000| Untracked 
|  37|0x0000000086700000, 0x0000000086700000, 0x0000000086800000|  0%| F|  |TAMS 0x0000000086700000, 0x0000000086700000| Untracked 
|  38|0x0000000086800000, 0x0000000086800000, 0x0000000086900000|  0%| F|  |TAMS 0x0000000086800000, 0x0000000086800000| Untracked 
|  39|0x0000000086900000, 0x0000000086900000, 0x0000000086a00000|  0%| F|  |TAMS 0x0000000086900000, 0x0000000086900000| Untracked 
|  40|0x0000000086a00000, 0x0000000086a00000, 0x0000000086b00000|  0%| F|  |TAMS 0x0000000086a00000, 0x0000000086a00000| Untracked 
|  41|0x0000000086b00000, 0x0000000086b00000, 0x0000000086c00000|  0%| F|  |TAMS 0x0000000086b00000, 0x0000000086b00000| Untracked 
|  42|0x0000000086c00000, 0x0000000086c00000, 0x0000000086d00000|  0%| F|  |TAMS 0x0000000086c00000, 0x0000000086c00000| Untracked 
|  43|0x0000000086d00000, 0x0000000086d00000, 0x0000000086e00000|  0%| F|  |TAMS 0x0000000086d00000, 0x0000000086d00000| Untracked 
|  44|0x0000000086e00000, 0x0000000086e00000, 0x0000000086f00000|  0%| F|  |TAMS 0x0000000086e00000, 0x0000000086e00000| Untracked 
|  45|0x0000000086f00000, 0x0000000086f00000, 0x0000000087000000|  0%| F|  |TAMS 0x0000000086f00000, 0x0000000086f00000| Untracked 
|  46|0x0000000087000000, 0x0000000087000000, 0x0000000087100000|  0%| F|  |TAMS 0x0000000087000000, 0x0000000087000000| Untracked 
|  47|0x0000000087100000, 0x0000000087100000, 0x0000000087200000|  0%| F|  |TAMS 0x0000000087100000, 0x0000000087100000| Untracked 
|  48|0x0000000087200000, 0x0000000087200000, 0x0000000087300000|  0%| F|  |TAMS 0x0000000087200000, 0x0000000087200000| Untracked 
|  49|0x0000000087300000, 0x0000000087300000, 0x0000000087400000|  0%| F|  |TAMS 0x0000000087300000, 0x0000000087300000| Untracked 
|  50|0x0000000087400000, 0x0000000087400000, 0x0000000087500000|  0%| F|  |TAMS 0x0000000087400000, 0x0000000087400000| Untracked 
|  51|0x0000000087500000, 0x0000000087500000, 0x0000000087600000|  0%| F|  |TAMS 0x0000000087500000, 0x0000000087500000| Untracked 
|  52|0x0000000087600000, 0x0000000087600000, 0x0000000087700000|  0%| F|  |TAMS 0x0000000087600000, 0x0000000087600000| Untracked 
|  53|0x0000000087700000, 0x0000000087700000, 0x0000000087800000|  0%| F|  |TAMS 0x0000000087700000, 0x0000000087700000| Untracked 
|  54|0x0000000087800000, 0x0000000087800000, 0x0000000087900000|  0%| F|  |TAMS 0x0000000087800000, 0x0000000087800000| Untracked 
|  55|0x0000000087900000, 0x0000000087900000, 0x0000000087a00000|  0%| F|  |TAMS 0x0000000087900000, 0x0000000087900000| Untracked 
|  56|0x0000000087a00000, 0x0000000087a00000, 0x0000000087b00000|  0%| F|  |TAMS 0x0000000087a00000, 0x0000000087a00000| Untracked 
|  57|0x0000000087b00000, 0x0000000087b00000, 0x0000000087c00000|  0%| F|  |TAMS 0x0000000087b00000, 0x0000000087b00000| Untracked 
|  58|0x0000000087c00000, 0x0000000087c00000, 0x0000000087d00000|  0%| F|  |TAMS 0x0000000087c00000, 0x0000000087c00000| Untracked 
|  59|0x0000000087d00000, 0x0000000087d00000, 0x0000000087e00000|  0%| F|  |TAMS 0x0000000087d00000, 0x0000000087d00000| Untracked 
|  60|0x0000000087e00000, 0x0000000087e00000, 0x0000000087f00000|  0%| F|  |TAMS 0x0000000087e00000, 0x0000000087e00000| Untracked 
|  61|0x0000000087f00000, 0x0000000087f00000, 0x0000000088000000|  0%| F|  |TAMS 0x0000000087f00000, 0x0000000087f00000| Untracked 
|  62|0x0000000088000000, 0x0000000088000000, 0x0000000088100000|  0%| F|  |TAMS 0x0000000088000000, 0x0000000088000000| Untracked 
|  63|0x0000000088100000, 0x0000000088100000, 0x0000000088200000|  0%| F|  |TAMS 0x0000000088100000, 0x0000000088100000| Untracked 
|  64|0x0000000088200000, 0x0000000088200000, 0x0000000088300000|  0%| F|  |TAMS 0x0000000088200000, 0x0000000088200000| Untracked 
|  65|0x0000000088300000, 0x0000000088300000, 0x0000000088400000|  0%| F|  |TAMS 0x0000000088300000, 0x0000000088300000| Untracked 
|  66|0x0000000088400000, 0x0000000088400000, 0x0000000088500000|  0%| F|  |TAMS 0x0000000088400000, 0x0000000088400000| Untracked 
|  67|0x0000000088500000, 0x0000000088500000, 0x0000000088600000|  0%| F|  |TAMS 0x0000000088500000, 0x0000000088500000| Untracked 
|  68|0x0000000088600000, 0x0000000088600000, 0x0000000088700000|  0%| F|  |TAMS 0x0000000088600000, 0x0000000088600000| Untracked 
|  69|0x0000000088700000, 0x0000000088700000, 0x0000000088800000|  0%| F|  |TAMS 0x0000000088700000, 0x0000000088700000| Untracked 
|  70|0x0000000088800000, 0x0000000088800000, 0x0000000088900000|  0%| F|  |TAMS 0x0000000088800000, 0x0000000088800000| Untracked 
|  71|0x0000000088900000, 0x0000000088900000, 0x0000000088a00000|  0%| F|  |TAMS 0x0000000088900000, 0x0000000088900000| Untracked 
|  72|0x0000000088a00000, 0x0000000088a00000, 0x0000000088b00000|  0%| F|  |TAMS 0x0000000088a00000, 0x0000000088a00000| Untracked 
|  73|0x0000000088b00000, 0x0000000088b00000, 0x0000000088c00000|  0%| F|  |TAMS 0x0000000088b00000, 0x0000000088b00000| Untracked 
|  74|0x0000000088c00000, 0x0000000088c00000, 0x0000000088d00000|  0%| F|  |TAMS 0x0000000088c00000, 0x0000000088c00000| Untracked 
|  75|0x0000000088d00000, 0x0000000088d00000, 0x0000000088e00000|  0%| F|  |TAMS 0x0000000088d00000, 0x0000000088d00000| Untracked 
|  76|0x0000000088e00000, 0x0000000088e00000, 0x0000000088f00000|  0%| F|  |TAMS 0x0000000088e00000, 0x0000000088e00000| Untracked 
|  77|0x0000000088f00000, 0x0000000088f00000, 0x0000000089000000|  0%| F|  |TAMS 0x0000000088f00000, 0x0000000088f00000| Untracked 
|  78|0x0000000089000000, 0x0000000089000000, 0x0000000089100000|  0%| F|  |TAMS 0x0000000089000000, 0x0000000089000000| Untracked 
|  79|0x0000000089100000, 0x0000000089100000, 0x0000000089200000|  0%| F|  |TAMS 0x0000000089100000, 0x0000000089100000| Untracked 
|  80|0x0000000089200000, 0x0000000089200000, 0x0000000089300000|  0%| F|  |TAMS 0x0000000089200000, 0x0000000089200000| Untracked 
|  81|0x0000000089300000, 0x0000000089300000, 0x0000000089400000|  0%| F|  |TAMS 0x0000000089300000, 0x0000000089300000| Untracked 
|  82|0x0000000089400000, 0x0000000089400000, 0x0000000089500000|  0%| F|  |TAMS 0x0000000089400000, 0x0000000089400000| Untracked 
|  83|0x0000000089500000, 0x0000000089500000, 0x0000000089600000|  0%| F|  |TAMS 0x0000000089500000, 0x0000000089500000| Untracked 
|  84|0x0000000089600000, 0x0000000089600000, 0x0000000089700000|  0%| F|  |TAMS 0x0000000089600000, 0x0000000089600000| Untracked 
|  85|0x0000000089700000, 0x0000000089700000, 0x0000000089800000|  0%| F|  |TAMS 0x0000000089700000, 0x0000000089700000| Untracked 
|  86|0x0000000089800000, 0x0000000089800000, 0x0000000089900000|  0%| F|  |TAMS 0x0000000089800000, 0x0000000089800000| Untracked 
|  87|0x0000000089900000, 0x0000000089900000, 0x0000000089a00000|  0%| F|  |TAMS 0x0000000089900000, 0x0000000089900000| Untracked 
|  88|0x0000000089a00000, 0x0000000089a00000, 0x0000000089b00000|  0%| F|  |TAMS 0x0000000089a00000, 0x0000000089a00000| Untracked 
|  89|0x0000000089b00000, 0x0000000089b00000, 0x0000000089c00000|  0%| F|  |TAMS 0x0000000089b00000, 0x0000000089b00000| Untracked 
|  90|0x0000000089c00000, 0x0000000089c00000, 0x0000000089d00000|  0%| F|  |TAMS 0x0000000089c00000, 0x0000000089c00000| Untracked 
|  91|0x0000000089d00000, 0x0000000089d00000, 0x0000000089e00000|  0%| F|  |TAMS 0x0000000089d00000, 0x0000000089d00000| Untracked 
|  92|0x0000000089e00000, 0x0000000089e00000, 0x0000000089f00000|  0%| F|  |TAMS 0x0000000089e00000, 0x0000000089e00000| Untracked 
|  93|0x0000000089f00000, 0x0000000089f00000, 0x000000008a000000|  0%| F|  |TAMS 0x0000000089f00000, 0x0000000089f00000| Untracked 
|  94|0x000000008a000000, 0x000000008a000000, 0x000000008a100000|  0%| F|  |TAMS 0x000000008a000000, 0x000000008a000000| Untracked 
|  95|0x000000008a100000, 0x000000008a100000, 0x000000008a200000|  0%| F|  |TAMS 0x000000008a100000, 0x000000008a100000| Untracked 
|  96|0x000000008a200000, 0x000000008a200000, 0x000000008a300000|  0%| F|  |TAMS 0x000000008a200000, 0x000000008a200000| Untracked 
|  97|0x000000008a300000, 0x000000008a300000, 0x000000008a400000|  0%| F|  |TAMS 0x000000008a300000, 0x000000008a300000| Untracked 
|  98|0x000000008a400000, 0x000000008a400000, 0x000000008a500000|  0%| F|  |TAMS 0x000000008a400000, 0x000000008a400000| Untracked 
|  99|0x000000008a500000, 0x000000008a500000, 0x000000008a600000|  0%| F|  |TAMS 0x000000008a500000, 0x000000008a500000| Untracked 
| 100|0x000000008a600000, 0x000000008a600000, 0x000000008a700000|  0%| F|  |TAMS 0x000000008a600000, 0x000000008a600000| Untracked 
| 101|0x000000008a700000, 0x000000008a700000, 0x000000008a800000|  0%| F|  |TAMS 0x000000008a700000, 0x000000008a700000| Untracked 
| 102|0x000000008a800000, 0x000000008a800000, 0x000000008a900000|  0%| F|  |TAMS 0x000000008a800000, 0x000000008a800000| Untracked 
| 103|0x000000008a900000, 0x000000008a900000, 0x000000008aa00000|  0%| F|  |TAMS 0x000000008a900000, 0x000000008a900000| Untracked 
| 104|0x000000008aa00000, 0x000000008aa00000, 0x000000008ab00000|  0%| F|  |TAMS 0x000000008aa00000, 0x000000008aa00000| Untracked 
| 105|0x000000008ab00000, 0x000000008ab00000, 0x000000008ac00000|  0%| F|  |TAMS 0x000000008ab00000, 0x000000008ab00000| Untracked 
| 106|0x000000008ac00000, 0x000000008ac00000, 0x000000008ad00000|  0%| F|  |TAMS 0x000000008ac00000, 0x000000008ac00000| Untracked 
| 107|0x000000008ad00000, 0x000000008ad00000, 0x000000008ae00000|  0%| F|  |TAMS 0x000000008ad00000, 0x000000008ad00000| Untracked 
| 108|0x000000008ae00000, 0x000000008ae00000, 0x000000008af00000|  0%| F|  |TAMS 0x000000008ae00000, 0x000000008ae00000| Untracked 
| 109|0x000000008af00000, 0x000000008b000000, 0x000000008b000000|100%| S|CS|TAMS 0x000000008af00000, 0x000000008af00000| Complete 
| 110|0x000000008b000000, 0x000000008b100000, 0x000000008b100000|100%| S|CS|TAMS 0x000000008b000000, 0x000000008b000000| Complete 
| 111|0x000000008b100000, 0x000000008b100000, 0x000000008b200000|  0%| F|  |TAMS 0x000000008b100000, 0x000000008b100000| Untracked 
| 112|0x000000008b200000, 0x000000008b200000, 0x000000008b300000|  0%| F|  |TAMS 0x000000008b200000, 0x000000008b200000| Untracked 
| 113|0x000000008b300000, 0x000000008b300000, 0x000000008b400000|  0%| F|  |TAMS 0x000000008b300000, 0x000000008b300000| Untracked 
| 114|0x000000008b400000, 0x000000008b400000, 0x000000008b500000|  0%| F|  |TAMS 0x000000008b400000, 0x000000008b400000| Untracked 
| 115|0x000000008b500000, 0x000000008b500000, 0x000000008b600000|  0%| F|  |TAMS 0x000000008b500000, 0x000000008b500000| Untracked 
| 116|0x000000008b600000, 0x000000008b600000, 0x000000008b700000|  0%| F|  |TAMS 0x000000008b600000, 0x000000008b600000| Untracked 
| 117|0x000000008b700000, 0x000000008b700000, 0x000000008b800000|  0%| F|  |TAMS 0x000000008b700000, 0x000000008b700000| Untracked 
| 118|0x000000008b800000, 0x000000008b800000, 0x000000008b900000|  0%| F|  |TAMS 0x000000008b800000, 0x000000008b800000| Untracked 
| 119|0x000000008b900000, 0x000000008ba00000, 0x000000008ba00000|100%| E|  |TAMS 0x000000008b900000, 0x000000008b900000| Complete 
| 120|0x000000008ba00000, 0x000000008bb00000, 0x000000008bb00000|100%| E|CS|TAMS 0x000000008ba00000, 0x000000008ba00000| Complete 
| 121|0x000000008bb00000, 0x000000008bc00000, 0x000000008bc00000|100%| E|CS|TAMS 0x000000008bb00000, 0x000000008bb00000| Complete 
| 122|0x000000008bc00000, 0x000000008bd00000, 0x000000008bd00000|100%| E|CS|TAMS 0x000000008bc00000, 0x000000008bc00000| Complete 
| 123|0x000000008bd00000, 0x000000008be00000, 0x000000008be00000|100%| E|CS|TAMS 0x000000008bd00000, 0x000000008bd00000| Complete 

Card table byte_map: [0x0000015db8e70000,0x0000015db9250000] _byte_map_base: 0x0000015db8a4f000

Marking Bits (Prev, Next): (CMBitMap*) 0x0000015da60b04f0, (CMBitMap*) 0x0000015da60b0530
 Prev Bits: [0x0000015db9630000, 0x0000015dbb528000)
 Next Bits: [0x0000015dbb530000, 0x0000015dbd428000)

Polling page: 0x0000015da3fc0000

Metaspace:

Usage:
  Non-class:     16.22 MB capacity,    16.11 MB (>99%) used,    96.01 KB ( <1%) free+waste,    20.88 KB ( <1%) overhead. 
      Class:      1.82 MB capacity,     1.75 MB ( 96%) used,    71.48 KB (  4%) free+waste,     7.06 KB ( <1%) overhead. 
       Both:     18.05 MB capacity,    17.86 MB ( 99%) used,   167.48 KB ( <1%) free+waste,    27.94 KB ( <1%) overhead. 

Virtual space:
  Non-class space:       18.00 MB reserved,      16.25 MB ( 90%) committed 
      Class space:        1.00 GB reserved,       1.88 MB ( <1%) committed 
             Both:        1.02 GB reserved,      18.12 MB (  2%) committed 

Chunk freelists:
   Non-Class:  28.00 KB
       Class:  20.00 KB
        Both:  48.00 KB

MaxMetaspaceSize: 17179869184.00 GB
CompressedClassSpaceSize: 1.00 GB

CodeHeap 'non-profiled nmethods': size=120000Kb used=470Kb max_used=470Kb free=119529Kb
 bounds [0x0000015db1560000, 0x0000015db17d0000, 0x0000015db8a90000]
CodeHeap 'profiled nmethods': size=120000Kb used=2613Kb max_used=2613Kb free=117386Kb
 bounds [0x0000015daa030000, 0x0000015daa2c0000, 0x0000015db1560000]
CodeHeap 'non-nmethods': size=5760Kb used=1381Kb max_used=1398Kb free=4378Kb
 bounds [0x0000015da9a90000, 0x0000015da9d00000, 0x0000015daa030000]
 total_blobs=2130 nmethods=1536 adapters=508
 compilation: enabled
              stopped_count=0, restarted_count=0
 full_count=0

Compilation events (20 events):
Event: 355.972 Thread 0x0000015dc018ab90 1530       4       sun.java2d.SurfaceData::pixelFor (13 bytes)
Event: 355.974 Thread 0x0000015dc018ab90 nmethod 1530 0x0000015db15d5410 code [0x0000015db15d55a0, 0x0000015db15d56d8]
Event: 358.516 Thread 0x0000015dc018ab90 1531       4       javax.swing.JComponent::getGraphics (33 bytes)
Event: 358.518 Thread 0x0000015dc018ab90 nmethod 1531 0x0000015db15d5810 code [0x0000015db15d59a0, 0x0000015db15d5a48]
Event: 361.276 Thread 0x0000015dc01fe340 1532       3       java.lang.invoke.MethodType::dropParameterTypes (162 bytes)
Event: 361.279 Thread 0x0000015dc01fe340 nmethod 1532 0x0000015daa2b9310 code [0x0000015daa2b9620, 0x0000015daa2ba568]
Event: 361.304 Thread 0x0000015dc01fe340 1533       3       java.awt.Component::isLightweight (8 bytes)
Event: 361.304 Thread 0x0000015dc01fe340 nmethod 1533 0x0000015daa2baa90 code [0x0000015daa2bac20, 0x0000015daa2bae38]
Event: 361.310 Thread 0x0000015dc01fe340 1534       3       java.lang.String::<init> (10 bytes)
Event: 361.311 Thread 0x0000015dc01fe340 nmethod 1534 0x0000015daa2baf10 code [0x0000015daa2bb0c0, 0x0000015daa2bb228]
Event: 361.312 Thread 0x0000015dc01fe340 1535  s    3       java.awt.KeyboardFocusManager::getCurrentKeyboardFocusManager (32 bytes)
Event: 361.312 Thread 0x0000015dc01fe340 nmethod 1535 0x0000015daa2bb310 code [0x0000015daa2bb4e0, 0x0000015daa2bb8c8]
Event: 361.312 Thread 0x0000015dc01fe340 1537       3       java.security.AccessController::doPrivileged (9 bytes)
Event: 361.313 Thread 0x0000015dc01fe340 nmethod 1537 0x0000015daa2bba10 code [0x0000015daa2bbbe0, 0x0000015daa2bbef8]
Event: 361.313 Thread 0x0000015dc01fe340 1536       3       java.awt.KeyboardFocusManager::getCurrentKeyboardFocusManager (7 bytes)
Event: 361.313 Thread 0x0000015dc01fe340 nmethod 1536 0x0000015daa2bc090 code [0x0000015daa2bc280, 0x0000015daa2bc738]
Event: 361.314 Thread 0x0000015dc01fe340 1538  s    3       java.beans.ChangeListenerMap::get (25 bytes)
Event: 361.314 Thread 0x0000015dc01fe340 nmethod 1538 0x0000015daa2bc990 code [0x0000015daa2bcb40, 0x0000015daa2bcf28]
Event: 361.314 Thread 0x0000015dc01fe340 1539       3       java.beans.PropertyChangeSupport::fire (39 bytes)
Event: 361.314 Thread 0x0000015dc01fe340 nmethod 1539 0x0000015daa2bd010 code [0x0000015daa2bd1c0, 0x0000015daa2bd488]

GC Heap History (2 events):
Event: 6.772 GC heap before
{Heap before GC invocations=0 (full 0):
 garbage-first heap   total 126976K, used 12288K [0x0000000084200000, 0x0000000100000000)
  region size 1024K, 13 young (13312K), 0 survivors (0K)
 Metaspace       used 16763K, capacity 16917K, committed 17152K, reserved 1064960K
  class space    used 1653K, capacity 1732K, committed 1792K, reserved 1048576K
}
Event: 6.792 GC heap after
{Heap after GC invocations=1 (full 0):
 garbage-first heap   total 126976K, used 2419K [0x0000000084200000, 0x0000000100000000)
  region size 1024K, 2 young (2048K), 2 survivors (2048K)
 Metaspace       used 16763K, capacity 16917K, committed 17152K, reserved 1064960K
  class space    used 1653K, capacity 1732K, committed 1792K, reserved 1048576K
}

Deoptimization events (20 events):
Event: 361.278 Thread 0x0000015dc0c92570 Uncommon trap: trap_request=0xffffffde fr.pc=0x0000015db156a324 relative=0x0000000000000184
Event: 361.278 Thread 0x0000015dc0c92570 Uncommon trap: reason=class_check action=maybe_recompile pc=0x0000015db156a324 method=java.lang.String.equals(Ljava/lang/Object;)Z @ 8 c2
Event: 361.278 Thread 0x0000015dc0c92570 DEOPT PACKING pc=0x0000015db156a324 sp=0x00000054d87fdb10
Event: 361.278 Thread 0x0000015dc0c92570 DEOPT UNPACKING pc=0x0000015da9ade129 sp=0x00000054d87fdaa8 mode 2
Event: 361.278 Thread 0x0000015dc0c92570 Uncommon trap: trap_request=0xffffffde fr.pc=0x0000015db156a324 relative=0x0000000000000184
Event: 361.278 Thread 0x0000015dc0c92570 Uncommon trap: reason=class_check action=maybe_recompile pc=0x0000015db156a324 method=java.lang.String.equals(Ljava/lang/Object;)Z @ 8 c2
Event: 361.278 Thread 0x0000015dc0c92570 DEOPT PACKING pc=0x0000015db156a324 sp=0x00000054d87fda70
Event: 361.278 Thread 0x0000015dc0c92570 DEOPT UNPACKING pc=0x0000015da9ade129 sp=0x00000054d87fda18 mode 2
Event: 361.278 Thread 0x0000015dc0c92570 Uncommon trap: trap_request=0xffffffde fr.pc=0x0000015db156a324 relative=0x0000000000000184
Event: 361.278 Thread 0x0000015dc0c92570 Uncommon trap: reason=class_check action=maybe_recompile pc=0x0000015db156a324 method=java.lang.String.equals(Ljava/lang/Object;)Z @ 8 c2
Event: 361.278 Thread 0x0000015dc0c92570 DEOPT PACKING pc=0x0000015db156a324 sp=0x00000054d87fd9e0
Event: 361.278 Thread 0x0000015dc0c92570 DEOPT UNPACKING pc=0x0000015da9ade129 sp=0x00000054d87fd988 mode 2
Event: 361.304 Thread 0x0000015dc0c92570 Uncommon trap: trap_request=0xffffff45 fr.pc=0x0000015db15cd6e8 relative=0x0000000000000068
Event: 361.304 Thread 0x0000015dc0c92570 Uncommon trap: reason=unstable_if action=reinterpret pc=0x0000015db15cd6e8 method=javax.swing.JComponent.getClientProperty(Ljava/lang/Object;)Ljava/lang/Object; @ 4 c2
Event: 361.304 Thread 0x0000015dc0c92570 DEOPT PACKING pc=0x0000015db15cd6e8 sp=0x00000054d87fe3a0
Event: 361.304 Thread 0x0000015dc0c92570 DEOPT UNPACKING pc=0x0000015da9ade129 sp=0x00000054d87fe328 mode 2
Event: 361.313 Thread 0x0000015dc0c92570 Uncommon trap: trap_request=0xfffffff4 fr.pc=0x0000015db15cdbd8 relative=0x0000000000000238
Event: 361.313 Thread 0x0000015dc0c92570 Uncommon trap: reason=null_check action=make_not_entrant pc=0x0000015db15cdbd8 method=java.awt.geom.AffineTransform.equals(Ljava/lang/Object;)Z @ 1 c2
Event: 361.313 Thread 0x0000015dc0c92570 DEOPT PACKING pc=0x0000015db15cdbd8 sp=0x00000054d87fdf10
Event: 361.313 Thread 0x0000015dc0c92570 DEOPT UNPACKING pc=0x0000015da9ade129 sp=0x00000054d87fdea8 mode 2

Classes unloaded (0 events):
No events

Classes redefined (2 events):
Event: 213.235 Thread 0x0000015dbf8edcc0 redefined class name=lista01.Exercicio07, count=1
Event: 334.151 Thread 0x0000015dbf8edcc0 redefined class name=lista01.Exercicio07, count=2

Internal exceptions (17 events):
Event: 2.426 Thread 0x0000015da606e810 Exception <a 'java/lang/NoSuchMethodError'{0x000000008bb1ea60}: 'void java.lang.invoke.DirectMethodHandle$Holder.invokeStatic(java.lang.Object, java.lang.Object)'> (0x000000008bb1ea60) 
thrown [./open/src/hotspot/share/interpreter/linkResolver.cpp, line 782]
Event: 2.427 Thread 0x0000015da606e810 Exception <a 'java/lang/NoSuchMethodError'{0x000000008bb22708}: 'void java.lang.invoke.DirectMethodHandle$Holder.invokeStaticInit(java.lang.Object, java.lang.Object)'> (0x000000008bb22708) 
thrown [./open/src/hotspot/share/interpreter/linkResolver.cpp, line 782]
Event: 3.848 Thread 0x0000015da606e810 Exception <a 'java/lang/NoSuchMethodError'{0x000000008b903aa8}: 'java.lang.Object java.lang.invoke.DirectMethodHandle$Holder.invokeStatic(java.lang.Object)'> (0x000000008b903aa8) 
thrown [./open/src/hotspot/share/interpreter/linkResolver.cpp, line 782]
Event: 4.290 Thread 0x0000015da606e810 Exception <a 'java/lang/NoSuchMethodError'{0x000000008b849968}: 'void java.lang.invoke.DirectMethodHandle$Holder.invokeSpecial(java.lang.Object, java.lang.Object, java.lang.Object)'> (0x000000008b849968) 
thrown [./open/src/hotspot/share/interpreter/linkResolver.cpp, line 782]
Event: 4.340 Thread 0x0000015da606e810 Exception <a 'java/lang/ClassNotFoundException'{0x000000008b87b438}: sun/awt/resources/spi/awtProvider> (0x000000008b87b438) 
thrown [./open/src/hotspot/share/classfile/systemDictionary.cpp, line 295]
Event: 4.613 Thread 0x0000015da606e810 Exception <a 'java/io/FileNotFoundException'{0x000000008b8d9460}> (0x000000008b8d9460) 
thrown [./open/src/hotspot/share/prims/jni.cpp, line 578]
Event: 4.642 Thread 0x0000015da606e810 Exception <a 'java/io/FileNotFoundException'{0x000000008b70a948}> (0x000000008b70a948) 
thrown [./open/src/hotspot/share/prims/jni.cpp, line 578]
Event: 4.952 Thread 0x0000015da606e810 Exception <a 'java/lang/NoSuchMethodError'{0x000000008b61cc48}: 'java.lang.Object java.lang.invoke.DirectMethodHandle$Holder.invokeStaticInit(java.lang.Object)'> (0x000000008b61cc48) 
thrown [./open/src/hotspot/share/interpreter/linkResolver.cpp, line 782]
Event: 5.680 Thread 0x0000015da606e810 Exception <a 'java/lang/NoSuchMethodError'{0x000000008b51da48}: 'java.lang.Object java.lang.invoke.DirectMethodHandle$Holder.newInvokeSpecial(java.lang.Object, java.lang.Object, java.lang.Object, java.lang.Object, java.lang.Object)'> (0x000000008b51da48) 
thrown [./open/src/hotspot/share/interpreter/linkResolver.cpp, line 782]
Event: 5.683 Thread 0x0000015da606e810 Exception <a 'java/lang/NoSuchMethodError'{0x000000008b5294d8}: 'java.lang.Object java.lang.invoke.DirectMethodHandle$Holder.invokeStatic(java.lang.Object, int, java.lang.Object, java.lang.Object, java.lang.Object, java.lang.Object)'> (0x000000008b5294d8) 
thrown [./open/src/hotspot/share/interpreter/linkResolver.cpp, line 782]
Event: 5.690 Thread 0x0000015da606e810 Exception <a 'java/lang/NoSuchMethodError'{0x000000008b550018}: 'java.lang.Object java.lang.invoke.DirectMethodHandle$Holder.invokeStatic(java.lang.Object, int, java.lang.Object)'> (0x000000008b550018) 
thrown [./open/src/hotspot/share/interpreter/linkResolver.cpp, line 782]
Event: 5.837 Thread 0x0000015da606e810 Exception <a 'java/lang/ClassNotFoundException'{0x000000008b439b58}: com/sun/swing/internal/plaf/metal/resources/spi/metalProvider> (0x000000008b439b58) 
thrown [./open/src/hotspot/share/classfile/systemDictionary.cpp, line 295]
Event: 5.840 Thread 0x0000015da606e810 Exception <a 'java/lang/ClassNotFoundException'{0x000000008b4403e0}: com/sun/swing/internal/plaf/basic/resources/spi/basicProvider> (0x000000008b4403e0) 
thrown [./open/src/hotspot/share/classfile/systemDictionary.cpp, line 295]
Event: 5.887 Thread 0x0000015dc0c43d30 Exception <a 'java/lang/NoSuchMethodError'{0x000000008b4e1c80}: 'java.lang.Object java.lang.invoke.DirectMethodHandle$Holder.newInvokeSpecial(java.lang.Object, java.lang.Object, java.lang.Object, int, int, int, int, int)'> (0x000000008b4e1c80) 
thrown [./open/src/hotspot/share/interpreter/linkResolver.cpp, line 782]
Event: 6.764 Thread 0x0000015da606e810 Exception <a 'java/lang/NoSuchMethodError'{0x000000008b1efcb8}: 'void java.lang.invoke.DirectMethodHandle$Holder.invokeStaticInit(java.lang.Object)'> (0x000000008b1efcb8) 
thrown [./open/src/hotspot/share/interpreter/linkResolver.cpp, line 782]
Event: 7.115 Thread 0x0000015da606e810 Exception <a 'java/lang/NoSuchMethodError'{0x000000008bc1cf98}: 'int java.lang.invoke.DirectMethodHandle$Holder.invokeStatic(java.lang.Object)'> (0x000000008bc1cf98) 
thrown [./open/src/hotspot/share/interpreter/linkResolver.cpp, line 782]
Event: 361.313 Thread 0x0000015dc0c92570 Implicit null exception at 0x0000015db15cd9cc to 0x0000015db15cdbc8

Events (20 events):
Event: 361.299 loading class java/awt/Window$1DisposeAction done
Event: 361.299 loading class java/awt/EventQueue$1AWTInvocationLock
Event: 361.299 loading class javax/swing/MenuElement
Event: 361.299 loading class javax/swing/MenuElement done
Event: 361.300 loading class java/awt/EventQueue$1AWTInvocationLock done
Event: 361.301 loading class javax/swing/JMenuBar done
Event: 361.301 loading class javax/swing/Popup$HeavyWeightWindow
Event: 361.301 loading class sun/awt/ModalExclude
Event: 361.301 loading class sun/awt/ModalExclude done
Event: 361.301 loading class javax/swing/JWindow
Event: 361.302 loading class javax/swing/JWindow done
Event: 361.302 loading class javax/swing/Popup$HeavyWeightWindow done
Event: 361.307 loading class javax/swing/Autoscroller
Event: 361.307 loading class javax/swing/Autoscroller done
Event: 361.308 loading class java/awt/LightweightDispatcher$2
Event: 361.308 loading class java/awt/LightweightDispatcher$2 done
Event: 361.308 loading class java/awt/event/AWTEventListenerProxy
Event: 361.308 loading class java/awt/event/AWTEventListenerProxy done
Event: 361.309 loading class java/awt/Toolkit$ToolkitEventMulticaster
Event: 361.309 loading class java/awt/Toolkit$ToolkitEventMulticaster done


Dynamic libraries:
0x00007ff6b7130000 - 0x00007ff6b713d000 	C:\eclipse\plugins\org.eclipse.justj.openjdk.hotspot.jre.full.win32.x86_64_15.0.1.v20201027-0507\jre\bin\javaw.exe
0x00007ff9cfb30000 - 0x00007ff9cfd25000 	C:\Windows\SYSTEM32\ntdll.dll
0x00007ff9cea20000 - 0x00007ff9ceadd000 	C:\Windows\System32\KERNEL32.DLL
0x00007ff9cd3d0000 - 0x00007ff9cd697000 	C:\Windows\System32\KERNELBASE.dll
0x00007ff9cd7a0000 - 0x00007ff9cd8a0000 	C:\Windows\System32\ucrtbase.dll
0x00007ff9c86d0000 - 0x00007ff9c86e8000 	C:\eclipse\plugins\org.eclipse.justj.openjdk.hotspot.jre.full.win32.x86_64_15.0.1.v20201027-0507\jre\bin\jli.dll
0x00007ff9cf150000 - 0x00007ff9cf2f0000 	C:\Windows\System32\USER32.dll
0x00007ff9cdb60000 - 0x00007ff9cdb82000 	C:\Windows\System32\win32u.dll
0x00007ff9cdef0000 - 0x00007ff9cdf1a000 	C:\Windows\System32\GDI32.dll
0x00007ff9cda20000 - 0x00007ff9cdb29000 	C:\Windows\System32\gdi32full.dll
0x00007ff9cd8a0000 - 0x00007ff9cd93d000 	C:\Windows\System32\msvcp_win.dll
0x00007ff9c0b80000 - 0x00007ff9c0b99000 	C:\eclipse\plugins\org.eclipse.justj.openjdk.hotspot.jre.full.win32.x86_64_15.0.1.v20201027-0507\jre\bin\VCRUNTIME140.dll
0x00007ff9b6910000 - 0x00007ff9b6bab000 	C:\Windows\WinSxS\amd64_microsoft.windows.common-controls_6595b64144ccf1df_6.0.19041.488_none_ca04af081b815d21\COMCTL32.dll
0x00007ff9cf370000 - 0x00007ff9cf40e000 	C:\Windows\System32\msvcrt.dll
0x00007ff9ce810000 - 0x00007ff9ce840000 	C:\Windows\System32\IMM32.DLL
0x00007ff9c0b70000 - 0x00007ff9c0b7c000 	C:\eclipse\plugins\org.eclipse.justj.openjdk.hotspot.jre.full.win32.x86_64_15.0.1.v20201027-0507\jre\bin\vcruntime140_1.dll
0x00007ff9c0ad0000 - 0x00007ff9c0b61000 	C:\eclipse\plugins\org.eclipse.justj.openjdk.hotspot.jre.full.win32.x86_64_15.0.1.v20201027-0507\jre\bin\msvcp140.dll
0x00007ff9a54c0000 - 0x00007ff9a601e000 	C:\eclipse\plugins\org.eclipse.justj.openjdk.hotspot.jre.full.win32.x86_64_15.0.1.v20201027-0507\jre\bin\server\jvm.dll
0x00007ff9ce970000 - 0x00007ff9cea1a000 	C:\Windows\System32\ADVAPI32.dll
0x00007ff9ceb40000 - 0x00007ff9cebdb000 	C:\Windows\System32\sechost.dll
0x00007ff9cf9b0000 - 0x00007ff9cfad4000 	C:\Windows\System32\RPCRT4.dll
0x00007ff9cfae0000 - 0x00007ff9cfae8000 	C:\Windows\System32\PSAPI.DLL
0x00007ff9bb170000 - 0x00007ff9bb179000 	C:\Windows\SYSTEM32\WSOCK32.dll
0x00007ff9ced60000 - 0x00007ff9cedcb000 	C:\Windows\System32\WS2_32.dll
0x00007ff9b8210000 - 0x00007ff9b8237000 	C:\Windows\SYSTEM32\WINMM.dll
0x00007ff9c0fb0000 - 0x00007ff9c0fba000 	C:\Windows\SYSTEM32\VERSION.dll
0x00007ff9cb1f0000 - 0x00007ff9cb203000 	C:\Windows\SYSTEM32\kernel.appcore.dll
0x00007ff9baba0000 - 0x00007ff9babaa000 	C:\eclipse\plugins\org.eclipse.justj.openjdk.hotspot.jre.full.win32.x86_64_15.0.1.v20201027-0507\jre\bin\jimage.dll
0x00007ff9bf910000 - 0x00007ff9bfaf4000 	C:\Windows\SYSTEM32\DBGHELP.DLL
0x00007ff9bf520000 - 0x00007ff9bf54c000 	C:\Windows\SYSTEM32\dbgcore.DLL
0x00007ff9cd940000 - 0x00007ff9cd9bf000 	C:\Windows\System32\bcryptPrimitives.dll
0x00007ff9c0a90000 - 0x00007ff9c0ac9000 	C:\eclipse\plugins\org.eclipse.justj.openjdk.hotspot.jre.full.win32.x86_64_15.0.1.v20201027-0507\jre\bin\jdwp.dll
0x00007ff9c0a80000 - 0x00007ff9c0a8e000 	C:\eclipse\plugins\org.eclipse.justj.openjdk.hotspot.jre.full.win32.x86_64_15.0.1.v20201027-0507\jre\bin\instrument.dll
0x00007ff9ad400000 - 0x00007ff9ad425000 	C:\eclipse\plugins\org.eclipse.justj.openjdk.hotspot.jre.full.win32.x86_64_15.0.1.v20201027-0507\jre\bin\java.dll
0x00007ff9b2e60000 - 0x00007ff9b2e78000 	C:\eclipse\plugins\org.eclipse.justj.openjdk.hotspot.jre.full.win32.x86_64_15.0.1.v20201027-0507\jre\bin\zip.dll
0x00007ff9ce0c0000 - 0x00007ff9ce801000 	C:\Windows\System32\SHELL32.dll
0x00007ff9cb3f0000 - 0x00007ff9cbb83000 	C:\Windows\SYSTEM32\windows.storage.dll
0x00007ff9cdb90000 - 0x00007ff9cdee5000 	C:\Windows\System32\combase.dll
0x00007ff9ccc10000 - 0x00007ff9ccc3c000 	C:\Windows\SYSTEM32\Wldp.dll
0x00007ff9ce010000 - 0x00007ff9ce0be000 	C:\Windows\System32\SHCORE.dll
0x00007ff9cefa0000 - 0x00007ff9ceff5000 	C:\Windows\System32\shlwapi.dll
0x00007ff9cd1a0000 - 0x00007ff9cd1c6000 	C:\Windows\SYSTEM32\profapi.dll
0x00007ff9c0a70000 - 0x00007ff9c0a7b000 	C:\eclipse\plugins\org.eclipse.justj.openjdk.hotspot.jre.full.win32.x86_64_15.0.1.v20201027-0507\jre\bin\dt_socket.dll
0x00007ff9cc680000 - 0x00007ff9cc6bb000 	C:\Windows\SYSTEM32\IPHLPAPI.DLL
0x00007ff9cc990000 - 0x00007ff9cc9fa000 	C:\Windows\system32\mswsock.dll
0x00007ff9cc6c0000 - 0x00007ff9cc78b000 	C:\Windows\SYSTEM32\DNSAPI.dll
0x00007ff9cf880000 - 0x00007ff9cf889000 	C:\Windows\System32\NSI.dll
0x00007ff9c7650000 - 0x00007ff9c765a000 	C:\Windows\System32\rasadhlp.dll
0x00007ff9c87d0000 - 0x00007ff9c884f000 	C:\Windows\System32\fwpuclnt.dll
0x00007ff9cdb30000 - 0x00007ff9cdb57000 	C:\Windows\System32\bcrypt.dll
0x00007ff9b1f90000 - 0x00007ff9b1fa9000 	C:\eclipse\plugins\org.eclipse.justj.openjdk.hotspot.jre.full.win32.x86_64_15.0.1.v20201027-0507\jre\bin\net.dll
0x00007ff9c7530000 - 0x00007ff9c7630000 	C:\Windows\SYSTEM32\WINHTTP.dll
0x00007ff9ad3e0000 - 0x00007ff9ad3f2000 	C:\eclipse\plugins\org.eclipse.justj.openjdk.hotspot.jre.full.win32.x86_64_15.0.1.v20201027-0507\jre\bin\nio.dll
0x00007ff9ad7c0000 - 0x00007ff9ad7d0000 	C:\eclipse\plugins\org.eclipse.justj.openjdk.hotspot.jre.full.win32.x86_64_15.0.1.v20201027-0507\jre\bin\verify.dll
0x00007ff994a40000 - 0x00007ff994bbf000 	C:\eclipse\plugins\org.eclipse.justj.openjdk.hotspot.jre.full.win32.x86_64_15.0.1.v20201027-0507\jre\bin\awt.dll
0x00007ff9cec90000 - 0x00007ff9ced5d000 	C:\Windows\System32\OLEAUT32.dll
0x00007ff9ca770000 - 0x00007ff9ca800000 	C:\Windows\SYSTEM32\apphelp.dll
0x00007ff9cad30000 - 0x00007ff9cadcf000 	C:\Windows\system32\uxtheme.dll
0x00007ff9cf890000 - 0x00007ff9cf9a5000 	C:\Windows\System32\MSCTF.dll
0x00007ff9ce840000 - 0x00007ff9ce969000 	C:\Windows\System32\ole32.dll
0x00007ff9caf00000 - 0x00007ff9caf2f000 	C:\Windows\system32\DWMAPI.DLL
0x00007ff9bc380000 - 0x00007ff9bc405000 	C:\eclipse\plugins\org.eclipse.justj.openjdk.hotspot.jre.full.win32.x86_64_15.0.1.v20201027-0507\jre\bin\freetype.dll
0x00007ff9b3120000 - 0x00007ff9b31c9000 	C:\eclipse\plugins\org.eclipse.justj.openjdk.hotspot.jre.full.win32.x86_64_15.0.1.v20201027-0507\jre\bin\fontmanager.dll
0x00007ff9a9b40000 - 0x00007ff9a9c65000 	C:\Windows\system32\opengl32.dll
0x00007ff9c0a40000 - 0x00007ff9c0a6c000 	C:\Windows\SYSTEM32\GLU32.dll
0x00007ff9cebe0000 - 0x00007ff9cec88000 	C:\Windows\System32\clbcatq.dll
0x00007ff9c6a20000 - 0x00007ff9c6bd4000 	C:\Windows\SYSTEM32\WindowsCodecs.dll
0x00007ff9b5e50000 - 0x00007ff9b5e8e000 	C:\Windows\system32\dataexchange.dll
0x00007ff9c8e60000 - 0x00007ff9c90c3000 	C:\Windows\system32\d3d11.dll
0x00007ff9c99d0000 - 0x00007ff9c9bb5000 	C:\Windows\system32\dcomp.dll
0x00007ff9cbc00000 - 0x00007ff9cbcf3000 	C:\Windows\system32\dxgi.dll
0x00007ff9c6440000 - 0x00007ff9c6647000 	C:\Windows\system32\twinapi.appcore.dll
0x00007ff9c41c0000 - 0x00007ff9c42bd000 	C:\Windows\SYSTEM32\textinputframework.dll
0x00007ff9ca0c0000 - 0x00007ff9ca41a000 	C:\Windows\System32\CoreUIComponents.dll
0x00007ff9ca4b0000 - 0x00007ff9ca5a2000 	C:\Windows\System32\CoreMessaging.dll
0x00007ff9cbf50000 - 0x00007ff9cbf83000 	C:\Windows\SYSTEM32\ntmarta.dll
0x00007ff9c9840000 - 0x00007ff9c9996000 	C:\Windows\SYSTEM32\wintypes.dll

dbghelp: loaded successfully - version: 4.0.5 - missing functions: none
symbol engine: initialized successfully - sym options: 0x614 - pdb path: .;C:\eclipse\plugins\org.eclipse.justj.openjdk.hotspot.jre.full.win32.x86_64_15.0.1.v20201027-0507\jre\bin;C:\Windows\SYSTEM32;C:\Windows\WinSxS\amd64_microsoft.windows.common-controls_6595b64144ccf1df_6.0.19041.488_none_ca04af081b815d21;C:\eclipse\plugins\org.eclipse.justj.openjdk.hotspot.jre.full.win32.x86_64_15.0.1.v20201027-0507\jre\bin\server

VM Arguments:
jvm_args: -XX:+ShowCodeDetailsInExceptionMessages -agentlib:jdwp=transport=dt_socket,suspend=y,address=localhost:51031 -javaagent:C:\eclipse\configuration\org.eclipse.osgi\405\0\.cp\lib\javaagent-shaded.jar -Dfile.encoding=Cp1252 
java_command: lista01.Exercicio07
java_class_path (initial): C:\Users\matheus_w_trindade\Desktop\WorkspaceJavaBasico\Lista01Java\bin
Launcher Type: SUN_STANDARD

[Global flags]
     intx CICompilerCount                          = 3                                         {product} {ergonomic}
     uint ConcGCThreads                            = 1                                         {product} {ergonomic}
     uint G1ConcRefinementThreads                  = 4                                         {product} {ergonomic}
   size_t G1HeapRegionSize                         = 1048576                                   {product} {ergonomic}
    uintx GCDrainStackTargetSize                   = 64                                        {product} {ergonomic}
   size_t InitialHeapSize                          = 130023424                                 {product} {ergonomic}
   size_t MarkStackSize                            = 4194304                                   {product} {ergonomic}
   size_t MaxHeapSize                              = 2078277632                                {product} {ergonomic}
   size_t MaxNewSize                               = 1246756864                                {product} {ergonomic}
   size_t MinHeapDeltaBytes                        = 1048576                                   {product} {ergonomic}
   size_t MinHeapSize                              = 8388608                                   {product} {ergonomic}
    uintx NonNMethodCodeHeapSize                   = 5832780                                {pd product} {ergonomic}
    uintx NonProfiledCodeHeapSize                  = 122912730                              {pd product} {ergonomic}
    uintx ProfiledCodeHeapSize                     = 122912730                              {pd product} {ergonomic}
    uintx ReservedCodeCacheSize                    = 251658240                              {pd product} {ergonomic}
     bool SegmentedCodeCache                       = true                                      {product} {ergonomic}
     bool ShowCodeDetailsInExceptionMessages       = true                                   {manageable} {command line}
   size_t SoftMaxHeapSize                          = 2078277632                             {manageable} {ergonomic}
     bool UseCompressedClassPointers               = true                                 {lp64_product} {ergonomic}
     bool UseCompressedOops                        = true                                 {lp64_product} {ergonomic}
     bool UseG1GC                                  = true                                      {product} {ergonomic}
     bool UseLargePagesIndividualAllocation        = false                                  {pd product} {ergonomic}

Logging:
Log output configuration:
 #0: stdout all=warning uptime,level,tags
 #1: stderr all=off uptime,level,tags

Environment Variables:
PATH=C:\eclipse\plugins\org.eclipse.justj.openjdk.hotspot.jre.full.win32.x86_64_15.0.1.v20201027-0507\jre\bin;C:/eclipse//plugins/org.eclipse.justj.openjdk.hotspot.jre.full.win32.x86_64_15.0.1.v20201027-0507/jre/bin/server;C:/eclipse//plugins/org.eclipse.justj.openjdk.hotspot.jre.full.win32.x86_64_15.0.1.v20201027-0507/jre/bin;C:\Program Files\Common Files\Oracle\Java\javapath;C:\Program Files (x86)\Common Files\Oracle\Java\javapath;C:\Windows\system32;C:\Windows;C:\Windows\System32\Wbem;C:\Windows\System32\WindowsPowerShell\v1.0\;C:\Windows\System32\OpenSSH\;C:\Program Files (x86)\NTP\bin;C:\Program Files\Git\cmd;C:\Program Files\nodejs\;C:\Program Files\CodeBlocks\MinGW\bin;C:\Users\matheus_w_trindade\AppData\Local\Microsoft\WindowsApps;;C:\eclipse;
USERNAME=matheus_w_trindade
OS=Windows_NT
PROCESSOR_IDENTIFIER=Intel64 Family 6 Model 37 Stepping 5, GenuineIntel



---------------  S Y S T E M  ---------------

OS:
 Windows 10 , 64 bit Build 19041 (10.0.19041.292)
OS uptime: 0 days 3:14 hours

CPU: total 4 (initial active 4) (2 cores per cpu, 2 threads per core) family 6 model 37 stepping 5 microcode 0x7, cmov, cx8, fxsr, mmx, sse, sse2, sse3, ssse3, sse4.1, sse4.2, popcnt, ht, tsc, tscinvbit, clflush

Memory: 4k page, system-wide physical 7927M (4224M free)
TotalPageFile size 9207M (AvailPageFile size 3371M)
current process WorkingSet (physical memory assigned to process): 82M, peak: 84M
current process commit charge ("private bytes"): 214M, peak: 218M

vm_info: OpenJDK 64-Bit Server VM (15.0.1+9-18) for windows-amd64 JRE (15.0.1+9-18), built on Sep 15 2020 14:39:31 by "mach5one" with unknown MS VC++:1925

END.
