#
# A fatal error has been detected by the Java Runtime Environment:
#
#  EXCEPTION_ACCESS_VIOLATION (0xc0000005) at pc=0x00007ff9a5bc7ebb, pid=8888, tid=5580
#
# JRE version: OpenJDK Runtime Environment (15.0.1+9) (build 15.0.1+9-18)
# Java VM: OpenJDK 64-Bit Server VM (15.0.1+9-18, mixed mode, tiered, compressed oops, g1 gc, windows-amd64)
# Problematic frame:
# V  [jvm.dll+0x707ebb]
#
# No core dump will be written. Minidumps are not enabled by default on client versions of Windows
#
# If you would like to submit a bug report, please visit:
#   https://bugreport.java.com/bugreport/crash.jsp
#

---------------  S U M M A R Y ------------

Command Line: -XX:+ShowCodeDetailsInExceptionMessages -agentlib:jdwp=transport=dt_socket,suspend=y,address=localhost:51020 -javaagent:C:\eclipse\configuration\org.eclipse.osgi\405\0\.cp\lib\javaagent-shaded.jar -Dfile.encoding=Cp1252 lista01.Exercicio07

Host: Intel(R) Core(TM) i3 CPU         550  @ 3.20GHz, 4 cores, 7G,  Windows 10 , 64 bit Build 19041 (10.0.19041.292)
Time: Thu Jun 23 21:36:58 2022 Hora oficial do Brasil elapsed time: 361.021373 seconds (0d 0h 6m 1s)

---------------  T H R E A D  ---------------

Current thread (0x000001b1e04fe810):  JavaThread "main" [_thread_in_vm, id=5580, stack(0x0000001810300000,0x0000001810400000)]

Stack: [0x0000001810300000,0x0000001810400000],  sp=0x00000018103feb20,  free space=1018k
Native frames: (J=compiled Java code, j=interpreted, Vv=VM code, C=native code)
V  [jvm.dll+0x707ebb]
V  [jvm.dll+0x707e03]
V  [jvm.dll+0x20f044]
V  [jvm.dll+0x20f2d2]
V  [jvm.dll+0x51f758]
V  [jvm.dll+0x522550]
V  [jvm.dll+0x34d760]
V  [jvm.dll+0x34cd9f]
C  0x000001b1e3f4d16b

Java frames: (J=compiled Java code, j=interpreted, Vv=VM code)
j  lista01.Exercicio07.main([Ljava/lang/String;)V+63
v  ~StubRoutines::call_stub

siginfo: EXCEPTION_ACCESS_VIOLATION (0xc0000005), reading address 0x0000000000000004


Register to memory mapping:

RIP=0x00007ff9a5bc7ebb jvm.dll
RAX=0x000001b1e04fe190 points into unknown readable memory: 0x000000008bdee4f8 | f8 e4 de 8b 00 00 00 00
RBX=0x000001b1e04fe810 is a thread
RCX=0x0 is NULL
RDX=0x000001b1e04fe180 points into unknown readable memory: 0x000000008b02a588 | 88 a5 02 8b 00 00 00 00
RSP=0x00000018103feb20 is pointing into the stack for thread: 0x000001b1e04fe810
RBP=0x000001b1de45ba00 points into unknown readable memory: 0x000001b1de45a7f0 | f0 a7 45 de b1 01 00 00
RSI=0x0000000000000001 is an unknown value
RDI=0x0 is NULL
R8 =0x000001b1e04fe188 points into unknown readable memory: 0x000000008b034dc8 | c8 4d 03 8b 00 00 00 00
R9 =0x000001b1e04fe810 is a thread
R10=0x0 is NULL
R11=0x00000018103fee00 is pointing into the stack for thread: 0x000001b1e04fe810
R12=0x0 is NULL
R13=0x0 is NULL
R14=0x00000018103fec70 is pointing into the stack for thread: 0x000001b1e04fe810
R15=0x00000000000000b8 is an unknown value


Registers:
RAX=0x000001b1e04fe190, RBX=0x000001b1e04fe810, RCX=0x0000000000000000, RDX=0x000001b1e04fe180
RSP=0x00000018103feb20, RBP=0x000001b1de45ba00, RSI=0x0000000000000001, RDI=0x0000000000000000
R8 =0x000001b1e04fe188, R9 =0x000001b1e04fe810, R10=0x0000000000000000, R11=0x00000018103fee00
R12=0x0000000000000000, R13=0x0000000000000000, R14=0x00000018103fec70, R15=0x00000000000000b8
RIP=0x00007ff9a5bc7ebb, EFLAGS=0x0000000000010202

Top of Stack: (sp=0x00000018103feb20)
0x00000018103feb20:   000001b1e04fe810 00007ff9a56d55c4
0x00000018103feb30:   000001b1fb6a1768 000001b1e04fe810
0x00000018103feb40:   0000000000000014 000000030000000c
0x00000018103feb50:   00000000000000b6 0000000000000000
0x00000018103feb60:   00000001000d1da0 000001b1e04fec00
0x00000018103feb70:   000001b1e04fe810 00007ff9a56d5b9e
0x00000018103feb80:   000001b1fb6eccf8 00000000000000b8
0x00000018103feb90:   00000018103fec70 0000000000000000
0x00000018103feba0:   000001b1e04fe810 00007ff9a5bc7e03
0x00000018103febb0:   000001b1e04fe810 00007ff9a580d9e4
0x00000018103febc0:   000001b1fb6eccf8 000001b1fb67da69
0x00000018103febd0:   000001b1e04fe180 00007ff9a56cf044
0x00000018103febe0:   000001b1e04fe188 000001b1e04fe810
0x00000018103febf0:   000001b1fb67db20 000001b1e04fe810
0x00000018103fec00:   000001b1e04fe810 000001b1e04fe810
0x00000018103fec10:   00000000000000b8 0000000000000000 

Instructions: (pc=0x00007ff9a5bc7ebb)
0x00007ff9a5bc7dbb:   6c 24 68 48 8b 6c 24 58 48 83 c4 28 41 5f 5f 5e
0x00007ff9a5bc7dcb:   5b c3 48 83 c4 28 41 5f 5f 5e 5b e9 55 f7 ff ff
0x00007ff9a5bc7ddb:   cc cc cc cc cc 48 89 5c 24 08 48 89 74 24 10 57
0x00007ff9a5bc7deb:   48 83 ec 20 48 8b 5c 24 50 41 0f b6 f1 4c 8b cb
0x00007ff9a5bc7dfb:   48 8b f9 e8 ad 00 00 00 48 83 7b 08 00 75 05 48
0x00007ff9a5bc7e0b:   85 c0 75 12 4c 8b cb 4c 8b c0 40 0f b6 d6 48 8b
0x00007ff9a5bc7e1b:   cf e8 0f d1 ff ff 48 8b 5c 24 30 48 8b 74 24 38
0x00007ff9a5bc7e2b:   48 83 c4 20 5f c3 cc cc cc cc cc cc cc cc cc cc
0x00007ff9a5bc7e3b:   cc cc cc cc cc 48 89 5c 24 08 48 89 74 24 10 57
0x00007ff9a5bc7e4b:   48 83 ec 20 49 8b d8 0f b6 f2 4d 8b c8 33 d2 45
0x00007ff9a5bc7e5b:   33 c0 48 8b f9 e8 4b 00 00 00 48 83 7b 08 00 75
0x00007ff9a5bc7e6b:   05 48 85 c0 75 12 4c 8b cb 4c 8b c0 40 0f b6 d6
0x00007ff9a5bc7e7b:   48 8b cf e8 ad d0 ff ff 48 8b 5c 24 30 48 8b 74
0x00007ff9a5bc7e8b:   24 38 48 83 c4 20 5f c3 cc cc cc cc cc cc cc cc
0x00007ff9a5bc7e9b:   cc cc cc cc cc 4c 8b ca 45 33 c0 33 d2 e9 03 00
0x00007ff9a5bc7eab:   00 00 cc cc cc 40 53 57 41 56 41 57 48 83 ec 68
0x00007ff9a5bc7ebb:   66 83 79 04 01 4d 8b f9 49 8b d8 48 8b fa 4c 8b
0x00007ff9a5bc7ecb:   f1 0f 86 80 01 00 00 80 79 06 5b 0f 85 76 01 00
0x00007ff9a5bc7edb:   00 e8 2f ff f9 ff 84 c0 0f 84 69 01 00 00 48 89
0x00007ff9a5bc7eeb:   ac 24 98 00 00 00 48 8d 4c 24 28 49 8b af 90 02
0x00007ff9a5bc7efb:   00 00 45 33 c0 48 89 b4 24 a0 00 00 00 49 8b d6
0x00007ff9a5bc7f0b:   4c 89 a4 24 a8 00 00 00 4c 89 6c 24 60 48 8b 45
0x00007ff9a5bc7f1b:   18 48 8b 75 10 4c 8b 65 28 48 89 84 24 90 00 00
0x00007ff9a5bc7f2b:   00 48 8b 45 20 48 89 44 24 20 e8 46 f4 f9 ff 8b
0x00007ff9a5bc7f3b:   44 24 40 45 33 f6 83 f8 0d 74 05 45 8b ee eb 11
0x00007ff9a5bc7f4b:   48 8d 4c 24 28 e8 db 02 fa ff 44 8b e8 8b 44 24
0x00007ff9a5bc7f5b:   40 48 63 54 24 30 48 8b 4c 24 28 80 7c 0a 06 4c
0x00007ff9a5bc7f6b:   75 6a 48 8d 4c 24 28 e8 69 fc f9 ff 4d 8b cf 4c
0x00007ff9a5bc7f7b:   8b c3 48 8b d7 48 8b c8 e8 a8 f5 ff ff 48 8b d8
0x00007ff9a5bc7f8b:   4d 39 77 08 75 22 48 85 c0 74 53 48 8b 00 48 8b
0x00007ff9a5bc7f9b:   cb 33 d2 45 8b c5 4d 8b cf ff 90 d8 00 00 00 48
0x00007ff9a5bc7fab:   8b d8 4d 39 77 08 74 36 48 8d 4c 24 28 e8 13 f4 


Stack slot to memory mapping:
stack at sp + 0 slots: 0x000001b1e04fe810 is a thread
stack at sp + 1 slots: 0x00007ff9a56d55c4 jvm.dll
stack at sp + 2 slots: {method} {0x000001b1fb6a1770} 'getInputValue' '()Ljava/lang/Object;' in 'javax/swing/JOptionPane'
stack at sp + 3 slots: 0x000001b1e04fe810 is a thread
stack at sp + 4 slots: 0x0000000000000014 is an unknown value
stack at sp + 5 slots: 0x000000030000000c is an unknown value
stack at sp + 6 slots: 0x00000000000000b6 is an unknown value
stack at sp + 7 slots: 0x0 is NULL


---------------  P R O C E S S  ---------------

Threads class SMR info:
_java_thread_list=0x000001b1fb3c9a30, length=19, elements={
0x000001b1e04fe810, 0x000001b1f9de9530, 0x000001b1f9dea000, 0x000001b1fa71dc90,
0x000001b1fa720570, 0x000001b1fa722e40, 0x000001b1fa723a30, 0x000001b1fa7935f0,
0x000001b1fa79bf60, 0x000001b1e05db690, 0x000001b1fa918530, 0x000001b1fa92a170,
0x000001b1fa92a660, 0x000001b1faebc920, 0x000001b1fb06a3e0, 0x000001b1fb06f4c0,
0x000001b1fb0a0590, 0x000001b1fb132ad0, 0x000001b1fb15de00
}

Java Threads: ( => current thread )
=>0x000001b1e04fe810 JavaThread "main" [_thread_in_vm, id=5580, stack(0x0000001810300000,0x0000001810400000)]
  0x000001b1f9de9530 JavaThread "Reference Handler" daemon [_thread_blocked, id=5480, stack(0x0000001810b00000,0x0000001810c00000)]
  0x000001b1f9dea000 JavaThread "Finalizer" daemon [_thread_blocked, id=5124, stack(0x0000001810c00000,0x0000001810d00000)]
  0x000001b1fa71dc90 JavaThread "Signal Dispatcher" daemon [_thread_blocked, id=5792, stack(0x0000001810d00000,0x0000001810e00000)]
  0x000001b1fa720570 JavaThread "Attach Listener" daemon [_thread_blocked, id=3932, stack(0x0000001810e00000,0x0000001810f00000)]
  0x000001b1fa722e40 JavaThread "Service Thread" daemon [_thread_blocked, id=8592, stack(0x0000001810f00000,0x0000001811000000)]
  0x000001b1fa723a30 JavaThread "C2 CompilerThread0" daemon [_thread_blocked, id=4308, stack(0x0000001811000000,0x0000001811100000)]
  0x000001b1fa7935f0 JavaThread "C1 CompilerThread0" daemon [_thread_blocked, id=5256, stack(0x0000001811100000,0x0000001811200000)]
  0x000001b1fa79bf60 JavaThread "Sweeper thread" daemon [_thread_blocked, id=1448, stack(0x0000001811200000,0x0000001811300000)]
  0x000001b1e05db690 JavaThread "Common-Cleaner" daemon [_thread_blocked, id=3572, stack(0x0000001811300000,0x0000001811400000)]
  0x000001b1fa918530 JavaThread "JDWP Transport Listener: dt_socket" daemon [_thread_blocked, id=4228, stack(0x0000001811400000,0x0000001811500000)]
  0x000001b1fa92a170 JavaThread "JDWP Event Helper Thread" daemon [_thread_blocked, id=7080, stack(0x0000001811500000,0x0000001811600000)]
  0x000001b1fa92a660 JavaThread "JDWP Command Reader" daemon [_thread_in_native, id=3000, stack(0x0000001811600000,0x0000001811700000)]
  0x000001b1faebc920 JavaThread "Notification Thread" daemon [_thread_blocked, id=8000, stack(0x0000001811800000,0x0000001811900000)]
  0x000001b1fb06a3e0 JavaThread "Java2D Disposer" daemon [_thread_blocked, id=536, stack(0x0000001811700000,0x0000001811800000)]
  0x000001b1fb06f4c0 JavaThread "AWT-Windows" daemon [_thread_in_native, id=8536, stack(0x0000001811b00000,0x0000001811c00000)]
  0x000001b1fb0a0590 JavaThread "AWT-Shutdown" [_thread_blocked, id=6456, stack(0x0000001811a00000,0x0000001811b00000)]
  0x000001b1fb132ad0 JavaThread "AWT-EventQueue-0" [_thread_blocked, id=6444, stack(0x0000001811d00000,0x0000001811e00000)]
  0x000001b1fb15de00 JavaThread "TimerQueue" daemon [_thread_blocked, id=3804, stack(0x0000001812400000,0x0000001812500000)]

Other Threads:
  0x000001b1f9d7dcc0 VMThread "VM Thread" [stack: 0x0000001810a00000,0x0000001810b00000] [id=8548]
  0x000001b1e04ff750 WatcherThread [stack: 0x0000001811900000,0x0000001811a00000] [id=6508]
  0x000001b1e053fe00 GCTaskThread "GC Thread#0" [stack: 0x0000001810500000,0x0000001810600000] [id=8776]
  0x000001b1fa926d50 GCTaskThread "GC Thread#1" [stack: 0x0000001811e00000,0x0000001811f00000] [id=4440]
  0x000001b1fa928070 GCTaskThread "GC Thread#2" [stack: 0x0000001811f00000,0x0000001812000000] [id=2988]
  0x000001b1fa9283a0 GCTaskThread "GC Thread#3" [stack: 0x0000001812000000,0x0000001812100000] [id=2460]
  0x000001b1e0550610 ConcurrentGCThread "G1 Main Marker" [stack: 0x0000001810600000,0x0000001810700000] [id=2364]
  0x000001b1e05519e0 ConcurrentGCThread "G1 Conc#0" [stack: 0x0000001810700000,0x0000001810800000] [id=7640]
  0x000001b1e05b7cd0 ConcurrentGCThread "G1 Refine#0" [stack: 0x0000001810800000,0x0000001810900000] [id=7768]
  0x000001b1e05b97e0 ConcurrentGCThread "G1 Young RemSet Sampling" [stack: 0x0000001810900000,0x0000001810a00000] [id=1508]

Threads with active compile tasks:

VM state: not at safepoint (normal execution)

VM Mutex/Monitor currently owned by a thread: None

Heap address: 0x0000000084200000, size: 1982 MB, Compressed Oops mode: 32-bit
CDS disabled.
Compressed class space mapped at: 0x0000000100000000-0x0000000140000000, size: 1073741824
Narrow klass base: 0x0000000000000000, Narrow klass shift: 3, Narrow klass range: 0x140000000

GC Precious Log:
 CPUs: 4 total, 4 available
 Memory: 7927M
 Large Page Support: Disabled
 NUMA Support: Disabled
 Compressed Oops: Enabled (32-bit)
 Heap Region Size: 1M
 Heap Min Capacity: 8M
 Heap Initial Capacity: 124M
 Heap Max Capacity: 1982M
 Pre-touch: Disabled
 Parallel Workers: 4
 Concurrent Workers: 1
 Concurrent Refinement Workers: 4
 Periodic GC: Disabled

Heap:
 garbage-first heap   total 126976K, used 6465K [0x0000000084200000, 0x0000000100000000)
  region size 1024K, 7 young (7168K), 2 survivors (2048K)
 Metaspace       used 18303K, capacity 18480K, committed 18560K, reserved 1067008K
  class space    used 1785K, capacity 1868K, committed 1920K, reserved 1048576K

Heap Regions: E=young(eden), S=young(survivor), O=old, HS=humongous(starts), HC=humongous(continues), CS=collection set, F=free, OA=open archive, CA=closed archive, TAMS=top-at-mark-start (previous, next)
|   0|0x0000000084200000, 0x0000000084250600, 0x0000000084300000| 31%| O|  |TAMS 0x0000000084200000, 0x0000000084200000| Untracked 
|   1|0x0000000084300000, 0x0000000084300000, 0x0000000084400000|  0%| F|  |TAMS 0x0000000084300000, 0x0000000084300000| Untracked 
|   2|0x0000000084400000, 0x0000000084400000, 0x0000000084500000|  0%| F|  |TAMS 0x0000000084400000, 0x0000000084400000| Untracked 
|   3|0x0000000084500000, 0x0000000084500000, 0x0000000084600000|  0%| F|  |TAMS 0x0000000084500000, 0x0000000084500000| Untracked 
|   4|0x0000000084600000, 0x0000000084600000, 0x0000000084700000|  0%| F|  |TAMS 0x0000000084600000, 0x0000000084600000| Untracked 
|   5|0x0000000084700000, 0x0000000084700000, 0x0000000084800000|  0%| F|  |TAMS 0x0000000084700000, 0x0000000084700000| Untracked 
|   6|0x0000000084800000, 0x0000000084800000, 0x0000000084900000|  0%| F|  |TAMS 0x0000000084800000, 0x0000000084800000| Untracked 
|   7|0x0000000084900000, 0x0000000084900000, 0x0000000084a00000|  0%| F|  |TAMS 0x0000000084900000, 0x0000000084900000| Untracked 
|   8|0x0000000084a00000, 0x0000000084a00000, 0x0000000084b00000|  0%| F|  |TAMS 0x0000000084a00000, 0x0000000084a00000| Untracked 
|   9|0x0000000084b00000, 0x0000000084b00000, 0x0000000084c00000|  0%| F|  |TAMS 0x0000000084b00000, 0x0000000084b00000| Untracked 
|  10|0x0000000084c00000, 0x0000000084c00000, 0x0000000084d00000|  0%| F|  |TAMS 0x0000000084c00000, 0x0000000084c00000| Untracked 
|  11|0x0000000084d00000, 0x0000000084d00000, 0x0000000084e00000|  0%| F|  |TAMS 0x0000000084d00000, 0x0000000084d00000| Untracked 
|  12|0x0000000084e00000, 0x0000000084e00000, 0x0000000084f00000|  0%| F|  |TAMS 0x0000000084e00000, 0x0000000084e00000| Untracked 
|  13|0x0000000084f00000, 0x0000000084f00000, 0x0000000085000000|  0%| F|  |TAMS 0x0000000084f00000, 0x0000000084f00000| Untracked 
|  14|0x0000000085000000, 0x0000000085000000, 0x0000000085100000|  0%| F|  |TAMS 0x0000000085000000, 0x0000000085000000| Untracked 
|  15|0x0000000085100000, 0x0000000085100000, 0x0000000085200000|  0%| F|  |TAMS 0x0000000085100000, 0x0000000085100000| Untracked 
|  16|0x0000000085200000, 0x0000000085200000, 0x0000000085300000|  0%| F|  |TAMS 0x0000000085200000, 0x0000000085200000| Untracked 
|  17|0x0000000085300000, 0x0000000085300000, 0x0000000085400000|  0%| F|  |TAMS 0x0000000085300000, 0x0000000085300000| Untracked 
|  18|0x0000000085400000, 0x0000000085400000, 0x0000000085500000|  0%| F|  |TAMS 0x0000000085400000, 0x0000000085400000| Untracked 
|  19|0x0000000085500000, 0x0000000085500000, 0x0000000085600000|  0%| F|  |TAMS 0x0000000085500000, 0x0000000085500000| Untracked 
|  20|0x0000000085600000, 0x0000000085600000, 0x0000000085700000|  0%| F|  |TAMS 0x0000000085600000, 0x0000000085600000| Untracked 
|  21|0x0000000085700000, 0x0000000085700000, 0x0000000085800000|  0%| F|  |TAMS 0x0000000085700000, 0x0000000085700000| Untracked 
|  22|0x0000000085800000, 0x0000000085800000, 0x0000000085900000|  0%| F|  |TAMS 0x0000000085800000, 0x0000000085800000| Untracked 
|  23|0x0000000085900000, 0x0000000085900000, 0x0000000085a00000|  0%| F|  |TAMS 0x0000000085900000, 0x0000000085900000| Untracked 
|  24|0x0000000085a00000, 0x0000000085a00000, 0x0000000085b00000|  0%| F|  |TAMS 0x0000000085a00000, 0x0000000085a00000| Untracked 
|  25|0x0000000085b00000, 0x0000000085b00000, 0x0000000085c00000|  0%| F|  |TAMS 0x0000000085b00000, 0x0000000085b00000| Untracked 
|  26|0x0000000085c00000, 0x0000000085c00000, 0x0000000085d00000|  0%| F|  |TAMS 0x0000000085c00000, 0x0000000085c00000| Untracked 
|  27|0x0000000085d00000, 0x0000000085d00000, 0x0000000085e00000|  0%| F|  |TAMS 0x0000000085d00000, 0x0000000085d00000| Untracked 
|  28|0x0000000085e00000, 0x0000000085e00000, 0x0000000085f00000|  0%| F|  |TAMS 0x0000000085e00000, 0x0000000085e00000| Untracked 
|  29|0x0000000085f00000, 0x0000000085f00000, 0x0000000086000000|  0%| F|  |TAMS 0x0000000085f00000, 0x0000000085f00000| Untracked 
|  30|0x0000000086000000, 0x0000000086000000, 0x0000000086100000|  0%| F|  |TAMS 0x0000000086000000, 0x0000000086000000| Untracked 
|  31|0x0000000086100000, 0x0000000086100000, 0x0000000086200000|  0%| F|  |TAMS 0x0000000086100000, 0x0000000086100000| Untracked 
|  32|0x0000000086200000, 0x0000000086200000, 0x0000000086300000|  0%| F|  |TAMS 0x0000000086200000, 0x0000000086200000| Untracked 
|  33|0x0000000086300000, 0x0000000086300000, 0x0000000086400000|  0%| F|  |TAMS 0x0000000086300000, 0x0000000086300000| Untracked 
|  34|0x0000000086400000, 0x0000000086400000, 0x0000000086500000|  0%| F|  |TAMS 0x0000000086400000, 0x0000000086400000| Untracked 
|  35|0x0000000086500000, 0x0000000086500000, 0x0000000086600000|  0%| F|  |TAMS 0x0000000086500000, 0x0000000086500000| Untracked 
|  36|0x0000000086600000, 0x0000000086600000, 0x0000000086700000|  0%| F|  |TAMS 0x0000000086600000, 0x0000000086600000| Untracked 
|  37|0x0000000086700000, 0x0000000086700000, 0x0000000086800000|  0%| F|  |TAMS 0x0000000086700000, 0x0000000086700000| Untracked 
|  38|0x0000000086800000, 0x0000000086800000, 0x0000000086900000|  0%| F|  |TAMS 0x0000000086800000, 0x0000000086800000| Untracked 
|  39|0x0000000086900000, 0x0000000086900000, 0x0000000086a00000|  0%| F|  |TAMS 0x0000000086900000, 0x0000000086900000| Untracked 
|  40|0x0000000086a00000, 0x0000000086a00000, 0x0000000086b00000|  0%| F|  |TAMS 0x0000000086a00000, 0x0000000086a00000| Untracked 
|  41|0x0000000086b00000, 0x0000000086b00000, 0x0000000086c00000|  0%| F|  |TAMS 0x0000000086b00000, 0x0000000086b00000| Untracked 
|  42|0x0000000086c00000, 0x0000000086c00000, 0x0000000086d00000|  0%| F|  |TAMS 0x0000000086c00000, 0x0000000086c00000| Untracked 
|  43|0x0000000086d00000, 0x0000000086d00000, 0x0000000086e00000|  0%| F|  |TAMS 0x0000000086d00000, 0x0000000086d00000| Untracked 
|  44|0x0000000086e00000, 0x0000000086e00000, 0x0000000086f00000|  0%| F|  |TAMS 0x0000000086e00000, 0x0000000086e00000| Untracked 
|  45|0x0000000086f00000, 0x0000000086f00000, 0x0000000087000000|  0%| F|  |TAMS 0x0000000086f00000, 0x0000000086f00000| Untracked 
|  46|0x0000000087000000, 0x0000000087000000, 0x0000000087100000|  0%| F|  |TAMS 0x0000000087000000, 0x0000000087000000| Untracked 
|  47|0x0000000087100000, 0x0000000087100000, 0x0000000087200000|  0%| F|  |TAMS 0x0000000087100000, 0x0000000087100000| Untracked 
|  48|0x0000000087200000, 0x0000000087200000, 0x0000000087300000|  0%| F|  |TAMS 0x0000000087200000, 0x0000000087200000| Untracked 
|  49|0x0000000087300000, 0x0000000087300000, 0x0000000087400000|  0%| F|  |TAMS 0x0000000087300000, 0x0000000087300000| Untracked 
|  50|0x0000000087400000, 0x0000000087400000, 0x0000000087500000|  0%| F|  |TAMS 0x0000000087400000, 0x0000000087400000| Untracked 
|  51|0x0000000087500000, 0x0000000087500000, 0x0000000087600000|  0%| F|  |TAMS 0x0000000087500000, 0x0000000087500000| Untracked 
|  52|0x0000000087600000, 0x0000000087600000, 0x0000000087700000|  0%| F|  |TAMS 0x0000000087600000, 0x0000000087600000| Untracked 
|  53|0x0000000087700000, 0x0000000087700000, 0x0000000087800000|  0%| F|  |TAMS 0x0000000087700000, 0x0000000087700000| Untracked 
|  54|0x0000000087800000, 0x0000000087800000, 0x0000000087900000|  0%| F|  |TAMS 0x0000000087800000, 0x0000000087800000| Untracked 
|  55|0x0000000087900000, 0x0000000087900000, 0x0000000087a00000|  0%| F|  |TAMS 0x0000000087900000, 0x0000000087900000| Untracked 
|  56|0x0000000087a00000, 0x0000000087a00000, 0x0000000087b00000|  0%| F|  |TAMS 0x0000000087a00000, 0x0000000087a00000| Untracked 
|  57|0x0000000087b00000, 0x0000000087b00000, 0x0000000087c00000|  0%| F|  |TAMS 0x0000000087b00000, 0x0000000087b00000| Untracked 
|  58|0x0000000087c00000, 0x0000000087c00000, 0x0000000087d00000|  0%| F|  |TAMS 0x0000000087c00000, 0x0000000087c00000| Untracked 
|  59|0x0000000087d00000, 0x0000000087d00000, 0x0000000087e00000|  0%| F|  |TAMS 0x0000000087d00000, 0x0000000087d00000| Untracked 
|  60|0x0000000087e00000, 0x0000000087e00000, 0x0000000087f00000|  0%| F|  |TAMS 0x0000000087e00000, 0x0000000087e00000| Untracked 
|  61|0x0000000087f00000, 0x0000000087f00000, 0x0000000088000000|  0%| F|  |TAMS 0x0000000087f00000, 0x0000000087f00000| Untracked 
|  62|0x0000000088000000, 0x0000000088000000, 0x0000000088100000|  0%| F|  |TAMS 0x0000000088000000, 0x0000000088000000| Untracked 
|  63|0x0000000088100000, 0x0000000088100000, 0x0000000088200000|  0%| F|  |TAMS 0x0000000088100000, 0x0000000088100000| Untracked 
|  64|0x0000000088200000, 0x0000000088200000, 0x0000000088300000|  0%| F|  |TAMS 0x0000000088200000, 0x0000000088200000| Untracked 
|  65|0x0000000088300000, 0x0000000088300000, 0x0000000088400000|  0%| F|  |TAMS 0x0000000088300000, 0x0000000088300000| Untracked 
|  66|0x0000000088400000, 0x0000000088400000, 0x0000000088500000|  0%| F|  |TAMS 0x0000000088400000, 0x0000000088400000| Untracked 
|  67|0x0000000088500000, 0x0000000088500000, 0x0000000088600000|  0%| F|  |TAMS 0x0000000088500000, 0x0000000088500000| Untracked 
|  68|0x0000000088600000, 0x0000000088600000, 0x0000000088700000|  0%| F|  |TAMS 0x0000000088600000, 0x0000000088600000| Untracked 
|  69|0x0000000088700000, 0x0000000088700000, 0x0000000088800000|  0%| F|  |TAMS 0x0000000088700000, 0x0000000088700000| Untracked 
|  70|0x0000000088800000, 0x0000000088800000, 0x0000000088900000|  0%| F|  |TAMS 0x0000000088800000, 0x0000000088800000| Untracked 
|  71|0x0000000088900000, 0x0000000088900000, 0x0000000088a00000|  0%| F|  |TAMS 0x0000000088900000, 0x0000000088900000| Untracked 
|  72|0x0000000088a00000, 0x0000000088a00000, 0x0000000088b00000|  0%| F|  |TAMS 0x0000000088a00000, 0x0000000088a00000| Untracked 
|  73|0x0000000088b00000, 0x0000000088b00000, 0x0000000088c00000|  0%| F|  |TAMS 0x0000000088b00000, 0x0000000088b00000| Untracked 
|  74|0x0000000088c00000, 0x0000000088c00000, 0x0000000088d00000|  0%| F|  |TAMS 0x0000000088c00000, 0x0000000088c00000| Untracked 
|  75|0x0000000088d00000, 0x0000000088d00000, 0x0000000088e00000|  0%| F|  |TAMS 0x0000000088d00000, 0x0000000088d00000| Untracked 
|  76|0x0000000088e00000, 0x0000000088e00000, 0x0000000088f00000|  0%| F|  |TAMS 0x0000000088e00000, 0x0000000088e00000| Untracked 
|  77|0x0000000088f00000, 0x0000000088f00000, 0x0000000089000000|  0%| F|  |TAMS 0x0000000088f00000, 0x0000000088f00000| Untracked 
|  78|0x0000000089000000, 0x0000000089000000, 0x0000000089100000|  0%| F|  |TAMS 0x0000000089000000, 0x0000000089000000| Untracked 
|  79|0x0000000089100000, 0x0000000089100000, 0x0000000089200000|  0%| F|  |TAMS 0x0000000089100000, 0x0000000089100000| Untracked 
|  80|0x0000000089200000, 0x0000000089200000, 0x0000000089300000|  0%| F|  |TAMS 0x0000000089200000, 0x0000000089200000| Untracked 
|  81|0x0000000089300000, 0x0000000089300000, 0x0000000089400000|  0%| F|  |TAMS 0x0000000089300000, 0x0000000089300000| Untracked 
|  82|0x0000000089400000, 0x0000000089400000, 0x0000000089500000|  0%| F|  |TAMS 0x0000000089400000, 0x0000000089400000| Untracked 
|  83|0x0000000089500000, 0x0000000089500000, 0x0000000089600000|  0%| F|  |TAMS 0x0000000089500000, 0x0000000089500000| Untracked 
|  84|0x0000000089600000, 0x0000000089600000, 0x0000000089700000|  0%| F|  |TAMS 0x0000000089600000, 0x0000000089600000| Untracked 
|  85|0x0000000089700000, 0x0000000089700000, 0x0000000089800000|  0%| F|  |TAMS 0x0000000089700000, 0x0000000089700000| Untracked 
|  86|0x0000000089800000, 0x0000000089800000, 0x0000000089900000|  0%| F|  |TAMS 0x0000000089800000, 0x0000000089800000| Untracked 
|  87|0x0000000089900000, 0x0000000089900000, 0x0000000089a00000|  0%| F|  |TAMS 0x0000000089900000, 0x0000000089900000| Untracked 
|  88|0x0000000089a00000, 0x0000000089a00000, 0x0000000089b00000|  0%| F|  |TAMS 0x0000000089a00000, 0x0000000089a00000| Untracked 
|  89|0x0000000089b00000, 0x0000000089b00000, 0x0000000089c00000|  0%| F|  |TAMS 0x0000000089b00000, 0x0000000089b00000| Untracked 
|  90|0x0000000089c00000, 0x0000000089c00000, 0x0000000089d00000|  0%| F|  |TAMS 0x0000000089c00000, 0x0000000089c00000| Untracked 
|  91|0x0000000089d00000, 0x0000000089d00000, 0x0000000089e00000|  0%| F|  |TAMS 0x0000000089d00000, 0x0000000089d00000| Untracked 
|  92|0x0000000089e00000, 0x0000000089e00000, 0x0000000089f00000|  0%| F|  |TAMS 0x0000000089e00000, 0x0000000089e00000| Untracked 
|  93|0x0000000089f00000, 0x0000000089f00000, 0x000000008a000000|  0%| F|  |TAMS 0x0000000089f00000, 0x0000000089f00000| Untracked 
|  94|0x000000008a000000, 0x000000008a000000, 0x000000008a100000|  0%| F|  |TAMS 0x000000008a000000, 0x000000008a000000| Untracked 
|  95|0x000000008a100000, 0x000000008a100000, 0x000000008a200000|  0%| F|  |TAMS 0x000000008a100000, 0x000000008a100000| Untracked 
|  96|0x000000008a200000, 0x000000008a200000, 0x000000008a300000|  0%| F|  |TAMS 0x000000008a200000, 0x000000008a200000| Untracked 
|  97|0x000000008a300000, 0x000000008a300000, 0x000000008a400000|  0%| F|  |TAMS 0x000000008a300000, 0x000000008a300000| Untracked 
|  98|0x000000008a400000, 0x000000008a400000, 0x000000008a500000|  0%| F|  |TAMS 0x000000008a400000, 0x000000008a400000| Untracked 
|  99|0x000000008a500000, 0x000000008a500000, 0x000000008a600000|  0%| F|  |TAMS 0x000000008a500000, 0x000000008a500000| Untracked 
| 100|0x000000008a600000, 0x000000008a600000, 0x000000008a700000|  0%| F|  |TAMS 0x000000008a600000, 0x000000008a600000| Untracked 
| 101|0x000000008a700000, 0x000000008a700000, 0x000000008a800000|  0%| F|  |TAMS 0x000000008a700000, 0x000000008a700000| Untracked 
| 102|0x000000008a800000, 0x000000008a800000, 0x000000008a900000|  0%| F|  |TAMS 0x000000008a800000, 0x000000008a800000| Untracked 
| 103|0x000000008a900000, 0x000000008a900000, 0x000000008aa00000|  0%| F|  |TAMS 0x000000008a900000, 0x000000008a900000| Untracked 
| 104|0x000000008aa00000, 0x000000008aa00000, 0x000000008ab00000|  0%| F|  |TAMS 0x000000008aa00000, 0x000000008aa00000| Untracked 
| 105|0x000000008ab00000, 0x000000008ab00000, 0x000000008ac00000|  0%| F|  |TAMS 0x000000008ab00000, 0x000000008ab00000| Untracked 
| 106|0x000000008ac00000, 0x000000008ac00000, 0x000000008ad00000|  0%| F|  |TAMS 0x000000008ac00000, 0x000000008ac00000| Untracked 
| 107|0x000000008ad00000, 0x000000008ad00000, 0x000000008ae00000|  0%| F|  |TAMS 0x000000008ad00000, 0x000000008ad00000| Untracked 
| 108|0x000000008ae00000, 0x000000008ae00000, 0x000000008af00000|  0%| F|  |TAMS 0x000000008ae00000, 0x000000008ae00000| Untracked 
| 109|0x000000008af00000, 0x000000008b000000, 0x000000008b000000|100%| S|CS|TAMS 0x000000008af00000, 0x000000008af00000| Complete 
| 110|0x000000008b000000, 0x000000008b100000, 0x000000008b100000|100%| S|CS|TAMS 0x000000008b000000, 0x000000008b000000| Complete 
| 111|0x000000008b100000, 0x000000008b100000, 0x000000008b200000|  0%| F|  |TAMS 0x000000008b100000, 0x000000008b100000| Untracked 
| 112|0x000000008b200000, 0x000000008b200000, 0x000000008b300000|  0%| F|  |TAMS 0x000000008b200000, 0x000000008b200000| Untracked 
| 113|0x000000008b300000, 0x000000008b300000, 0x000000008b400000|  0%| F|  |TAMS 0x000000008b300000, 0x000000008b300000| Untracked 
| 114|0x000000008b400000, 0x000000008b400000, 0x000000008b500000|  0%| F|  |TAMS 0x000000008b400000, 0x000000008b400000| Untracked 
| 115|0x000000008b500000, 0x000000008b500000, 0x000000008b600000|  0%| F|  |TAMS 0x000000008b500000, 0x000000008b500000| Untracked 
| 116|0x000000008b600000, 0x000000008b600000, 0x000000008b700000|  0%| F|  |TAMS 0x000000008b600000, 0x000000008b600000| Untracked 
| 117|0x000000008b700000, 0x000000008b700000, 0x000000008b800000|  0%| F|  |TAMS 0x000000008b700000, 0x000000008b700000| Untracked 
| 118|0x000000008b800000, 0x000000008b800000, 0x000000008b900000|  0%| F|  |TAMS 0x000000008b800000, 0x000000008b800000| Untracked 
| 119|0x000000008b900000, 0x000000008b9c0928, 0x000000008ba00000| 75%| E|  |TAMS 0x000000008b900000, 0x000000008b900000| Complete 
| 120|0x000000008ba00000, 0x000000008bb00000, 0x000000008bb00000|100%| E|CS|TAMS 0x000000008ba00000, 0x000000008ba00000| Complete 
| 121|0x000000008bb00000, 0x000000008bc00000, 0x000000008bc00000|100%| E|CS|TAMS 0x000000008bb00000, 0x000000008bb00000| Complete 
| 122|0x000000008bc00000, 0x000000008bd00000, 0x000000008bd00000|100%| E|CS|TAMS 0x000000008bc00000, 0x000000008bc00000| Complete 
| 123|0x000000008bd00000, 0x000000008be00000, 0x000000008be00000|100%| E|CS|TAMS 0x000000008bd00000, 0x000000008bd00000| Complete 

Card table byte_map: [0x000001b1f3300000,0x000001b1f36e0000] _byte_map_base: 0x000001b1f2edf000

Marking Bits (Prev, Next): (CMBitMap*) 0x000001b1e05404f0, (CMBitMap*) 0x000001b1e0540530
 Prev Bits: [0x000001b1f3ac0000, 0x000001b1f59b8000)
 Next Bits: [0x000001b1f59c0000, 0x000001b1f78b8000)

Polling page: 0x000001b1de3e0000

Metaspace:

Usage:
  Non-class:     16.22 MB capacity,    16.13 MB (>99%) used,    73.44 KB ( <1%) free+waste,    20.88 KB ( <1%) overhead. 
      Class:      1.82 MB capacity,     1.74 MB ( 96%) used,    75.57 KB (  4%) free+waste,     7.06 KB ( <1%) overhead. 
       Both:     18.05 MB capacity,    17.87 MB (>99%) used,   149.01 KB ( <1%) free+waste,    27.94 KB ( <1%) overhead. 

Virtual space:
  Non-class space:       18.00 MB reserved,      16.25 MB ( 90%) committed 
      Class space:        1.00 GB reserved,       1.88 MB ( <1%) committed 
             Both:        1.02 GB reserved,      18.12 MB (  2%) committed 

Chunk freelists:
   Non-Class:  28.00 KB
       Class:  20.00 KB
        Both:  48.00 KB

MaxMetaspaceSize: 17179869184.00 GB
CompressedClassSpaceSize: 1.00 GB

CodeHeap 'non-profiled nmethods': size=120000Kb used=466Kb max_used=466Kb free=119533Kb
 bounds [0x000001b1eb9f0000, 0x000001b1ebc60000, 0x000001b1f2f20000]
CodeHeap 'profiled nmethods': size=120000Kb used=2677Kb max_used=2677Kb free=117322Kb
 bounds [0x000001b1e44c0000, 0x000001b1e4760000, 0x000001b1eb9f0000]
CodeHeap 'non-nmethods': size=5760Kb used=1381Kb max_used=1398Kb free=4378Kb
 bounds [0x000001b1e3f20000, 0x000001b1e4190000, 0x000001b1e44c0000]
 total_blobs=2159 nmethods=1565 adapters=508
 compilation: enabled
              stopped_count=0, restarted_count=0
 full_count=0

Compilation events (20 events):
Event: 347.209 Thread 0x000001b1fa723a30 nmethod 1552 0x000001b1eba5ed10 code [0x000001b1eba5eea0, 0x000001b1eba5ef78]
Event: 350.270 Thread 0x000001b1fa723a30 1553       4       java.awt.Font::hashCode (76 bytes)
Event: 350.271 Thread 0x000001b1fa723a30 nmethod 1553 0x000001b1eba5f090 code [0x000001b1eba5f200, 0x000001b1eba5f278]
Event: 350.271 Thread 0x000001b1fa723a30 1554       4       java.awt.font.FontRenderContext::hashCode (71 bytes)
Event: 350.273 Thread 0x000001b1fa723a30 nmethod 1554 0x000001b1eba5f390 code [0x000001b1eba5f540, 0x000001b1eba5f758]
Event: 350.781 Thread 0x000001b1fa723a30 1555       4       sun.java2d.SunGraphics2D::validateColor (102 bytes)
Event: 350.785 Thread 0x000001b1fa723a30 nmethod 1555 0x000001b1eba5f910 code [0x000001b1eba5fac0, 0x000001b1eba5fe98]
Event: 350.785 Thread 0x000001b1fa723a30 1556       4       sun.java2d.SurfaceData::pixelFor (13 bytes)
Event: 350.786 Thread 0x000001b1fa723a30 nmethod 1556 0x000001b1eba60190 code [0x000001b1eba60320, 0x000001b1eba60458]
Event: 358.448 Thread 0x000001b1fa723a30 1557       4       javax.swing.JComponent::getFontMetrics (6 bytes)
Event: 358.511 Thread 0x000001b1fa723a30 nmethod 1557 0x000001b1eba60590 code [0x000001b1eba60880, 0x000001b1eba63070]
Event: 359.982 Thread 0x000001b1fa723a30 1558       4       sun.swing.SwingUtilities2$KeyPair::hashCode (19 bytes)
Event: 359.987 Thread 0x000001b1fa723a30 nmethod 1558 0x000001b1eba64510 code [0x000001b1eba646a0, 0x000001b1eba64948]
Event: 360.979 Thread 0x000001b1fa7935f0 1559       3       java.lang.invoke.MethodType::dropParameterTypes (162 bytes)
Event: 360.982 Thread 0x000001b1fa7935f0 nmethod 1559 0x000001b1e4759390 code [0x000001b1e47596a0, 0x000001b1e475a5e8]
Event: 361.005 Thread 0x000001b1fa7935f0 1560       3       java.awt.Component::isLightweight (8 bytes)
Event: 361.005 Thread 0x000001b1fa7935f0 nmethod 1560 0x000001b1e475ab10 code [0x000001b1e475aca0, 0x000001b1e475aeb8]
Event: 361.011 Thread 0x000001b1fa7935f0 1561       3       java.security.AccessController::doPrivileged (9 bytes)
Event: 361.011 Thread 0x000001b1fa7935f0 nmethod 1561 0x000001b1e475af90 code [0x000001b1e475b160, 0x000001b1e475b478]
Event: 361.011 Thread 0x000001b1fa7935f0 1562       3       java.lang.String::<init> (10 bytes)

GC Heap History (2 events):
Event: 9.864 GC heap before
{Heap before GC invocations=0 (full 0):
 garbage-first heap   total 126976K, used 12288K [0x0000000084200000, 0x0000000100000000)
  region size 1024K, 13 young (13312K), 0 survivors (0K)
 Metaspace       used 16657K, capacity 16818K, committed 17152K, reserved 1064960K
  class space    used 1635K, capacity 1699K, committed 1792K, reserved 1048576K
}
Event: 9.894 GC heap after
{Heap after GC invocations=1 (full 0):
 garbage-first heap   total 126976K, used 2369K [0x0000000084200000, 0x0000000100000000)
  region size 1024K, 2 young (2048K), 2 survivors (2048K)
 Metaspace       used 16657K, capacity 16818K, committed 17152K, reserved 1064960K
  class space    used 1635K, capacity 1699K, committed 1792K, reserved 1048576K
}

Deoptimization events (20 events):
Event: 360.976 Thread 0x000001b1fb06f4c0 Uncommon trap: trap_request=0xffffff45 fr.pc=0x000001b1eba56724 relative=0x0000000000000184
Event: 360.976 Thread 0x000001b1fb06f4c0 Uncommon trap: reason=unstable_if action=reinterpret pc=0x000001b1eba56724 method=java.util.concurrent.locks.ReentrantLock$NonfairSync.initialTryLock()Z @ 25 c2
Event: 360.976 Thread 0x000001b1fb06f4c0 DEOPT PACKING pc=0x000001b1eba56724 sp=0x0000001811bfd8f0
Event: 360.976 Thread 0x000001b1fb06f4c0 DEOPT UNPACKING pc=0x000001b1e3f6e129 sp=0x0000001811bfd7e8 mode 2
Event: 360.981 Thread 0x000001b1fb132ad0 Uncommon trap: trap_request=0xffffffde fr.pc=0x000001b1eb9fa9a4 relative=0x0000000000000184
Event: 360.981 Thread 0x000001b1fb132ad0 Uncommon trap: reason=class_check action=maybe_recompile pc=0x000001b1eb9fa9a4 method=java.lang.String.equals(Ljava/lang/Object;)Z @ 8 c2
Event: 360.981 Thread 0x000001b1fb132ad0 DEOPT PACKING pc=0x000001b1eb9fa9a4 sp=0x0000001811dfd6b0
Event: 360.981 Thread 0x000001b1fb132ad0 DEOPT UNPACKING pc=0x000001b1e3f6e129 sp=0x0000001811dfd648 mode 2
Event: 360.981 Thread 0x000001b1fb132ad0 Uncommon trap: trap_request=0xffffffde fr.pc=0x000001b1eb9fa9a4 relative=0x0000000000000184
Event: 360.981 Thread 0x000001b1fb132ad0 Uncommon trap: reason=class_check action=maybe_recompile pc=0x000001b1eb9fa9a4 method=java.lang.String.equals(Ljava/lang/Object;)Z @ 8 c2
Event: 360.981 Thread 0x000001b1fb132ad0 DEOPT PACKING pc=0x000001b1eb9fa9a4 sp=0x0000001811dfd610
Event: 360.981 Thread 0x000001b1fb132ad0 DEOPT UNPACKING pc=0x000001b1e3f6e129 sp=0x0000001811dfd5b8 mode 2
Event: 360.981 Thread 0x000001b1fb132ad0 Uncommon trap: trap_request=0xffffffde fr.pc=0x000001b1eb9fa9a4 relative=0x0000000000000184
Event: 360.981 Thread 0x000001b1fb132ad0 Uncommon trap: reason=class_check action=maybe_recompile pc=0x000001b1eb9fa9a4 method=java.lang.String.equals(Ljava/lang/Object;)Z @ 8 c2
Event: 360.981 Thread 0x000001b1fb132ad0 DEOPT PACKING pc=0x000001b1eb9fa9a4 sp=0x0000001811dfd580
Event: 360.981 Thread 0x000001b1fb132ad0 DEOPT UNPACKING pc=0x000001b1e3f6e129 sp=0x0000001811dfd528 mode 2
Event: 361.005 Thread 0x000001b1fb132ad0 Uncommon trap: trap_request=0xffffff45 fr.pc=0x000001b1eba5e668 relative=0x0000000000000068
Event: 361.005 Thread 0x000001b1fb132ad0 Uncommon trap: reason=unstable_if action=reinterpret pc=0x000001b1eba5e668 method=javax.swing.JComponent.getClientProperty(Ljava/lang/Object;)Ljava/lang/Object; @ 4 c2
Event: 361.005 Thread 0x000001b1fb132ad0 DEOPT PACKING pc=0x000001b1eba5e668 sp=0x0000001811dfdf40
Event: 361.005 Thread 0x000001b1fb132ad0 DEOPT UNPACKING pc=0x000001b1e3f6e129 sp=0x0000001811dfdec8 mode 2

Classes unloaded (0 events):
No events

Classes redefined (2 events):
Event: 215.827 Thread 0x000001b1f9d7dcc0 redefined class name=lista01.Exercicio07, count=1
Event: 336.659 Thread 0x000001b1f9d7dcc0 redefined class name=lista01.Exercicio07, count=2

Internal exceptions (16 events):
Event: 0.937 Thread 0x000001b1e04fe810 Exception <a 'java/lang/NoSuchMethodError'{0x000000008bb1ea60}: 'void java.lang.invoke.DirectMethodHandle$Holder.invokeStatic(java.lang.Object, java.lang.Object)'> (0x000000008bb1ea60) 
thrown [./open/src/hotspot/share/interpreter/linkResolver.cpp, line 782]
Event: 0.939 Thread 0x000001b1e04fe810 Exception <a 'java/lang/NoSuchMethodError'{0x000000008bb22708}: 'void java.lang.invoke.DirectMethodHandle$Holder.invokeStaticInit(java.lang.Object, java.lang.Object)'> (0x000000008bb22708) 
thrown [./open/src/hotspot/share/interpreter/linkResolver.cpp, line 782]
Event: 1.365 Thread 0x000001b1e04fe810 Exception <a 'java/lang/NoSuchMethodError'{0x000000008b903aa8}: 'java.lang.Object java.lang.invoke.DirectMethodHandle$Holder.invokeStatic(java.lang.Object)'> (0x000000008b903aa8) 
thrown [./open/src/hotspot/share/interpreter/linkResolver.cpp, line 782]
Event: 1.675 Thread 0x000001b1e04fe810 Exception <a 'java/lang/NoSuchMethodError'{0x000000008b849968}: 'void java.lang.invoke.DirectMethodHandle$Holder.invokeSpecial(java.lang.Object, java.lang.Object, java.lang.Object)'> (0x000000008b849968) 
thrown [./open/src/hotspot/share/interpreter/linkResolver.cpp, line 782]
Event: 1.696 Thread 0x000001b1e04fe810 Exception <a 'java/lang/ClassNotFoundException'{0x000000008b87b438}: sun/awt/resources/spi/awtProvider> (0x000000008b87b438) 
thrown [./open/src/hotspot/share/classfile/systemDictionary.cpp, line 295]
Event: 1.769 Thread 0x000001b1e04fe810 Exception <a 'java/io/FileNotFoundException'{0x000000008b8d9460}> (0x000000008b8d9460) 
thrown [./open/src/hotspot/share/prims/jni.cpp, line 578]
Event: 1.790 Thread 0x000001b1e04fe810 Exception <a 'java/io/FileNotFoundException'{0x000000008b70a948}> (0x000000008b70a948) 
thrown [./open/src/hotspot/share/prims/jni.cpp, line 578]
Event: 2.068 Thread 0x000001b1e04fe810 Exception <a 'java/lang/NoSuchMethodError'{0x000000008b61cc48}: 'java.lang.Object java.lang.invoke.DirectMethodHandle$Holder.invokeStaticInit(java.lang.Object)'> (0x000000008b61cc48) 
thrown [./open/src/hotspot/share/interpreter/linkResolver.cpp, line 782]
Event: 2.254 Thread 0x000001b1e04fe810 Exception <a 'java/lang/NoSuchMethodError'{0x000000008b51df08}: 'java.lang.Object java.lang.invoke.DirectMethodHandle$Holder.newInvokeSpecial(java.lang.Object, java.lang.Object, java.lang.Object, java.lang.Object, java.lang.Object)'> (0x000000008b51df08) 
thrown [./open/src/hotspot/share/interpreter/linkResolver.cpp, line 782]
Event: 2.260 Thread 0x000001b1e04fe810 Exception <a 'java/lang/NoSuchMethodError'{0x000000008b529998}: 'java.lang.Object java.lang.invoke.DirectMethodHandle$Holder.invokeStatic(java.lang.Object, int, java.lang.Object, java.lang.Object, java.lang.Object, java.lang.Object)'> (0x000000008b529998) 
thrown [./open/src/hotspot/share/interpreter/linkResolver.cpp, line 782]
Event: 2.284 Thread 0x000001b1e04fe810 Exception <a 'java/lang/NoSuchMethodError'{0x000000008b5504b0}: 'java.lang.Object java.lang.invoke.DirectMethodHandle$Holder.invokeStatic(java.lang.Object, int, java.lang.Object)'> (0x000000008b5504b0) 
thrown [./open/src/hotspot/share/interpreter/linkResolver.cpp, line 782]
Event: 2.577 Thread 0x000001b1e04fe810 Exception <a 'java/lang/ClassNotFoundException'{0x000000008b439b58}: com/sun/swing/internal/plaf/metal/resources/spi/metalProvider> (0x000000008b439b58) 
thrown [./open/src/hotspot/share/classfile/systemDictionary.cpp, line 295]
Event: 2.598 Thread 0x000001b1e04fe810 Exception <a 'java/lang/ClassNotFoundException'{0x000000008b4403e0}: com/sun/swing/internal/plaf/basic/resources/spi/basicProvider> (0x000000008b4403e0) 
thrown [./open/src/hotspot/share/classfile/systemDictionary.cpp, line 295]
Event: 2.824 Thread 0x000001b1fb0f3570 Exception <a 'java/lang/NoSuchMethodError'{0x000000008b4e1c80}: 'java.lang.Object java.lang.invoke.DirectMethodHandle$Holder.newInvokeSpecial(java.lang.Object, java.lang.Object, java.lang.Object, int, int, int, int, int)'> (0x000000008b4e1c80) 
thrown [./open/src/hotspot/share/interpreter/linkResolver.cpp, line 782]
Event: 9.908 Thread 0x000001b1e04fe810 Exception <a 'java/lang/NoSuchMethodError'{0x000000008bd21e50}: 'void java.lang.invoke.DirectMethodHandle$Holder.invokeStaticInit(java.lang.Object)'> (0x000000008bd21e50) 
thrown [./open/src/hotspot/share/interpreter/linkResolver.cpp, line 782]
Event: 10.592 Thread 0x000001b1e04fe810 Exception <a 'java/lang/NoSuchMethodError'{0x000000008bde4f18}: 'int java.lang.invoke.DirectMethodHandle$Holder.invokeStatic(java.lang.Object)'> (0x000000008bde4f18) 
thrown [./open/src/hotspot/share/interpreter/linkResolver.cpp, line 782]

Events (20 events):
Event: 361.002 loading class java/awt/Window$1DisposeAction done
Event: 361.002 loading class java/awt/EventQueue$1AWTInvocationLock
Event: 361.002 loading class java/awt/EventQueue$1AWTInvocationLock done
Event: 361.003 loading class javax/swing/MenuElement
Event: 361.003 loading class javax/swing/MenuElement done
Event: 361.003 loading class javax/swing/JMenuBar done
Event: 361.003 loading class javax/swing/Popup$HeavyWeightWindow
Event: 361.003 loading class sun/awt/ModalExclude
Event: 361.003 loading class sun/awt/ModalExclude done
Event: 361.003 loading class javax/swing/JWindow
Event: 361.004 loading class javax/swing/JWindow done
Event: 361.004 loading class javax/swing/Popup$HeavyWeightWindow done
Event: 361.008 loading class javax/swing/Autoscroller
Event: 361.009 loading class javax/swing/Autoscroller done
Event: 361.009 loading class java/awt/LightweightDispatcher$2
Event: 361.010 loading class java/awt/LightweightDispatcher$2 done
Event: 361.010 loading class java/awt/event/AWTEventListenerProxy
Event: 361.010 loading class java/awt/event/AWTEventListenerProxy done
Event: 361.010 loading class java/awt/Toolkit$ToolkitEventMulticaster
Event: 361.010 loading class java/awt/Toolkit$ToolkitEventMulticaster done


Dynamic libraries:
0x00007ff6b7130000 - 0x00007ff6b713d000 	C:\eclipse\plugins\org.eclipse.justj.openjdk.hotspot.jre.full.win32.x86_64_15.0.1.v20201027-0507\jre\bin\javaw.exe
0x00007ff9cfb30000 - 0x00007ff9cfd25000 	C:\Windows\SYSTEM32\ntdll.dll
0x00007ff9cea20000 - 0x00007ff9ceadd000 	C:\Windows\System32\KERNEL32.DLL
0x00007ff9cd3d0000 - 0x00007ff9cd697000 	C:\Windows\System32\KERNELBASE.dll
0x00007ff9cd7a0000 - 0x00007ff9cd8a0000 	C:\Windows\System32\ucrtbase.dll
0x00007ff9c86d0000 - 0x00007ff9c86e8000 	C:\eclipse\plugins\org.eclipse.justj.openjdk.hotspot.jre.full.win32.x86_64_15.0.1.v20201027-0507\jre\bin\jli.dll
0x00007ff9cf150000 - 0x00007ff9cf2f0000 	C:\Windows\System32\USER32.dll
0x00007ff9cdb60000 - 0x00007ff9cdb82000 	C:\Windows\System32\win32u.dll
0x00007ff9cdef0000 - 0x00007ff9cdf1a000 	C:\Windows\System32\GDI32.dll
0x00007ff9cda20000 - 0x00007ff9cdb29000 	C:\Windows\System32\gdi32full.dll
0x00007ff9cd8a0000 - 0x00007ff9cd93d000 	C:\Windows\System32\msvcp_win.dll
0x00007ff9c0b80000 - 0x00007ff9c0b99000 	C:\eclipse\plugins\org.eclipse.justj.openjdk.hotspot.jre.full.win32.x86_64_15.0.1.v20201027-0507\jre\bin\VCRUNTIME140.dll
0x00007ff9b6910000 - 0x00007ff9b6bab000 	C:\Windows\WinSxS\amd64_microsoft.windows.common-controls_6595b64144ccf1df_6.0.19041.488_none_ca04af081b815d21\COMCTL32.dll
0x00007ff9cf370000 - 0x00007ff9cf40e000 	C:\Windows\System32\msvcrt.dll
0x00007ff9ce810000 - 0x00007ff9ce840000 	C:\Windows\System32\IMM32.DLL
0x00007ff9c0b70000 - 0x00007ff9c0b7c000 	C:\eclipse\plugins\org.eclipse.justj.openjdk.hotspot.jre.full.win32.x86_64_15.0.1.v20201027-0507\jre\bin\vcruntime140_1.dll
0x00007ff9c0ad0000 - 0x00007ff9c0b61000 	C:\eclipse\plugins\org.eclipse.justj.openjdk.hotspot.jre.full.win32.x86_64_15.0.1.v20201027-0507\jre\bin\msvcp140.dll
0x00007ff9a54c0000 - 0x00007ff9a601e000 	C:\eclipse\plugins\org.eclipse.justj.openjdk.hotspot.jre.full.win32.x86_64_15.0.1.v20201027-0507\jre\bin\server\jvm.dll
0x00007ff9ce970000 - 0x00007ff9cea1a000 	C:\Windows\System32\ADVAPI32.dll
0x00007ff9ceb40000 - 0x00007ff9cebdb000 	C:\Windows\System32\sechost.dll
0x00007ff9cf9b0000 - 0x00007ff9cfad4000 	C:\Windows\System32\RPCRT4.dll
0x00007ff9cfae0000 - 0x00007ff9cfae8000 	C:\Windows\System32\PSAPI.DLL
0x00007ff9bb170000 - 0x00007ff9bb179000 	C:\Windows\SYSTEM32\WSOCK32.dll
0x00007ff9ced60000 - 0x00007ff9cedcb000 	C:\Windows\System32\WS2_32.dll
0x00007ff9b8210000 - 0x00007ff9b8237000 	C:\Windows\SYSTEM32\WINMM.dll
0x00007ff9c0fb0000 - 0x00007ff9c0fba000 	C:\Windows\SYSTEM32\VERSION.dll
0x00007ff9cb1f0000 - 0x00007ff9cb203000 	C:\Windows\SYSTEM32\kernel.appcore.dll
0x00007ff9baba0000 - 0x00007ff9babaa000 	C:\eclipse\plugins\org.eclipse.justj.openjdk.hotspot.jre.full.win32.x86_64_15.0.1.v20201027-0507\jre\bin\jimage.dll
0x00007ff9bf910000 - 0x00007ff9bfaf4000 	C:\Windows\SYSTEM32\DBGHELP.DLL
0x00007ff9bf520000 - 0x00007ff9bf54c000 	C:\Windows\SYSTEM32\dbgcore.DLL
0x00007ff9cd940000 - 0x00007ff9cd9bf000 	C:\Windows\System32\bcryptPrimitives.dll
0x00007ff9c0a90000 - 0x00007ff9c0ac9000 	C:\eclipse\plugins\org.eclipse.justj.openjdk.hotspot.jre.full.win32.x86_64_15.0.1.v20201027-0507\jre\bin\jdwp.dll
0x00007ff9c0a80000 - 0x00007ff9c0a8e000 	C:\eclipse\plugins\org.eclipse.justj.openjdk.hotspot.jre.full.win32.x86_64_15.0.1.v20201027-0507\jre\bin\instrument.dll
0x00007ff9ad400000 - 0x00007ff9ad425000 	C:\eclipse\plugins\org.eclipse.justj.openjdk.hotspot.jre.full.win32.x86_64_15.0.1.v20201027-0507\jre\bin\java.dll
0x00007ff9b2e60000 - 0x00007ff9b2e78000 	C:\eclipse\plugins\org.eclipse.justj.openjdk.hotspot.jre.full.win32.x86_64_15.0.1.v20201027-0507\jre\bin\zip.dll
0x00007ff9ce0c0000 - 0x00007ff9ce801000 	C:\Windows\System32\SHELL32.dll
0x00007ff9cb3f0000 - 0x00007ff9cbb83000 	C:\Windows\SYSTEM32\windows.storage.dll
0x00007ff9cdb90000 - 0x00007ff9cdee5000 	C:\Windows\System32\combase.dll
0x00007ff9ccc10000 - 0x00007ff9ccc3c000 	C:\Windows\SYSTEM32\Wldp.dll
0x00007ff9ce010000 - 0x00007ff9ce0be000 	C:\Windows\System32\SHCORE.dll
0x00007ff9cefa0000 - 0x00007ff9ceff5000 	C:\Windows\System32\shlwapi.dll
0x00007ff9cd1a0000 - 0x00007ff9cd1c6000 	C:\Windows\SYSTEM32\profapi.dll
0x00007ff9c0a70000 - 0x00007ff9c0a7b000 	C:\eclipse\plugins\org.eclipse.justj.openjdk.hotspot.jre.full.win32.x86_64_15.0.1.v20201027-0507\jre\bin\dt_socket.dll
0x00007ff9cc680000 - 0x00007ff9cc6bb000 	C:\Windows\SYSTEM32\IPHLPAPI.DLL
0x00007ff9cc990000 - 0x00007ff9cc9fa000 	C:\Windows\system32\mswsock.dll
0x00007ff9cc6c0000 - 0x00007ff9cc78b000 	C:\Windows\SYSTEM32\DNSAPI.dll
0x00007ff9cf880000 - 0x00007ff9cf889000 	C:\Windows\System32\NSI.dll
0x00007ff9c7650000 - 0x00007ff9c765a000 	C:\Windows\System32\rasadhlp.dll
0x00007ff9c87d0000 - 0x00007ff9c884f000 	C:\Windows\System32\fwpuclnt.dll
0x00007ff9cdb30000 - 0x00007ff9cdb57000 	C:\Windows\System32\bcrypt.dll
0x00007ff9b1f90000 - 0x00007ff9b1fa9000 	C:\eclipse\plugins\org.eclipse.justj.openjdk.hotspot.jre.full.win32.x86_64_15.0.1.v20201027-0507\jre\bin\net.dll
0x00007ff9c7530000 - 0x00007ff9c7630000 	C:\Windows\SYSTEM32\WINHTTP.dll
0x00007ff9ad3e0000 - 0x00007ff9ad3f2000 	C:\eclipse\plugins\org.eclipse.justj.openjdk.hotspot.jre.full.win32.x86_64_15.0.1.v20201027-0507\jre\bin\nio.dll
0x00007ff9ad7c0000 - 0x00007ff9ad7d0000 	C:\eclipse\plugins\org.eclipse.justj.openjdk.hotspot.jre.full.win32.x86_64_15.0.1.v20201027-0507\jre\bin\verify.dll
0x00007ff994a40000 - 0x00007ff994bbf000 	C:\eclipse\plugins\org.eclipse.justj.openjdk.hotspot.jre.full.win32.x86_64_15.0.1.v20201027-0507\jre\bin\awt.dll
0x00007ff9cec90000 - 0x00007ff9ced5d000 	C:\Windows\System32\OLEAUT32.dll
0x00007ff9ca770000 - 0x00007ff9ca800000 	C:\Windows\SYSTEM32\apphelp.dll
0x00007ff9cad30000 - 0x00007ff9cadcf000 	C:\Windows\system32\uxtheme.dll
0x00007ff9cf890000 - 0x00007ff9cf9a5000 	C:\Windows\System32\MSCTF.dll
0x00007ff9ce840000 - 0x00007ff9ce969000 	C:\Windows\System32\ole32.dll
0x00007ff9caf00000 - 0x00007ff9caf2f000 	C:\Windows\system32\DWMAPI.DLL
0x00007ff9bc380000 - 0x00007ff9bc405000 	C:\eclipse\plugins\org.eclipse.justj.openjdk.hotspot.jre.full.win32.x86_64_15.0.1.v20201027-0507\jre\bin\freetype.dll
0x00007ff9b3120000 - 0x00007ff9b31c9000 	C:\eclipse\plugins\org.eclipse.justj.openjdk.hotspot.jre.full.win32.x86_64_15.0.1.v20201027-0507\jre\bin\fontmanager.dll
0x00007ff9a9b40000 - 0x00007ff9a9c65000 	C:\Windows\system32\opengl32.dll
0x00007ff9c0a40000 - 0x00007ff9c0a6c000 	C:\Windows\SYSTEM32\GLU32.dll
0x00007ff9cebe0000 - 0x00007ff9cec88000 	C:\Windows\System32\clbcatq.dll
0x00007ff9c6a20000 - 0x00007ff9c6bd4000 	C:\Windows\SYSTEM32\WindowsCodecs.dll
0x00007ff9b5e50000 - 0x00007ff9b5e8e000 	C:\Windows\system32\dataexchange.dll
0x00007ff9c8e60000 - 0x00007ff9c90c3000 	C:\Windows\system32\d3d11.dll
0x00007ff9c99d0000 - 0x00007ff9c9bb5000 	C:\Windows\system32\dcomp.dll
0x00007ff9cbc00000 - 0x00007ff9cbcf3000 	C:\Windows\system32\dxgi.dll
0x00007ff9c6440000 - 0x00007ff9c6647000 	C:\Windows\system32\twinapi.appcore.dll
0x00007ff9c41c0000 - 0x00007ff9c42bd000 	C:\Windows\SYSTEM32\textinputframework.dll
0x00007ff9ca0c0000 - 0x00007ff9ca41a000 	C:\Windows\System32\CoreUIComponents.dll
0x00007ff9ca4b0000 - 0x00007ff9ca5a2000 	C:\Windows\System32\CoreMessaging.dll
0x00007ff9cbf50000 - 0x00007ff9cbf83000 	C:\Windows\SYSTEM32\ntmarta.dll
0x00007ff9c9840000 - 0x00007ff9c9996000 	C:\Windows\SYSTEM32\wintypes.dll

dbghelp: loaded successfully - version: 4.0.5 - missing functions: none
symbol engine: initialized successfully - sym options: 0x614 - pdb path: .;C:\eclipse\plugins\org.eclipse.justj.openjdk.hotspot.jre.full.win32.x86_64_15.0.1.v20201027-0507\jre\bin;C:\Windows\SYSTEM32;C:\Windows\WinSxS\amd64_microsoft.windows.common-controls_6595b64144ccf1df_6.0.19041.488_none_ca04af081b815d21;C:\eclipse\plugins\org.eclipse.justj.openjdk.hotspot.jre.full.win32.x86_64_15.0.1.v20201027-0507\jre\bin\server

VM Arguments:
jvm_args: -XX:+ShowCodeDetailsInExceptionMessages -agentlib:jdwp=transport=dt_socket,suspend=y,address=localhost:51020 -javaagent:C:\eclipse\configuration\org.eclipse.osgi\405\0\.cp\lib\javaagent-shaded.jar -Dfile.encoding=Cp1252 
java_command: lista01.Exercicio07
java_class_path (initial): C:\Users\matheus_w_trindade\Desktop\WorkspaceJavaBasico\Lista01Java\bin
Launcher Type: SUN_STANDARD

[Global flags]
     intx CICompilerCount                          = 3                                         {product} {ergonomic}
     uint ConcGCThreads                            = 1                                         {product} {ergonomic}
     uint G1ConcRefinementThreads                  = 4                                         {product} {ergonomic}
   size_t G1HeapRegionSize                         = 1048576                                   {product} {ergonomic}
    uintx GCDrainStackTargetSize                   = 64                                        {product} {ergonomic}
   size_t InitialHeapSize                          = 130023424                                 {product} {ergonomic}
   size_t MarkStackSize                            = 4194304                                   {product} {ergonomic}
   size_t MaxHeapSize                              = 2078277632                                {product} {ergonomic}
   size_t MaxNewSize                               = 1246756864                                {product} {ergonomic}
   size_t MinHeapDeltaBytes                        = 1048576                                   {product} {ergonomic}
   size_t MinHeapSize                              = 8388608                                   {product} {ergonomic}
    uintx NonNMethodCodeHeapSize                   = 5832780                                {pd product} {ergonomic}
    uintx NonProfiledCodeHeapSize                  = 122912730                              {pd product} {ergonomic}
    uintx ProfiledCodeHeapSize                     = 122912730                              {pd product} {ergonomic}
    uintx ReservedCodeCacheSize                    = 251658240                              {pd product} {ergonomic}
     bool SegmentedCodeCache                       = true                                      {product} {ergonomic}
     bool ShowCodeDetailsInExceptionMessages       = true                                   {manageable} {command line}
   size_t SoftMaxHeapSize                          = 2078277632                             {manageable} {ergonomic}
     bool UseCompressedClassPointers               = true                                 {lp64_product} {ergonomic}
     bool UseCompressedOops                        = true                                 {lp64_product} {ergonomic}
     bool UseG1GC                                  = true                                      {product} {ergonomic}
     bool UseLargePagesIndividualAllocation        = false                                  {pd product} {ergonomic}

Logging:
Log output configuration:
 #0: stdout all=warning uptime,level,tags
 #1: stderr all=off uptime,level,tags

Environment Variables:
PATH=C:\eclipse\plugins\org.eclipse.justj.openjdk.hotspot.jre.full.win32.x86_64_15.0.1.v20201027-0507\jre\bin;C:/eclipse//plugins/org.eclipse.justj.openjdk.hotspot.jre.full.win32.x86_64_15.0.1.v20201027-0507/jre/bin/server;C:/eclipse//plugins/org.eclipse.justj.openjdk.hotspot.jre.full.win32.x86_64_15.0.1.v20201027-0507/jre/bin;C:\Program Files\Common Files\Oracle\Java\javapath;C:\Program Files (x86)\Common Files\Oracle\Java\javapath;C:\Windows\system32;C:\Windows;C:\Windows\System32\Wbem;C:\Windows\System32\WindowsPowerShell\v1.0\;C:\Windows\System32\OpenSSH\;C:\Program Files (x86)\NTP\bin;C:\Program Files\Git\cmd;C:\Program Files\nodejs\;C:\Program Files\CodeBlocks\MinGW\bin;C:\Users\matheus_w_trindade\AppData\Local\Microsoft\WindowsApps;;C:\eclipse;
USERNAME=matheus_w_trindade
OS=Windows_NT
PROCESSOR_IDENTIFIER=Intel64 Family 6 Model 37 Stepping 5, GenuineIntel



---------------  S Y S T E M  ---------------

OS:
 Windows 10 , 64 bit Build 19041 (10.0.19041.292)
OS uptime: 0 days 3:14 hours

CPU: total 4 (initial active 4) (2 cores per cpu, 2 threads per core) family 6 model 37 stepping 5 microcode 0x7, cmov, cx8, fxsr, mmx, sse, sse2, sse3, ssse3, sse4.1, sse4.2, popcnt, ht, tsc, tscinvbit, clflush

Memory: 4k page, system-wide physical 7927M (4118M free)
TotalPageFile size 9207M (AvailPageFile size 2940M)
current process WorkingSet (physical memory assigned to process): 81M, peak: 84M
current process commit charge ("private bytes"): 213M, peak: 218M

vm_info: OpenJDK 64-Bit Server VM (15.0.1+9-18) for windows-amd64 JRE (15.0.1+9-18), built on Sep 15 2020 14:39:31 by "mach5one" with unknown MS VC++:1925

END.
