#
# A fatal error has been detected by the Java Runtime Environment:
#
#  EXCEPTION_ACCESS_VIOLATION (0xc0000005) at pc=0x00007ff9a5bc7ebb, pid=6152, tid=7836
#
# JRE version: OpenJDK Runtime Environment (15.0.1+9) (build 15.0.1+9-18)
# Java VM: OpenJDK 64-Bit Server VM (15.0.1+9-18, mixed mode, tiered, compressed oops, g1 gc, windows-amd64)
# Problematic frame:
# V  [jvm.dll+0x707ebb]
#
# No core dump will be written. Minidumps are not enabled by default on client versions of Windows
#
# If you would like to submit a bug report, please visit:
#   https://bugreport.java.com/bugreport/crash.jsp
#

---------------  S U M M A R Y ------------

Command Line: -XX:+ShowCodeDetailsInExceptionMessages -agentlib:jdwp=transport=dt_socket,suspend=y,address=localhost:51030 -javaagent:C:\eclipse\configuration\org.eclipse.osgi\405\0\.cp\lib\javaagent-shaded.jar -Dfile.encoding=Cp1252 lista01.Exercicio07

Host: Intel(R) Core(TM) i3 CPU         550  @ 3.20GHz, 4 cores, 7G,  Windows 10 , 64 bit Build 19041 (10.0.19041.292)
Time: Thu Jun 23 21:36:49 2022 Hora oficial do Brasil elapsed time: 348.981226 seconds (0d 0h 5m 48s)

---------------  T H R E A D  ---------------

Current thread (0x00000199db4be650):  JavaThread "main" [_thread_in_vm, id=7836, stack(0x000000414fe00000,0x000000414ff00000)]

Stack: [0x000000414fe00000,0x000000414ff00000],  sp=0x000000414feff190,  free space=1020k
Native frames: (J=compiled Java code, j=interpreted, Vv=VM code, C=native code)
V  [jvm.dll+0x707ebb]
V  [jvm.dll+0x707e03]
V  [jvm.dll+0x20f044]
V  [jvm.dll+0x20f2d2]
V  [jvm.dll+0x51f758]
V  [jvm.dll+0x522550]
V  [jvm.dll+0x34d760]
V  [jvm.dll+0x34cd9f]
C  0x00000199def0d16b

Java frames: (J=compiled Java code, j=interpreted, Vv=VM code)
j  lista01.Exercicio07.main([Ljava/lang/String;)V+63
v  ~StubRoutines::call_stub

siginfo: EXCEPTION_ACCESS_VIOLATION (0xc0000005), reading address 0x0000000000000004


Register to memory mapping:

RIP=0x00007ff9a5bc7ebb jvm.dll
RAX=0x00000199db4be190 points into unknown readable memory: 0x000000008bc15e28 | 28 5e c1 8b 00 00 00 00
RBX=0x00000199db4be650 is a thread
RCX=0x0 is NULL
RDX=0x00000199db4be180 points into unknown readable memory: 0x000000008b00e6a8 | a8 e6 00 8b 00 00 00 00
RSP=0x000000414feff190 is pointing into the stack for thread: 0x00000199db4be650
RBP=0x00000199d93bba00 points into unknown readable memory: 0x00000199d93b9da0 | a0 9d 3b d9 99 01 00 00
RSI=0x0000000000000001 is an unknown value
RDI=0x0 is NULL
R8 =0x00000199db4be188 points into unknown readable memory: 0x000000008b0546c8 | c8 46 05 8b 00 00 00 00
R9 =0x00000199db4be650 is a thread
R10=0x0 is NULL
R11=0x000000414feff470 is pointing into the stack for thread: 0x00000199db4be650
R12=0x0 is NULL
R13=0x0 is NULL
R14=0x000000414feff2e0 is pointing into the stack for thread: 0x00000199db4be650
R15=0x00000000000000b8 is an unknown value


Registers:
RAX=0x00000199db4be190, RBX=0x00000199db4be650, RCX=0x0000000000000000, RDX=0x00000199db4be180
RSP=0x000000414feff190, RBP=0x00000199d93bba00, RSI=0x0000000000000001, RDI=0x0000000000000000
R8 =0x00000199db4be188, R9 =0x00000199db4be650, R10=0x0000000000000000, R11=0x000000414feff470
R12=0x0000000000000000, R13=0x0000000000000000, R14=0x000000414feff2e0, R15=0x00000000000000b8
RIP=0x00007ff9a5bc7ebb, EFLAGS=0x0000000000010206

Top of Stack: (sp=0x000000414feff190)
0x000000414feff190:   00000199db4be650 00007ff9a56d55c4
0x000000414feff1a0:   00000199f66610e0 00000199db4be650
0x000000414feff1b0:   0000000000000014 000000030000000c
0x000000414feff1c0:   00000000000000b6 0000000000000000
0x000000414feff1d0:   00000001000d1da0 00000199db4beb00
0x000000414feff1e0:   00000199db4be650 00007ff9a56d5b9e
0x000000414feff1f0:   00000199f66aca28 00000000000000b8
0x000000414feff200:   000000414feff2e0 0000000000000000
0x000000414feff210:   00000199db4be650 00007ff9a5bc7e03
0x000000414feff220:   00000199db4be650 00007ff9a580d9e4
0x000000414feff230:   00000199f66aca28 00000199f663d3e9
0x000000414feff240:   00000199db4be180 00007ff9a56cf044
0x000000414feff250:   00000199db4be188 00000199db4be650
0x000000414feff260:   00000199f663d4a0 00000199db4be650
0x000000414feff270:   00000199db4be650 00000199db4be650
0x000000414feff280:   00000000000000b8 0000000000000000 

Instructions: (pc=0x00007ff9a5bc7ebb)
0x00007ff9a5bc7dbb:   6c 24 68 48 8b 6c 24 58 48 83 c4 28 41 5f 5f 5e
0x00007ff9a5bc7dcb:   5b c3 48 83 c4 28 41 5f 5f 5e 5b e9 55 f7 ff ff
0x00007ff9a5bc7ddb:   cc cc cc cc cc 48 89 5c 24 08 48 89 74 24 10 57
0x00007ff9a5bc7deb:   48 83 ec 20 48 8b 5c 24 50 41 0f b6 f1 4c 8b cb
0x00007ff9a5bc7dfb:   48 8b f9 e8 ad 00 00 00 48 83 7b 08 00 75 05 48
0x00007ff9a5bc7e0b:   85 c0 75 12 4c 8b cb 4c 8b c0 40 0f b6 d6 48 8b
0x00007ff9a5bc7e1b:   cf e8 0f d1 ff ff 48 8b 5c 24 30 48 8b 74 24 38
0x00007ff9a5bc7e2b:   48 83 c4 20 5f c3 cc cc cc cc cc cc cc cc cc cc
0x00007ff9a5bc7e3b:   cc cc cc cc cc 48 89 5c 24 08 48 89 74 24 10 57
0x00007ff9a5bc7e4b:   48 83 ec 20 49 8b d8 0f b6 f2 4d 8b c8 33 d2 45
0x00007ff9a5bc7e5b:   33 c0 48 8b f9 e8 4b 00 00 00 48 83 7b 08 00 75
0x00007ff9a5bc7e6b:   05 48 85 c0 75 12 4c 8b cb 4c 8b c0 40 0f b6 d6
0x00007ff9a5bc7e7b:   48 8b cf e8 ad d0 ff ff 48 8b 5c 24 30 48 8b 74
0x00007ff9a5bc7e8b:   24 38 48 83 c4 20 5f c3 cc cc cc cc cc cc cc cc
0x00007ff9a5bc7e9b:   cc cc cc cc cc 4c 8b ca 45 33 c0 33 d2 e9 03 00
0x00007ff9a5bc7eab:   00 00 cc cc cc 40 53 57 41 56 41 57 48 83 ec 68
0x00007ff9a5bc7ebb:   66 83 79 04 01 4d 8b f9 49 8b d8 48 8b fa 4c 8b
0x00007ff9a5bc7ecb:   f1 0f 86 80 01 00 00 80 79 06 5b 0f 85 76 01 00
0x00007ff9a5bc7edb:   00 e8 2f ff f9 ff 84 c0 0f 84 69 01 00 00 48 89
0x00007ff9a5bc7eeb:   ac 24 98 00 00 00 48 8d 4c 24 28 49 8b af 90 02
0x00007ff9a5bc7efb:   00 00 45 33 c0 48 89 b4 24 a0 00 00 00 49 8b d6
0x00007ff9a5bc7f0b:   4c 89 a4 24 a8 00 00 00 4c 89 6c 24 60 48 8b 45
0x00007ff9a5bc7f1b:   18 48 8b 75 10 4c 8b 65 28 48 89 84 24 90 00 00
0x00007ff9a5bc7f2b:   00 48 8b 45 20 48 89 44 24 20 e8 46 f4 f9 ff 8b
0x00007ff9a5bc7f3b:   44 24 40 45 33 f6 83 f8 0d 74 05 45 8b ee eb 11
0x00007ff9a5bc7f4b:   48 8d 4c 24 28 e8 db 02 fa ff 44 8b e8 8b 44 24
0x00007ff9a5bc7f5b:   40 48 63 54 24 30 48 8b 4c 24 28 80 7c 0a 06 4c
0x00007ff9a5bc7f6b:   75 6a 48 8d 4c 24 28 e8 69 fc f9 ff 4d 8b cf 4c
0x00007ff9a5bc7f7b:   8b c3 48 8b d7 48 8b c8 e8 a8 f5 ff ff 48 8b d8
0x00007ff9a5bc7f8b:   4d 39 77 08 75 22 48 85 c0 74 53 48 8b 00 48 8b
0x00007ff9a5bc7f9b:   cb 33 d2 45 8b c5 4d 8b cf ff 90 d8 00 00 00 48
0x00007ff9a5bc7fab:   8b d8 4d 39 77 08 74 36 48 8d 4c 24 28 e8 13 f4 


Stack slot to memory mapping:
stack at sp + 0 slots: 0x00000199db4be650 is a thread
stack at sp + 1 slots: 0x00007ff9a56d55c4 jvm.dll
stack at sp + 2 slots: {method} {0x00000199f66610e8} 'getInputValue' '()Ljava/lang/Object;' in 'javax/swing/JOptionPane'
stack at sp + 3 slots: 0x00000199db4be650 is a thread
stack at sp + 4 slots: 0x0000000000000014 is an unknown value
stack at sp + 5 slots: 0x000000030000000c is an unknown value
stack at sp + 6 slots: 0x00000000000000b6 is an unknown value
stack at sp + 7 slots: 0x0 is NULL


---------------  P R O C E S S  ---------------

Threads class SMR info:
_java_thread_list=0x00000199f5962e50, length=19, elements={
0x00000199db4be650, 0x00000199f4da9530, 0x00000199f4daa000, 0x00000199f56de690,
0x00000199f56dff60, 0x00000199f56e0820, 0x00000199f56e1410, 0x00000199f5756c80,
0x00000199f575b950, 0x00000199f5839070, 0x00000199f595c300, 0x00000199f595efc0,
0x00000199f59674d0, 0x00000199f5a95450, 0x00000199f603ece0, 0x00000199f6044270,
0x00000199f6080d50, 0x00000199f617a3e0, 0x00000199f6182e40
}

Java Threads: ( => current thread )
=>0x00000199db4be650 JavaThread "main" [_thread_in_vm, id=7836, stack(0x000000414fe00000,0x000000414ff00000)]
  0x00000199f4da9530 JavaThread "Reference Handler" daemon [_thread_blocked, id=4528, stack(0x0000004150600000,0x0000004150700000)]
  0x00000199f4daa000 JavaThread "Finalizer" daemon [_thread_blocked, id=7308, stack(0x0000004150700000,0x0000004150800000)]
  0x00000199f56de690 JavaThread "Signal Dispatcher" daemon [_thread_blocked, id=1020, stack(0x0000004150800000,0x0000004150900000)]
  0x00000199f56dff60 JavaThread "Attach Listener" daemon [_thread_blocked, id=5524, stack(0x0000004150900000,0x0000004150a00000)]
  0x00000199f56e0820 JavaThread "Service Thread" daemon [_thread_blocked, id=5748, stack(0x0000004150a00000,0x0000004150b00000)]
  0x00000199f56e1410 JavaThread "C2 CompilerThread0" daemon [_thread_blocked, id=8896, stack(0x0000004150b00000,0x0000004150c00000)]
  0x00000199f5756c80 JavaThread "C1 CompilerThread0" daemon [_thread_blocked, id=9004, stack(0x0000004150c00000,0x0000004150d00000)]
  0x00000199f575b950 JavaThread "Sweeper thread" daemon [_thread_blocked, id=540, stack(0x0000004150d00000,0x0000004150e00000)]
  0x00000199f5839070 JavaThread "Common-Cleaner" daemon [_thread_blocked, id=4900, stack(0x0000004150e00000,0x0000004150f00000)]
  0x00000199f595c300 JavaThread "JDWP Transport Listener: dt_socket" daemon [_thread_blocked, id=8220, stack(0x0000004150f00000,0x0000004151000000)]
  0x00000199f595efc0 JavaThread "JDWP Event Helper Thread" daemon [_thread_blocked, id=6020, stack(0x0000004151000000,0x0000004151100000)]
  0x00000199f59674d0 JavaThread "JDWP Command Reader" daemon [_thread_in_native, id=7432, stack(0x0000004151100000,0x0000004151200000)]
  0x00000199f5a95450 JavaThread "Notification Thread" daemon [_thread_blocked, id=4724, stack(0x0000004151200000,0x0000004151300000)]
  0x00000199f603ece0 JavaThread "Java2D Disposer" daemon [_thread_blocked, id=3768, stack(0x0000004151400000,0x0000004151500000)]
  0x00000199f6044270 JavaThread "AWT-Windows" daemon [_thread_in_native, id=2732, stack(0x0000004151600000,0x0000004151700000)]
  0x00000199f6080d50 JavaThread "AWT-Shutdown" [_thread_blocked, id=6004, stack(0x0000004151500000,0x0000004151600000)]
  0x00000199f617a3e0 JavaThread "AWT-EventQueue-0" [_thread_blocked, id=3876, stack(0x0000004151800000,0x0000004151900000)]
  0x00000199f6182e40 JavaThread "TimerQueue" daemon [_thread_blocked, id=9236, stack(0x0000004152000000,0x0000004152100000)]

Other Threads:
  0x00000199f4d740d0 VMThread "VM Thread" [stack: 0x0000004150500000,0x0000004150600000] [id=5248]
  0x00000199db4bf710 WatcherThread [stack: 0x0000004151300000,0x0000004151400000] [id=5240]
  0x00000199db4fef30 GCTaskThread "GC Thread#0" [stack: 0x0000004150000000,0x0000004150100000] [id=8652]
  0x00000199f5938790 GCTaskThread "GC Thread#1" [stack: 0x0000004151900000,0x0000004151a00000] [id=7544]
  0x00000199f5937140 GCTaskThread "GC Thread#2" [stack: 0x0000004151a00000,0x0000004151b00000] [id=8600]
  0x00000199f5937470 GCTaskThread "GC Thread#3" [stack: 0x0000004151b00000,0x0000004151c00000] [id=4860]
  0x00000199db510750 ConcurrentGCThread "G1 Main Marker" [stack: 0x0000004150100000,0x0000004150200000] [id=8340]
  0x00000199db511240 ConcurrentGCThread "G1 Conc#0" [stack: 0x0000004150200000,0x0000004150300000] [id=392]
  0x00000199db577e10 ConcurrentGCThread "G1 Refine#0" [stack: 0x0000004150300000,0x0000004150400000] [id=532]
  0x00000199db579920 ConcurrentGCThread "G1 Young RemSet Sampling" [stack: 0x0000004150400000,0x0000004150500000] [id=1856]

Threads with active compile tasks:

VM state: not at safepoint (normal execution)

VM Mutex/Monitor currently owned by a thread: None

Heap address: 0x0000000084200000, size: 1982 MB, Compressed Oops mode: 32-bit
CDS disabled.
Compressed class space mapped at: 0x0000000100000000-0x0000000140000000, size: 1073741824
Narrow klass base: 0x0000000000000000, Narrow klass shift: 3, Narrow klass range: 0x140000000

GC Precious Log:
 CPUs: 4 total, 4 available
 Memory: 7927M
 Large Page Support: Disabled
 NUMA Support: Disabled
 Compressed Oops: Enabled (32-bit)
 Heap Region Size: 1M
 Heap Min Capacity: 8M
 Heap Initial Capacity: 124M
 Heap Max Capacity: 1982M
 Pre-touch: Disabled
 Parallel Workers: 4
 Concurrent Workers: 1
 Concurrent Refinement Workers: 4
 Periodic GC: Disabled

Heap:
 garbage-first heap   total 126976K, used 6464K [0x0000000084200000, 0x0000000100000000)
  region size 1024K, 7 young (7168K), 2 survivors (2048K)
 Metaspace       used 18284K, capacity 18479K, committed 18560K, reserved 1067008K
  class space    used 1784K, capacity 1868K, committed 1920K, reserved 1048576K

Heap Regions: E=young(eden), S=young(survivor), O=old, HS=humongous(starts), HC=humongous(continues), CS=collection set, F=free, OA=open archive, CA=closed archive, TAMS=top-at-mark-start (previous, next)
|   0|0x0000000084200000, 0x0000000084250008, 0x0000000084300000| 31%| O|  |TAMS 0x0000000084200000, 0x0000000084200000| Untracked 
|   1|0x0000000084300000, 0x0000000084300000, 0x0000000084400000|  0%| F|  |TAMS 0x0000000084300000, 0x0000000084300000| Untracked 
|   2|0x0000000084400000, 0x0000000084400000, 0x0000000084500000|  0%| F|  |TAMS 0x0000000084400000, 0x0000000084400000| Untracked 
|   3|0x0000000084500000, 0x0000000084500000, 0x0000000084600000|  0%| F|  |TAMS 0x0000000084500000, 0x0000000084500000| Untracked 
|   4|0x0000000084600000, 0x0000000084600000, 0x0000000084700000|  0%| F|  |TAMS 0x0000000084600000, 0x0000000084600000| Untracked 
|   5|0x0000000084700000, 0x0000000084700000, 0x0000000084800000|  0%| F|  |TAMS 0x0000000084700000, 0x0000000084700000| Untracked 
|   6|0x0000000084800000, 0x0000000084800000, 0x0000000084900000|  0%| F|  |TAMS 0x0000000084800000, 0x0000000084800000| Untracked 
|   7|0x0000000084900000, 0x0000000084900000, 0x0000000084a00000|  0%| F|  |TAMS 0x0000000084900000, 0x0000000084900000| Untracked 
|   8|0x0000000084a00000, 0x0000000084a00000, 0x0000000084b00000|  0%| F|  |TAMS 0x0000000084a00000, 0x0000000084a00000| Untracked 
|   9|0x0000000084b00000, 0x0000000084b00000, 0x0000000084c00000|  0%| F|  |TAMS 0x0000000084b00000, 0x0000000084b00000| Untracked 
|  10|0x0000000084c00000, 0x0000000084c00000, 0x0000000084d00000|  0%| F|  |TAMS 0x0000000084c00000, 0x0000000084c00000| Untracked 
|  11|0x0000000084d00000, 0x0000000084d00000, 0x0000000084e00000|  0%| F|  |TAMS 0x0000000084d00000, 0x0000000084d00000| Untracked 
|  12|0x0000000084e00000, 0x0000000084e00000, 0x0000000084f00000|  0%| F|  |TAMS 0x0000000084e00000, 0x0000000084e00000| Untracked 
|  13|0x0000000084f00000, 0x0000000084f00000, 0x0000000085000000|  0%| F|  |TAMS 0x0000000084f00000, 0x0000000084f00000| Untracked 
|  14|0x0000000085000000, 0x0000000085000000, 0x0000000085100000|  0%| F|  |TAMS 0x0000000085000000, 0x0000000085000000| Untracked 
|  15|0x0000000085100000, 0x0000000085100000, 0x0000000085200000|  0%| F|  |TAMS 0x0000000085100000, 0x0000000085100000| Untracked 
|  16|0x0000000085200000, 0x0000000085200000, 0x0000000085300000|  0%| F|  |TAMS 0x0000000085200000, 0x0000000085200000| Untracked 
|  17|0x0000000085300000, 0x0000000085300000, 0x0000000085400000|  0%| F|  |TAMS 0x0000000085300000, 0x0000000085300000| Untracked 
|  18|0x0000000085400000, 0x0000000085400000, 0x0000000085500000|  0%| F|  |TAMS 0x0000000085400000, 0x0000000085400000| Untracked 
|  19|0x0000000085500000, 0x0000000085500000, 0x0000000085600000|  0%| F|  |TAMS 0x0000000085500000, 0x0000000085500000| Untracked 
|  20|0x0000000085600000, 0x0000000085600000, 0x0000000085700000|  0%| F|  |TAMS 0x0000000085600000, 0x0000000085600000| Untracked 
|  21|0x0000000085700000, 0x0000000085700000, 0x0000000085800000|  0%| F|  |TAMS 0x0000000085700000, 0x0000000085700000| Untracked 
|  22|0x0000000085800000, 0x0000000085800000, 0x0000000085900000|  0%| F|  |TAMS 0x0000000085800000, 0x0000000085800000| Untracked 
|  23|0x0000000085900000, 0x0000000085900000, 0x0000000085a00000|  0%| F|  |TAMS 0x0000000085900000, 0x0000000085900000| Untracked 
|  24|0x0000000085a00000, 0x0000000085a00000, 0x0000000085b00000|  0%| F|  |TAMS 0x0000000085a00000, 0x0000000085a00000| Untracked 
|  25|0x0000000085b00000, 0x0000000085b00000, 0x0000000085c00000|  0%| F|  |TAMS 0x0000000085b00000, 0x0000000085b00000| Untracked 
|  26|0x0000000085c00000, 0x0000000085c00000, 0x0000000085d00000|  0%| F|  |TAMS 0x0000000085c00000, 0x0000000085c00000| Untracked 
|  27|0x0000000085d00000, 0x0000000085d00000, 0x0000000085e00000|  0%| F|  |TAMS 0x0000000085d00000, 0x0000000085d00000| Untracked 
|  28|0x0000000085e00000, 0x0000000085e00000, 0x0000000085f00000|  0%| F|  |TAMS 0x0000000085e00000, 0x0000000085e00000| Untracked 
|  29|0x0000000085f00000, 0x0000000085f00000, 0x0000000086000000|  0%| F|  |TAMS 0x0000000085f00000, 0x0000000085f00000| Untracked 
|  30|0x0000000086000000, 0x0000000086000000, 0x0000000086100000|  0%| F|  |TAMS 0x0000000086000000, 0x0000000086000000| Untracked 
|  31|0x0000000086100000, 0x0000000086100000, 0x0000000086200000|  0%| F|  |TAMS 0x0000000086100000, 0x0000000086100000| Untracked 
|  32|0x0000000086200000, 0x0000000086200000, 0x0000000086300000|  0%| F|  |TAMS 0x0000000086200000, 0x0000000086200000| Untracked 
|  33|0x0000000086300000, 0x0000000086300000, 0x0000000086400000|  0%| F|  |TAMS 0x0000000086300000, 0x0000000086300000| Untracked 
|  34|0x0000000086400000, 0x0000000086400000, 0x0000000086500000|  0%| F|  |TAMS 0x0000000086400000, 0x0000000086400000| Untracked 
|  35|0x0000000086500000, 0x0000000086500000, 0x0000000086600000|  0%| F|  |TAMS 0x0000000086500000, 0x0000000086500000| Untracked 
|  36|0x0000000086600000, 0x0000000086600000, 0x0000000086700000|  0%| F|  |TAMS 0x0000000086600000, 0x0000000086600000| Untracked 
|  37|0x0000000086700000, 0x0000000086700000, 0x0000000086800000|  0%| F|  |TAMS 0x0000000086700000, 0x0000000086700000| Untracked 
|  38|0x0000000086800000, 0x0000000086800000, 0x0000000086900000|  0%| F|  |TAMS 0x0000000086800000, 0x0000000086800000| Untracked 
|  39|0x0000000086900000, 0x0000000086900000, 0x0000000086a00000|  0%| F|  |TAMS 0x0000000086900000, 0x0000000086900000| Untracked 
|  40|0x0000000086a00000, 0x0000000086a00000, 0x0000000086b00000|  0%| F|  |TAMS 0x0000000086a00000, 0x0000000086a00000| Untracked 
|  41|0x0000000086b00000, 0x0000000086b00000, 0x0000000086c00000|  0%| F|  |TAMS 0x0000000086b00000, 0x0000000086b00000| Untracked 
|  42|0x0000000086c00000, 0x0000000086c00000, 0x0000000086d00000|  0%| F|  |TAMS 0x0000000086c00000, 0x0000000086c00000| Untracked 
|  43|0x0000000086d00000, 0x0000000086d00000, 0x0000000086e00000|  0%| F|  |TAMS 0x0000000086d00000, 0x0000000086d00000| Untracked 
|  44|0x0000000086e00000, 0x0000000086e00000, 0x0000000086f00000|  0%| F|  |TAMS 0x0000000086e00000, 0x0000000086e00000| Untracked 
|  45|0x0000000086f00000, 0x0000000086f00000, 0x0000000087000000|  0%| F|  |TAMS 0x0000000086f00000, 0x0000000086f00000| Untracked 
|  46|0x0000000087000000, 0x0000000087000000, 0x0000000087100000|  0%| F|  |TAMS 0x0000000087000000, 0x0000000087000000| Untracked 
|  47|0x0000000087100000, 0x0000000087100000, 0x0000000087200000|  0%| F|  |TAMS 0x0000000087100000, 0x0000000087100000| Untracked 
|  48|0x0000000087200000, 0x0000000087200000, 0x0000000087300000|  0%| F|  |TAMS 0x0000000087200000, 0x0000000087200000| Untracked 
|  49|0x0000000087300000, 0x0000000087300000, 0x0000000087400000|  0%| F|  |TAMS 0x0000000087300000, 0x0000000087300000| Untracked 
|  50|0x0000000087400000, 0x0000000087400000, 0x0000000087500000|  0%| F|  |TAMS 0x0000000087400000, 0x0000000087400000| Untracked 
|  51|0x0000000087500000, 0x0000000087500000, 0x0000000087600000|  0%| F|  |TAMS 0x0000000087500000, 0x0000000087500000| Untracked 
|  52|0x0000000087600000, 0x0000000087600000, 0x0000000087700000|  0%| F|  |TAMS 0x0000000087600000, 0x0000000087600000| Untracked 
|  53|0x0000000087700000, 0x0000000087700000, 0x0000000087800000|  0%| F|  |TAMS 0x0000000087700000, 0x0000000087700000| Untracked 
|  54|0x0000000087800000, 0x0000000087800000, 0x0000000087900000|  0%| F|  |TAMS 0x0000000087800000, 0x0000000087800000| Untracked 
|  55|0x0000000087900000, 0x0000000087900000, 0x0000000087a00000|  0%| F|  |TAMS 0x0000000087900000, 0x0000000087900000| Untracked 
|  56|0x0000000087a00000, 0x0000000087a00000, 0x0000000087b00000|  0%| F|  |TAMS 0x0000000087a00000, 0x0000000087a00000| Untracked 
|  57|0x0000000087b00000, 0x0000000087b00000, 0x0000000087c00000|  0%| F|  |TAMS 0x0000000087b00000, 0x0000000087b00000| Untracked 
|  58|0x0000000087c00000, 0x0000000087c00000, 0x0000000087d00000|  0%| F|  |TAMS 0x0000000087c00000, 0x0000000087c00000| Untracked 
|  59|0x0000000087d00000, 0x0000000087d00000, 0x0000000087e00000|  0%| F|  |TAMS 0x0000000087d00000, 0x0000000087d00000| Untracked 
|  60|0x0000000087e00000, 0x0000000087e00000, 0x0000000087f00000|  0%| F|  |TAMS 0x0000000087e00000, 0x0000000087e00000| Untracked 
|  61|0x0000000087f00000, 0x0000000087f00000, 0x0000000088000000|  0%| F|  |TAMS 0x0000000087f00000, 0x0000000087f00000| Untracked 
|  62|0x0000000088000000, 0x0000000088000000, 0x0000000088100000|  0%| F|  |TAMS 0x0000000088000000, 0x0000000088000000| Untracked 
|  63|0x0000000088100000, 0x0000000088100000, 0x0000000088200000|  0%| F|  |TAMS 0x0000000088100000, 0x0000000088100000| Untracked 
|  64|0x0000000088200000, 0x0000000088200000, 0x0000000088300000|  0%| F|  |TAMS 0x0000000088200000, 0x0000000088200000| Untracked 
|  65|0x0000000088300000, 0x0000000088300000, 0x0000000088400000|  0%| F|  |TAMS 0x0000000088300000, 0x0000000088300000| Untracked 
|  66|0x0000000088400000, 0x0000000088400000, 0x0000000088500000|  0%| F|  |TAMS 0x0000000088400000, 0x0000000088400000| Untracked 
|  67|0x0000000088500000, 0x0000000088500000, 0x0000000088600000|  0%| F|  |TAMS 0x0000000088500000, 0x0000000088500000| Untracked 
|  68|0x0000000088600000, 0x0000000088600000, 0x0000000088700000|  0%| F|  |TAMS 0x0000000088600000, 0x0000000088600000| Untracked 
|  69|0x0000000088700000, 0x0000000088700000, 0x0000000088800000|  0%| F|  |TAMS 0x0000000088700000, 0x0000000088700000| Untracked 
|  70|0x0000000088800000, 0x0000000088800000, 0x0000000088900000|  0%| F|  |TAMS 0x0000000088800000, 0x0000000088800000| Untracked 
|  71|0x0000000088900000, 0x0000000088900000, 0x0000000088a00000|  0%| F|  |TAMS 0x0000000088900000, 0x0000000088900000| Untracked 
|  72|0x0000000088a00000, 0x0000000088a00000, 0x0000000088b00000|  0%| F|  |TAMS 0x0000000088a00000, 0x0000000088a00000| Untracked 
|  73|0x0000000088b00000, 0x0000000088b00000, 0x0000000088c00000|  0%| F|  |TAMS 0x0000000088b00000, 0x0000000088b00000| Untracked 
|  74|0x0000000088c00000, 0x0000000088c00000, 0x0000000088d00000|  0%| F|  |TAMS 0x0000000088c00000, 0x0000000088c00000| Untracked 
|  75|0x0000000088d00000, 0x0000000088d00000, 0x0000000088e00000|  0%| F|  |TAMS 0x0000000088d00000, 0x0000000088d00000| Untracked 
|  76|0x0000000088e00000, 0x0000000088e00000, 0x0000000088f00000|  0%| F|  |TAMS 0x0000000088e00000, 0x0000000088e00000| Untracked 
|  77|0x0000000088f00000, 0x0000000088f00000, 0x0000000089000000|  0%| F|  |TAMS 0x0000000088f00000, 0x0000000088f00000| Untracked 
|  78|0x0000000089000000, 0x0000000089000000, 0x0000000089100000|  0%| F|  |TAMS 0x0000000089000000, 0x0000000089000000| Untracked 
|  79|0x0000000089100000, 0x0000000089100000, 0x0000000089200000|  0%| F|  |TAMS 0x0000000089100000, 0x0000000089100000| Untracked 
|  80|0x0000000089200000, 0x0000000089200000, 0x0000000089300000|  0%| F|  |TAMS 0x0000000089200000, 0x0000000089200000| Untracked 
|  81|0x0000000089300000, 0x0000000089300000, 0x0000000089400000|  0%| F|  |TAMS 0x0000000089300000, 0x0000000089300000| Untracked 
|  82|0x0000000089400000, 0x0000000089400000, 0x0000000089500000|  0%| F|  |TAMS 0x0000000089400000, 0x0000000089400000| Untracked 
|  83|0x0000000089500000, 0x0000000089500000, 0x0000000089600000|  0%| F|  |TAMS 0x0000000089500000, 0x0000000089500000| Untracked 
|  84|0x0000000089600000, 0x0000000089600000, 0x0000000089700000|  0%| F|  |TAMS 0x0000000089600000, 0x0000000089600000| Untracked 
|  85|0x0000000089700000, 0x0000000089700000, 0x0000000089800000|  0%| F|  |TAMS 0x0000000089700000, 0x0000000089700000| Untracked 
|  86|0x0000000089800000, 0x0000000089800000, 0x0000000089900000|  0%| F|  |TAMS 0x0000000089800000, 0x0000000089800000| Untracked 
|  87|0x0000000089900000, 0x0000000089900000, 0x0000000089a00000|  0%| F|  |TAMS 0x0000000089900000, 0x0000000089900000| Untracked 
|  88|0x0000000089a00000, 0x0000000089a00000, 0x0000000089b00000|  0%| F|  |TAMS 0x0000000089a00000, 0x0000000089a00000| Untracked 
|  89|0x0000000089b00000, 0x0000000089b00000, 0x0000000089c00000|  0%| F|  |TAMS 0x0000000089b00000, 0x0000000089b00000| Untracked 
|  90|0x0000000089c00000, 0x0000000089c00000, 0x0000000089d00000|  0%| F|  |TAMS 0x0000000089c00000, 0x0000000089c00000| Untracked 
|  91|0x0000000089d00000, 0x0000000089d00000, 0x0000000089e00000|  0%| F|  |TAMS 0x0000000089d00000, 0x0000000089d00000| Untracked 
|  92|0x0000000089e00000, 0x0000000089e00000, 0x0000000089f00000|  0%| F|  |TAMS 0x0000000089e00000, 0x0000000089e00000| Untracked 
|  93|0x0000000089f00000, 0x0000000089f00000, 0x000000008a000000|  0%| F|  |TAMS 0x0000000089f00000, 0x0000000089f00000| Untracked 
|  94|0x000000008a000000, 0x000000008a000000, 0x000000008a100000|  0%| F|  |TAMS 0x000000008a000000, 0x000000008a000000| Untracked 
|  95|0x000000008a100000, 0x000000008a100000, 0x000000008a200000|  0%| F|  |TAMS 0x000000008a100000, 0x000000008a100000| Untracked 
|  96|0x000000008a200000, 0x000000008a200000, 0x000000008a300000|  0%| F|  |TAMS 0x000000008a200000, 0x000000008a200000| Untracked 
|  97|0x000000008a300000, 0x000000008a300000, 0x000000008a400000|  0%| F|  |TAMS 0x000000008a300000, 0x000000008a300000| Untracked 
|  98|0x000000008a400000, 0x000000008a400000, 0x000000008a500000|  0%| F|  |TAMS 0x000000008a400000, 0x000000008a400000| Untracked 
|  99|0x000000008a500000, 0x000000008a500000, 0x000000008a600000|  0%| F|  |TAMS 0x000000008a500000, 0x000000008a500000| Untracked 
| 100|0x000000008a600000, 0x000000008a600000, 0x000000008a700000|  0%| F|  |TAMS 0x000000008a600000, 0x000000008a600000| Untracked 
| 101|0x000000008a700000, 0x000000008a700000, 0x000000008a800000|  0%| F|  |TAMS 0x000000008a700000, 0x000000008a700000| Untracked 
| 102|0x000000008a800000, 0x000000008a800000, 0x000000008a900000|  0%| F|  |TAMS 0x000000008a800000, 0x000000008a800000| Untracked 
| 103|0x000000008a900000, 0x000000008a900000, 0x000000008aa00000|  0%| F|  |TAMS 0x000000008a900000, 0x000000008a900000| Untracked 
| 104|0x000000008aa00000, 0x000000008aa00000, 0x000000008ab00000|  0%| F|  |TAMS 0x000000008aa00000, 0x000000008aa00000| Untracked 
| 105|0x000000008ab00000, 0x000000008ab00000, 0x000000008ac00000|  0%| F|  |TAMS 0x000000008ab00000, 0x000000008ab00000| Untracked 
| 106|0x000000008ac00000, 0x000000008ac00000, 0x000000008ad00000|  0%| F|  |TAMS 0x000000008ac00000, 0x000000008ac00000| Untracked 
| 107|0x000000008ad00000, 0x000000008ad00000, 0x000000008ae00000|  0%| F|  |TAMS 0x000000008ad00000, 0x000000008ad00000| Untracked 
| 108|0x000000008ae00000, 0x000000008ae00000, 0x000000008af00000|  0%| F|  |TAMS 0x000000008ae00000, 0x000000008ae00000| Untracked 
| 109|0x000000008af00000, 0x000000008b000000, 0x000000008b000000|100%| S|CS|TAMS 0x000000008af00000, 0x000000008af00000| Complete 
| 110|0x000000008b000000, 0x000000008b100000, 0x000000008b100000|100%| S|CS|TAMS 0x000000008b000000, 0x000000008b000000| Complete 
| 111|0x000000008b100000, 0x000000008b100000, 0x000000008b200000|  0%| F|  |TAMS 0x000000008b100000, 0x000000008b100000| Untracked 
| 112|0x000000008b200000, 0x000000008b200000, 0x000000008b300000|  0%| F|  |TAMS 0x000000008b200000, 0x000000008b200000| Untracked 
| 113|0x000000008b300000, 0x000000008b300000, 0x000000008b400000|  0%| F|  |TAMS 0x000000008b300000, 0x000000008b300000| Untracked 
| 114|0x000000008b400000, 0x000000008b400000, 0x000000008b500000|  0%| F|  |TAMS 0x000000008b400000, 0x000000008b400000| Untracked 
| 115|0x000000008b500000, 0x000000008b500000, 0x000000008b600000|  0%| F|  |TAMS 0x000000008b500000, 0x000000008b500000| Untracked 
| 116|0x000000008b600000, 0x000000008b600000, 0x000000008b700000|  0%| F|  |TAMS 0x000000008b600000, 0x000000008b600000| Untracked 
| 117|0x000000008b700000, 0x000000008b700000, 0x000000008b800000|  0%| F|  |TAMS 0x000000008b700000, 0x000000008b700000| Untracked 
| 118|0x000000008b800000, 0x000000008b800000, 0x000000008b900000|  0%| F|  |TAMS 0x000000008b800000, 0x000000008b800000| Untracked 
| 119|0x000000008b900000, 0x000000008b9e74c0, 0x000000008ba00000| 90%| E|  |TAMS 0x000000008b900000, 0x000000008b900000| Complete 
| 120|0x000000008ba00000, 0x000000008bb00000, 0x000000008bb00000|100%| E|CS|TAMS 0x000000008ba00000, 0x000000008ba00000| Complete 
| 121|0x000000008bb00000, 0x000000008bc00000, 0x000000008bc00000|100%| E|CS|TAMS 0x000000008bb00000, 0x000000008bb00000| Complete 
| 122|0x000000008bc00000, 0x000000008bd00000, 0x000000008bd00000|100%| E|CS|TAMS 0x000000008bc00000, 0x000000008bc00000| Complete 
| 123|0x000000008bd00000, 0x000000008be00000, 0x000000008be00000|100%| E|CS|TAMS 0x000000008bd00000, 0x000000008bd00000| Complete 

Card table byte_map: [0x00000199ee2c0000,0x00000199ee6a0000] _byte_map_base: 0x00000199ede9f000

Marking Bits (Prev, Next): (CMBitMap*) 0x00000199db500630, (CMBitMap*) 0x00000199db500670
 Prev Bits: [0x00000199eea80000, 0x00000199f0978000)
 Next Bits: [0x00000199f0980000, 0x00000199f2878000)

Polling page: 0x00000199d9370000

Metaspace:

Usage:
  Non-class:     16.22 MB capacity,    16.11 MB (>99%) used,    89.59 KB ( <1%) free+waste,    20.81 KB ( <1%) overhead. 
      Class:      1.82 MB capacity,     1.74 MB ( 96%) used,    76.81 KB (  4%) free+waste,     7.06 KB ( <1%) overhead. 
       Both:     18.05 MB capacity,    17.86 MB ( 99%) used,   166.40 KB ( <1%) free+waste,    27.88 KB ( <1%) overhead. 

Virtual space:
  Non-class space:       18.00 MB reserved,      16.25 MB ( 90%) committed 
      Class space:        1.00 GB reserved,       1.88 MB ( <1%) committed 
             Both:        1.02 GB reserved,      18.12 MB (  2%) committed 

Chunk freelists:
   Non-Class:  29.00 KB
       Class:  20.00 KB
        Both:  49.00 KB

MaxMetaspaceSize: 17179869184.00 GB
CompressedClassSpaceSize: 1.00 GB

CodeHeap 'non-profiled nmethods': size=120000Kb used=467Kb max_used=467Kb free=119532Kb
 bounds [0x00000199e69b0000, 0x00000199e6c20000, 0x00000199edee0000]
CodeHeap 'profiled nmethods': size=120000Kb used=2597Kb max_used=2597Kb free=117402Kb
 bounds [0x00000199df480000, 0x00000199df710000, 0x00000199e69b0000]
CodeHeap 'non-nmethods': size=5760Kb used=1381Kb max_used=1398Kb free=4378Kb
 bounds [0x00000199deee0000, 0x00000199df150000, 0x00000199df480000]
 total_blobs=2137 nmethods=1543 adapters=508
 compilation: enabled
              stopped_count=0, restarted_count=0
 full_count=0

Compilation events (20 events):
Event: 345.677 Thread 0x00000199f56e1410 nmethod 1535 0x00000199e6a1de10 code [0x00000199e6a1dfa0, 0x00000199e6a1e078]
Event: 348.226 Thread 0x00000199f56e1410 1536       4       java.awt.geom.AffineTransform::hashCode (87 bytes)
Event: 348.227 Thread 0x00000199f56e1410 nmethod 1536 0x00000199e6a1e190 code [0x00000199e6a1e300, 0x00000199e6a1e498]
Event: 348.227 Thread 0x00000199f56e1410 1537       4       java.awt.font.FontRenderContext::hashCode (71 bytes)
Event: 348.230 Thread 0x00000199f56e1410 nmethod 1537 0x00000199e6a1e510 code [0x00000199e6a1e6c0, 0x00000199e6a1e8d8]
Event: 348.738 Thread 0x00000199f56e1410 1538       4       javax.swing.JComponent::getFontMetrics (6 bytes)
Event: 348.798 Thread 0x00000199f56e1410 nmethod 1538 0x00000199e6a1ea90 code [0x00000199e6a1ed80, 0x00000199e6a21530]
Event: 348.798 Thread 0x00000199f56e1410 1539       4       sun.swing.SwingUtilities2::getFRCProperty (38 bytes)
Event: 348.818 Thread 0x00000199f56e1410 nmethod 1539 0x00000199e6a22a10 code [0x00000199e6a22c60, 0x00000199e6a241c8]
Event: 348.936 Thread 0x00000199f5756c80 1540       3       java.lang.invoke.MethodType::dropParameterTypes (162 bytes)
Event: 348.940 Thread 0x00000199f5756c80 nmethod 1540 0x00000199df705410 code [0x00000199df705720, 0x00000199df706668]
Event: 348.963 Thread 0x00000199f5756c80 1541       3       java.awt.Component::isLightweight (8 bytes)
Event: 348.963 Thread 0x00000199f5756c80 nmethod 1541 0x00000199df706b90 code [0x00000199df706d20, 0x00000199df706f38]
Event: 348.968 Thread 0x00000199f5756c80 1542       3       java.security.AccessController::doPrivileged (9 bytes)
Event: 348.968 Thread 0x00000199f5756c80 nmethod 1542 0x00000199df707010 code [0x00000199df7071e0, 0x00000199df7074f8]
Event: 348.969 Thread 0x00000199f5756c80 1543       3       java.lang.String::<init> (10 bytes)
Event: 348.969 Thread 0x00000199f5756c80 nmethod 1543 0x00000199df707690 code [0x00000199df707840, 0x00000199df7079a8]
Event: 348.970 Thread 0x00000199f5756c80 1544  s    3       java.awt.KeyboardFocusManager::getCurrentKeyboardFocusManager (32 bytes)
Event: 348.970 Thread 0x00000199f5756c80 nmethod 1544 0x00000199df707a90 code [0x00000199df707c60, 0x00000199df708048]
Event: 348.970 Thread 0x00000199f5756c80 1545       3       java.awt.KeyboardFocusManager::getCurrentKeyboardFocusManager (7 bytes)

GC Heap History (2 events):
Event: 8.362 GC heap before
{Heap before GC invocations=0 (full 0):
 garbage-first heap   total 126976K, used 13312K [0x0000000084200000, 0x0000000100000000)
  region size 1024K, 13 young (13312K), 0 survivors (0K)
 Metaspace       used 16603K, capacity 16753K, committed 16896K, reserved 1064960K
  class space    used 1630K, capacity 1699K, committed 1792K, reserved 1048576K
}
Event: 8.372 GC heap after
{Heap after GC invocations=1 (full 0):
 garbage-first heap   total 126976K, used 2368K [0x0000000084200000, 0x0000000100000000)
  region size 1024K, 2 young (2048K), 2 survivors (2048K)
 Metaspace       used 16603K, capacity 16753K, committed 16896K, reserved 1064960K
  class space    used 1630K, capacity 1699K, committed 1792K, reserved 1048576K
}

Deoptimization events (20 events):
Event: 348.934 Thread 0x00000199f6044270 Uncommon trap: trap_request=0xffffff45 fr.pc=0x00000199e6a15924 relative=0x0000000000000184
Event: 348.934 Thread 0x00000199f6044270 Uncommon trap: reason=unstable_if action=reinterpret pc=0x00000199e6a15924 method=java.util.concurrent.locks.ReentrantLock$NonfairSync.initialTryLock()Z @ 25 c2
Event: 348.934 Thread 0x00000199f6044270 DEOPT PACKING pc=0x00000199e6a15924 sp=0x00000041516fdc40
Event: 348.934 Thread 0x00000199f6044270 DEOPT UNPACKING pc=0x00000199def2e129 sp=0x00000041516fdb38 mode 2
Event: 348.938 Thread 0x00000199f617a3e0 Uncommon trap: trap_request=0xffffffde fr.pc=0x00000199e69ba524 relative=0x0000000000000184
Event: 348.938 Thread 0x00000199f617a3e0 Uncommon trap: reason=class_check action=maybe_recompile pc=0x00000199e69ba524 method=java.lang.String.equals(Ljava/lang/Object;)Z @ 8 c2
Event: 348.938 Thread 0x00000199f617a3e0 DEOPT PACKING pc=0x00000199e69ba524 sp=0x00000041518fdae0
Event: 348.939 Thread 0x00000199f617a3e0 DEOPT UNPACKING pc=0x00000199def2e129 sp=0x00000041518fda78 mode 2
Event: 348.939 Thread 0x00000199f617a3e0 Uncommon trap: trap_request=0xffffffde fr.pc=0x00000199e69ba524 relative=0x0000000000000184
Event: 348.939 Thread 0x00000199f617a3e0 Uncommon trap: reason=class_check action=maybe_recompile pc=0x00000199e69ba524 method=java.lang.String.equals(Ljava/lang/Object;)Z @ 8 c2
Event: 348.939 Thread 0x00000199f617a3e0 DEOPT PACKING pc=0x00000199e69ba524 sp=0x00000041518fda40
Event: 348.939 Thread 0x00000199f617a3e0 DEOPT UNPACKING pc=0x00000199def2e129 sp=0x00000041518fd9e8 mode 2
Event: 348.939 Thread 0x00000199f617a3e0 Uncommon trap: trap_request=0xffffffde fr.pc=0x00000199e69ba524 relative=0x0000000000000184
Event: 348.939 Thread 0x00000199f617a3e0 Uncommon trap: reason=class_check action=maybe_recompile pc=0x00000199e69ba524 method=java.lang.String.equals(Ljava/lang/Object;)Z @ 8 c2
Event: 348.939 Thread 0x00000199f617a3e0 DEOPT PACKING pc=0x00000199e69ba524 sp=0x00000041518fd9b0
Event: 348.939 Thread 0x00000199f617a3e0 DEOPT UNPACKING pc=0x00000199def2e129 sp=0x00000041518fd958 mode 2
Event: 348.963 Thread 0x00000199f617a3e0 Uncommon trap: trap_request=0xffffff45 fr.pc=0x00000199e6a1d768 relative=0x0000000000000068
Event: 348.963 Thread 0x00000199f617a3e0 Uncommon trap: reason=unstable_if action=reinterpret pc=0x00000199e6a1d768 method=javax.swing.JComponent.getClientProperty(Ljava/lang/Object;)Ljava/lang/Object; @ 4 c2
Event: 348.963 Thread 0x00000199f617a3e0 DEOPT PACKING pc=0x00000199e6a1d768 sp=0x00000041518fe370
Event: 348.963 Thread 0x00000199f617a3e0 DEOPT UNPACKING pc=0x00000199def2e129 sp=0x00000041518fe2f8 mode 2

Classes unloaded (0 events):
No events

Classes redefined (2 events):
Event: 213.146 Thread 0x00000199f4d740d0 redefined class name=lista01.Exercicio07, count=1
Event: 334.021 Thread 0x00000199f4d740d0 redefined class name=lista01.Exercicio07, count=2

Internal exceptions (16 events):
Event: 2.051 Thread 0x00000199db4be650 Exception <a 'java/lang/NoSuchMethodError'{0x000000008bb1ea60}: 'void java.lang.invoke.DirectMethodHandle$Holder.invokeStatic(java.lang.Object, java.lang.Object)'> (0x000000008bb1ea60) 
thrown [./open/src/hotspot/share/interpreter/linkResolver.cpp, line 782]
Event: 2.052 Thread 0x00000199db4be650 Exception <a 'java/lang/NoSuchMethodError'{0x000000008bb22708}: 'void java.lang.invoke.DirectMethodHandle$Holder.invokeStaticInit(java.lang.Object, java.lang.Object)'> (0x000000008bb22708) 
thrown [./open/src/hotspot/share/interpreter/linkResolver.cpp, line 782]
Event: 3.469 Thread 0x00000199db4be650 Exception <a 'java/lang/NoSuchMethodError'{0x000000008b903aa8}: 'java.lang.Object java.lang.invoke.DirectMethodHandle$Holder.invokeStatic(java.lang.Object)'> (0x000000008b903aa8) 
thrown [./open/src/hotspot/share/interpreter/linkResolver.cpp, line 782]
Event: 4.088 Thread 0x00000199db4be650 Exception <a 'java/lang/NoSuchMethodError'{0x000000008b83c018}: 'void java.lang.invoke.DirectMethodHandle$Holder.invokeSpecial(java.lang.Object, java.lang.Object, java.lang.Object)'> (0x000000008b83c018) 
thrown [./open/src/hotspot/share/interpreter/linkResolver.cpp, line 782]
Event: 4.187 Thread 0x00000199db4be650 Exception <a 'java/lang/ClassNotFoundException'{0x000000008b87b720}: sun/awt/resources/spi/awtProvider> (0x000000008b87b720) 
thrown [./open/src/hotspot/share/classfile/systemDictionary.cpp, line 295]
Event: 4.370 Thread 0x00000199db4be650 Exception <a 'java/io/FileNotFoundException'{0x000000008b8d9700}> (0x000000008b8d9700) 
thrown [./open/src/hotspot/share/prims/jni.cpp, line 578]
Event: 4.394 Thread 0x00000199db4be650 Exception <a 'java/io/FileNotFoundException'{0x000000008b70a948}> (0x000000008b70a948) 
thrown [./open/src/hotspot/share/prims/jni.cpp, line 578]
Event: 4.787 Thread 0x00000199db4be650 Exception <a 'java/lang/NoSuchMethodError'{0x000000008b61cc10}: 'java.lang.Object java.lang.invoke.DirectMethodHandle$Holder.invokeStaticInit(java.lang.Object)'> (0x000000008b61cc10) 
thrown [./open/src/hotspot/share/interpreter/linkResolver.cpp, line 782]
Event: 5.274 Thread 0x00000199db4be650 Exception <a 'java/lang/NoSuchMethodError'{0x000000008b51da48}: 'java.lang.Object java.lang.invoke.DirectMethodHandle$Holder.newInvokeSpecial(java.lang.Object, java.lang.Object, java.lang.Object, java.lang.Object, java.lang.Object)'> (0x000000008b51da48) 
thrown [./open/src/hotspot/share/interpreter/linkResolver.cpp, line 782]
Event: 5.280 Thread 0x00000199db4be650 Exception <a 'java/lang/NoSuchMethodError'{0x000000008b5294d8}: 'java.lang.Object java.lang.invoke.DirectMethodHandle$Holder.invokeStatic(java.lang.Object, int, java.lang.Object, java.lang.Object, java.lang.Object, java.lang.Object)'> (0x000000008b5294d8) 
thrown [./open/src/hotspot/share/interpreter/linkResolver.cpp, line 782]
Event: 5.296 Thread 0x00000199db4be650 Exception <a 'java/lang/NoSuchMethodError'{0x000000008b550018}: 'java.lang.Object java.lang.invoke.DirectMethodHandle$Holder.invokeStatic(java.lang.Object, int, java.lang.Object)'> (0x000000008b550018) 
thrown [./open/src/hotspot/share/interpreter/linkResolver.cpp, line 782]
Event: 5.578 Thread 0x00000199db4be650 Exception <a 'java/lang/ClassNotFoundException'{0x000000008b439780}: com/sun/swing/internal/plaf/metal/resources/spi/metalProvider> (0x000000008b439780) 
thrown [./open/src/hotspot/share/classfile/systemDictionary.cpp, line 295]
Event: 5.580 Thread 0x00000199db4be650 Exception <a 'java/lang/ClassNotFoundException'{0x000000008b440008}: com/sun/swing/internal/plaf/basic/resources/spi/basicProvider> (0x000000008b440008) 
thrown [./open/src/hotspot/share/classfile/systemDictionary.cpp, line 295]
Event: 5.690 Thread 0x00000199f60a8060 Exception <a 'java/lang/NoSuchMethodError'{0x000000008b4e1b48}: 'java.lang.Object java.lang.invoke.DirectMethodHandle$Holder.newInvokeSpecial(java.lang.Object, java.lang.Object, java.lang.Object, int, int, int, int, int)'> (0x000000008b4e1b48) 
thrown [./open/src/hotspot/share/interpreter/linkResolver.cpp, line 782]
Event: 8.391 Thread 0x00000199db4be650 Exception <a 'java/lang/NoSuchMethodError'{0x000000008bd25900}: 'void java.lang.invoke.DirectMethodHandle$Holder.invokeStaticInit(java.lang.Object)'> (0x000000008bd25900) 
thrown [./open/src/hotspot/share/interpreter/linkResolver.cpp, line 782]
Event: 8.533 Thread 0x00000199db4be650 Exception <a 'java/lang/NoSuchMethodError'{0x000000008bc0c818}: 'int java.lang.invoke.DirectMethodHandle$Holder.invokeStatic(java.lang.Object)'> (0x000000008bc0c818) 
thrown [./open/src/hotspot/share/interpreter/linkResolver.cpp, line 782]

Events (20 events):
Event: 348.959 loading class java/awt/Window$1DisposeAction done
Event: 348.959 loading class java/awt/EventQueue$1AWTInvocationLock
Event: 348.960 loading class java/awt/EventQueue$1AWTInvocationLock done
Event: 348.960 loading class javax/swing/MenuElement
Event: 348.960 loading class javax/swing/MenuElement done
Event: 348.960 loading class javax/swing/JMenuBar done
Event: 348.960 loading class javax/swing/Popup$HeavyWeightWindow
Event: 348.960 loading class sun/awt/ModalExclude
Event: 348.961 loading class sun/awt/ModalExclude done
Event: 348.961 loading class javax/swing/JWindow
Event: 348.961 loading class javax/swing/JWindow done
Event: 348.961 loading class javax/swing/Popup$HeavyWeightWindow done
Event: 348.966 loading class javax/swing/Autoscroller
Event: 348.966 loading class javax/swing/Autoscroller done
Event: 348.967 loading class java/awt/LightweightDispatcher$2
Event: 348.967 loading class java/awt/LightweightDispatcher$2 done
Event: 348.967 loading class java/awt/event/AWTEventListenerProxy
Event: 348.967 loading class java/awt/event/AWTEventListenerProxy done
Event: 348.967 loading class java/awt/Toolkit$ToolkitEventMulticaster
Event: 348.967 loading class java/awt/Toolkit$ToolkitEventMulticaster done


Dynamic libraries:
0x00007ff6b7130000 - 0x00007ff6b713d000 	C:\eclipse\plugins\org.eclipse.justj.openjdk.hotspot.jre.full.win32.x86_64_15.0.1.v20201027-0507\jre\bin\javaw.exe
0x00007ff9cfb30000 - 0x00007ff9cfd25000 	C:\Windows\SYSTEM32\ntdll.dll
0x00007ff9cea20000 - 0x00007ff9ceadd000 	C:\Windows\System32\KERNEL32.DLL
0x00007ff9cd3d0000 - 0x00007ff9cd697000 	C:\Windows\System32\KERNELBASE.dll
0x00007ff9cd7a0000 - 0x00007ff9cd8a0000 	C:\Windows\System32\ucrtbase.dll
0x00007ff9c86d0000 - 0x00007ff9c86e8000 	C:\eclipse\plugins\org.eclipse.justj.openjdk.hotspot.jre.full.win32.x86_64_15.0.1.v20201027-0507\jre\bin\jli.dll
0x00007ff9cf150000 - 0x00007ff9cf2f0000 	C:\Windows\System32\USER32.dll
0x00007ff9cdb60000 - 0x00007ff9cdb82000 	C:\Windows\System32\win32u.dll
0x00007ff9cdef0000 - 0x00007ff9cdf1a000 	C:\Windows\System32\GDI32.dll
0x00007ff9cda20000 - 0x00007ff9cdb29000 	C:\Windows\System32\gdi32full.dll
0x00007ff9cd8a0000 - 0x00007ff9cd93d000 	C:\Windows\System32\msvcp_win.dll
0x00007ff9c0b80000 - 0x00007ff9c0b99000 	C:\eclipse\plugins\org.eclipse.justj.openjdk.hotspot.jre.full.win32.x86_64_15.0.1.v20201027-0507\jre\bin\VCRUNTIME140.dll
0x00007ff9b6910000 - 0x00007ff9b6bab000 	C:\Windows\WinSxS\amd64_microsoft.windows.common-controls_6595b64144ccf1df_6.0.19041.488_none_ca04af081b815d21\COMCTL32.dll
0x00007ff9cf370000 - 0x00007ff9cf40e000 	C:\Windows\System32\msvcrt.dll
0x00007ff9ce810000 - 0x00007ff9ce840000 	C:\Windows\System32\IMM32.DLL
0x00007ff9c0b70000 - 0x00007ff9c0b7c000 	C:\eclipse\plugins\org.eclipse.justj.openjdk.hotspot.jre.full.win32.x86_64_15.0.1.v20201027-0507\jre\bin\vcruntime140_1.dll
0x00007ff9c0ad0000 - 0x00007ff9c0b61000 	C:\eclipse\plugins\org.eclipse.justj.openjdk.hotspot.jre.full.win32.x86_64_15.0.1.v20201027-0507\jre\bin\msvcp140.dll
0x00007ff9a54c0000 - 0x00007ff9a601e000 	C:\eclipse\plugins\org.eclipse.justj.openjdk.hotspot.jre.full.win32.x86_64_15.0.1.v20201027-0507\jre\bin\server\jvm.dll
0x00007ff9ce970000 - 0x00007ff9cea1a000 	C:\Windows\System32\ADVAPI32.dll
0x00007ff9ceb40000 - 0x00007ff9cebdb000 	C:\Windows\System32\sechost.dll
0x00007ff9cf9b0000 - 0x00007ff9cfad4000 	C:\Windows\System32\RPCRT4.dll
0x00007ff9cfae0000 - 0x00007ff9cfae8000 	C:\Windows\System32\PSAPI.DLL
0x00007ff9bb170000 - 0x00007ff9bb179000 	C:\Windows\SYSTEM32\WSOCK32.dll
0x00007ff9ced60000 - 0x00007ff9cedcb000 	C:\Windows\System32\WS2_32.dll
0x00007ff9b8210000 - 0x00007ff9b8237000 	C:\Windows\SYSTEM32\WINMM.dll
0x00007ff9c0fb0000 - 0x00007ff9c0fba000 	C:\Windows\SYSTEM32\VERSION.dll
0x00007ff9cb1f0000 - 0x00007ff9cb203000 	C:\Windows\SYSTEM32\kernel.appcore.dll
0x00007ff9baba0000 - 0x00007ff9babaa000 	C:\eclipse\plugins\org.eclipse.justj.openjdk.hotspot.jre.full.win32.x86_64_15.0.1.v20201027-0507\jre\bin\jimage.dll
0x00007ff9bf910000 - 0x00007ff9bfaf4000 	C:\Windows\SYSTEM32\DBGHELP.DLL
0x00007ff9bf520000 - 0x00007ff9bf54c000 	C:\Windows\SYSTEM32\dbgcore.DLL
0x00007ff9cd940000 - 0x00007ff9cd9bf000 	C:\Windows\System32\bcryptPrimitives.dll
0x00007ff9c0a90000 - 0x00007ff9c0ac9000 	C:\eclipse\plugins\org.eclipse.justj.openjdk.hotspot.jre.full.win32.x86_64_15.0.1.v20201027-0507\jre\bin\jdwp.dll
0x00007ff9c0a80000 - 0x00007ff9c0a8e000 	C:\eclipse\plugins\org.eclipse.justj.openjdk.hotspot.jre.full.win32.x86_64_15.0.1.v20201027-0507\jre\bin\instrument.dll
0x00007ff9ad400000 - 0x00007ff9ad425000 	C:\eclipse\plugins\org.eclipse.justj.openjdk.hotspot.jre.full.win32.x86_64_15.0.1.v20201027-0507\jre\bin\java.dll
0x00007ff9b2e60000 - 0x00007ff9b2e78000 	C:\eclipse\plugins\org.eclipse.justj.openjdk.hotspot.jre.full.win32.x86_64_15.0.1.v20201027-0507\jre\bin\zip.dll
0x00007ff9ce0c0000 - 0x00007ff9ce801000 	C:\Windows\System32\SHELL32.dll
0x00007ff9cb3f0000 - 0x00007ff9cbb83000 	C:\Windows\SYSTEM32\windows.storage.dll
0x00007ff9cdb90000 - 0x00007ff9cdee5000 	C:\Windows\System32\combase.dll
0x00007ff9ccc10000 - 0x00007ff9ccc3c000 	C:\Windows\SYSTEM32\Wldp.dll
0x00007ff9ce010000 - 0x00007ff9ce0be000 	C:\Windows\System32\SHCORE.dll
0x00007ff9cefa0000 - 0x00007ff9ceff5000 	C:\Windows\System32\shlwapi.dll
0x00007ff9cd1a0000 - 0x00007ff9cd1c6000 	C:\Windows\SYSTEM32\profapi.dll
0x00007ff9c0a70000 - 0x00007ff9c0a7b000 	C:\eclipse\plugins\org.eclipse.justj.openjdk.hotspot.jre.full.win32.x86_64_15.0.1.v20201027-0507\jre\bin\dt_socket.dll
0x00007ff9cc680000 - 0x00007ff9cc6bb000 	C:\Windows\SYSTEM32\IPHLPAPI.DLL
0x00007ff9cc990000 - 0x00007ff9cc9fa000 	C:\Windows\system32\mswsock.dll
0x00007ff9cc6c0000 - 0x00007ff9cc78b000 	C:\Windows\SYSTEM32\DNSAPI.dll
0x00007ff9cf880000 - 0x00007ff9cf889000 	C:\Windows\System32\NSI.dll
0x00007ff9c7650000 - 0x00007ff9c765a000 	C:\Windows\System32\rasadhlp.dll
0x00007ff9c87d0000 - 0x00007ff9c884f000 	C:\Windows\System32\fwpuclnt.dll
0x00007ff9cdb30000 - 0x00007ff9cdb57000 	C:\Windows\System32\bcrypt.dll
0x00007ff9b1f90000 - 0x00007ff9b1fa9000 	C:\eclipse\plugins\org.eclipse.justj.openjdk.hotspot.jre.full.win32.x86_64_15.0.1.v20201027-0507\jre\bin\net.dll
0x00007ff9c7530000 - 0x00007ff9c7630000 	C:\Windows\SYSTEM32\WINHTTP.dll
0x00007ff9ad3e0000 - 0x00007ff9ad3f2000 	C:\eclipse\plugins\org.eclipse.justj.openjdk.hotspot.jre.full.win32.x86_64_15.0.1.v20201027-0507\jre\bin\nio.dll
0x00007ff9ad7c0000 - 0x00007ff9ad7d0000 	C:\eclipse\plugins\org.eclipse.justj.openjdk.hotspot.jre.full.win32.x86_64_15.0.1.v20201027-0507\jre\bin\verify.dll
0x00007ff994a40000 - 0x00007ff994bbf000 	C:\eclipse\plugins\org.eclipse.justj.openjdk.hotspot.jre.full.win32.x86_64_15.0.1.v20201027-0507\jre\bin\awt.dll
0x00007ff9cec90000 - 0x00007ff9ced5d000 	C:\Windows\System32\OLEAUT32.dll
0x00007ff9ca770000 - 0x00007ff9ca800000 	C:\Windows\SYSTEM32\apphelp.dll
0x00007ff9cad30000 - 0x00007ff9cadcf000 	C:\Windows\system32\uxtheme.dll
0x00007ff9cf890000 - 0x00007ff9cf9a5000 	C:\Windows\System32\MSCTF.dll
0x00007ff9ce840000 - 0x00007ff9ce969000 	C:\Windows\System32\ole32.dll
0x00007ff9caf00000 - 0x00007ff9caf2f000 	C:\Windows\system32\DWMAPI.DLL
0x00007ff9bc380000 - 0x00007ff9bc405000 	C:\eclipse\plugins\org.eclipse.justj.openjdk.hotspot.jre.full.win32.x86_64_15.0.1.v20201027-0507\jre\bin\freetype.dll
0x00007ff9b3120000 - 0x00007ff9b31c9000 	C:\eclipse\plugins\org.eclipse.justj.openjdk.hotspot.jre.full.win32.x86_64_15.0.1.v20201027-0507\jre\bin\fontmanager.dll
0x00007ff9a9b40000 - 0x00007ff9a9c65000 	C:\Windows\system32\opengl32.dll
0x00007ff9c0a40000 - 0x00007ff9c0a6c000 	C:\Windows\SYSTEM32\GLU32.dll
0x00007ff9cebe0000 - 0x00007ff9cec88000 	C:\Windows\System32\clbcatq.dll
0x00007ff9c6a20000 - 0x00007ff9c6bd4000 	C:\Windows\SYSTEM32\WindowsCodecs.dll
0x00007ff9b5e50000 - 0x00007ff9b5e8e000 	C:\Windows\system32\dataexchange.dll
0x00007ff9c8e60000 - 0x00007ff9c90c3000 	C:\Windows\system32\d3d11.dll
0x00007ff9c99d0000 - 0x00007ff9c9bb5000 	C:\Windows\system32\dcomp.dll
0x00007ff9cbc00000 - 0x00007ff9cbcf3000 	C:\Windows\system32\dxgi.dll
0x00007ff9c6440000 - 0x00007ff9c6647000 	C:\Windows\system32\twinapi.appcore.dll
0x00007ff9c41c0000 - 0x00007ff9c42bd000 	C:\Windows\SYSTEM32\textinputframework.dll
0x00007ff9ca0c0000 - 0x00007ff9ca41a000 	C:\Windows\System32\CoreUIComponents.dll
0x00007ff9ca4b0000 - 0x00007ff9ca5a2000 	C:\Windows\System32\CoreMessaging.dll
0x00007ff9cbf50000 - 0x00007ff9cbf83000 	C:\Windows\SYSTEM32\ntmarta.dll
0x00007ff9c9840000 - 0x00007ff9c9996000 	C:\Windows\SYSTEM32\wintypes.dll

dbghelp: loaded successfully - version: 4.0.5 - missing functions: none
symbol engine: initialized successfully - sym options: 0x614 - pdb path: .;C:\eclipse\plugins\org.eclipse.justj.openjdk.hotspot.jre.full.win32.x86_64_15.0.1.v20201027-0507\jre\bin;C:\Windows\SYSTEM32;C:\Windows\WinSxS\amd64_microsoft.windows.common-controls_6595b64144ccf1df_6.0.19041.488_none_ca04af081b815d21;C:\eclipse\plugins\org.eclipse.justj.openjdk.hotspot.jre.full.win32.x86_64_15.0.1.v20201027-0507\jre\bin\server

VM Arguments:
jvm_args: -XX:+ShowCodeDetailsInExceptionMessages -agentlib:jdwp=transport=dt_socket,suspend=y,address=localhost:51030 -javaagent:C:\eclipse\configuration\org.eclipse.osgi\405\0\.cp\lib\javaagent-shaded.jar -Dfile.encoding=Cp1252 
java_command: lista01.Exercicio07
java_class_path (initial): C:\Users\matheus_w_trindade\Desktop\WorkspaceJavaBasico\Lista01Java\bin
Launcher Type: SUN_STANDARD

[Global flags]
     intx CICompilerCount                          = 3                                         {product} {ergonomic}
     uint ConcGCThreads                            = 1                                         {product} {ergonomic}
     uint G1ConcRefinementThreads                  = 4                                         {product} {ergonomic}
   size_t G1HeapRegionSize                         = 1048576                                   {product} {ergonomic}
    uintx GCDrainStackTargetSize                   = 64                                        {product} {ergonomic}
   size_t InitialHeapSize                          = 130023424                                 {product} {ergonomic}
   size_t MarkStackSize                            = 4194304                                   {product} {ergonomic}
   size_t MaxHeapSize                              = 2078277632                                {product} {ergonomic}
   size_t MaxNewSize                               = 1246756864                                {product} {ergonomic}
   size_t MinHeapDeltaBytes                        = 1048576                                   {product} {ergonomic}
   size_t MinHeapSize                              = 8388608                                   {product} {ergonomic}
    uintx NonNMethodCodeHeapSize                   = 5832780                                {pd product} {ergonomic}
    uintx NonProfiledCodeHeapSize                  = 122912730                              {pd product} {ergonomic}
    uintx ProfiledCodeHeapSize                     = 122912730                              {pd product} {ergonomic}
    uintx ReservedCodeCacheSize                    = 251658240                              {pd product} {ergonomic}
     bool SegmentedCodeCache                       = true                                      {product} {ergonomic}
     bool ShowCodeDetailsInExceptionMessages       = true                                   {manageable} {command line}
   size_t SoftMaxHeapSize                          = 2078277632                             {manageable} {ergonomic}
     bool UseCompressedClassPointers               = true                                 {lp64_product} {ergonomic}
     bool UseCompressedOops                        = true                                 {lp64_product} {ergonomic}
     bool UseG1GC                                  = true                                      {product} {ergonomic}
     bool UseLargePagesIndividualAllocation        = false                                  {pd product} {ergonomic}

Logging:
Log output configuration:
 #0: stdout all=warning uptime,level,tags
 #1: stderr all=off uptime,level,tags

Environment Variables:
PATH=C:\eclipse\plugins\org.eclipse.justj.openjdk.hotspot.jre.full.win32.x86_64_15.0.1.v20201027-0507\jre\bin;C:/eclipse//plugins/org.eclipse.justj.openjdk.hotspot.jre.full.win32.x86_64_15.0.1.v20201027-0507/jre/bin/server;C:/eclipse//plugins/org.eclipse.justj.openjdk.hotspot.jre.full.win32.x86_64_15.0.1.v20201027-0507/jre/bin;C:\Program Files\Common Files\Oracle\Java\javapath;C:\Program Files (x86)\Common Files\Oracle\Java\javapath;C:\Windows\system32;C:\Windows;C:\Windows\System32\Wbem;C:\Windows\System32\WindowsPowerShell\v1.0\;C:\Windows\System32\OpenSSH\;C:\Program Files (x86)\NTP\bin;C:\Program Files\Git\cmd;C:\Program Files\nodejs\;C:\Program Files\CodeBlocks\MinGW\bin;C:\Users\matheus_w_trindade\AppData\Local\Microsoft\WindowsApps;;C:\eclipse;
USERNAME=matheus_w_trindade
OS=Windows_NT
PROCESSOR_IDENTIFIER=Intel64 Family 6 Model 37 Stepping 5, GenuineIntel



---------------  S Y S T E M  ---------------

OS:
 Windows 10 , 64 bit Build 19041 (10.0.19041.292)
OS uptime: 0 days 3:14 hours

CPU: total 4 (initial active 4) (2 cores per cpu, 2 threads per core) family 6 model 37 stepping 5 microcode 0x7, cmov, cx8, fxsr, mmx, sse, sse2, sse3, ssse3, sse4.1, sse4.2, popcnt, ht, tsc, tscinvbit, clflush

Memory: 4k page, system-wide physical 7927M (3843M free)
TotalPageFile size 9207M (AvailPageFile size 1854M)
current process WorkingSet (physical memory assigned to process): 85M, peak: 85M
current process commit charge ("private bytes"): 217M, peak: 218M

vm_info: OpenJDK 64-Bit Server VM (15.0.1+9-18) for windows-amd64 JRE (15.0.1+9-18), built on Sep 15 2020 14:39:31 by "mach5one" with unknown MS VC++:1925

END.
